[ 2017-05-11T09:18:44+08:00 ] 127.0.0.1 /
INFO: [ app_init ] --START--
INFO: Run Behavior\BuildLiteBehavior [ RunTime:0.000000s ]
INFO: [ app_init ] --END-- [ RunTime:0.035002s ]
INFO: [ app_begin ] --START--
INFO: Run Behavior\ReadHtmlCacheBehavior [ RunTime:0.068004s ]
INFO: [ app_begin ] --END-- [ RunTime:0.068004s ]
SQL: SHOW COLUMNS FROM `dxyh_friendship_link` [ RunTime:0.0070s ]
SQL: SELECT `link_name`,`link` FROM `dxyh_friendship_link`  [ RunTime:0.0070s ]
SQL: SHOW COLUMNS FROM `dxyh_visit` [ RunTime:0.0070s ]
SQL: INSERT INTO `dxyh_visit` (`ip`,`create_time`) VALUES ('2130706433','1494465523') [ RunTime:0.0220s ]
SQL: SHOW COLUMNS FROM `dxyh_website_image` [ RunTime:0.0110s ]
SQL: SELECT `image`,`img_link`,`app_image` FROM `dxyh_website_image` WHERE `type` = 1 AND `status` = 1 ORDER BY `sort` desc  [ RunTime:0.0070s ]
SQL: SHOW COLUMNS FROM `dxyh_coptic` [ RunTime:0.0090s ]
SQL: SELECT `id`,`coptic_title`,`coptic_cover`,`abstract` FROM `dxyh_coptic` ORDER BY `sort` desc LIMIT 0,8   [ RunTime:0.0070s ]
SQL: SHOW COLUMNS FROM `dxyh_coptic_type` [ RunTime:0.0090s ]
SQL: SELECT * FROM `dxyh_coptic_type` ORDER BY `sort` desc,`create_time` desc  [ RunTime:0.0080s ]
SQL: SHOW COLUMNS FROM `dxyh_activity` [ RunTime:0.0090s ]
SQL: SELECT `id`,`activity_name`,`activity_cover`,`enroll_end_time`,`browse_volume` FROM `dxyh_activity` WHERE `status` <> '3' ORDER BY `create_time` desc LIMIT 0,3   [ RunTime:0.0070s ]
INFO: [ view_parse ] --START--
INFO: [ template_filter ] --START--
INFO: Run Behavior\ContentReplaceBehavior [ RunTime:0.000000s ]
INFO: [ template_filter ] --END-- [ RunTime:0.000000s ]
INFO: Run Behavior\ParseTemplateBehavior [ RunTime:0.329019s ]
INFO: [ view_parse ] --END-- [ RunTime:0.330019s ]
INFO: [ view_filter ] --START--
INFO: Run Behavior\WriteHtmlCacheBehavior [ RunTime:0.056003s ]
INFO: [ view_filter ] --END-- [ RunTime:0.056003s ]
INFO: [ app_end ] --START--
INFO: Run Behavior\ShowPageTraceBehavior [ RunTime:0.035002s ]
INFO: [ app_end ] --END-- [ RunTime:0.036002s ]

[ 2017-05-11T09:21:14+08:00 ] 127.0.0.1 /Home/Coptic/index.html
INFO: [ app_init ] --START--
INFO: Run Behavior\BuildLiteBehavior [ RunTime:0.000000s ]
INFO: [ app_init ] --END-- [ RunTime:0.001000s ]
INFO: [ app_begin ] --START--
INFO: Run Behavior\ReadHtmlCacheBehavior [ RunTime:0.000000s ]
INFO: [ app_begin ] --END-- [ RunTime:0.000000s ]
SQL: SHOW COLUMNS FROM `dxyh_friendship_link` [ RunTime:0.0050s ]
SQL: SELECT `link_name`,`link` FROM `dxyh_friendship_link`  [ RunTime:0.0050s ]
SQL: SHOW COLUMNS FROM `dxyh_coptic` [ RunTime:0.0060s ]
SQL: SELECT `id`,`coptic_title`,`coptic_cover` FROM `dxyh_coptic` WHERE `referral` = 1 ORDER BY `create_time` desc  [ RunTime:0.0050s ]
SQL: SHOW COLUMNS FROM `dxyh_coptic` [ RunTime:0.0090s ]
NOTIC: [8] Undefined index: typeId D:\WWW\daxiaoyihu\Application\Home\Model\CopticModel.class.php 第 21 行.
NOTIC: [8] Undefined index: keyword D:\WWW\daxiaoyihu\Application\Home\Model\CopticModel.class.php 第 24 行.
SQL: SELECT COUNT(*) AS tp_count FROM dxyh_coptic ct1 INNER JOIN dxyh_coptic_type as ct2 ON ct1.coptic_type_id=ct2.id  LIMIT 1   [ RunTime:0.0080s ]
SQL: SELECT ct1.id,ct1.abstract,ct1.author,ct1.create_time,ct1.coptic_title,ct1.coptic_cover,ct2.category_name FROM dxyh_coptic ct1 INNER JOIN dxyh_coptic_type as ct2 ON ct1.coptic_type_id=ct2.id  ORDER BY ct1.sort desc LIMIT 0,10   [ RunTime:0.0070s ]
SQL: SHOW COLUMNS FROM `dxyh_coptic_type` [ RunTime:0.0060s ]
SQL: SELECT * FROM `dxyh_coptic_type` ORDER BY `sort` desc,`create_time` desc  [ RunTime:0.0060s ]
NOTIC: [8] Undefined index: typeId D:\WWW\daxiaoyihu\Application\Home\Controller\CopticController.class.php 第 27 行.
NOTIC: [8] Undefined index: keyword D:\WWW\daxiaoyihu\Application\Home\Controller\CopticController.class.php 第 28 行.
INFO: [ view_parse ] --START--
INFO: [ template_filter ] --START--
INFO: Run Behavior\ContentReplaceBehavior [ RunTime:0.000000s ]
INFO: [ template_filter ] --END-- [ RunTime:0.000000s ]
INFO: Run Behavior\ParseTemplateBehavior [ RunTime:0.055003s ]
INFO: [ view_parse ] --END-- [ RunTime:0.055003s ]
INFO: [ view_filter ] --START--
INFO: Run Behavior\WriteHtmlCacheBehavior [ RunTime:0.000000s ]
INFO: [ view_filter ] --END-- [ RunTime:0.001000s ]
INFO: [ app_end ] --START--
INFO: Run Behavior\ShowPageTraceBehavior [ RunTime:0.001000s ]
INFO: [ app_end ] --END-- [ RunTime:0.001000s ]

[ 2017-05-11T09:21:19+08:00 ] 127.0.0.1 /Home/Coptic/details/id/71.html
INFO: [ app_init ] --START--
INFO: Run Behavior\BuildLiteBehavior [ RunTime:0.000000s ]
INFO: [ app_init ] --END-- [ RunTime:0.001000s ]
INFO: [ app_begin ] --START--
INFO: Run Behavior\ReadHtmlCacheBehavior [ RunTime:0.000000s ]
INFO: [ app_begin ] --END-- [ RunTime:0.000000s ]
SQL: SHOW COLUMNS FROM `dxyh_friendship_link` [ RunTime:0.0060s ]
SQL: SELECT `link_name`,`link` FROM `dxyh_friendship_link`  [ RunTime:0.0070s ]
SQL: SHOW COLUMNS FROM `dxyh_coptic` [ RunTime:0.0080s ]
SQL: SELECT `id`,`coptic_title`,`coptic_cover` FROM `dxyh_coptic` WHERE `referral` = 1 ORDER BY `create_time` desc  [ RunTime:0.0070s ]
SQL: update dxyh_coptic set browse_volume = browse_volume+1 where id=71 [ RunTime:0.0260s ]
SQL: SHOW COLUMNS FROM `dxyh_coptic` [ RunTime:0.0080s ]
SQL: SELECT * FROM `dxyh_coptic` WHERE `id` = 71 LIMIT 1   [ RunTime:0.0060s ]
SQL: SHOW COLUMNS FROM `dxyh_comment` [ RunTime:0.0150s ]
SQL: SELECT c.id,c.parent_id,c.content,u.nickname,u.avatar,c.create_time,(select count(*) from dxyh_comment_likes WHERE dxyh_comment_likes.comment_id=c.id) as likesnum FROM dxyh_comment c INNER JOIN dxyh_user as u ON u.uid=c.uid  WHERE c.coptic_id = '71' AND c.status = 1 ORDER BY c.create_time desc  [ RunTime:0.0060s ]
INFO: [ view_parse ] --START--
INFO: [ template_filter ] --START--
INFO: Run Behavior\ContentReplaceBehavior [ RunTime:0.000000s ]
INFO: [ template_filter ] --END-- [ RunTime:0.000000s ]
NOTIC: [8] Undefined variable: checkLikes D:\WWW\daxiaoyihu\Application\Runtime\Cache\Home\dd356fbc8cfe3f3d929391b910cf4a90.php 第 222 行.
NOTIC: [8] Undefined variable: checkStoreUp D:\WWW\daxiaoyihu\Application\Runtime\Cache\Home\dd356fbc8cfe3f3d929391b910cf4a90.php 第 223 行.
INFO: Run Behavior\ParseTemplateBehavior [ RunTime:0.065004s ]
INFO: [ view_parse ] --END-- [ RunTime:0.065004s ]
INFO: [ view_filter ] --START--
INFO: Run Behavior\WriteHtmlCacheBehavior [ RunTime:0.000000s ]
INFO: [ view_filter ] --END-- [ RunTime:0.000000s ]
INFO: [ app_end ] --START--
INFO: Run Behavior\ShowPageTraceBehavior [ RunTime:0.001000s ]
INFO: [ app_end ] --END-- [ RunTime:0.001000s ]

[ 2017-05-11T09:21:25+08:00 ] 127.0.0.1 /Home/Coptic/details/id/41.html
INFO: [ app_init ] --START--
INFO: Run Behavior\BuildLiteBehavior [ RunTime:0.000000s ]
INFO: [ app_init ] --END-- [ RunTime:0.000000s ]
INFO: [ app_begin ] --START--
INFO: Run Behavior\ReadHtmlCacheBehavior [ RunTime:0.001000s ]
INFO: [ app_begin ] --END-- [ RunTime:0.001000s ]
SQL: SHOW COLUMNS FROM `dxyh_friendship_link` [ RunTime:0.2380s ]
SQL: SELECT `link_name`,`link` FROM `dxyh_friendship_link`  [ RunTime:0.0050s ]
SQL: SHOW COLUMNS FROM `dxyh_coptic` [ RunTime:0.0070s ]
SQL: SELECT `id`,`coptic_title`,`coptic_cover` FROM `dxyh_coptic` WHERE `referral` = 1 ORDER BY `create_time` desc  [ RunTime:0.0100s ]
SQL: update dxyh_coptic set browse_volume = browse_volume+1 where id=41 [ RunTime:0.0160s ]
SQL: SHOW COLUMNS FROM `dxyh_coptic` [ RunTime:0.0170s ]
SQL: SELECT * FROM `dxyh_coptic` WHERE `id` = 41 LIMIT 1   [ RunTime:0.0160s ]
SQL: SHOW COLUMNS FROM `dxyh_comment` [ RunTime:0.0140s ]
SQL: SELECT c.id,c.parent_id,c.content,u.nickname,u.avatar,c.create_time,(select count(*) from dxyh_comment_likes WHERE dxyh_comment_likes.comment_id=c.id) as likesnum FROM dxyh_comment c INNER JOIN dxyh_user as u ON u.uid=c.uid  WHERE c.coptic_id = '41' AND c.status = 1 ORDER BY c.create_time desc  [ RunTime:0.0070s ]
INFO: [ view_parse ] --START--
INFO: [ template_filter ] --START--
INFO: Run Behavior\ContentReplaceBehavior [ RunTime:0.000000s ]
INFO: [ template_filter ] --END-- [ RunTime:0.000000s ]
NOTIC: [8] Undefined variable: checkLikes D:\WWW\daxiaoyihu\Application\Runtime\Cache\Home\dd356fbc8cfe3f3d929391b910cf4a90.php 第 222 行.
NOTIC: [8] Undefined variable: checkStoreUp D:\WWW\daxiaoyihu\Application\Runtime\Cache\Home\dd356fbc8cfe3f3d929391b910cf4a90.php 第 223 行.
INFO: Run Behavior\ParseTemplateBehavior [ RunTime:0.029002s ]
INFO: [ view_parse ] --END-- [ RunTime:0.029002s ]
INFO: [ view_filter ] --START--
INFO: Run Behavior\WriteHtmlCacheBehavior [ RunTime:0.000000s ]
INFO: [ view_filter ] --END-- [ RunTime:0.000000s ]
INFO: [ app_end ] --START--
INFO: Run Behavior\ShowPageTraceBehavior [ RunTime:0.000000s ]
INFO: [ app_end ] --END-- [ RunTime:0.000000s ]

[ 2017-05-11T09:21:33+08:00 ] 127.0.0.1 /Home/Coptic/details/id/71.html
INFO: [ app_init ] --START--
INFO: Run Behavior\BuildLiteBehavior [ RunTime:0.000000s ]
INFO: [ app_init ] --END-- [ RunTime:0.001000s ]
INFO: [ app_begin ] --START--
INFO: Run Behavior\ReadHtmlCacheBehavior [ RunTime:0.000000s ]
INFO: [ app_begin ] --END-- [ RunTime:0.000000s ]
SQL: SHOW COLUMNS FROM `dxyh_friendship_link` [ RunTime:0.0080s ]
SQL: SELECT `link_name`,`link` FROM `dxyh_friendship_link`  [ RunTime:0.0060s ]
SQL: SHOW COLUMNS FROM `dxyh_coptic` [ RunTime:0.0090s ]
SQL: SELECT `id`,`coptic_title`,`coptic_cover` FROM `dxyh_coptic` WHERE `referral` = 1 ORDER BY `create_time` desc  [ RunTime:0.0100s ]
SQL: update dxyh_coptic set browse_volume = browse_volume+1 where id=71 [ RunTime:0.0230s ]
SQL: SHOW COLUMNS FROM `dxyh_coptic` [ RunTime:0.0060s ]
SQL: SELECT * FROM `dxyh_coptic` WHERE `id` = 71 LIMIT 1   [ RunTime:0.0080s ]
SQL: SHOW COLUMNS FROM `dxyh_comment` [ RunTime:0.0060s ]
SQL: SELECT c.id,c.parent_id,c.content,u.nickname,u.avatar,c.create_time,(select count(*) from dxyh_comment_likes WHERE dxyh_comment_likes.comment_id=c.id) as likesnum FROM dxyh_comment c INNER JOIN dxyh_user as u ON u.uid=c.uid  WHERE c.coptic_id = '71' AND c.status = 1 ORDER BY c.create_time desc  [ RunTime:0.0080s ]
INFO: [ view_parse ] --START--
INFO: [ template_filter ] --START--
INFO: Run Behavior\ContentReplaceBehavior [ RunTime:0.000000s ]
INFO: [ template_filter ] --END-- [ RunTime:0.000000s ]
NOTIC: [8] Undefined variable: checkLikes D:\WWW\daxiaoyihu\Application\Runtime\Cache\Home\dd356fbc8cfe3f3d929391b910cf4a90.php 第 222 行.
NOTIC: [8] Undefined variable: checkStoreUp D:\WWW\daxiaoyihu\Application\Runtime\Cache\Home\dd356fbc8cfe3f3d929391b910cf4a90.php 第 223 行.
INFO: Run Behavior\ParseTemplateBehavior [ RunTime:0.020002s ]
INFO: [ view_parse ] --END-- [ RunTime:0.020002s ]
INFO: [ view_filter ] --START--
INFO: Run Behavior\WriteHtmlCacheBehavior [ RunTime:0.000000s ]
INFO: [ view_filter ] --END-- [ RunTime:0.000000s ]
INFO: [ app_end ] --START--
INFO: Run Behavior\ShowPageTraceBehavior [ RunTime:0.001000s ]
INFO: [ app_end ] --END-- [ RunTime:0.001000s ]

[ 2017-05-11T09:47:45+08:00 ] 127.0.0.1 /Home/Coptic/details/id/71.html
INFO: [ app_init ] --START--
INFO: Run Behavior\BuildLiteBehavior [ RunTime:0.000000s ]
INFO: [ app_init ] --END-- [ RunTime:0.001000s ]
INFO: [ app_begin ] --START--
INFO: Run Behavior\ReadHtmlCacheBehavior [ RunTime:0.001000s ]
INFO: [ app_begin ] --END-- [ RunTime:0.001000s ]
SQL: SHOW COLUMNS FROM `dxyh_friendship_link` [ RunTime:0.0060s ]
SQL: SELECT `link_name`,`link` FROM `dxyh_friendship_link`  [ RunTime:0.0060s ]
SQL: SHOW COLUMNS FROM `dxyh_coptic` [ RunTime:0.0080s ]
SQL: SELECT `id`,`coptic_title`,`coptic_cover` FROM `dxyh_coptic` WHERE `referral` = 1 ORDER BY `create_time` desc  [ RunTime:0.0070s ]
SQL: update dxyh_coptic set browse_volume = browse_volume+1 where id=71 [ RunTime:0.0240s ]
SQL: SHOW COLUMNS FROM `dxyh_coptic` [ RunTime:0.0070s ]
SQL: SELECT * FROM `dxyh_coptic` WHERE `id` = 71 LIMIT 1   [ RunTime:0.0080s ]
SQL: SHOW COLUMNS FROM `dxyh_comment` [ RunTime:0.0060s ]
SQL: SELECT c.id,c.parent_id,c.content,u.nickname,u.avatar,c.create_time,(select count(*) from dxyh_comment_likes WHERE dxyh_comment_likes.comment_id=c.id) as likesnum FROM dxyh_comment c INNER JOIN dxyh_user as u ON u.uid=c.uid  WHERE c.coptic_id = '71' AND c.status = 1 ORDER BY c.create_time desc  [ RunTime:0.0070s ]
INFO: [ view_parse ] --START--
INFO: [ template_filter ] --START--
INFO: Run Behavior\ContentReplaceBehavior [ RunTime:0.000000s ]
INFO: [ template_filter ] --END-- [ RunTime:0.000000s ]
NOTIC: [8] Undefined variable: checkLikes D:\WWW\daxiaoyihu\Application\Runtime\Cache\Home\dd356fbc8cfe3f3d929391b910cf4a90.php 第 222 行.
NOTIC: [8] Undefined variable: checkStoreUp D:\WWW\daxiaoyihu\Application\Runtime\Cache\Home\dd356fbc8cfe3f3d929391b910cf4a90.php 第 223 行.
INFO: Run Behavior\ParseTemplateBehavior [ RunTime:0.020001s ]
INFO: [ view_parse ] --END-- [ RunTime:0.020001s ]
INFO: [ view_filter ] --START--
INFO: Run Behavior\WriteHtmlCacheBehavior [ RunTime:0.000000s ]
INFO: [ view_filter ] --END-- [ RunTime:0.000000s ]
INFO: [ app_end ] --START--
INFO: Run Behavior\ShowPageTraceBehavior [ RunTime:0.001000s ]
INFO: [ app_end ] --END-- [ RunTime:0.001000s ]

[ 2017-05-11T09:47:50+08:00 ] 127.0.0.1 /Home/Coptic/index.html
INFO: [ app_init ] --START--
INFO: Run Behavior\BuildLiteBehavior [ RunTime:0.000000s ]
INFO: [ app_init ] --END-- [ RunTime:0.001000s ]
INFO: [ app_begin ] --START--
INFO: Run Behavior\ReadHtmlCacheBehavior [ RunTime:0.001000s ]
INFO: [ app_begin ] --END-- [ RunTime:0.001000s ]
SQL: SHOW COLUMNS FROM `dxyh_friendship_link` [ RunTime:0.0100s ]
SQL: SELECT `link_name`,`link` FROM `dxyh_friendship_link`  [ RunTime:0.0080s ]
SQL: SHOW COLUMNS FROM `dxyh_coptic` [ RunTime:0.0180s ]
SQL: SELECT `id`,`coptic_title`,`coptic_cover` FROM `dxyh_coptic` WHERE `referral` = 1 ORDER BY `create_time` desc  [ RunTime:0.0100s ]
SQL: SHOW COLUMNS FROM `dxyh_coptic` [ RunTime:0.0140s ]
NOTIC: [8] Undefined index: typeId D:\WWW\daxiaoyihu\Application\Home\Model\CopticModel.class.php 第 21 行.
NOTIC: [8] Undefined index: keyword D:\WWW\daxiaoyihu\Application\Home\Model\CopticModel.class.php 第 24 行.
SQL: SELECT COUNT(*) AS tp_count FROM dxyh_coptic ct1 INNER JOIN dxyh_coptic_type as ct2 ON ct1.coptic_type_id=ct2.id  LIMIT 1   [ RunTime:0.0080s ]
SQL: SELECT ct1.id,ct1.abstract,ct1.author,ct1.create_time,ct1.coptic_title,ct1.coptic_cover,ct2.category_name FROM dxyh_coptic ct1 INNER JOIN dxyh_coptic_type as ct2 ON ct1.coptic_type_id=ct2.id  ORDER BY ct1.sort desc LIMIT 0,10   [ RunTime:0.0110s ]
SQL: SHOW COLUMNS FROM `dxyh_coptic_type` [ RunTime:0.0110s ]
SQL: SELECT * FROM `dxyh_coptic_type` ORDER BY `sort` desc,`create_time` desc  [ RunTime:0.0130s ]
NOTIC: [8] Undefined index: typeId D:\WWW\daxiaoyihu\Application\Home\Controller\CopticController.class.php 第 27 行.
NOTIC: [8] Undefined index: keyword D:\WWW\daxiaoyihu\Application\Home\Controller\CopticController.class.php 第 28 行.
INFO: [ view_parse ] --START--
INFO: [ template_filter ] --START--
INFO: Run Behavior\ContentReplaceBehavior [ RunTime:0.000000s ]
INFO: [ template_filter ] --END-- [ RunTime:0.000000s ]
INFO: Run Behavior\ParseTemplateBehavior [ RunTime:0.051003s ]
INFO: [ view_parse ] --END-- [ RunTime:0.051003s ]
INFO: [ view_filter ] --START--
INFO: Run Behavior\WriteHtmlCacheBehavior [ RunTime:0.001000s ]
INFO: [ view_filter ] --END-- [ RunTime:0.001000s ]
INFO: [ app_end ] --START--
INFO: Run Behavior\ShowPageTraceBehavior [ RunTime:0.001000s ]
INFO: [ app_end ] --END-- [ RunTime:0.001000s ]

[ 2017-05-11T09:47:53+08:00 ] 127.0.0.1 /Home/Coptic/details/id/41.html
INFO: [ app_init ] --START--
INFO: Run Behavior\BuildLiteBehavior [ RunTime:0.000000s ]
INFO: [ app_init ] --END-- [ RunTime:0.001000s ]
INFO: [ app_begin ] --START--
INFO: Run Behavior\ReadHtmlCacheBehavior [ RunTime:0.000000s ]
INFO: [ app_begin ] --END-- [ RunTime:0.000000s ]
SQL: SHOW COLUMNS FROM `dxyh_friendship_link` [ RunTime:0.0070s ]
SQL: SELECT `link_name`,`link` FROM `dxyh_friendship_link`  [ RunTime:0.0080s ]
SQL: SHOW COLUMNS FROM `dxyh_coptic` [ RunTime:0.0080s ]
SQL: SELECT `id`,`coptic_title`,`coptic_cover` FROM `dxyh_coptic` WHERE `referral` = 1 ORDER BY `create_time` desc  [ RunTime:0.0090s ]
SQL: update dxyh_coptic set browse_volume = browse_volume+1 where id=41 [ RunTime:0.0550s ]
SQL: SHOW COLUMNS FROM `dxyh_coptic` [ RunTime:0.0110s ]
SQL: SELECT * FROM `dxyh_coptic` WHERE `id` = 41 LIMIT 1   [ RunTime:0.0090s ]
SQL: SHOW COLUMNS FROM `dxyh_comment` [ RunTime:0.0060s ]
SQL: SELECT c.id,c.parent_id,c.content,u.nickname,u.avatar,c.create_time,(select count(*) from dxyh_comment_likes WHERE dxyh_comment_likes.comment_id=c.id) as likesnum FROM dxyh_comment c INNER JOIN dxyh_user as u ON u.uid=c.uid  WHERE c.coptic_id = '41' AND c.status = 1 ORDER BY c.create_time desc  [ RunTime:0.0080s ]
INFO: [ view_parse ] --START--
INFO: [ template_filter ] --START--
INFO: Run Behavior\ContentReplaceBehavior [ RunTime:0.000000s ]
INFO: [ template_filter ] --END-- [ RunTime:0.000000s ]
NOTIC: [8] Undefined variable: checkLikes D:\WWW\daxiaoyihu\Application\Runtime\Cache\Home\dd356fbc8cfe3f3d929391b910cf4a90.php 第 222 行.
NOTIC: [8] Undefined variable: checkStoreUp D:\WWW\daxiaoyihu\Application\Runtime\Cache\Home\dd356fbc8cfe3f3d929391b910cf4a90.php 第 223 行.
INFO: Run Behavior\ParseTemplateBehavior [ RunTime:0.057003s ]
INFO: [ view_parse ] --END-- [ RunTime:0.058003s ]
INFO: [ view_filter ] --START--
INFO: Run Behavior\WriteHtmlCacheBehavior [ RunTime:0.000000s ]
INFO: [ view_filter ] --END-- [ RunTime:0.000000s ]
INFO: [ app_end ] --START--
INFO: Run Behavior\ShowPageTraceBehavior [ RunTime:0.000000s ]
INFO: [ app_end ] --END-- [ RunTime:0.000000s ]

[ 2017-05-11T09:47:54+08:00 ] 127.0.0.1 /Home/Coptic/index.html
INFO: [ app_init ] --START--
INFO: Run Behavior\BuildLiteBehavior [ RunTime:0.000000s ]
INFO: [ app_init ] --END-- [ RunTime:0.001000s ]
INFO: [ app_begin ] --START--
INFO: Run Behavior\ReadHtmlCacheBehavior [ RunTime:0.001000s ]
INFO: [ app_begin ] --END-- [ RunTime:0.001000s ]
SQL: SHOW COLUMNS FROM `dxyh_friendship_link` [ RunTime:0.0050s ]
SQL: SELECT `link_name`,`link` FROM `dxyh_friendship_link`  [ RunTime:0.0050s ]
SQL: SHOW COLUMNS FROM `dxyh_coptic` [ RunTime:0.0060s ]
SQL: SELECT `id`,`coptic_title`,`coptic_cover` FROM `dxyh_coptic` WHERE `referral` = 1 ORDER BY `create_time` desc  [ RunTime:0.0060s ]
SQL: SHOW COLUMNS FROM `dxyh_coptic` [ RunTime:0.0060s ]
NOTIC: [8] Undefined index: typeId D:\WWW\daxiaoyihu\Application\Home\Model\CopticModel.class.php 第 21 行.
NOTIC: [8] Undefined index: keyword D:\WWW\daxiaoyihu\Application\Home\Model\CopticModel.class.php 第 24 行.
SQL: SELECT COUNT(*) AS tp_count FROM dxyh_coptic ct1 INNER JOIN dxyh_coptic_type as ct2 ON ct1.coptic_type_id=ct2.id  LIMIT 1   [ RunTime:0.0060s ]
SQL: SELECT ct1.id,ct1.abstract,ct1.author,ct1.create_time,ct1.coptic_title,ct1.coptic_cover,ct2.category_name FROM dxyh_coptic ct1 INNER JOIN dxyh_coptic_type as ct2 ON ct1.coptic_type_id=ct2.id  ORDER BY ct1.sort desc LIMIT 0,10   [ RunTime:0.0060s ]
SQL: SHOW COLUMNS FROM `dxyh_coptic_type` [ RunTime:0.0060s ]
SQL: SELECT * FROM `dxyh_coptic_type` ORDER BY `sort` desc,`create_time` desc  [ RunTime:0.0060s ]
NOTIC: [8] Undefined index: typeId D:\WWW\daxiaoyihu\Application\Home\Controller\CopticController.class.php 第 27 行.
NOTIC: [8] Undefined index: keyword D:\WWW\daxiaoyihu\Application\Home\Controller\CopticController.class.php 第 28 行.
INFO: [ view_parse ] --START--
INFO: [ template_filter ] --START--
INFO: Run Behavior\ContentReplaceBehavior [ RunTime:0.000000s ]
INFO: [ template_filter ] --END-- [ RunTime:0.000000s ]
INFO: Run Behavior\ParseTemplateBehavior [ RunTime:0.021001s ]
INFO: [ view_parse ] --END-- [ RunTime:0.021001s ]
INFO: [ view_filter ] --START--
INFO: Run Behavior\WriteHtmlCacheBehavior [ RunTime:0.000000s ]
INFO: [ view_filter ] --END-- [ RunTime:0.000000s ]
INFO: [ app_end ] --START--
INFO: Run Behavior\ShowPageTraceBehavior [ RunTime:0.001000s ]
INFO: [ app_end ] --END-- [ RunTime:0.001000s ]

[ 2017-05-11T09:47:57+08:00 ] 127.0.0.1 /Home/Coptic/details/id/71.html
INFO: [ app_init ] --START--
INFO: Run Behavior\BuildLiteBehavior [ RunTime:0.000000s ]
INFO: [ app_init ] --END-- [ RunTime:0.001000s ]
INFO: [ app_begin ] --START--
INFO: Run Behavior\ReadHtmlCacheBehavior [ RunTime:0.001000s ]
INFO: [ app_begin ] --END-- [ RunTime:0.001000s ]
SQL: SHOW COLUMNS FROM `dxyh_friendship_link` [ RunTime:0.0100s ]
SQL: SELECT `link_name`,`link` FROM `dxyh_friendship_link`  [ RunTime:0.0070s ]
SQL: SHOW COLUMNS FROM `dxyh_coptic` [ RunTime:0.0100s ]
SQL: SELECT `id`,`coptic_title`,`coptic_cover` FROM `dxyh_coptic` WHERE `referral` = 1 ORDER BY `create_time` desc  [ RunTime:0.0070s ]
SQL: update dxyh_coptic set browse_volume = browse_volume+1 where id=71 [ RunTime:0.0260s ]
SQL: SHOW COLUMNS FROM `dxyh_coptic` [ RunTime:0.0120s ]
SQL: SELECT * FROM `dxyh_coptic` WHERE `id` = 71 LIMIT 1   [ RunTime:0.0120s ]
SQL: SHOW COLUMNS FROM `dxyh_comment` [ RunTime:0.0080s ]
SQL: SELECT c.id,c.parent_id,c.content,u.nickname,u.avatar,c.create_time,(select count(*) from dxyh_comment_likes WHERE dxyh_comment_likes.comment_id=c.id) as likesnum FROM dxyh_comment c INNER JOIN dxyh_user as u ON u.uid=c.uid  WHERE c.coptic_id = '71' AND c.status = 1 ORDER BY c.create_time desc  [ RunTime:0.0070s ]
INFO: [ view_parse ] --START--
INFO: [ template_filter ] --START--
INFO: Run Behavior\ContentReplaceBehavior [ RunTime:0.001000s ]
INFO: [ template_filter ] --END-- [ RunTime:0.001000s ]
NOTIC: [8] Undefined variable: checkLikes D:\WWW\daxiaoyihu\Application\Runtime\Cache\Home\dd356fbc8cfe3f3d929391b910cf4a90.php 第 222 行.
NOTIC: [8] Undefined variable: checkStoreUp D:\WWW\daxiaoyihu\Application\Runtime\Cache\Home\dd356fbc8cfe3f3d929391b910cf4a90.php 第 223 行.
INFO: Run Behavior\ParseTemplateBehavior [ RunTime:0.034002s ]
INFO: [ view_parse ] --END-- [ RunTime:0.034002s ]
INFO: [ view_filter ] --START--
INFO: Run Behavior\WriteHtmlCacheBehavior [ RunTime:0.000000s ]
INFO: [ view_filter ] --END-- [ RunTime:0.000000s ]
INFO: [ app_end ] --START--
INFO: Run Behavior\ShowPageTraceBehavior [ RunTime:0.001000s ]
INFO: [ app_end ] --END-- [ RunTime:0.001000s ]

[ 2017-05-11T09:48:09+08:00 ] 127.0.0.1 /Home/Coptic/details/id/71.html
INFO: [ app_init ] --START--
INFO: Run Behavior\BuildLiteBehavior [ RunTime:0.000000s ]
INFO: [ app_init ] --END-- [ RunTime:0.000000s ]
INFO: [ app_begin ] --START--
INFO: Run Behavior\ReadHtmlCacheBehavior [ RunTime:0.000000s ]
INFO: [ app_begin ] --END-- [ RunTime:0.000000s ]
SQL: SHOW COLUMNS FROM `dxyh_friendship_link` [ RunTime:0.0120s ]
SQL: SELECT `link_name`,`link` FROM `dxyh_friendship_link`  [ RunTime:0.0070s ]
SQL: SHOW COLUMNS FROM `dxyh_coptic` [ RunTime:0.0080s ]
SQL: SELECT `id`,`coptic_title`,`coptic_cover` FROM `dxyh_coptic` WHERE `referral` = 1 ORDER BY `create_time` desc  [ RunTime:0.0070s ]
SQL: update dxyh_coptic set browse_volume = browse_volume+1 where id=71 [ RunTime:0.0230s ]
SQL: SHOW COLUMNS FROM `dxyh_coptic` [ RunTime:0.0100s ]
SQL: SELECT * FROM `dxyh_coptic` WHERE `id` = 71 LIMIT 1   [ RunTime:0.0080s ]
SQL: SHOW COLUMNS FROM `dxyh_comment` [ RunTime:0.0150s ]
SQL: SELECT c.id,c.parent_id,c.content,u.nickname,u.avatar,c.create_time,(select count(*) from dxyh_comment_likes WHERE dxyh_comment_likes.comment_id=c.id) as likesnum FROM dxyh_comment c INNER JOIN dxyh_user as u ON u.uid=c.uid  WHERE c.coptic_id = '71' AND c.status = 1 ORDER BY c.create_time desc  [ RunTime:0.0090s ]
INFO: [ view_parse ] --START--
INFO: [ template_filter ] --START--
INFO: Run Behavior\ContentReplaceBehavior [ RunTime:0.000000s ]
INFO: [ template_filter ] --END-- [ RunTime:0.000000s ]
NOTIC: [8] Undefined variable: checkLikes D:\WWW\daxiaoyihu\Application\Runtime\Cache\Home\dd356fbc8cfe3f3d929391b910cf4a90.php 第 222 行.
NOTIC: [8] Undefined variable: checkStoreUp D:\WWW\daxiaoyihu\Application\Runtime\Cache\Home\dd356fbc8cfe3f3d929391b910cf4a90.php 第 223 行.
INFO: Run Behavior\ParseTemplateBehavior [ RunTime:0.022001s ]
INFO: [ view_parse ] --END-- [ RunTime:0.022001s ]
INFO: [ view_filter ] --START--
INFO: Run Behavior\WriteHtmlCacheBehavior [ RunTime:0.000000s ]
INFO: [ view_filter ] --END-- [ RunTime:0.000000s ]
INFO: [ app_end ] --START--
INFO: Run Behavior\ShowPageTraceBehavior [ RunTime:0.000000s ]
INFO: [ app_end ] --END-- [ RunTime:0.001000s ]

