[ 2017-05-08T11:54:43+08:00 ] 127.0.0.1 /home/index/index.html
INFO: [ app_init ] --START--
INFO: Run Behavior\BuildLiteBehavior [ RunTime:0.000000s ]
INFO: [ app_init ] --END-- [ RunTime:0.001000s ]
INFO: [ app_begin ] --START--
INFO: Run Behavior\ReadHtmlCacheBehavior [ RunTime:0.011000s ]
INFO: [ app_begin ] --END-- [ RunTime:0.011000s ]
SQL: SHOW COLUMNS FROM `dxyh_friendship_link` [ RunTime:0.0090s ]
SQL: SELECT `link_name`,`link` FROM `dxyh_friendship_link`  [ RunTime:0.0090s ]
SQL: SHOW COLUMNS FROM `dxyh_visit` [ RunTime:0.0100s ]
SQL: INSERT INTO `dxyh_visit` (`ip`,`create_time`) VALUES ('2130706433','1494215683') [ RunTime:0.0220s ]
SQL: SHOW COLUMNS FROM `dxyh_website_image` [ RunTime:0.0080s ]
SQL: SELECT `image`,`img_link`,`app_image` FROM `dxyh_website_image` WHERE `type` = 1 AND `status` = 1 ORDER BY `sort` desc  [ RunTime:0.0080s ]
SQL: SHOW COLUMNS FROM `dxyh_coptic` [ RunTime:0.0070s ]
SQL: SELECT `id`,`coptic_title`,`coptic_cover`,`abstract` FROM `dxyh_coptic` ORDER BY `create_time` desc LIMIT 0,8   [ RunTime:0.0120s ]
SQL: SHOW COLUMNS FROM `dxyh_coptic_type` [ RunTime:0.0080s ]
SQL: SELECT * FROM `dxyh_coptic_type` ORDER BY `sort` desc,`create_time` desc  [ RunTime:0.0080s ]
SQL: SHOW COLUMNS FROM `dxyh_activity` [ RunTime:0.0170s ]
SQL: SELECT `id`,`activity_name`,`activity_cover`,`enroll_end_time`,`browse_volume` FROM `dxyh_activity` WHERE `status` <> '3' ORDER BY `create_time` desc LIMIT 0,3   [ RunTime:0.0110s ]
INFO: [ view_parse ] --START--
INFO: [ template_filter ] --START--
INFO: Run Behavior\ContentReplaceBehavior [ RunTime:0.000000s ]
INFO: [ template_filter ] --END-- [ RunTime:0.000000s ]
INFO: Run Behavior\ParseTemplateBehavior [ RunTime:0.077005s ]
INFO: [ view_parse ] --END-- [ RunTime:0.077005s ]
INFO: [ view_filter ] --START--
INFO: Run Behavior\WriteHtmlCacheBehavior [ RunTime:0.009000s ]
INFO: [ view_filter ] --END-- [ RunTime:0.009000s ]
INFO: [ app_end ] --START--
INFO: Run Behavior\ShowPageTraceBehavior [ RunTime:0.001000s ]
INFO: [ app_end ] --END-- [ RunTime:0.001000s ]

[ 2017-05-08T11:54:54+08:00 ] 127.0.0.1 /Home/Coptic/index/typeId/37.html
INFO: [ app_init ] --START--
INFO: Run Behavior\BuildLiteBehavior [ RunTime:0.000000s ]
INFO: [ app_init ] --END-- [ RunTime:0.001000s ]
INFO: [ app_begin ] --START--
INFO: Run Behavior\ReadHtmlCacheBehavior [ RunTime:0.000000s ]
INFO: [ app_begin ] --END-- [ RunTime:0.000000s ]
SQL: SHOW COLUMNS FROM `dxyh_friendship_link` [ RunTime:0.0060s ]
SQL: SELECT `link_name`,`link` FROM `dxyh_friendship_link`  [ RunTime:0.0060s ]
SQL: SHOW COLUMNS FROM `dxyh_coptic` [ RunTime:0.0070s ]
SQL: SELECT `id`,`coptic_title`,`coptic_cover` FROM `dxyh_coptic` WHERE `referral` = 1 ORDER BY `create_time` desc  [ RunTime:0.0100s ]
SQL: SHOW COLUMNS FROM `dxyh_coptic` [ RunTime:0.0070s ]
NOTIC: [8] Undefined index: keyword D:\WWW\daxiaoyihu\Application\Home\Model\CopticModel.class.php 第 24 行.
SQL: SELECT COUNT(*) AS tp_count FROM dxyh_coptic ct1 INNER JOIN dxyh_coptic_type as ct2 ON ct1.coptic_type_id=ct2.id  WHERE ct1.coptic_type_id = '37' LIMIT 1   [ RunTime:0.0060s ]
SQL: SELECT ct1.id,ct1.abstract,ct1.author,ct1.create_time,ct1.coptic_title,ct1.coptic_cover,ct2.category_name FROM dxyh_coptic ct1 INNER JOIN dxyh_coptic_type as ct2 ON ct1.coptic_type_id=ct2.id  WHERE ct1.coptic_type_id = '37' ORDER BY ct1.create_time desc LIMIT 0,10   [ RunTime:0.0120s ]
SQL: SHOW COLUMNS FROM `dxyh_coptic_type` [ RunTime:0.0080s ]
SQL: SELECT * FROM `dxyh_coptic_type` ORDER BY `sort` desc,`create_time` desc  [ RunTime:0.0090s ]
NOTIC: [8] Undefined index: keyword D:\WWW\daxiaoyihu\Application\Home\Controller\CopticController.class.php 第 28 行.
INFO: [ view_parse ] --START--
INFO: [ template_filter ] --START--
INFO: Run Behavior\ContentReplaceBehavior [ RunTime:0.001000s ]
INFO: [ template_filter ] --END-- [ RunTime:0.001000s ]
INFO: Run Behavior\ParseTemplateBehavior [ RunTime:0.024001s ]
INFO: [ view_parse ] --END-- [ RunTime:0.024001s ]
INFO: [ view_filter ] --START--
INFO: Run Behavior\WriteHtmlCacheBehavior [ RunTime:0.000000s ]
INFO: [ view_filter ] --END-- [ RunTime:0.000000s ]
INFO: [ app_end ] --START--
INFO: Run Behavior\ShowPageTraceBehavior [ RunTime:0.000000s ]
INFO: [ app_end ] --END-- [ RunTime:0.000000s ]

[ 2017-05-08T11:55:18+08:00 ] 127.0.0.1 /Home/Coptic/index/typeId/38.html
INFO: [ app_init ] --START--
INFO: Run Behavior\BuildLiteBehavior [ RunTime:0.000000s ]
INFO: [ app_init ] --END-- [ RunTime:0.000000s ]
INFO: [ app_begin ] --START--
INFO: Run Behavior\ReadHtmlCacheBehavior [ RunTime:0.000000s ]
INFO: [ app_begin ] --END-- [ RunTime:0.000000s ]
SQL: SHOW COLUMNS FROM `dxyh_friendship_link` [ RunTime:0.0050s ]
SQL: SELECT `link_name`,`link` FROM `dxyh_friendship_link`  [ RunTime:0.0070s ]
SQL: SHOW COLUMNS FROM `dxyh_coptic` [ RunTime:0.0090s ]
SQL: SELECT `id`,`coptic_title`,`coptic_cover` FROM `dxyh_coptic` WHERE `referral` = 1 ORDER BY `create_time` desc  [ RunTime:0.0100s ]
SQL: SHOW COLUMNS FROM `dxyh_coptic` [ RunTime:0.0070s ]
NOTIC: [8] Undefined index: keyword D:\WWW\daxiaoyihu\Application\Home\Model\CopticModel.class.php 第 24 行.
SQL: SELECT COUNT(*) AS tp_count FROM dxyh_coptic ct1 INNER JOIN dxyh_coptic_type as ct2 ON ct1.coptic_type_id=ct2.id  WHERE ct1.coptic_type_id = '38' LIMIT 1   [ RunTime:0.0070s ]
SQL: SELECT ct1.id,ct1.abstract,ct1.author,ct1.create_time,ct1.coptic_title,ct1.coptic_cover,ct2.category_name FROM dxyh_coptic ct1 INNER JOIN dxyh_coptic_type as ct2 ON ct1.coptic_type_id=ct2.id  WHERE ct1.coptic_type_id = '38' ORDER BY ct1.create_time desc LIMIT 0,10   [ RunTime:0.0070s ]
SQL: SHOW COLUMNS FROM `dxyh_coptic_type` [ RunTime:0.0070s ]
SQL: SELECT * FROM `dxyh_coptic_type` ORDER BY `sort` desc,`create_time` desc  [ RunTime:0.0160s ]
NOTIC: [8] Undefined index: keyword D:\WWW\daxiaoyihu\Application\Home\Controller\CopticController.class.php 第 28 行.
INFO: [ view_parse ] --START--
INFO: [ template_filter ] --START--
INFO: Run Behavior\ContentReplaceBehavior [ RunTime:0.000000s ]
INFO: [ template_filter ] --END-- [ RunTime:0.000000s ]
INFO: Run Behavior\ParseTemplateBehavior [ RunTime:0.008001s ]
INFO: [ view_parse ] --END-- [ RunTime:0.008001s ]
INFO: [ view_filter ] --START--
INFO: Run Behavior\WriteHtmlCacheBehavior [ RunTime:0.000000s ]
INFO: [ view_filter ] --END-- [ RunTime:0.000000s ]
INFO: [ app_end ] --START--
INFO: Run Behavior\ShowPageTraceBehavior [ RunTime:0.001000s ]
INFO: [ app_end ] --END-- [ RunTime:0.001000s ]

[ 2017-05-08T11:55:37+08:00 ] 127.0.0.1 /Home/Coptic/index.html?keyword=&typeId=0
INFO: [ app_init ] --START--
INFO: Run Behavior\BuildLiteBehavior [ RunTime:0.000000s ]
INFO: [ app_init ] --END-- [ RunTime:0.000000s ]
INFO: [ app_begin ] --START--
INFO: Run Behavior\ReadHtmlCacheBehavior [ RunTime:0.001000s ]
INFO: [ app_begin ] --END-- [ RunTime:0.001000s ]
SQL: SHOW COLUMNS FROM `dxyh_friendship_link` [ RunTime:0.0070s ]
SQL: SELECT `link_name`,`link` FROM `dxyh_friendship_link`  [ RunTime:0.0080s ]
SQL: SHOW COLUMNS FROM `dxyh_coptic` [ RunTime:0.0080s ]
SQL: SELECT `id`,`coptic_title`,`coptic_cover` FROM `dxyh_coptic` WHERE `referral` = 1 ORDER BY `create_time` desc  [ RunTime:0.0060s ]
SQL: SHOW COLUMNS FROM `dxyh_coptic` [ RunTime:0.0060s ]
SQL: SELECT COUNT(*) AS tp_count FROM dxyh_coptic ct1 INNER JOIN dxyh_coptic_type as ct2 ON ct1.coptic_type_id=ct2.id  LIMIT 1   [ RunTime:0.0070s ]
SQL: SELECT ct1.id,ct1.abstract,ct1.author,ct1.create_time,ct1.coptic_title,ct1.coptic_cover,ct2.category_name FROM dxyh_coptic ct1 INNER JOIN dxyh_coptic_type as ct2 ON ct1.coptic_type_id=ct2.id  ORDER BY ct1.create_time desc LIMIT 0,10   [ RunTime:0.0080s ]
SQL: SHOW COLUMNS FROM `dxyh_coptic_type` [ RunTime:0.0090s ]
SQL: SELECT * FROM `dxyh_coptic_type` ORDER BY `sort` desc,`create_time` desc  [ RunTime:0.0070s ]
INFO: [ view_parse ] --START--
INFO: [ template_filter ] --START--
INFO: Run Behavior\ContentReplaceBehavior [ RunTime:0.000000s ]
INFO: [ template_filter ] --END-- [ RunTime:0.000000s ]
INFO: Run Behavior\ParseTemplateBehavior [ RunTime:0.014000s ]
INFO: [ view_parse ] --END-- [ RunTime:0.014000s ]
INFO: [ view_filter ] --START--
INFO: Run Behavior\WriteHtmlCacheBehavior [ RunTime:0.000000s ]
INFO: [ view_filter ] --END-- [ RunTime:0.000000s ]
INFO: [ app_end ] --START--
INFO: Run Behavior\ShowPageTraceBehavior [ RunTime:0.000000s ]
INFO: [ app_end ] --END-- [ RunTime:0.000000s ]

[ 2017-05-08T11:56:32+08:00 ] 127.0.0.1 /Home/Coptic/index.html?keyword=ddd&typeId=0
INFO: [ app_init ] --START--
INFO: Run Behavior\BuildLiteBehavior [ RunTime:0.000000s ]
INFO: [ app_init ] --END-- [ RunTime:0.000000s ]
INFO: [ app_begin ] --START--
INFO: Run Behavior\ReadHtmlCacheBehavior [ RunTime:0.001000s ]
INFO: [ app_begin ] --END-- [ RunTime:0.001000s ]
SQL: SHOW COLUMNS FROM `dxyh_friendship_link` [ RunTime:0.0260s ]
SQL: SELECT `link_name`,`link` FROM `dxyh_friendship_link`  [ RunTime:0.0080s ]
SQL: SHOW COLUMNS FROM `dxyh_coptic` [ RunTime:0.0070s ]
SQL: SELECT `id`,`coptic_title`,`coptic_cover` FROM `dxyh_coptic` WHERE `referral` = 1 ORDER BY `create_time` desc  [ RunTime:0.0080s ]
SQL: SHOW COLUMNS FROM `dxyh_coptic` [ RunTime:0.0080s ]
SQL: SELECT COUNT(*) AS tp_count FROM dxyh_coptic ct1 INNER JOIN dxyh_coptic_type as ct2 ON ct1.coptic_type_id=ct2.id  WHERE (  ct1.coptic_title like '%ddd%' OR ct1.abstract like '%ddd%' OR ct1.content like '%ddd%'  ) LIMIT 1   [ RunTime:0.0140s ]
SQL: SELECT ct1.id,ct1.abstract,ct1.author,ct1.create_time,ct1.coptic_title,ct1.coptic_cover,ct2.category_name FROM dxyh_coptic ct1 INNER JOIN dxyh_coptic_type as ct2 ON ct1.coptic_type_id=ct2.id  WHERE (  ct1.coptic_title like '%ddd%' OR ct1.abstract like '%ddd%' OR ct1.content like '%ddd%'  ) ORDER BY ct1.create_time desc LIMIT 0,10   [ RunTime:0.0140s ]
SQL: SHOW COLUMNS FROM `dxyh_coptic_type` [ RunTime:0.0070s ]
SQL: SELECT * FROM `dxyh_coptic_type` ORDER BY `sort` desc,`create_time` desc  [ RunTime:0.0070s ]
INFO: [ view_parse ] --START--
INFO: [ template_filter ] --START--
INFO: Run Behavior\ContentReplaceBehavior [ RunTime:0.000000s ]
INFO: [ template_filter ] --END-- [ RunTime:0.000000s ]
INFO: Run Behavior\ParseTemplateBehavior [ RunTime:0.008001s ]
INFO: [ view_parse ] --END-- [ RunTime:0.008001s ]
INFO: [ view_filter ] --START--
INFO: Run Behavior\WriteHtmlCacheBehavior [ RunTime:0.000000s ]
INFO: [ view_filter ] --END-- [ RunTime:0.000000s ]
INFO: [ app_end ] --START--
INFO: Run Behavior\ShowPageTraceBehavior [ RunTime:0.001000s ]
INFO: [ app_end ] --END-- [ RunTime:0.001000s ]

[ 2017-05-08T11:56:42+08:00 ] 127.0.0.1 /Home/Coptic/index.html?keyword=&typeId=0
INFO: [ app_init ] --START--
INFO: Run Behavior\BuildLiteBehavior [ RunTime:0.000000s ]
INFO: [ app_init ] --END-- [ RunTime:0.000000s ]
INFO: [ app_begin ] --START--
INFO: Run Behavior\ReadHtmlCacheBehavior [ RunTime:0.001000s ]
INFO: [ app_begin ] --END-- [ RunTime:0.001000s ]
SQL: SHOW COLUMNS FROM `dxyh_friendship_link` [ RunTime:0.0070s ]
SQL: SELECT `link_name`,`link` FROM `dxyh_friendship_link`  [ RunTime:0.0080s ]
SQL: SHOW COLUMNS FROM `dxyh_coptic` [ RunTime:0.0070s ]
SQL: SELECT `id`,`coptic_title`,`coptic_cover` FROM `dxyh_coptic` WHERE `referral` = 1 ORDER BY `create_time` desc  [ RunTime:0.0110s ]
SQL: SHOW COLUMNS FROM `dxyh_coptic` [ RunTime:0.0290s ]
SQL: SELECT COUNT(*) AS tp_count FROM dxyh_coptic ct1 INNER JOIN dxyh_coptic_type as ct2 ON ct1.coptic_type_id=ct2.id  LIMIT 1   [ RunTime:0.0070s ]
SQL: SELECT ct1.id,ct1.abstract,ct1.author,ct1.create_time,ct1.coptic_title,ct1.coptic_cover,ct2.category_name FROM dxyh_coptic ct1 INNER JOIN dxyh_coptic_type as ct2 ON ct1.coptic_type_id=ct2.id  ORDER BY ct1.create_time desc LIMIT 0,10   [ RunTime:0.0100s ]
SQL: SHOW COLUMNS FROM `dxyh_coptic_type` [ RunTime:0.0160s ]
SQL: SELECT * FROM `dxyh_coptic_type` ORDER BY `sort` desc,`create_time` desc  [ RunTime:0.0110s ]
INFO: [ view_parse ] --START--
INFO: [ template_filter ] --START--
INFO: Run Behavior\ContentReplaceBehavior [ RunTime:0.000000s ]
INFO: [ template_filter ] --END-- [ RunTime:0.000000s ]
INFO: Run Behavior\ParseTemplateBehavior [ RunTime:0.007000s ]
INFO: [ view_parse ] --END-- [ RunTime:0.007000s ]
INFO: [ view_filter ] --START--
INFO: Run Behavior\WriteHtmlCacheBehavior [ RunTime:0.000000s ]
INFO: [ view_filter ] --END-- [ RunTime:0.000000s ]
INFO: [ app_end ] --START--
INFO: Run Behavior\ShowPageTraceBehavior [ RunTime:0.000000s ]
INFO: [ app_end ] --END-- [ RunTime:0.000000s ]

[ 2017-05-08T11:57:05+08:00 ] 127.0.0.1 /Home/Coptic/index.html?keyword=&typeId=0
INFO: [ app_init ] --START--
INFO: Run Behavior\BuildLiteBehavior [ RunTime:0.000000s ]
INFO: [ app_init ] --END-- [ RunTime:0.000000s ]
INFO: [ app_begin ] --START--
INFO: Run Behavior\ReadHtmlCacheBehavior [ RunTime:0.001000s ]
INFO: [ app_begin ] --END-- [ RunTime:0.001000s ]
SQL: SHOW COLUMNS FROM `dxyh_friendship_link` [ RunTime:0.0090s ]
SQL: SELECT `link_name`,`link` FROM `dxyh_friendship_link`  [ RunTime:0.0090s ]
SQL: SHOW COLUMNS FROM `dxyh_coptic` [ RunTime:0.0110s ]
SQL: SELECT `id`,`coptic_title`,`coptic_cover` FROM `dxyh_coptic` WHERE `referral` = 1 ORDER BY `create_time` desc  [ RunTime:0.0090s ]
SQL: SHOW COLUMNS FROM `dxyh_coptic` [ RunTime:0.0090s ]
SQL: SELECT COUNT(*) AS tp_count FROM dxyh_coptic ct1 INNER JOIN dxyh_coptic_type as ct2 ON ct1.coptic_type_id=ct2.id  LIMIT 1   [ RunTime:0.0090s ]
SQL: SELECT ct1.id,ct1.abstract,ct1.author,ct1.create_time,ct1.coptic_title,ct1.coptic_cover,ct2.category_name FROM dxyh_coptic ct1 INNER JOIN dxyh_coptic_type as ct2 ON ct1.coptic_type_id=ct2.id  ORDER BY ct1.create_time desc LIMIT 0,10   [ RunTime:0.0090s ]
SQL: SHOW COLUMNS FROM `dxyh_coptic_type` [ RunTime:0.0070s ]
SQL: SELECT * FROM `dxyh_coptic_type` ORDER BY `sort` desc,`create_time` desc  [ RunTime:0.0070s ]
INFO: [ view_parse ] --START--
INFO: [ template_filter ] --START--
INFO: Run Behavior\ContentReplaceBehavior [ RunTime:0.000000s ]
INFO: [ template_filter ] --END-- [ RunTime:0.000000s ]
INFO: Run Behavior\ParseTemplateBehavior [ RunTime:0.014001s ]
INFO: [ view_parse ] --END-- [ RunTime:0.014001s ]
INFO: [ view_filter ] --START--
INFO: Run Behavior\WriteHtmlCacheBehavior [ RunTime:0.000000s ]
INFO: [ view_filter ] --END-- [ RunTime:0.000000s ]
INFO: [ app_end ] --START--
INFO: Run Behavior\ShowPageTraceBehavior [ RunTime:0.001000s ]
INFO: [ app_end ] --END-- [ RunTime:0.001000s ]

[ 2017-05-08T13:13:17+08:00 ] 127.0.0.1 /Home/Coptic/index.html?keyword=&typeId=0
INFO: [ app_init ] --START--
INFO: Run Behavior\BuildLiteBehavior [ RunTime:0.000000s ]
INFO: [ app_init ] --END-- [ RunTime:0.001000s ]
INFO: [ app_begin ] --START--
INFO: Run Behavior\ReadHtmlCacheBehavior [ RunTime:0.000000s ]
INFO: [ app_begin ] --END-- [ RunTime:0.000000s ]
SQL: SHOW COLUMNS FROM `dxyh_friendship_link` [ RunTime:0.0070s ]
SQL: SELECT `link_name`,`link` FROM `dxyh_friendship_link`  [ RunTime:0.0080s ]
SQL: SHOW COLUMNS FROM `dxyh_coptic` [ RunTime:0.0090s ]
SQL: SELECT `id`,`coptic_title`,`coptic_cover` FROM `dxyh_coptic` WHERE `referral` = 1 ORDER BY `create_time` desc  [ RunTime:0.0090s ]
SQL: SHOW COLUMNS FROM `dxyh_coptic` [ RunTime:0.0100s ]
SQL: SELECT COUNT(*) AS tp_count FROM dxyh_coptic ct1 INNER JOIN dxyh_coptic_type as ct2 ON ct1.coptic_type_id=ct2.id  LIMIT 1   [ RunTime:0.0050s ]
SQL: SELECT ct1.id,ct1.abstract,ct1.author,ct1.create_time,ct1.coptic_title,ct1.coptic_cover,ct2.category_name FROM dxyh_coptic ct1 INNER JOIN dxyh_coptic_type as ct2 ON ct1.coptic_type_id=ct2.id  ORDER BY ct1.create_time desc LIMIT 0,10   [ RunTime:0.0080s ]
SQL: SHOW COLUMNS FROM `dxyh_coptic_type` [ RunTime:0.0060s ]
SQL: SELECT * FROM `dxyh_coptic_type` ORDER BY `sort` desc,`create_time` desc  [ RunTime:0.0090s ]
INFO: [ view_parse ] --START--
INFO: [ template_filter ] --START--
INFO: Run Behavior\ContentReplaceBehavior [ RunTime:0.000000s ]
INFO: [ template_filter ] --END-- [ RunTime:0.000000s ]
INFO: Run Behavior\ParseTemplateBehavior [ RunTime:0.041002s ]
INFO: [ view_parse ] --END-- [ RunTime:0.041002s ]
INFO: [ view_filter ] --START--
INFO: Run Behavior\WriteHtmlCacheBehavior [ RunTime:0.000000s ]
INFO: [ view_filter ] --END-- [ RunTime:0.000000s ]
INFO: [ app_end ] --START--
INFO: Run Behavior\ShowPageTraceBehavior [ RunTime:0.000000s ]
INFO: [ app_end ] --END-- [ RunTime:0.000000s ]

[ 2017-05-08T13:13:46+08:00 ] 127.0.0.1 /Home/Coptic/index.html?keyword=&typeId=0
INFO: [ app_init ] --START--
INFO: Run Behavior\BuildLiteBehavior [ RunTime:0.000000s ]
INFO: [ app_init ] --END-- [ RunTime:0.000000s ]
INFO: [ app_begin ] --START--
INFO: Run Behavior\ReadHtmlCacheBehavior [ RunTime:0.001000s ]
INFO: [ app_begin ] --END-- [ RunTime:0.001000s ]
SQL: SHOW COLUMNS FROM `dxyh_friendship_link` [ RunTime:0.0070s ]
SQL: SELECT `link_name`,`link` FROM `dxyh_friendship_link`  [ RunTime:0.0060s ]
SQL: SHOW COLUMNS FROM `dxyh_coptic` [ RunTime:0.0070s ]
SQL: SELECT `id`,`coptic_title`,`coptic_cover` FROM `dxyh_coptic` WHERE `referral` = 1 ORDER BY `create_time` desc  [ RunTime:0.0080s ]
SQL: SHOW COLUMNS FROM `dxyh_coptic` [ RunTime:0.0080s ]
SQL: SELECT COUNT(*) AS tp_count FROM dxyh_coptic ct1 INNER JOIN dxyh_coptic_type as ct2 ON ct1.coptic_type_id=ct2.id  LIMIT 1   [ RunTime:0.0080s ]
SQL: SELECT ct1.id,ct1.abstract,ct1.author,ct1.create_time,ct1.coptic_title,ct1.coptic_cover,ct2.category_name FROM dxyh_coptic ct1 INNER JOIN dxyh_coptic_type as ct2 ON ct1.coptic_type_id=ct2.id  ORDER BY ct1.create_time desc LIMIT 0,10   [ RunTime:0.0080s ]
SQL: SHOW COLUMNS FROM `dxyh_coptic_type` [ RunTime:0.0090s ]
SQL: SELECT * FROM `dxyh_coptic_type` ORDER BY `sort` desc,`create_time` desc  [ RunTime:0.0070s ]
INFO: [ view_parse ] --START--
INFO: [ template_filter ] --START--
INFO: Run Behavior\ContentReplaceBehavior [ RunTime:0.000000s ]
INFO: [ template_filter ] --END-- [ RunTime:0.000000s ]
INFO: Run Behavior\ParseTemplateBehavior [ RunTime:0.027001s ]
INFO: [ view_parse ] --END-- [ RunTime:0.027001s ]
INFO: [ view_filter ] --START--
INFO: Run Behavior\WriteHtmlCacheBehavior [ RunTime:0.000000s ]
INFO: [ view_filter ] --END-- [ RunTime:0.000000s ]
INFO: [ app_end ] --START--
INFO: Run Behavior\ShowPageTraceBehavior [ RunTime:0.001000s ]
INFO: [ app_end ] --END-- [ RunTime:0.001000s ]

[ 2017-05-08T13:15:06+08:00 ] 127.0.0.1 /Home/Coptic/index.html?keyword=&typeId=0
INFO: [ app_init ] --START--
INFO: Run Behavior\BuildLiteBehavior [ RunTime:0.000000s ]
INFO: [ app_init ] --END-- [ RunTime:0.000000s ]
INFO: [ app_begin ] --START--
INFO: Run Behavior\ReadHtmlCacheBehavior [ RunTime:0.000000s ]
INFO: [ app_begin ] --END-- [ RunTime:0.000000s ]
SQL: SHOW COLUMNS FROM `dxyh_friendship_link` [ RunTime:0.0080s ]
SQL: SELECT `link_name`,`link` FROM `dxyh_friendship_link`  [ RunTime:0.0440s ]
SQL: SHOW COLUMNS FROM `dxyh_coptic` [ RunTime:0.0170s ]
SQL: SELECT `id`,`coptic_title`,`coptic_cover` FROM `dxyh_coptic` WHERE `referral` = 1 ORDER BY `create_time` desc  [ RunTime:0.0110s ]
SQL: SHOW COLUMNS FROM `dxyh_coptic` [ RunTime:0.0130s ]
SQL: SELECT COUNT(*) AS tp_count FROM dxyh_coptic ct1 INNER JOIN dxyh_coptic_type as ct2 ON ct1.coptic_type_id=ct2.id  LIMIT 1   [ RunTime:0.0080s ]
SQL: SELECT ct1.id,ct1.abstract,ct1.author,ct1.create_time,ct1.coptic_title,ct1.coptic_cover,ct2.category_name FROM dxyh_coptic ct1 INNER JOIN dxyh_coptic_type as ct2 ON ct1.coptic_type_id=ct2.id  ORDER BY ct1.create_time desc LIMIT 0,10   [ RunTime:0.0100s ]
SQL: SHOW COLUMNS FROM `dxyh_coptic_type` [ RunTime:0.0290s ]
SQL: SELECT * FROM `dxyh_coptic_type` ORDER BY `sort` desc,`create_time` desc  [ RunTime:0.0150s ]
INFO: [ view_parse ] --START--
INFO: [ template_filter ] --START--
INFO: Run Behavior\ContentReplaceBehavior [ RunTime:0.000000s ]
INFO: [ template_filter ] --END-- [ RunTime:0.000000s ]
INFO: Run Behavior\ParseTemplateBehavior [ RunTime:0.032002s ]
INFO: [ view_parse ] --END-- [ RunTime:0.032002s ]
INFO: [ view_filter ] --START--
INFO: Run Behavior\WriteHtmlCacheBehavior [ RunTime:0.000000s ]
INFO: [ view_filter ] --END-- [ RunTime:0.000000s ]
INFO: [ app_end ] --START--
INFO: Run Behavior\ShowPageTraceBehavior [ RunTime:0.001000s ]
INFO: [ app_end ] --END-- [ RunTime:0.001000s ]

[ 2017-05-08T13:15:10+08:00 ] 127.0.0.1 /Home/Coptic/index.html?keyword=&typeId=0
INFO: [ app_init ] --START--
INFO: Run Behavior\BuildLiteBehavior [ RunTime:0.000000s ]
INFO: [ app_init ] --END-- [ RunTime:0.000000s ]
INFO: [ app_begin ] --START--
INFO: Run Behavior\ReadHtmlCacheBehavior [ RunTime:0.000000s ]
INFO: [ app_begin ] --END-- [ RunTime:0.000000s ]
SQL: SHOW COLUMNS FROM `dxyh_friendship_link` [ RunTime:0.0060s ]
SQL: SELECT `link_name`,`link` FROM `dxyh_friendship_link`  [ RunTime:0.0060s ]
SQL: SHOW COLUMNS FROM `dxyh_coptic` [ RunTime:0.0080s ]
SQL: SELECT `id`,`coptic_title`,`coptic_cover` FROM `dxyh_coptic` WHERE `referral` = 1 ORDER BY `create_time` desc  [ RunTime:0.0070s ]
SQL: SHOW COLUMNS FROM `dxyh_coptic` [ RunTime:0.0080s ]
SQL: SELECT COUNT(*) AS tp_count FROM dxyh_coptic ct1 INNER JOIN dxyh_coptic_type as ct2 ON ct1.coptic_type_id=ct2.id  LIMIT 1   [ RunTime:0.0060s ]
SQL: SELECT ct1.id,ct1.abstract,ct1.author,ct1.create_time,ct1.coptic_title,ct1.coptic_cover,ct2.category_name FROM dxyh_coptic ct1 INNER JOIN dxyh_coptic_type as ct2 ON ct1.coptic_type_id=ct2.id  ORDER BY ct1.create_time desc LIMIT 0,10   [ RunTime:0.0080s ]
SQL: SHOW COLUMNS FROM `dxyh_coptic_type` [ RunTime:0.0070s ]
SQL: SELECT * FROM `dxyh_coptic_type` ORDER BY `sort` desc,`create_time` desc  [ RunTime:0.0090s ]
INFO: [ view_parse ] --START--
INFO: [ template_filter ] --START--
INFO: Run Behavior\ContentReplaceBehavior [ RunTime:0.000000s ]
INFO: [ template_filter ] --END-- [ RunTime:0.000000s ]
INFO: Run Behavior\ParseTemplateBehavior [ RunTime:0.007001s ]
INFO: [ view_parse ] --END-- [ RunTime:0.007001s ]
INFO: [ view_filter ] --START--
INFO: Run Behavior\WriteHtmlCacheBehavior [ RunTime:0.001000s ]
INFO: [ view_filter ] --END-- [ RunTime:0.001000s ]
INFO: [ app_end ] --START--
INFO: Run Behavior\ShowPageTraceBehavior [ RunTime:0.000000s ]
INFO: [ app_end ] --END-- [ RunTime:0.000000s ]

[ 2017-05-08T13:15:18+08:00 ] 127.0.0.1 /Home/Coptic/index.html?keyword=&typeId=39
INFO: [ app_init ] --START--
INFO: Run Behavior\BuildLiteBehavior [ RunTime:0.000000s ]
INFO: [ app_init ] --END-- [ RunTime:0.001000s ]
INFO: [ app_begin ] --START--
INFO: Run Behavior\ReadHtmlCacheBehavior [ RunTime:0.000000s ]
INFO: [ app_begin ] --END-- [ RunTime:0.000000s ]
SQL: SHOW COLUMNS FROM `dxyh_friendship_link` [ RunTime:0.0120s ]
SQL: SELECT `link_name`,`link` FROM `dxyh_friendship_link`  [ RunTime:0.0120s ]
SQL: SHOW COLUMNS FROM `dxyh_coptic` [ RunTime:0.1020s ]
SQL: SELECT `id`,`coptic_title`,`coptic_cover` FROM `dxyh_coptic` WHERE `referral` = 1 ORDER BY `create_time` desc  [ RunTime:0.0090s ]
SQL: SHOW COLUMNS FROM `dxyh_coptic` [ RunTime:0.0160s ]
SQL: SELECT COUNT(*) AS tp_count FROM dxyh_coptic ct1 INNER JOIN dxyh_coptic_type as ct2 ON ct1.coptic_type_id=ct2.id  WHERE ct1.coptic_type_id = '39' LIMIT 1   [ RunTime:0.0070s ]
SQL: SELECT ct1.id,ct1.abstract,ct1.author,ct1.create_time,ct1.coptic_title,ct1.coptic_cover,ct2.category_name FROM dxyh_coptic ct1 INNER JOIN dxyh_coptic_type as ct2 ON ct1.coptic_type_id=ct2.id  WHERE ct1.coptic_type_id = '39' ORDER BY ct1.create_time desc LIMIT 0,10   [ RunTime:0.0060s ]
SQL: SHOW COLUMNS FROM `dxyh_coptic_type` [ RunTime:0.0070s ]
SQL: SELECT * FROM `dxyh_coptic_type` ORDER BY `sort` desc,`create_time` desc  [ RunTime:0.0080s ]
INFO: [ view_parse ] --START--
INFO: [ template_filter ] --START--
INFO: Run Behavior\ContentReplaceBehavior [ RunTime:0.000000s ]
INFO: [ template_filter ] --END-- [ RunTime:0.000000s ]
INFO: Run Behavior\ParseTemplateBehavior [ RunTime:0.009001s ]
INFO: [ view_parse ] --END-- [ RunTime:0.009001s ]
INFO: [ view_filter ] --START--
INFO: Run Behavior\WriteHtmlCacheBehavior [ RunTime:0.000000s ]
INFO: [ view_filter ] --END-- [ RunTime:0.000000s ]
INFO: [ app_end ] --START--
INFO: Run Behavior\ShowPageTraceBehavior [ RunTime:0.000000s ]
INFO: [ app_end ] --END-- [ RunTime:0.000000s ]

[ 2017-05-08T13:23:22+08:00 ] 127.0.0.1 /Home/Coptic/index.html?keyword=&typeId=39
INFO: [ app_init ] --START--
INFO: Run Behavior\BuildLiteBehavior [ RunTime:0.001000s ]
INFO: [ app_init ] --END-- [ RunTime:0.001000s ]
INFO: [ app_begin ] --START--
INFO: Run Behavior\ReadHtmlCacheBehavior [ RunTime:0.000000s ]
INFO: [ app_begin ] --END-- [ RunTime:0.000000s ]
SQL: SHOW COLUMNS FROM `dxyh_friendship_link` [ RunTime:0.0090s ]
SQL: SELECT `link_name`,`link` FROM `dxyh_friendship_link`  [ RunTime:0.0080s ]
SQL: SHOW COLUMNS FROM `dxyh_coptic` [ RunTime:0.0060s ]
SQL: SELECT `id`,`coptic_title`,`coptic_cover` FROM `dxyh_coptic` WHERE `referral` = 1 ORDER BY `create_time` desc  [ RunTime:0.0080s ]
SQL: SHOW COLUMNS FROM `dxyh_coptic` [ RunTime:0.0080s ]
SQL: SELECT COUNT(*) AS tp_count FROM dxyh_coptic ct1 INNER JOIN dxyh_coptic_type as ct2 ON ct1.coptic_type_id=ct2.id  WHERE ct1.coptic_type_id = '39' LIMIT 1   [ RunTime:0.0060s ]
SQL: SELECT ct1.id,ct1.abstract,ct1.author,ct1.create_time,ct1.coptic_title,ct1.coptic_cover,ct2.category_name FROM dxyh_coptic ct1 INNER JOIN dxyh_coptic_type as ct2 ON ct1.coptic_type_id=ct2.id  WHERE ct1.coptic_type_id = '39' ORDER BY ct1.create_time desc LIMIT 0,10   [ RunTime:0.0080s ]
SQL: SHOW COLUMNS FROM `dxyh_coptic_type` [ RunTime:0.0090s ]
SQL: SELECT * FROM `dxyh_coptic_type` ORDER BY `sort` desc,`create_time` desc  [ RunTime:0.0080s ]
INFO: [ view_parse ] --START--
INFO: [ template_filter ] --START--
INFO: Run Behavior\ContentReplaceBehavior [ RunTime:0.000000s ]
INFO: [ template_filter ] --END-- [ RunTime:0.000000s ]
INFO: Run Behavior\ParseTemplateBehavior [ RunTime:0.031002s ]
INFO: [ view_parse ] --END-- [ RunTime:0.031002s ]
INFO: [ view_filter ] --START--
INFO: Run Behavior\WriteHtmlCacheBehavior [ RunTime:0.001000s ]
INFO: [ view_filter ] --END-- [ RunTime:0.001000s ]
INFO: [ app_end ] --START--
INFO: Run Behavior\ShowPageTraceBehavior [ RunTime:0.000000s ]
INFO: [ app_end ] --END-- [ RunTime:0.000000s ]

[ 2017-05-08T13:23:36+08:00 ] 127.0.0.1 /Home/Coptic/index.html?keyword=&typeId=39
INFO: [ app_init ] --START--
INFO: Run Behavior\BuildLiteBehavior [ RunTime:0.000000s ]
INFO: [ app_init ] --END-- [ RunTime:0.001000s ]
INFO: [ app_begin ] --START--
INFO: Run Behavior\ReadHtmlCacheBehavior [ RunTime:0.000000s ]
INFO: [ app_begin ] --END-- [ RunTime:0.000000s ]
SQL: SHOW COLUMNS FROM `dxyh_friendship_link` [ RunTime:0.0170s ]
SQL: SELECT `link_name`,`link` FROM `dxyh_friendship_link`  [ RunTime:0.0060s ]
SQL: SHOW COLUMNS FROM `dxyh_coptic` [ RunTime:0.0090s ]
SQL: SELECT `id`,`coptic_title`,`coptic_cover` FROM `dxyh_coptic` WHERE `referral` = 1 ORDER BY `create_time` desc  [ RunTime:0.0110s ]
SQL: SHOW COLUMNS FROM `dxyh_coptic` [ RunTime:0.0070s ]
SQL: SELECT COUNT(*) AS tp_count FROM dxyh_coptic ct1 INNER JOIN dxyh_coptic_type as ct2 ON ct1.coptic_type_id=ct2.id  WHERE ct1.coptic_type_id = '39' LIMIT 1   [ RunTime:0.0100s ]
SQL: SELECT ct1.id,ct1.abstract,ct1.author,ct1.create_time,ct1.coptic_title,ct1.coptic_cover,ct2.category_name FROM dxyh_coptic ct1 INNER JOIN dxyh_coptic_type as ct2 ON ct1.coptic_type_id=ct2.id  WHERE ct1.coptic_type_id = '39' ORDER BY ct1.create_time desc LIMIT 0,10   [ RunTime:0.0310s ]
SQL: SHOW COLUMNS FROM `dxyh_coptic_type` [ RunTime:0.0080s ]
SQL: SELECT * FROM `dxyh_coptic_type` ORDER BY `sort` desc,`create_time` desc  [ RunTime:0.0080s ]
INFO: [ view_parse ] --START--
INFO: [ template_filter ] --START--
INFO: Run Behavior\ContentReplaceBehavior [ RunTime:0.000000s ]
INFO: [ template_filter ] --END-- [ RunTime:0.000000s ]
INFO: Run Behavior\ParseTemplateBehavior [ RunTime:0.010000s ]
INFO: [ view_parse ] --END-- [ RunTime:0.010000s ]
INFO: [ view_filter ] --START--
INFO: Run Behavior\WriteHtmlCacheBehavior [ RunTime:0.000000s ]
INFO: [ view_filter ] --END-- [ RunTime:0.000000s ]
INFO: [ app_end ] --START--
INFO: Run Behavior\ShowPageTraceBehavior [ RunTime:0.001000s ]
INFO: [ app_end ] --END-- [ RunTime:0.001000s ]

[ 2017-05-08T13:23:43+08:00 ] 127.0.0.1 /Home/Coptic/index.html?keyword=&typeId=38
INFO: [ app_init ] --START--
INFO: Run Behavior\BuildLiteBehavior [ RunTime:0.000000s ]
INFO: [ app_init ] --END-- [ RunTime:0.000000s ]
INFO: [ app_begin ] --START--
INFO: Run Behavior\ReadHtmlCacheBehavior [ RunTime:0.000000s ]
INFO: [ app_begin ] --END-- [ RunTime:0.000000s ]
SQL: SHOW COLUMNS FROM `dxyh_friendship_link` [ RunTime:0.0050s ]
SQL: SELECT `link_name`,`link` FROM `dxyh_friendship_link`  [ RunTime:0.0050s ]
SQL: SHOW COLUMNS FROM `dxyh_coptic` [ RunTime:0.0080s ]
SQL: SELECT `id`,`coptic_title`,`coptic_cover` FROM `dxyh_coptic` WHERE `referral` = 1 ORDER BY `create_time` desc  [ RunTime:0.0090s ]
SQL: SHOW COLUMNS FROM `dxyh_coptic` [ RunTime:0.0090s ]
SQL: SELECT COUNT(*) AS tp_count FROM dxyh_coptic ct1 INNER JOIN dxyh_coptic_type as ct2 ON ct1.coptic_type_id=ct2.id  WHERE ct1.coptic_type_id = '38' LIMIT 1   [ RunTime:0.0070s ]
SQL: SELECT ct1.id,ct1.abstract,ct1.author,ct1.create_time,ct1.coptic_title,ct1.coptic_cover,ct2.category_name FROM dxyh_coptic ct1 INNER JOIN dxyh_coptic_type as ct2 ON ct1.coptic_type_id=ct2.id  WHERE ct1.coptic_type_id = '38' ORDER BY ct1.create_time desc LIMIT 0,10   [ RunTime:0.0060s ]
SQL: SHOW COLUMNS FROM `dxyh_coptic_type` [ RunTime:0.0060s ]
SQL: SELECT * FROM `dxyh_coptic_type` ORDER BY `sort` desc,`create_time` desc  [ RunTime:0.0060s ]
INFO: [ view_parse ] --START--
INFO: [ template_filter ] --START--
INFO: Run Behavior\ContentReplaceBehavior [ RunTime:0.000000s ]
INFO: [ template_filter ] --END-- [ RunTime:0.000000s ]
INFO: Run Behavior\ParseTemplateBehavior [ RunTime:0.008000s ]
INFO: [ view_parse ] --END-- [ RunTime:0.008000s ]
INFO: [ view_filter ] --START--
INFO: Run Behavior\WriteHtmlCacheBehavior [ RunTime:0.001000s ]
INFO: [ view_filter ] --END-- [ RunTime:0.001000s ]
INFO: [ app_end ] --START--
INFO: Run Behavior\ShowPageTraceBehavior [ RunTime:0.000000s ]
INFO: [ app_end ] --END-- [ RunTime:0.000000s ]

[ 2017-05-08T13:25:02+08:00 ] 127.0.0.1 /Home/Coptic/index.html?keyword=&typeId=38
INFO: [ app_init ] --START--
INFO: Run Behavior\BuildLiteBehavior [ RunTime:0.000000s ]
INFO: [ app_init ] --END-- [ RunTime:0.001001s ]
INFO: [ app_begin ] --START--
INFO: Run Behavior\ReadHtmlCacheBehavior [ RunTime:0.000000s ]
INFO: [ app_begin ] --END-- [ RunTime:0.001000s ]
SQL: SHOW COLUMNS FROM `dxyh_friendship_link` [ RunTime:0.0140s ]
SQL: SELECT `link_name`,`link` FROM `dxyh_friendship_link`  [ RunTime:0.0070s ]
SQL: SHOW COLUMNS FROM `dxyh_coptic` [ RunTime:0.0080s ]
SQL: SELECT `id`,`coptic_title`,`coptic_cover` FROM `dxyh_coptic` WHERE `referral` = 1 ORDER BY `create_time` desc  [ RunTime:0.0080s ]
SQL: SHOW COLUMNS FROM `dxyh_coptic` [ RunTime:0.0110s ]
SQL: SELECT COUNT(*) AS tp_count FROM dxyh_coptic ct1 INNER JOIN dxyh_coptic_type as ct2 ON ct1.coptic_type_id=ct2.id  WHERE ct1.coptic_type_id = '38' LIMIT 1   [ RunTime:0.0090s ]
SQL: SELECT ct1.id,ct1.abstract,ct1.author,ct1.create_time,ct1.coptic_title,ct1.coptic_cover,ct2.category_name FROM dxyh_coptic ct1 INNER JOIN dxyh_coptic_type as ct2 ON ct1.coptic_type_id=ct2.id  WHERE ct1.coptic_type_id = '38' ORDER BY ct1.create_time desc LIMIT 0,10   [ RunTime:0.0080s ]
SQL: SHOW COLUMNS FROM `dxyh_coptic_type` [ RunTime:0.0080s ]
SQL: SELECT * FROM `dxyh_coptic_type` ORDER BY `sort` desc,`create_time` desc  [ RunTime:0.0090s ]
INFO: [ view_parse ] --START--
INFO: [ template_filter ] --START--
INFO: Run Behavior\ContentReplaceBehavior [ RunTime:0.000000s ]
INFO: [ template_filter ] --END-- [ RunTime:0.000000s ]
INFO: Run Behavior\ParseTemplateBehavior [ RunTime:0.008001s ]
INFO: [ view_parse ] --END-- [ RunTime:0.008001s ]
INFO: [ view_filter ] --START--
INFO: Run Behavior\WriteHtmlCacheBehavior [ RunTime:0.000000s ]
INFO: [ view_filter ] --END-- [ RunTime:0.000000s ]
INFO: [ app_end ] --START--
INFO: Run Behavior\ShowPageTraceBehavior [ RunTime:0.000000s ]
INFO: [ app_end ] --END-- [ RunTime:0.001000s ]

[ 2017-05-08T13:25:32+08:00 ] 127.0.0.1 /Home/Coptic/index.html?keyword=&typeId=38
INFO: [ app_init ] --START--
INFO: Run Behavior\BuildLiteBehavior [ RunTime:0.000000s ]
INFO: [ app_init ] --END-- [ RunTime:0.000000s ]
INFO: [ app_begin ] --START--
INFO: Run Behavior\ReadHtmlCacheBehavior [ RunTime:0.000000s ]
INFO: [ app_begin ] --END-- [ RunTime:0.000000s ]
SQL: SHOW COLUMNS FROM `dxyh_friendship_link` [ RunTime:0.0040s ]
SQL: SELECT `link_name`,`link` FROM `dxyh_friendship_link`  [ RunTime:0.0060s ]
SQL: SHOW COLUMNS FROM `dxyh_coptic` [ RunTime:0.0220s ]
SQL: SELECT `id`,`coptic_title`,`coptic_cover` FROM `dxyh_coptic` WHERE `referral` = 1 ORDER BY `create_time` desc  [ RunTime:0.0070s ]
SQL: SHOW COLUMNS FROM `dxyh_coptic` [ RunTime:0.0080s ]
SQL: SELECT COUNT(*) AS tp_count FROM dxyh_coptic ct1 INNER JOIN dxyh_coptic_type as ct2 ON ct1.coptic_type_id=ct2.id  WHERE ct1.coptic_type_id = '38' LIMIT 1   [ RunTime:0.0070s ]
SQL: SELECT ct1.id,ct1.abstract,ct1.author,ct1.create_time,ct1.coptic_title,ct1.coptic_cover,ct2.category_name FROM dxyh_coptic ct1 INNER JOIN dxyh_coptic_type as ct2 ON ct1.coptic_type_id=ct2.id  WHERE ct1.coptic_type_id = '38' ORDER BY ct1.create_time desc LIMIT 0,10   [ RunTime:0.0070s ]
SQL: SHOW COLUMNS FROM `dxyh_coptic_type` [ RunTime:0.0100s ]
SQL: SELECT * FROM `dxyh_coptic_type` ORDER BY `sort` desc,`create_time` desc  [ RunTime:0.0070s ]
INFO: [ view_parse ] --START--
INFO: [ template_filter ] --START--
INFO: Run Behavior\ContentReplaceBehavior [ RunTime:0.000000s ]
INFO: [ template_filter ] --END-- [ RunTime:0.000000s ]
INFO: Run Behavior\ParseTemplateBehavior [ RunTime:0.020001s ]
INFO: [ view_parse ] --END-- [ RunTime:0.020001s ]
INFO: [ view_filter ] --START--
INFO: Run Behavior\WriteHtmlCacheBehavior [ RunTime:0.000000s ]
INFO: [ view_filter ] --END-- [ RunTime:0.000000s ]
INFO: [ app_end ] --START--
INFO: Run Behavior\ShowPageTraceBehavior [ RunTime:0.001000s ]
INFO: [ app_end ] --END-- [ RunTime:0.001000s ]

[ 2017-05-08T13:25:56+08:00 ] 127.0.0.1 /Home/Coptic/index.html?keyword=&typeId=0
INFO: [ app_init ] --START--
INFO: Run Behavior\BuildLiteBehavior [ RunTime:0.000000s ]
INFO: [ app_init ] --END-- [ RunTime:0.000000s ]
INFO: [ app_begin ] --START--
INFO: Run Behavior\ReadHtmlCacheBehavior [ RunTime:0.001000s ]
INFO: [ app_begin ] --END-- [ RunTime:0.001000s ]
SQL: SHOW COLUMNS FROM `dxyh_friendship_link` [ RunTime:0.0060s ]
SQL: SELECT `link_name`,`link` FROM `dxyh_friendship_link`  [ RunTime:0.0050s ]
SQL: SHOW COLUMNS FROM `dxyh_coptic` [ RunTime:0.0060s ]
SQL: SELECT `id`,`coptic_title`,`coptic_cover` FROM `dxyh_coptic` WHERE `referral` = 1 ORDER BY `create_time` desc  [ RunTime:0.0050s ]
SQL: SHOW COLUMNS FROM `dxyh_coptic` [ RunTime:0.0100s ]
SQL: SELECT COUNT(*) AS tp_count FROM dxyh_coptic ct1 INNER JOIN dxyh_coptic_type as ct2 ON ct1.coptic_type_id=ct2.id  LIMIT 1   [ RunTime:0.0070s ]
SQL: SELECT ct1.id,ct1.abstract,ct1.author,ct1.create_time,ct1.coptic_title,ct1.coptic_cover,ct2.category_name FROM dxyh_coptic ct1 INNER JOIN dxyh_coptic_type as ct2 ON ct1.coptic_type_id=ct2.id  ORDER BY ct1.create_time desc LIMIT 0,10   [ RunTime:0.0100s ]
SQL: SHOW COLUMNS FROM `dxyh_coptic_type` [ RunTime:0.0070s ]
SQL: SELECT * FROM `dxyh_coptic_type` ORDER BY `sort` desc,`create_time` desc  [ RunTime:0.0100s ]
INFO: [ view_parse ] --START--
INFO: [ template_filter ] --START--
INFO: Run Behavior\ContentReplaceBehavior [ RunTime:0.001000s ]
INFO: [ template_filter ] --END-- [ RunTime:0.001000s ]
INFO: Run Behavior\ParseTemplateBehavior [ RunTime:0.026001s ]
INFO: [ view_parse ] --END-- [ RunTime:0.026001s ]
INFO: [ view_filter ] --START--
INFO: Run Behavior\WriteHtmlCacheBehavior [ RunTime:0.001000s ]
INFO: [ view_filter ] --END-- [ RunTime:0.001000s ]
INFO: [ app_end ] --START--
INFO: Run Behavior\ShowPageTraceBehavior [ RunTime:0.001000s ]
INFO: [ app_end ] --END-- [ RunTime:0.001000s ]

[ 2017-05-08T13:27:04+08:00 ] 127.0.0.1 /Home/Coptic/index.html?keyword=&typeId=0
INFO: [ app_init ] --START--
INFO: Run Behavior\BuildLiteBehavior [ RunTime:0.000000s ]
INFO: [ app_init ] --END-- [ RunTime:0.000000s ]
INFO: [ app_begin ] --START--
INFO: Run Behavior\ReadHtmlCacheBehavior [ RunTime:0.000000s ]
INFO: [ app_begin ] --END-- [ RunTime:0.000000s ]
SQL: SHOW COLUMNS FROM `dxyh_friendship_link` [ RunTime:0.0090s ]
SQL: SELECT `link_name`,`link` FROM `dxyh_friendship_link`  [ RunTime:0.0080s ]
SQL: SHOW COLUMNS FROM `dxyh_coptic` [ RunTime:0.0080s ]
SQL: SELECT `id`,`coptic_title`,`coptic_cover` FROM `dxyh_coptic` WHERE `referral` = 1 ORDER BY `create_time` desc  [ RunTime:0.0100s ]
SQL: SHOW COLUMNS FROM `dxyh_coptic` [ RunTime:0.0120s ]
SQL: SELECT COUNT(*) AS tp_count FROM dxyh_coptic ct1 INNER JOIN dxyh_coptic_type as ct2 ON ct1.coptic_type_id=ct2.id  LIMIT 1   [ RunTime:0.0080s ]
SQL: SELECT ct1.id,ct1.abstract,ct1.author,ct1.create_time,ct1.coptic_title,ct1.coptic_cover,ct2.category_name FROM dxyh_coptic ct1 INNER JOIN dxyh_coptic_type as ct2 ON ct1.coptic_type_id=ct2.id  ORDER BY ct1.create_time desc LIMIT 0,10   [ RunTime:0.0090s ]
SQL: SHOW COLUMNS FROM `dxyh_coptic_type` [ RunTime:0.0080s ]
SQL: SELECT * FROM `dxyh_coptic_type` ORDER BY `sort` desc,`create_time` desc  [ RunTime:0.0090s ]
INFO: [ view_parse ] --START--
INFO: [ template_filter ] --START--
INFO: Run Behavior\ContentReplaceBehavior [ RunTime:0.000000s ]
INFO: [ template_filter ] --END-- [ RunTime:0.000000s ]
INFO: Run Behavior\ParseTemplateBehavior [ RunTime:0.008000s ]
INFO: [ view_parse ] --END-- [ RunTime:0.008000s ]
INFO: [ view_filter ] --START--
INFO: Run Behavior\WriteHtmlCacheBehavior [ RunTime:0.000000s ]
INFO: [ view_filter ] --END-- [ RunTime:0.000000s ]
INFO: [ app_end ] --START--
INFO: Run Behavior\ShowPageTraceBehavior [ RunTime:0.001000s ]
INFO: [ app_end ] --END-- [ RunTime:0.001000s ]

[ 2017-05-08T13:40:43+08:00 ] 127.0.0.1 /Home/Coptic/index.html?keyword=&typeId=0
INFO: [ app_init ] --START--
INFO: Run Behavior\BuildLiteBehavior [ RunTime:0.000000s ]
INFO: [ app_init ] --END-- [ RunTime:0.000000s ]
INFO: [ app_begin ] --START--
INFO: Run Behavior\ReadHtmlCacheBehavior [ RunTime:0.000000s ]
INFO: [ app_begin ] --END-- [ RunTime:0.000000s ]
SQL: SHOW COLUMNS FROM `dxyh_friendship_link` [ RunTime:0.0090s ]
SQL: SELECT `link_name`,`link` FROM `dxyh_friendship_link`  [ RunTime:0.0100s ]
SQL: SHOW COLUMNS FROM `dxyh_coptic` [ RunTime:0.0120s ]
SQL: SELECT `id`,`coptic_title`,`coptic_cover` FROM `dxyh_coptic` WHERE `referral` = 1 ORDER BY `create_time` desc  [ RunTime:0.0060s ]
SQL: SHOW COLUMNS FROM `dxyh_coptic` [ RunTime:0.0090s ]
SQL: SELECT COUNT(*) AS tp_count FROM dxyh_coptic ct1 INNER JOIN dxyh_coptic_type as ct2 ON ct1.coptic_type_id=ct2.id  LIMIT 1   [ RunTime:0.0110s ]
SQL: SELECT ct1.id,ct1.abstract,ct1.author,ct1.create_time,ct1.coptic_title,ct1.coptic_cover,ct2.category_name FROM dxyh_coptic ct1 INNER JOIN dxyh_coptic_type as ct2 ON ct1.coptic_type_id=ct2.id  ORDER BY ct1.create_time desc LIMIT 0,10   [ RunTime:0.0110s ]
SQL: SHOW COLUMNS FROM `dxyh_coptic_type` [ RunTime:0.0140s ]
SQL: SELECT * FROM `dxyh_coptic_type` ORDER BY `sort` desc,`create_time` desc  [ RunTime:0.0060s ]
INFO: [ view_parse ] --START--
INFO: [ template_filter ] --START--
INFO: Run Behavior\ContentReplaceBehavior [ RunTime:0.000000s ]
INFO: [ template_filter ] --END-- [ RunTime:0.000000s ]
INFO: Run Behavior\ParseTemplateBehavior [ RunTime:0.016001s ]
INFO: [ view_parse ] --END-- [ RunTime:0.016001s ]
INFO: [ view_filter ] --START--
INFO: Run Behavior\WriteHtmlCacheBehavior [ RunTime:0.000000s ]
INFO: [ view_filter ] --END-- [ RunTime:0.000000s ]
INFO: [ app_end ] --START--
INFO: Run Behavior\ShowPageTraceBehavior [ RunTime:0.000000s ]
INFO: [ app_end ] --END-- [ RunTime:0.001000s ]

[ 2017-05-08T13:45:39+08:00 ] 127.0.0.1 /Home/Coptic/index.html?keyword=&typeId=0
INFO: [ app_init ] --START--
INFO: Run Behavior\BuildLiteBehavior [ RunTime:0.000000s ]
INFO: [ app_init ] --END-- [ RunTime:0.001000s ]
INFO: [ app_begin ] --START--
INFO: Run Behavior\ReadHtmlCacheBehavior [ RunTime:0.000000s ]
INFO: [ app_begin ] --END-- [ RunTime:0.000000s ]
SQL: SHOW COLUMNS FROM `dxyh_friendship_link` [ RunTime:0.0080s ]
SQL: SELECT `link_name`,`link` FROM `dxyh_friendship_link`  [ RunTime:0.0060s ]
SQL: SHOW COLUMNS FROM `dxyh_coptic` [ RunTime:0.0070s ]
SQL: SELECT `id`,`coptic_title`,`coptic_cover` FROM `dxyh_coptic` WHERE `referral` = 1 ORDER BY `create_time` desc  [ RunTime:0.0080s ]
SQL: SHOW COLUMNS FROM `dxyh_coptic` [ RunTime:0.0080s ]
SQL: SELECT COUNT(*) AS tp_count FROM dxyh_coptic ct1 INNER JOIN dxyh_coptic_type as ct2 ON ct1.coptic_type_id=ct2.id  LIMIT 1   [ RunTime:0.0090s ]
SQL: SELECT ct1.id,ct1.abstract,ct1.author,ct1.create_time,ct1.coptic_title,ct1.coptic_cover,ct2.category_name FROM dxyh_coptic ct1 INNER JOIN dxyh_coptic_type as ct2 ON ct1.coptic_type_id=ct2.id  ORDER BY ct1.create_time desc LIMIT 0,10   [ RunTime:0.0080s ]
SQL: SHOW COLUMNS FROM `dxyh_coptic_type` [ RunTime:0.0070s ]
SQL: SELECT * FROM `dxyh_coptic_type` ORDER BY `sort` desc,`create_time` desc  [ RunTime:0.0070s ]
INFO: [ view_parse ] --START--
INFO: [ template_filter ] --START--
INFO: Run Behavior\ContentReplaceBehavior [ RunTime:0.000000s ]
INFO: [ template_filter ] --END-- [ RunTime:0.000000s ]
INFO: Run Behavior\ParseTemplateBehavior [ RunTime:0.023001s ]
INFO: [ view_parse ] --END-- [ RunTime:0.023001s ]
INFO: [ view_filter ] --START--
INFO: Run Behavior\WriteHtmlCacheBehavior [ RunTime:0.001001s ]
INFO: [ view_filter ] --END-- [ RunTime:0.001001s ]
INFO: [ app_end ] --START--
INFO: Run Behavior\ShowPageTraceBehavior [ RunTime:0.000000s ]
INFO: [ app_end ] --END-- [ RunTime:0.000000s ]

[ 2017-05-08T15:16:57+08:00 ] 127.0.0.1 /Home/Public/login.html
INFO: [ app_init ] --START--
INFO: Run Behavior\BuildLiteBehavior [ RunTime:0.000000s ]
INFO: [ app_init ] --END-- [ RunTime:0.001000s ]
INFO: [ app_begin ] --START--
INFO: Run Behavior\ReadHtmlCacheBehavior [ RunTime:0.001000s ]
INFO: [ app_begin ] --END-- [ RunTime:0.001000s ]
SQL: SHOW COLUMNS FROM `dxyh_user` [ RunTime:0.0160s ]
INFO: [ view_parse ] --START--
INFO: [ template_filter ] --START--
INFO: Run Behavior\ContentReplaceBehavior [ RunTime:0.000000s ]
INFO: [ template_filter ] --END-- [ RunTime:0.000000s ]
NOTIC: [8] Undefined variable: nickname D:\WWW\daxiaoyihu\Application\Runtime\Cache\Home\ddaf032eeb3f0e441c9409c65fc90ee1.php 第 85 行.
NOTIC: [8] Undefined variable: passwd D:\WWW\daxiaoyihu\Application\Runtime\Cache\Home\ddaf032eeb3f0e441c9409c65fc90ee1.php 第 87 行.
INFO: Run Behavior\ParseTemplateBehavior [ RunTime:0.028001s ]
INFO: [ view_parse ] --END-- [ RunTime:0.029001s ]
INFO: [ view_filter ] --START--
INFO: Run Behavior\WriteHtmlCacheBehavior [ RunTime:0.000000s ]
INFO: [ view_filter ] --END-- [ RunTime:0.000000s ]
INFO: [ app_end ] --START--
INFO: Run Behavior\ShowPageTraceBehavior [ RunTime:0.001001s ]
INFO: [ app_end ] --END-- [ RunTime:0.001001s ]

[ 2017-05-08T15:17:05+08:00 ] 127.0.0.1 /Home/Public/login.html
INFO: [ app_init ] --START--
INFO: Run Behavior\BuildLiteBehavior [ RunTime:0.000000s ]
INFO: [ app_init ] --END-- [ RunTime:0.001000s ]
INFO: [ app_begin ] --START--
INFO: Run Behavior\ReadHtmlCacheBehavior [ RunTime:0.001000s ]
INFO: [ app_begin ] --END-- [ RunTime:0.001000s ]
SQL: SHOW COLUMNS FROM `dxyh_user` [ RunTime:0.0070s ]
SQL: SELECT * FROM `dxyh_user` WHERE `nickname` = 'Safari' LIMIT 1   [ RunTime:0.0130s ]

[ 2017-05-08T15:17:07+08:00 ] 127.0.0.1 /Home/User/index.html
INFO: [ app_init ] --START--
INFO: Run Behavior\BuildLiteBehavior [ RunTime:0.000000s ]
INFO: [ app_init ] --END-- [ RunTime:0.001000s ]
INFO: [ app_begin ] --START--
INFO: Run Behavior\ReadHtmlCacheBehavior [ RunTime:0.000000s ]
INFO: [ app_begin ] --END-- [ RunTime:0.000000s ]
SQL: SHOW COLUMNS FROM `dxyh_friendship_link` [ RunTime:0.0100s ]
SQL: SELECT `link_name`,`link` FROM `dxyh_friendship_link`  [ RunTime:0.0070s ]
SQL: SHOW COLUMNS FROM `dxyh_user` [ RunTime:0.0110s ]
SQL: SELECT * FROM `dxyh_user` WHERE `uid` = 10 LIMIT 1   [ RunTime:0.0110s ]
INFO: [ view_parse ] --START--
INFO: [ template_filter ] --START--
INFO: Run Behavior\ContentReplaceBehavior [ RunTime:0.000000s ]
INFO: [ template_filter ] --END-- [ RunTime:0.000000s ]
INFO: Run Behavior\ParseTemplateBehavior [ RunTime:0.033001s ]
INFO: [ view_parse ] --END-- [ RunTime:0.034001s ]
INFO: [ view_filter ] --START--
INFO: Run Behavior\WriteHtmlCacheBehavior [ RunTime:0.001001s ]
INFO: [ view_filter ] --END-- [ RunTime:0.001001s ]
INFO: [ app_end ] --START--
INFO: Run Behavior\ShowPageTraceBehavior [ RunTime:0.001000s ]
INFO: [ app_end ] --END-- [ RunTime:0.001000s ]

[ 2017-05-08T15:17:09+08:00 ] 127.0.0.1 /Home/User/myKeep.html
INFO: [ app_init ] --START--
INFO: Run Behavior\BuildLiteBehavior [ RunTime:0.001000s ]
INFO: [ app_init ] --END-- [ RunTime:0.001000s ]
INFO: [ app_begin ] --START--
INFO: Run Behavior\ReadHtmlCacheBehavior [ RunTime:0.001000s ]
INFO: [ app_begin ] --END-- [ RunTime:0.001000s ]
SQL: SHOW COLUMNS FROM `dxyh_friendship_link` [ RunTime:0.0090s ]
SQL: SELECT `link_name`,`link` FROM `dxyh_friendship_link`  [ RunTime:0.0120s ]
SQL: SHOW COLUMNS FROM `dxyh_collection` [ RunTime:0.0100s ]
SQL: SELECT ct1.id,ct1.create_time,ct1.coptic_id,ct2.coptic_cover,ct2.coptic_title,ct3.category_name FROM dxyh_collection ct1 INNER JOIN dxyh_coptic as ct2 ON ct1.coptic_id=ct2.id INNER JOIN dxyh_coptic_type as ct3 ON ct1.coptic_type_id=ct3.id  WHERE ct1.uid = '10' ORDER BY ct1.create_time desc  [ RunTime:0.0080s ]
INFO: [ view_parse ] --START--
INFO: [ template_filter ] --START--
INFO: Run Behavior\ContentReplaceBehavior [ RunTime:0.001000s ]
INFO: [ template_filter ] --END-- [ RunTime:0.001000s ]
INFO: Run Behavior\ParseTemplateBehavior [ RunTime:0.038002s ]
INFO: [ view_parse ] --END-- [ RunTime:0.038002s ]
INFO: [ view_filter ] --START--
INFO: Run Behavior\WriteHtmlCacheBehavior [ RunTime:0.001000s ]
INFO: [ view_filter ] --END-- [ RunTime:0.001000s ]
INFO: [ app_end ] --START--
INFO: Run Behavior\ShowPageTraceBehavior [ RunTime:0.001000s ]
INFO: [ app_end ] --END-- [ RunTime:0.001000s ]

[ 2017-05-08T15:17:11+08:00 ] 127.0.0.1 /Home/User/myActivity.html
INFO: [ app_init ] --START--
INFO: Run Behavior\BuildLiteBehavior [ RunTime:0.000000s ]
INFO: [ app_init ] --END-- [ RunTime:0.001000s ]
INFO: [ app_begin ] --START--
INFO: Run Behavior\ReadHtmlCacheBehavior [ RunTime:0.000000s ]
INFO: [ app_begin ] --END-- [ RunTime:0.000000s ]
SQL: SHOW COLUMNS FROM `dxyh_friendship_link` [ RunTime:0.0090s ]
SQL: SELECT `link_name`,`link` FROM `dxyh_friendship_link`  [ RunTime:0.0080s ]
SQL: SHOW COLUMNS FROM `dxyh_attend_activity` [ RunTime:0.0120s ]
SQL: SELECT ay1.id,ay1.activity_id,ay2.activity_name,ay2.activity_cover,ay2.activity_start_time,ay2.activity_end_time,ay2.activity_number,ay2.address,ay2.browse_volume FROM dxyh_attend_activity ay1 INNER JOIN dxyh_activity as ay2 ON ay1.activity_id=ay2.id  WHERE ay1.uid = '10' ORDER BY ay1.create_time desc  [ RunTime:0.0110s ]
INFO: [ view_parse ] --START--
INFO: [ template_filter ] --START--
INFO: Run Behavior\ContentReplaceBehavior [ RunTime:0.000000s ]
INFO: [ template_filter ] --END-- [ RunTime:0.000000s ]
INFO: Run Behavior\ParseTemplateBehavior [ RunTime:0.015000s ]
INFO: [ view_parse ] --END-- [ RunTime:0.015000s ]
INFO: [ view_filter ] --START--
INFO: Run Behavior\WriteHtmlCacheBehavior [ RunTime:0.001000s ]
INFO: [ view_filter ] --END-- [ RunTime:0.001000s ]
INFO: [ app_end ] --START--
INFO: Run Behavior\ShowPageTraceBehavior [ RunTime:0.000000s ]
INFO: [ app_end ] --END-- [ RunTime:0.000000s ]

[ 2017-05-08T15:17:12+08:00 ] 127.0.0.1 /Home/User/myIntegral.html
INFO: [ app_init ] --START--
INFO: Run Behavior\BuildLiteBehavior [ RunTime:0.000000s ]
INFO: [ app_init ] --END-- [ RunTime:0.000000s ]
INFO: [ app_begin ] --START--
INFO: Run Behavior\ReadHtmlCacheBehavior [ RunTime:0.000000s ]
INFO: [ app_begin ] --END-- [ RunTime:0.000000s ]
SQL: SHOW COLUMNS FROM `dxyh_friendship_link` [ RunTime:0.0070s ]
SQL: SELECT `link_name`,`link` FROM `dxyh_friendship_link`  [ RunTime:0.0050s ]
SQL: SHOW COLUMNS FROM `dxyh_integral_detail` [ RunTime:0.0110s ]
SQL: SELECT COUNT(*) AS tp_count FROM `dxyh_integral_detail` WHERE `uid` = 10 LIMIT 1   [ RunTime:0.0050s ]
SQL: SELECT * FROM `dxyh_integral_detail` WHERE `uid` = 10 ORDER BY `create_time` desc LIMIT 0,10   [ RunTime:0.0270s ]
SQL: SHOW COLUMNS FROM `dxyh_user` [ RunTime:0.0090s ]
SQL: SELECT `integral` FROM `dxyh_user` WHERE `uid` = 10 LIMIT 1   [ RunTime:0.0080s ]
INFO: [ view_parse ] --START--
INFO: [ template_filter ] --START--
INFO: Run Behavior\ContentReplaceBehavior [ RunTime:0.000000s ]
INFO: [ template_filter ] --END-- [ RunTime:0.000000s ]
INFO: Run Behavior\ParseTemplateBehavior [ RunTime:0.029002s ]
INFO: [ view_parse ] --END-- [ RunTime:0.029002s ]
INFO: [ view_filter ] --START--
INFO: Run Behavior\WriteHtmlCacheBehavior [ RunTime:0.001000s ]
INFO: [ view_filter ] --END-- [ RunTime:0.001000s ]
INFO: [ app_end ] --START--
INFO: Run Behavior\ShowPageTraceBehavior [ RunTime:0.002000s ]
INFO: [ app_end ] --END-- [ RunTime:0.002000s ]

[ 2017-05-08T15:17:14+08:00 ] 127.0.0.1 /Home/User/modifyPasswd.html
INFO: [ app_init ] --START--
INFO: Run Behavior\BuildLiteBehavior [ RunTime:0.000000s ]
INFO: [ app_init ] --END-- [ RunTime:0.001000s ]
INFO: [ app_begin ] --START--
INFO: Run Behavior\ReadHtmlCacheBehavior [ RunTime:0.000000s ]
INFO: [ app_begin ] --END-- [ RunTime:0.000000s ]
SQL: SHOW COLUMNS FROM `dxyh_friendship_link` [ RunTime:0.0100s ]
SQL: SELECT `link_name`,`link` FROM `dxyh_friendship_link`  [ RunTime:0.0080s ]
SQL: SHOW COLUMNS FROM `dxyh_user` [ RunTime:0.0120s ]
INFO: [ view_parse ] --START--
INFO: [ template_filter ] --START--
INFO: Run Behavior\ContentReplaceBehavior [ RunTime:0.000000s ]
INFO: [ template_filter ] --END-- [ RunTime:0.000000s ]
INFO: Run Behavior\ParseTemplateBehavior [ RunTime:0.031002s ]
INFO: [ view_parse ] --END-- [ RunTime:0.031002s ]
INFO: [ view_filter ] --START--
INFO: Run Behavior\WriteHtmlCacheBehavior [ RunTime:0.001000s ]
INFO: [ view_filter ] --END-- [ RunTime:0.001000s ]
INFO: [ app_end ] --START--
INFO: Run Behavior\ShowPageTraceBehavior [ RunTime:0.001000s ]
INFO: [ app_end ] --END-- [ RunTime:0.001000s ]

[ 2017-05-08T15:18:01+08:00 ] 127.0.0.1 /home/user/modifyPasswd.html
INFO: [ app_init ] --START--
INFO: Run Behavior\BuildLiteBehavior [ RunTime:0.000000s ]
INFO: [ app_init ] --END-- [ RunTime:0.001000s ]
INFO: [ app_begin ] --START--
INFO: Run Behavior\ReadHtmlCacheBehavior [ RunTime:0.001000s ]
INFO: [ app_begin ] --END-- [ RunTime:0.001000s ]
SQL: SHOW COLUMNS FROM `dxyh_friendship_link` [ RunTime:0.0100s ]
SQL: SELECT `link_name`,`link` FROM `dxyh_friendship_link`  [ RunTime:0.0070s ]
SQL: SHOW COLUMNS FROM `dxyh_user` [ RunTime:0.0090s ]
INFO: [ view_parse ] --START--
INFO: [ template_filter ] --START--
INFO: Run Behavior\ContentReplaceBehavior [ RunTime:0.000000s ]
INFO: [ template_filter ] --END-- [ RunTime:0.000000s ]
INFO: Run Behavior\ParseTemplateBehavior [ RunTime:0.004000s ]
INFO: [ view_parse ] --END-- [ RunTime:0.004000s ]
INFO: [ view_filter ] --START--
INFO: Run Behavior\WriteHtmlCacheBehavior [ RunTime:0.000000s ]
INFO: [ view_filter ] --END-- [ RunTime:0.000000s ]
INFO: [ app_end ] --START--
INFO: Run Behavior\ShowPageTraceBehavior [ RunTime:0.001000s ]
INFO: [ app_end ] --END-- [ RunTime:0.001000s ]

