[ 2017-05-02T09:30:47+08:00 ] 127.0.0.1 /Home/Coptic/index/p/3.html
INFO: [ app_init ] --START--
INFO: Run Behavior\BuildLiteBehavior [ RunTime:0.000000s ]
INFO: [ app_init ] --END-- [ RunTime:0.000000s ]
INFO: [ app_begin ] --START--
INFO: Run Behavior\ReadHtmlCacheBehavior [ RunTime:0.001000s ]
INFO: [ app_begin ] --END-- [ RunTime:0.001000s ]
SQL: SHOW COLUMNS FROM `dxyh_friendship_link` [ RunTime:0.0640s ]
SQL: SELECT `link_name`,`link` FROM `dxyh_friendship_link` LIMIT 0,15   [ RunTime:0.0650s ]
SQL: SHOW COLUMNS FROM `dxyh_coptic` [ RunTime:0.1030s ]
SQL: SELECT `id`,`coptic_title`,`coptic_cover` FROM `dxyh_coptic` WHERE `referral` = 1 ORDER BY `create_time` desc  [ RunTime:0.0630s ]
SQL: SHOW COLUMNS FROM `dxyh_coptic` [ RunTime:0.0770s ]
NOTIC: [8] Undefined index: typeId D:\WWW\daxiaoyihu\Application\Home\Model\CopticModel.class.php 第 21 行.
NOTIC: [8] Undefined index: keyword D:\WWW\daxiaoyihu\Application\Home\Model\CopticModel.class.php 第 24 行.
SQL: SELECT COUNT(*) AS tp_count FROM dxyh_coptic ct1 INNER JOIN dxyh_coptic_type as ct2 ON ct1.coptic_type_id=ct2.id  LIMIT 1   [ RunTime:0.0650s ]
SQL: SELECT ct1.id,ct1.abstract,ct1.author,ct1.create_time,ct1.coptic_title,ct1.coptic_cover,ct2.category_name FROM dxyh_coptic ct1 INNER JOIN dxyh_coptic_type as ct2 ON ct1.coptic_type_id=ct2.id  ORDER BY ct1.create_time desc LIMIT 10,5   [ RunTime:0.0630s ]
SQL: SHOW COLUMNS FROM `dxyh_coptic_type` [ RunTime:0.0640s ]
SQL: SELECT * FROM `dxyh_coptic_type` ORDER BY `sort` desc,`create_time` desc  [ RunTime:0.1350s ]
NOTIC: [8] Undefined index: typeId D:\WWW\daxiaoyihu\Application\Home\Controller\CopticController.class.php 第 27 行.
NOTIC: [8] Undefined index: keyword D:\WWW\daxiaoyihu\Application\Home\Controller\CopticController.class.php 第 28 行.
INFO: [ view_parse ] --START--
INFO: [ template_filter ] --START--
INFO: Run Behavior\ContentReplaceBehavior [ RunTime:0.000000s ]
INFO: [ template_filter ] --END-- [ RunTime:0.000000s ]
INFO: Run Behavior\ParseTemplateBehavior [ RunTime:0.031002s ]
INFO: [ view_parse ] --END-- [ RunTime:0.031002s ]
INFO: [ view_filter ] --START--
INFO: Run Behavior\WriteHtmlCacheBehavior [ RunTime:0.000000s ]
INFO: [ view_filter ] --END-- [ RunTime:0.000000s ]
INFO: [ app_end ] --START--
INFO: Run Behavior\ShowPageTraceBehavior [ RunTime:0.001000s ]
INFO: [ app_end ] --END-- [ RunTime:0.001000s ]

[ 2017-05-02T09:35:20+08:00 ] 127.0.0.1 /Home/Coptic/index/p/3.html
INFO: [ app_init ] --START--
INFO: Run Behavior\BuildLiteBehavior [ RunTime:0.000000s ]
INFO: [ app_init ] --END-- [ RunTime:0.000000s ]
INFO: [ app_begin ] --START--
INFO: Run Behavior\ReadHtmlCacheBehavior [ RunTime:0.001000s ]
INFO: [ app_begin ] --END-- [ RunTime:0.001000s ]
SQL: SHOW COLUMNS FROM `dxyh_friendship_link` [ RunTime:0.0590s ]
SQL: SELECT `link_name`,`link` FROM `dxyh_friendship_link` LIMIT 0,15   [ RunTime:0.0580s ]
SQL: SHOW COLUMNS FROM `dxyh_coptic` [ RunTime:0.0590s ]
SQL: SELECT `id`,`coptic_title`,`coptic_cover` FROM `dxyh_coptic` WHERE `referral` = 1 ORDER BY `create_time` desc  [ RunTime:0.0570s ]
SQL: SHOW COLUMNS FROM `dxyh_coptic` [ RunTime:0.0580s ]
NOTIC: [8] Undefined index: typeId D:\WWW\daxiaoyihu\Application\Home\Model\CopticModel.class.php 第 21 行.
NOTIC: [8] Undefined index: keyword D:\WWW\daxiaoyihu\Application\Home\Model\CopticModel.class.php 第 24 行.
SQL: SELECT COUNT(*) AS tp_count FROM dxyh_coptic ct1 INNER JOIN dxyh_coptic_type as ct2 ON ct1.coptic_type_id=ct2.id  LIMIT 1   [ RunTime:0.0560s ]
SQL: SELECT ct1.id,ct1.abstract,ct1.author,ct1.create_time,ct1.coptic_title,ct1.coptic_cover,ct2.category_name FROM dxyh_coptic ct1 INNER JOIN dxyh_coptic_type as ct2 ON ct1.coptic_type_id=ct2.id  ORDER BY ct1.create_time desc LIMIT 10,5   [ RunTime:0.0590s ]
SQL: SHOW COLUMNS FROM `dxyh_coptic_type` [ RunTime:0.0620s ]
SQL: SELECT * FROM `dxyh_coptic_type` ORDER BY `sort` desc,`create_time` desc  [ RunTime:0.0600s ]
NOTIC: [8] Undefined index: typeId D:\WWW\daxiaoyihu\Application\Home\Controller\CopticController.class.php 第 27 行.
NOTIC: [8] Undefined index: keyword D:\WWW\daxiaoyihu\Application\Home\Controller\CopticController.class.php 第 28 行.
INFO: [ view_parse ] --START--
INFO: [ template_filter ] --START--
INFO: Run Behavior\ContentReplaceBehavior [ RunTime:0.000000s ]
INFO: [ template_filter ] --END-- [ RunTime:0.000000s ]
INFO: Run Behavior\ParseTemplateBehavior [ RunTime:0.022001s ]
INFO: [ view_parse ] --END-- [ RunTime:0.022001s ]
INFO: [ view_filter ] --START--
INFO: Run Behavior\WriteHtmlCacheBehavior [ RunTime:0.001000s ]
INFO: [ view_filter ] --END-- [ RunTime:0.001000s ]
INFO: [ app_end ] --START--
INFO: Run Behavior\ShowPageTraceBehavior [ RunTime:0.000000s ]
INFO: [ app_end ] --END-- [ RunTime:0.000000s ]

[ 2017-05-02T09:35:22+08:00 ] 127.0.0.1 /Home/Coptic/details/id/29.html
INFO: [ app_init ] --START--
INFO: Run Behavior\BuildLiteBehavior [ RunTime:0.000000s ]
INFO: [ app_init ] --END-- [ RunTime:0.000000s ]
INFO: [ app_begin ] --START--
INFO: Run Behavior\ReadHtmlCacheBehavior [ RunTime:0.001000s ]
INFO: [ app_begin ] --END-- [ RunTime:0.001000s ]
SQL: SHOW COLUMNS FROM `dxyh_friendship_link` [ RunTime:0.0580s ]
SQL: SELECT `link_name`,`link` FROM `dxyh_friendship_link` LIMIT 0,15   [ RunTime:0.0590s ]
SQL: SHOW COLUMNS FROM `dxyh_coptic` [ RunTime:0.0600s ]
SQL: SELECT `id`,`coptic_title`,`coptic_cover` FROM `dxyh_coptic` WHERE `referral` = 1 ORDER BY `create_time` desc  [ RunTime:0.0580s ]
SQL: update dxyh_coptic set browse_volume = browse_volume+1 where id=29 [ RunTime:0.0760s ]
SQL: SHOW COLUMNS FROM `dxyh_coptic` [ RunTime:0.0590s ]
SQL: SELECT * FROM `dxyh_coptic` WHERE `id` = 29 LIMIT 1   [ RunTime:0.0600s ]
SQL: SHOW COLUMNS FROM `dxyh_comment` [ RunTime:0.0580s ]
SQL: SELECT c.id,c.parent_id,c.content,u.nickname,u.avatar,c.create_time,(select count(*) from dxyh_comment_likes WHERE dxyh_comment_likes.comment_id=c.id) as likesnum FROM dxyh_comment c INNER JOIN dxyh_user as u ON u.uid=c.uid  WHERE c.coptic_id = '29' AND c.status = 1 ORDER BY c.create_time desc  [ RunTime:0.0600s ]
INFO: [ view_parse ] --START--
INFO: [ template_filter ] --START--
INFO: Run Behavior\ContentReplaceBehavior [ RunTime:0.000000s ]
INFO: [ template_filter ] --END-- [ RunTime:0.000000s ]
NOTIC: [8] Undefined variable: checkLikes D:\WWW\daxiaoyihu\Application\Runtime\Cache\Home\dd356fbc8cfe3f3d929391b910cf4a90.php 第 218 行.
NOTIC: [8] Undefined variable: checkStoreUp D:\WWW\daxiaoyihu\Application\Runtime\Cache\Home\dd356fbc8cfe3f3d929391b910cf4a90.php 第 219 行.
INFO: Run Behavior\ParseTemplateBehavior [ RunTime:0.076005s ]
INFO: [ view_parse ] --END-- [ RunTime:0.077005s ]
INFO: [ view_filter ] --START--
INFO: Run Behavior\WriteHtmlCacheBehavior [ RunTime:0.000000s ]
INFO: [ view_filter ] --END-- [ RunTime:0.000000s ]
INFO: [ app_end ] --START--
INFO: Run Behavior\ShowPageTraceBehavior [ RunTime:0.001000s ]
INFO: [ app_end ] --END-- [ RunTime:0.001000s ]

[ 2017-05-02T09:35:56+08:00 ] 127.0.0.1 /Home/Coptic/details/id/29.html
INFO: [ app_init ] --START--
INFO: Run Behavior\BuildLiteBehavior [ RunTime:0.000000s ]
INFO: [ app_init ] --END-- [ RunTime:0.001000s ]
INFO: [ app_begin ] --START--
INFO: Run Behavior\ReadHtmlCacheBehavior [ RunTime:0.001000s ]
INFO: [ app_begin ] --END-- [ RunTime:0.001000s ]
SQL: SHOW COLUMNS FROM `dxyh_friendship_link` [ RunTime:0.0610s ]
SQL: SELECT `link_name`,`link` FROM `dxyh_friendship_link` LIMIT 0,15   [ RunTime:0.0770s ]
SQL: SHOW COLUMNS FROM `dxyh_coptic` [ RunTime:0.0630s ]
SQL: SELECT `id`,`coptic_title`,`coptic_cover` FROM `dxyh_coptic` WHERE `referral` = 1 ORDER BY `create_time` desc  [ RunTime:0.0610s ]
SQL: update dxyh_coptic set browse_volume = browse_volume+1 where id=29 [ RunTime:0.0790s ]
SQL: SHOW COLUMNS FROM `dxyh_coptic` [ RunTime:0.0590s ]
SQL: SELECT * FROM `dxyh_coptic` WHERE `id` = 29 LIMIT 1   [ RunTime:0.0630s ]
SQL: SHOW COLUMNS FROM `dxyh_comment` [ RunTime:0.0620s ]
SQL: SELECT c.id,c.parent_id,c.content,u.nickname,u.avatar,c.create_time,(select count(*) from dxyh_comment_likes WHERE dxyh_comment_likes.comment_id=c.id) as likesnum FROM dxyh_comment c INNER JOIN dxyh_user as u ON u.uid=c.uid  WHERE c.coptic_id = '29' AND c.status = 1 ORDER BY c.create_time desc  [ RunTime:0.0610s ]
INFO: [ view_parse ] --START--
INFO: [ template_filter ] --START--
INFO: Run Behavior\ContentReplaceBehavior [ RunTime:0.000000s ]
INFO: [ template_filter ] --END-- [ RunTime:0.000000s ]
NOTIC: [8] Undefined variable: checkLikes D:\WWW\daxiaoyihu\Application\Runtime\Cache\Home\dd356fbc8cfe3f3d929391b910cf4a90.php 第 218 行.
NOTIC: [8] Undefined variable: checkStoreUp D:\WWW\daxiaoyihu\Application\Runtime\Cache\Home\dd356fbc8cfe3f3d929391b910cf4a90.php 第 219 行.
INFO: Run Behavior\ParseTemplateBehavior [ RunTime:0.043002s ]
INFO: [ view_parse ] --END-- [ RunTime:0.043002s ]
INFO: [ view_filter ] --START--
INFO: Run Behavior\WriteHtmlCacheBehavior [ RunTime:0.000000s ]
INFO: [ view_filter ] --END-- [ RunTime:0.000000s ]
INFO: [ app_end ] --START--
INFO: Run Behavior\ShowPageTraceBehavior [ RunTime:0.001000s ]
INFO: [ app_end ] --END-- [ RunTime:0.001000s ]

[ 2017-05-02T09:36:17+08:00 ] 127.0.0.1 /Home/Activity/index.html
INFO: [ app_init ] --START--
INFO: Run Behavior\BuildLiteBehavior [ RunTime:0.000000s ]
INFO: [ app_init ] --END-- [ RunTime:0.000000s ]
INFO: [ app_begin ] --START--
INFO: Run Behavior\ReadHtmlCacheBehavior [ RunTime:0.000000s ]
INFO: [ app_begin ] --END-- [ RunTime:0.000000s ]
SQL: SHOW COLUMNS FROM `dxyh_friendship_link` [ RunTime:0.0670s ]
SQL: SELECT `link_name`,`link` FROM `dxyh_friendship_link` LIMIT 0,15   [ RunTime:0.0700s ]
SQL: SHOW COLUMNS FROM `dxyh_activity` [ RunTime:0.0680s ]
SQL: SELECT `id`,`activity_name`,`activity_cover` FROM `dxyh_activity` WHERE `referral` = 1 ORDER BY `create_time` desc  [ RunTime:0.0680s ]
SQL: SHOW COLUMNS FROM `dxyh_activity` [ RunTime:0.1010s ]
NOTIC: [8] Undefined index: typeId D:\WWW\daxiaoyihu\Application\Home\Model\ActivityModel.class.php 第 28 行.
NOTIC: [8] Undefined index: keyword D:\WWW\daxiaoyihu\Application\Home\Model\ActivityModel.class.php 第 31 行.
SQL: SELECT COUNT(*) AS tp_count FROM dxyh_activity ay1 INNER JOIN dxyh_activity_type as ay2 ON ay1.activity_type_id=ay2.id  LIMIT 1   [ RunTime:0.0770s ]
SQL: SELECT ay1.id,ay1.activity_cover,ay1.address,ay1.activity_name,ay1.activity_number,ay1.activity_integral,ay1.status,ay1.activity_start_time,ay1.activity_end_time,ay1.enroll_start_time,ay1.enroll_end_time,(select count(*) from dxyh_attend_activity where dxyh_attend_activity.activity_id=ay1.id) as activityNum FROM dxyh_activity ay1 INNER JOIN dxyh_activity_type as ay2 ON ay1.activity_type_id=ay2.id  ORDER BY ay1.create_time desc LIMIT 0,5   [ RunTime:0.0660s ]
SQL: SHOW COLUMNS FROM `dxyh_activity_type` [ RunTime:0.0670s ]
SQL: SELECT * FROM `dxyh_activity_type` ORDER BY `sort` desc  [ RunTime:0.0680s ]
NOTIC: [8] Undefined index: typeId D:\WWW\daxiaoyihu\Application\Home\Controller\ActivityController.class.php 第 27 行.
NOTIC: [8] Undefined index: keyword D:\WWW\daxiaoyihu\Application\Home\Controller\ActivityController.class.php 第 28 行.
INFO: [ view_parse ] --START--
INFO: [ template_filter ] --START--
INFO: Run Behavior\ContentReplaceBehavior [ RunTime:0.000000s ]
INFO: [ template_filter ] --END-- [ RunTime:0.000000s ]
INFO: Run Behavior\ParseTemplateBehavior [ RunTime:0.039003s ]
INFO: [ view_parse ] --END-- [ RunTime:0.039003s ]
INFO: [ view_filter ] --START--
INFO: Run Behavior\WriteHtmlCacheBehavior [ RunTime:0.000000s ]
INFO: [ view_filter ] --END-- [ RunTime:0.001000s ]
INFO: [ app_end ] --START--
INFO: Run Behavior\ShowPageTraceBehavior [ RunTime:0.000000s ]
INFO: [ app_end ] --END-- [ RunTime:0.000000s ]

[ 2017-05-02T09:36:26+08:00 ] 127.0.0.1 /Home/Coptic/index.html
INFO: [ app_init ] --START--
INFO: Run Behavior\BuildLiteBehavior [ RunTime:0.000000s ]
INFO: [ app_init ] --END-- [ RunTime:0.000000s ]
INFO: [ app_begin ] --START--
INFO: Run Behavior\ReadHtmlCacheBehavior [ RunTime:0.001000s ]
INFO: [ app_begin ] --END-- [ RunTime:0.001000s ]
SQL: SHOW COLUMNS FROM `dxyh_friendship_link` [ RunTime:0.2360s ]
SQL: SELECT `link_name`,`link` FROM `dxyh_friendship_link` LIMIT 0,15   [ RunTime:0.0710s ]
SQL: SHOW COLUMNS FROM `dxyh_coptic` [ RunTime:0.0640s ]
SQL: SELECT `id`,`coptic_title`,`coptic_cover` FROM `dxyh_coptic` WHERE `referral` = 1 ORDER BY `create_time` desc  [ RunTime:0.0650s ]
SQL: SHOW COLUMNS FROM `dxyh_coptic` [ RunTime:0.0650s ]
NOTIC: [8] Undefined index: typeId D:\WWW\daxiaoyihu\Application\Home\Model\CopticModel.class.php 第 21 行.
NOTIC: [8] Undefined index: keyword D:\WWW\daxiaoyihu\Application\Home\Model\CopticModel.class.php 第 24 行.
SQL: SELECT COUNT(*) AS tp_count FROM dxyh_coptic ct1 INNER JOIN dxyh_coptic_type as ct2 ON ct1.coptic_type_id=ct2.id  LIMIT 1   [ RunTime:0.0640s ]
SQL: SELECT ct1.id,ct1.abstract,ct1.author,ct1.create_time,ct1.coptic_title,ct1.coptic_cover,ct2.category_name FROM dxyh_coptic ct1 INNER JOIN dxyh_coptic_type as ct2 ON ct1.coptic_type_id=ct2.id  ORDER BY ct1.create_time desc LIMIT 0,5   [ RunTime:0.0640s ]
SQL: SHOW COLUMNS FROM `dxyh_coptic_type` [ RunTime:0.0660s ]
SQL: SELECT * FROM `dxyh_coptic_type` ORDER BY `sort` desc,`create_time` desc  [ RunTime:0.0640s ]
NOTIC: [8] Undefined index: typeId D:\WWW\daxiaoyihu\Application\Home\Controller\CopticController.class.php 第 27 行.
NOTIC: [8] Undefined index: keyword D:\WWW\daxiaoyihu\Application\Home\Controller\CopticController.class.php 第 28 行.
INFO: [ view_parse ] --START--
INFO: [ template_filter ] --START--
INFO: Run Behavior\ContentReplaceBehavior [ RunTime:0.000000s ]
INFO: [ template_filter ] --END-- [ RunTime:0.000000s ]
INFO: Run Behavior\ParseTemplateBehavior [ RunTime:0.008001s ]
INFO: [ view_parse ] --END-- [ RunTime:0.008001s ]
INFO: [ view_filter ] --START--
INFO: Run Behavior\WriteHtmlCacheBehavior [ RunTime:0.000000s ]
INFO: [ view_filter ] --END-- [ RunTime:0.001000s ]
INFO: [ app_end ] --START--
INFO: Run Behavior\ShowPageTraceBehavior [ RunTime:0.000000s ]
INFO: [ app_end ] --END-- [ RunTime:0.000000s ]

[ 2017-05-02T09:40:09+08:00 ] 127.0.0.1 /Home/Index/index.html
INFO: [ app_init ] --START--
INFO: Run Behavior\BuildLiteBehavior [ RunTime:0.000000s ]
INFO: [ app_init ] --END-- [ RunTime:0.000000s ]
INFO: [ app_begin ] --START--
INFO: Run Behavior\ReadHtmlCacheBehavior [ RunTime:0.000000s ]
INFO: [ app_begin ] --END-- [ RunTime:0.001000s ]
SQL: SHOW COLUMNS FROM `dxyh_friendship_link` [ RunTime:0.0610s ]
SQL: SELECT `link_name`,`link` FROM `dxyh_friendship_link` LIMIT 0,15   [ RunTime:0.0600s ]
SQL: SHOW COLUMNS FROM `dxyh_visit` [ RunTime:0.0600s ]
SQL: INSERT INTO `dxyh_visit` (`ip`,`create_time`) VALUES ('2130706433','1493689208') [ RunTime:0.0860s ]
SQL: SHOW COLUMNS FROM `dxyh_website_image` [ RunTime:0.0590s ]
SQL: SELECT `image`,`img_link`,`app_image` FROM `dxyh_website_image` WHERE `type` = 1 AND `status` = 1 ORDER BY `sort` desc LIMIT 0,15   [ RunTime:0.0580s ]
SQL: SHOW COLUMNS FROM `dxyh_coptic` [ RunTime:0.0610s ]
SQL: SELECT `id`,`coptic_title`,`coptic_cover`,`abstract` FROM `dxyh_coptic` ORDER BY `create_time` desc LIMIT 0,8   [ RunTime:0.0610s ]
SQL: SHOW COLUMNS FROM `dxyh_coptic_type` [ RunTime:0.0600s ]
SQL: SELECT * FROM `dxyh_coptic_type` ORDER BY `sort` desc,`create_time` desc LIMIT 0,15   [ RunTime:0.0590s ]
SQL: SHOW COLUMNS FROM `dxyh_activity` [ RunTime:0.0600s ]
SQL: SELECT `id`,`activity_name`,`activity_cover`,`enroll_end_time`,`browse_volume` FROM `dxyh_activity` WHERE `status` <> '3' ORDER BY `create_time` desc LIMIT 0,3   [ RunTime:0.0590s ]
INFO: [ view_parse ] --START--
INFO: [ template_filter ] --START--
INFO: Run Behavior\ContentReplaceBehavior [ RunTime:0.001000s ]
INFO: [ template_filter ] --END-- [ RunTime:0.001000s ]
INFO: Run Behavior\ParseTemplateBehavior [ RunTime:0.054003s ]
INFO: [ view_parse ] --END-- [ RunTime:0.054003s ]
INFO: [ view_filter ] --START--
INFO: Run Behavior\WriteHtmlCacheBehavior [ RunTime:0.000000s ]
INFO: [ view_filter ] --END-- [ RunTime:0.000000s ]
INFO: [ app_end ] --START--
INFO: Run Behavior\ShowPageTraceBehavior [ RunTime:0.000000s ]
INFO: [ app_end ] --END-- [ RunTime:0.001000s ]

[ 2017-05-02T09:40:10+08:00 ] 127.0.0.1 /Home/Index/index.html
INFO: [ app_init ] --START--
INFO: Run Behavior\BuildLiteBehavior [ RunTime:0.000000s ]
INFO: [ app_init ] --END-- [ RunTime:0.000000s ]
INFO: [ app_begin ] --START--
INFO: Run Behavior\ReadHtmlCacheBehavior [ RunTime:0.001000s ]
INFO: [ app_begin ] --END-- [ RunTime:0.001000s ]
SQL: SHOW COLUMNS FROM `dxyh_friendship_link` [ RunTime:0.0600s ]
SQL: SELECT `link_name`,`link` FROM `dxyh_friendship_link` LIMIT 0,15   [ RunTime:0.0630s ]
SQL: SHOW COLUMNS FROM `dxyh_visit` [ RunTime:0.0620s ]
SQL: INSERT INTO `dxyh_visit` (`ip`,`create_time`) VALUES ('2130706433','1493689210') [ RunTime:0.0820s ]
SQL: SHOW COLUMNS FROM `dxyh_website_image` [ RunTime:0.0640s ]
SQL: SELECT `image`,`img_link`,`app_image` FROM `dxyh_website_image` WHERE `type` = 1 AND `status` = 1 ORDER BY `sort` desc LIMIT 0,15   [ RunTime:0.0620s ]
SQL: SHOW COLUMNS FROM `dxyh_coptic` [ RunTime:0.0610s ]
SQL: SELECT `id`,`coptic_title`,`coptic_cover`,`abstract` FROM `dxyh_coptic` ORDER BY `create_time` desc LIMIT 0,8   [ RunTime:0.0620s ]
SQL: SHOW COLUMNS FROM `dxyh_coptic_type` [ RunTime:0.0610s ]
SQL: SELECT * FROM `dxyh_coptic_type` ORDER BY `sort` desc,`create_time` desc LIMIT 0,15   [ RunTime:0.0610s ]
SQL: SHOW COLUMNS FROM `dxyh_activity` [ RunTime:0.0620s ]
SQL: SELECT `id`,`activity_name`,`activity_cover`,`enroll_end_time`,`browse_volume` FROM `dxyh_activity` WHERE `status` <> '3' ORDER BY `create_time` desc LIMIT 0,3   [ RunTime:0.0600s ]
INFO: [ view_parse ] --START--
INFO: [ template_filter ] --START--
INFO: Run Behavior\ContentReplaceBehavior [ RunTime:0.000000s ]
INFO: [ template_filter ] --END-- [ RunTime:0.000000s ]
INFO: Run Behavior\ParseTemplateBehavior [ RunTime:0.024001s ]
INFO: [ view_parse ] --END-- [ RunTime:0.024001s ]
INFO: [ view_filter ] --START--
INFO: Run Behavior\WriteHtmlCacheBehavior [ RunTime:0.000000s ]
INFO: [ view_filter ] --END-- [ RunTime:0.000000s ]
INFO: [ app_end ] --START--
INFO: Run Behavior\ShowPageTraceBehavior [ RunTime:0.001000s ]
INFO: [ app_end ] --END-- [ RunTime:0.001000s ]

[ 2017-05-02T09:40:12+08:00 ] 127.0.0.1 /Home/Index/index.html
INFO: [ app_init ] --START--
INFO: Run Behavior\BuildLiteBehavior [ RunTime:0.000000s ]
INFO: [ app_init ] --END-- [ RunTime:0.000000s ]
INFO: [ app_begin ] --START--
INFO: Run Behavior\ReadHtmlCacheBehavior [ RunTime:0.001000s ]
INFO: [ app_begin ] --END-- [ RunTime:0.001000s ]
SQL: SHOW COLUMNS FROM `dxyh_friendship_link` [ RunTime:0.0600s ]
SQL: SELECT `link_name`,`link` FROM `dxyh_friendship_link` LIMIT 0,15   [ RunTime:0.0610s ]
SQL: SHOW COLUMNS FROM `dxyh_visit` [ RunTime:0.0610s ]
SQL: INSERT INTO `dxyh_visit` (`ip`,`create_time`) VALUES ('2130706433','1493689211') [ RunTime:0.0780s ]
SQL: SHOW COLUMNS FROM `dxyh_website_image` [ RunTime:0.0620s ]
SQL: SELECT `image`,`img_link`,`app_image` FROM `dxyh_website_image` WHERE `type` = 1 AND `status` = 1 ORDER BY `sort` desc LIMIT 0,15   [ RunTime:0.0590s ]
SQL: SHOW COLUMNS FROM `dxyh_coptic` [ RunTime:0.0590s ]
SQL: SELECT `id`,`coptic_title`,`coptic_cover`,`abstract` FROM `dxyh_coptic` ORDER BY `create_time` desc LIMIT 0,8   [ RunTime:0.0610s ]
SQL: SHOW COLUMNS FROM `dxyh_coptic_type` [ RunTime:0.0590s ]
SQL: SELECT * FROM `dxyh_coptic_type` ORDER BY `sort` desc,`create_time` desc LIMIT 0,15   [ RunTime:0.0590s ]
SQL: SHOW COLUMNS FROM `dxyh_activity` [ RunTime:0.0600s ]
SQL: SELECT `id`,`activity_name`,`activity_cover`,`enroll_end_time`,`browse_volume` FROM `dxyh_activity` WHERE `status` <> '3' ORDER BY `create_time` desc LIMIT 0,3   [ RunTime:0.0590s ]
INFO: [ view_parse ] --START--
INFO: [ template_filter ] --START--
INFO: Run Behavior\ContentReplaceBehavior [ RunTime:0.000000s ]
INFO: [ template_filter ] --END-- [ RunTime:0.000000s ]
INFO: Run Behavior\ParseTemplateBehavior [ RunTime:0.045003s ]
INFO: [ view_parse ] --END-- [ RunTime:0.045003s ]
INFO: [ view_filter ] --START--
INFO: Run Behavior\WriteHtmlCacheBehavior [ RunTime:0.001000s ]
INFO: [ view_filter ] --END-- [ RunTime:0.001000s ]
INFO: [ app_end ] --START--
INFO: Run Behavior\ShowPageTraceBehavior [ RunTime:0.000000s ]
INFO: [ app_end ] --END-- [ RunTime:0.000000s ]

[ 2017-05-02T09:40:15+08:00 ] 127.0.0.1 /Home/Index/index.html
INFO: [ app_init ] --START--
INFO: Run Behavior\BuildLiteBehavior [ RunTime:0.000000s ]
INFO: [ app_init ] --END-- [ RunTime:0.001000s ]
INFO: [ app_begin ] --START--
INFO: Run Behavior\ReadHtmlCacheBehavior [ RunTime:0.000000s ]
INFO: [ app_begin ] --END-- [ RunTime:0.000000s ]
SQL: SHOW COLUMNS FROM `dxyh_friendship_link` [ RunTime:0.0670s ]
SQL: SELECT `link_name`,`link` FROM `dxyh_friendship_link` LIMIT 0,15   [ RunTime:0.0700s ]
SQL: SHOW COLUMNS FROM `dxyh_visit` [ RunTime:0.0680s ]
SQL: INSERT INTO `dxyh_visit` (`ip`,`create_time`) VALUES ('2130706433','1493689215') [ RunTime:0.0910s ]
SQL: SHOW COLUMNS FROM `dxyh_website_image` [ RunTime:0.0690s ]
SQL: SELECT `image`,`img_link`,`app_image` FROM `dxyh_website_image` WHERE `type` = 1 AND `status` = 1 ORDER BY `sort` desc LIMIT 0,15   [ RunTime:0.0680s ]
SQL: SHOW COLUMNS FROM `dxyh_coptic` [ RunTime:0.0670s ]
SQL: SELECT `id`,`coptic_title`,`coptic_cover`,`abstract` FROM `dxyh_coptic` ORDER BY `create_time` desc LIMIT 0,8   [ RunTime:0.0670s ]
SQL: SHOW COLUMNS FROM `dxyh_coptic_type` [ RunTime:0.0660s ]
SQL: SELECT * FROM `dxyh_coptic_type` ORDER BY `sort` desc,`create_time` desc LIMIT 0,15   [ RunTime:0.0690s ]
SQL: SHOW COLUMNS FROM `dxyh_activity` [ RunTime:0.0660s ]
SQL: SELECT `id`,`activity_name`,`activity_cover`,`enroll_end_time`,`browse_volume` FROM `dxyh_activity` WHERE `status` <> '3' ORDER BY `create_time` desc LIMIT 0,3   [ RunTime:0.0670s ]
INFO: [ view_parse ] --START--
INFO: [ template_filter ] --START--
INFO: Run Behavior\ContentReplaceBehavior [ RunTime:0.001000s ]
INFO: [ template_filter ] --END-- [ RunTime:0.001000s ]
INFO: Run Behavior\ParseTemplateBehavior [ RunTime:0.033001s ]
INFO: [ view_parse ] --END-- [ RunTime:0.033001s ]
INFO: [ view_filter ] --START--
INFO: Run Behavior\WriteHtmlCacheBehavior [ RunTime:0.000000s ]
INFO: [ view_filter ] --END-- [ RunTime:0.000000s ]
INFO: [ app_end ] --START--
INFO: Run Behavior\ShowPageTraceBehavior [ RunTime:0.000000s ]
INFO: [ app_end ] --END-- [ RunTime:0.001001s ]

[ 2017-05-02T09:40:29+08:00 ] 127.0.0.1 /Home/Index/index.html
INFO: [ app_init ] --START--
INFO: Run Behavior\BuildLiteBehavior [ RunTime:0.000000s ]
INFO: [ app_init ] --END-- [ RunTime:0.001000s ]
INFO: [ app_begin ] --START--
INFO: Run Behavior\ReadHtmlCacheBehavior [ RunTime:0.000000s ]
INFO: [ app_begin ] --END-- [ RunTime:0.000000s ]
SQL: SHOW COLUMNS FROM `dxyh_friendship_link` [ RunTime:0.0610s ]
SQL: SELECT `link_name`,`link` FROM `dxyh_friendship_link` LIMIT 0,15   [ RunTime:0.0570s ]
SQL: SHOW COLUMNS FROM `dxyh_visit` [ RunTime:0.0570s ]
SQL: INSERT INTO `dxyh_visit` (`ip`,`create_time`) VALUES ('2130706433','1493689229') [ RunTime:0.1650s ]
SQL: SHOW COLUMNS FROM `dxyh_website_image` [ RunTime:0.0580s ]
SQL: SELECT `image`,`img_link`,`app_image` FROM `dxyh_website_image` WHERE `type` = 1 AND `status` = 1 ORDER BY `sort` desc LIMIT 0,15   [ RunTime:0.0600s ]
SQL: SHOW COLUMNS FROM `dxyh_coptic` [ RunTime:0.0570s ]
SQL: SELECT `id`,`coptic_title`,`coptic_cover`,`abstract` FROM `dxyh_coptic` ORDER BY `create_time` desc LIMIT 0,8   [ RunTime:0.0610s ]
SQL: SHOW COLUMNS FROM `dxyh_coptic_type` [ RunTime:0.0580s ]
SQL: SELECT * FROM `dxyh_coptic_type` ORDER BY `sort` desc,`create_time` desc LIMIT 0,15   [ RunTime:0.0570s ]
SQL: SHOW COLUMNS FROM `dxyh_activity` [ RunTime:0.0590s ]
SQL: SELECT `id`,`activity_name`,`activity_cover`,`enroll_end_time`,`browse_volume` FROM `dxyh_activity` WHERE `status` <> '3' ORDER BY `create_time` desc LIMIT 0,3   [ RunTime:0.0600s ]
INFO: [ view_parse ] --START--
INFO: [ template_filter ] --START--
INFO: Run Behavior\ContentReplaceBehavior [ RunTime:0.000000s ]
INFO: [ template_filter ] --END-- [ RunTime:0.000000s ]
INFO: Run Behavior\ParseTemplateBehavior [ RunTime:0.045003s ]
INFO: [ view_parse ] --END-- [ RunTime:0.045003s ]
INFO: [ view_filter ] --START--
INFO: Run Behavior\WriteHtmlCacheBehavior [ RunTime:0.000000s ]
INFO: [ view_filter ] --END-- [ RunTime:0.000000s ]
INFO: [ app_end ] --START--
INFO: Run Behavior\ShowPageTraceBehavior [ RunTime:0.000000s ]
INFO: [ app_end ] --END-- [ RunTime:0.001000s ]

[ 2017-05-02T09:40:36+08:00 ] 127.0.0.1 /Home/Index/index.html
INFO: [ app_init ] --START--
INFO: Run Behavior\BuildLiteBehavior [ RunTime:0.000000s ]
INFO: [ app_init ] --END-- [ RunTime:0.000000s ]
INFO: [ app_begin ] --START--
INFO: Run Behavior\ReadHtmlCacheBehavior [ RunTime:0.000000s ]
INFO: [ app_begin ] --END-- [ RunTime:0.000000s ]
SQL: SHOW COLUMNS FROM `dxyh_friendship_link` [ RunTime:0.0660s ]
SQL: SELECT `link_name`,`link` FROM `dxyh_friendship_link` LIMIT 0,15   [ RunTime:0.0650s ]
SQL: SHOW COLUMNS FROM `dxyh_visit` [ RunTime:0.0660s ]
SQL: INSERT INTO `dxyh_visit` (`ip`,`create_time`) VALUES ('2130706433','1493689235') [ RunTime:0.0810s ]
SQL: SHOW COLUMNS FROM `dxyh_website_image` [ RunTime:0.0670s ]
SQL: SELECT `image`,`img_link`,`app_image` FROM `dxyh_website_image` WHERE `type` = 1 AND `status` = 1 ORDER BY `sort` desc LIMIT 0,15   [ RunTime:0.0650s ]
SQL: SHOW COLUMNS FROM `dxyh_coptic` [ RunTime:0.0660s ]
SQL: SELECT `id`,`coptic_title`,`coptic_cover`,`abstract` FROM `dxyh_coptic` ORDER BY `create_time` desc LIMIT 0,8   [ RunTime:0.0670s ]
SQL: SHOW COLUMNS FROM `dxyh_coptic_type` [ RunTime:0.0660s ]
SQL: SELECT * FROM `dxyh_coptic_type` ORDER BY `sort` desc,`create_time` desc LIMIT 0,15   [ RunTime:0.0720s ]
SQL: SHOW COLUMNS FROM `dxyh_activity` [ RunTime:0.0840s ]
SQL: SELECT `id`,`activity_name`,`activity_cover`,`enroll_end_time`,`browse_volume` FROM `dxyh_activity` WHERE `status` <> '3' ORDER BY `create_time` desc LIMIT 0,3   [ RunTime:0.0680s ]
INFO: [ view_parse ] --START--
INFO: [ template_filter ] --START--
INFO: Run Behavior\ContentReplaceBehavior [ RunTime:0.001000s ]
INFO: [ template_filter ] --END-- [ RunTime:0.001000s ]
INFO: Run Behavior\ParseTemplateBehavior [ RunTime:0.032001s ]
INFO: [ view_parse ] --END-- [ RunTime:0.033002s ]
INFO: [ view_filter ] --START--
INFO: Run Behavior\WriteHtmlCacheBehavior [ RunTime:0.001000s ]
INFO: [ view_filter ] --END-- [ RunTime:0.001000s ]
INFO: [ app_end ] --START--
INFO: Run Behavior\ShowPageTraceBehavior [ RunTime:0.000000s ]
INFO: [ app_end ] --END-- [ RunTime:0.000000s ]

[ 2017-05-02T09:49:28+08:00 ] 127.0.0.1 /Home/HomeCare/index.html
INFO: [ app_init ] --START--
INFO: Run Behavior\BuildLiteBehavior [ RunTime:0.000000s ]
INFO: [ app_init ] --END-- [ RunTime:0.000000s ]
INFO: [ app_begin ] --START--
INFO: Run Behavior\ReadHtmlCacheBehavior [ RunTime:0.000000s ]
INFO: [ app_begin ] --END-- [ RunTime:0.000000s ]
SQL: SHOW COLUMNS FROM `dxyh_friendship_link` [ RunTime:0.0890s ]
SQL: SELECT `link_name`,`link` FROM `dxyh_friendship_link` LIMIT 0,15   [ RunTime:0.1890s ]
SQL: SHOW COLUMNS FROM `dxyh_website_image` [ RunTime:0.0670s ]
SQL: SELECT `image`,`img_link`,`app_image` FROM `dxyh_website_image` WHERE `type` = 2 AND `status` = 1 ORDER BY `sort` desc LIMIT 0,15   [ RunTime:0.0630s ]
SQL: SHOW COLUMNS FROM `dxyh_chapter_section` [ RunTime:0.0580s ]
SQL: SELECT * FROM `dxyh_chapter_section` WHERE `bookid` = 1 LIMIT 0,15   [ RunTime:0.4970s ]
INFO: [ view_parse ] --START--
INFO: [ template_filter ] --START--
INFO: Run Behavior\ContentReplaceBehavior [ RunTime:0.000000s ]
INFO: [ template_filter ] --END-- [ RunTime:0.000000s ]
INFO: Run Behavior\ParseTemplateBehavior [ RunTime:0.024002s ]
INFO: [ view_parse ] --END-- [ RunTime:0.024002s ]
INFO: [ view_filter ] --START--
INFO: Run Behavior\WriteHtmlCacheBehavior [ RunTime:0.000000s ]
INFO: [ view_filter ] --END-- [ RunTime:0.000000s ]
INFO: [ app_end ] --START--
INFO: Run Behavior\ShowPageTraceBehavior [ RunTime:0.001000s ]
INFO: [ app_end ] --END-- [ RunTime:0.001000s ]

[ 2017-05-02T09:54:01+08:00 ] 127.0.0.1 /Home/HomeCare/index.html
INFO: [ app_init ] --START--
INFO: Run Behavior\BuildLiteBehavior [ RunTime:0.000000s ]
INFO: [ app_init ] --END-- [ RunTime:0.000000s ]
INFO: [ app_begin ] --START--
INFO: Run Behavior\ReadHtmlCacheBehavior [ RunTime:0.000000s ]
INFO: [ app_begin ] --END-- [ RunTime:0.000000s ]
SQL: SHOW COLUMNS FROM `dxyh_friendship_link` [ RunTime:0.0600s ]
SQL: SELECT `link_name`,`link` FROM `dxyh_friendship_link` LIMIT 0,15   [ RunTime:0.0590s ]
SQL: SHOW COLUMNS FROM `dxyh_website_image` [ RunTime:0.0590s ]
SQL: SELECT `image`,`img_link`,`app_image` FROM `dxyh_website_image` WHERE `type` = 2 AND `status` = 1 ORDER BY `sort` desc LIMIT 0,15   [ RunTime:0.0580s ]
SQL: SHOW COLUMNS FROM `dxyh_chapter_section` [ RunTime:0.0580s ]
SQL: SELECT * FROM `dxyh_chapter_section` WHERE `bookid` = 1 LIMIT 0,15   [ RunTime:0.4870s ]
INFO: [ view_parse ] --START--
INFO: [ template_filter ] --START--
INFO: Run Behavior\ContentReplaceBehavior [ RunTime:0.000000s ]
INFO: [ template_filter ] --END-- [ RunTime:0.000000s ]
INFO: Run Behavior\ParseTemplateBehavior [ RunTime:0.010001s ]
INFO: [ view_parse ] --END-- [ RunTime:0.010001s ]
INFO: [ view_filter ] --START--
INFO: Run Behavior\WriteHtmlCacheBehavior [ RunTime:0.000000s ]
INFO: [ view_filter ] --END-- [ RunTime:0.000000s ]
INFO: [ app_end ] --START--
INFO: Run Behavior\ShowPageTraceBehavior [ RunTime:0.001000s ]
INFO: [ app_end ] --END-- [ RunTime:0.001000s ]

[ 2017-05-02T10:10:50+08:00 ] 127.0.0.1 /Home/HomeCare/index.html
INFO: [ app_init ] --START--
INFO: Run Behavior\BuildLiteBehavior [ RunTime:0.000000s ]
INFO: [ app_init ] --END-- [ RunTime:0.000000s ]
INFO: [ app_begin ] --START--
INFO: Run Behavior\ReadHtmlCacheBehavior [ RunTime:0.000000s ]
INFO: [ app_begin ] --END-- [ RunTime:0.000000s ]
SQL: SHOW COLUMNS FROM `dxyh_friendship_link` [ RunTime:0.0610s ]
SQL: SELECT `link_name`,`link` FROM `dxyh_friendship_link` LIMIT 0,15   [ RunTime:0.0610s ]
SQL: SHOW COLUMNS FROM `dxyh_website_image` [ RunTime:0.0600s ]
SQL: SELECT `image`,`img_link`,`app_image` FROM `dxyh_website_image` WHERE `type` = 2 AND `status` = 1 ORDER BY `sort` desc LIMIT 0,15   [ RunTime:0.0580s ]
SQL: SHOW COLUMNS FROM `dxyh_chapter_section` [ RunTime:0.0590s ]
SQL: SELECT * FROM `dxyh_chapter_section` WHERE `bookid` = 1 LIMIT 0,15   [ RunTime:0.5420s ]
INFO: [ view_parse ] --START--
INFO: [ template_filter ] --START--
INFO: Run Behavior\ContentReplaceBehavior [ RunTime:0.000000s ]
INFO: [ template_filter ] --END-- [ RunTime:0.000000s ]
INFO: Run Behavior\ParseTemplateBehavior [ RunTime:0.026002s ]
INFO: [ view_parse ] --END-- [ RunTime:0.026002s ]
INFO: [ view_filter ] --START--
INFO: Run Behavior\WriteHtmlCacheBehavior [ RunTime:0.001000s ]
INFO: [ view_filter ] --END-- [ RunTime:0.001000s ]
NOTIC: [2] Cannot modify header information - headers already sent by (output started at D:\WWW\daxiaoyihu\Application\Home\Controller\HomeCareController.class.php:23) D:\WWW\daxiaoyihu\ThinkPHP\Library\Think\View.class.php 第 91 行.
NOTIC: [2] Cannot modify header information - headers already sent by (output started at D:\WWW\daxiaoyihu\Application\Home\Controller\HomeCareController.class.php:23) D:\WWW\daxiaoyihu\ThinkPHP\Library\Think\View.class.php 第 92 行.
INFO: [ app_end ] --START--
INFO: Run Behavior\ShowPageTraceBehavior [ RunTime:0.000000s ]
INFO: [ app_end ] --END-- [ RunTime:0.000000s ]

[ 2017-05-02T10:13:32+08:00 ] 127.0.0.1 /Home/HomeCare/index.html
INFO: [ app_init ] --START--
INFO: Run Behavior\BuildLiteBehavior [ RunTime:0.000000s ]
INFO: [ app_init ] --END-- [ RunTime:0.000000s ]
INFO: [ app_begin ] --START--
INFO: Run Behavior\ReadHtmlCacheBehavior [ RunTime:0.001000s ]
INFO: [ app_begin ] --END-- [ RunTime:0.001000s ]
SQL: SHOW COLUMNS FROM `dxyh_friendship_link` [ RunTime:0.0650s ]
SQL: SELECT `link_name`,`link` FROM `dxyh_friendship_link` LIMIT 0,15   [ RunTime:0.0660s ]
SQL: SHOW COLUMNS FROM `dxyh_website_image` [ RunTime:0.0680s ]
SQL: SELECT `image`,`img_link`,`app_image` FROM `dxyh_website_image` WHERE `type` = 2 AND `status` = 1 ORDER BY `sort` desc LIMIT 0,15   [ RunTime:0.0660s ]
SQL: SHOW COLUMNS FROM `dxyh_chapter_section` [ RunTime:0.0660s ]
SQL: SELECT * FROM `dxyh_chapter_section` WHERE `bookid` = 1 LIMIT 0,15   [ RunTime:0.7370s ]
INFO: [ view_parse ] --START--
INFO: [ template_filter ] --START--
INFO: Run Behavior\ContentReplaceBehavior [ RunTime:0.000000s ]
INFO: [ template_filter ] --END-- [ RunTime:0.000000s ]
INFO: Run Behavior\ParseTemplateBehavior [ RunTime:0.016001s ]
INFO: [ view_parse ] --END-- [ RunTime:0.017001s ]
INFO: [ view_filter ] --START--
INFO: Run Behavior\WriteHtmlCacheBehavior [ RunTime:0.000000s ]
INFO: [ view_filter ] --END-- [ RunTime:0.000000s ]
NOTIC: [2] Cannot modify header information - headers already sent by (output started at D:\WWW\daxiaoyihu\Application\Home\Controller\HomeCareController.class.php:23) D:\WWW\daxiaoyihu\ThinkPHP\Library\Think\View.class.php 第 91 行.
NOTIC: [2] Cannot modify header information - headers already sent by (output started at D:\WWW\daxiaoyihu\Application\Home\Controller\HomeCareController.class.php:23) D:\WWW\daxiaoyihu\ThinkPHP\Library\Think\View.class.php 第 92 行.
INFO: [ app_end ] --START--
INFO: Run Behavior\ShowPageTraceBehavior [ RunTime:0.000000s ]
INFO: [ app_end ] --END-- [ RunTime:0.000000s ]

[ 2017-05-02T10:14:55+08:00 ] 127.0.0.1 /Home/HomeCare/index.html
INFO: [ app_init ] --START--
INFO: Run Behavior\BuildLiteBehavior [ RunTime:0.000000s ]
INFO: [ app_init ] --END-- [ RunTime:0.000000s ]
INFO: [ app_begin ] --START--
INFO: Run Behavior\ReadHtmlCacheBehavior [ RunTime:0.000000s ]
INFO: [ app_begin ] --END-- [ RunTime:0.000000s ]
SQL: SHOW COLUMNS FROM `dxyh_friendship_link` [ RunTime:0.0620s ]
SQL: SELECT `link_name`,`link` FROM `dxyh_friendship_link` LIMIT 0,15   [ RunTime:0.0610s ]
SQL: SHOW COLUMNS FROM `dxyh_website_image` [ RunTime:0.0620s ]
SQL: SELECT `image`,`img_link`,`app_image` FROM `dxyh_website_image` WHERE `type` = 2 AND `status` = 1 ORDER BY `sort` desc LIMIT 0,15   [ RunTime:0.0640s ]
SQL: SHOW COLUMNS FROM `dxyh_chapter_section` [ RunTime:0.0600s ]
SQL: SELECT `id`,`bookid`,`chapter`,`chapter_name`,`title`,`create_time` FROM `dxyh_chapter_section` WHERE `bookid` = 1 LIMIT 0,15   [ RunTime:0.0610s ]
INFO: [ view_parse ] --START--
INFO: [ template_filter ] --START--
INFO: Run Behavior\ContentReplaceBehavior [ RunTime:0.000000s ]
INFO: [ template_filter ] --END-- [ RunTime:0.000000s ]
INFO: Run Behavior\ParseTemplateBehavior [ RunTime:0.031002s ]
INFO: [ view_parse ] --END-- [ RunTime:0.031002s ]
INFO: [ view_filter ] --START--
INFO: Run Behavior\WriteHtmlCacheBehavior [ RunTime:0.000000s ]
INFO: [ view_filter ] --END-- [ RunTime:0.000000s ]
NOTIC: [2] Cannot modify header information - headers already sent by (output started at D:\WWW\daxiaoyihu\Application\Home\Controller\HomeCareController.class.php:23) D:\WWW\daxiaoyihu\ThinkPHP\Library\Think\View.class.php 第 91 行.
NOTIC: [2] Cannot modify header information - headers already sent by (output started at D:\WWW\daxiaoyihu\Application\Home\Controller\HomeCareController.class.php:23) D:\WWW\daxiaoyihu\ThinkPHP\Library\Think\View.class.php 第 92 行.
INFO: [ app_end ] --START--
INFO: Run Behavior\ShowPageTraceBehavior [ RunTime:0.001000s ]
INFO: [ app_end ] --END-- [ RunTime:0.001000s ]

[ 2017-05-02T10:16:42+08:00 ] 127.0.0.1 /Home/HomeCare/index.html
INFO: [ app_init ] --START--
INFO: Run Behavior\BuildLiteBehavior [ RunTime:0.000000s ]
INFO: [ app_init ] --END-- [ RunTime:0.001000s ]
INFO: [ app_begin ] --START--
INFO: Run Behavior\ReadHtmlCacheBehavior [ RunTime:0.000000s ]
INFO: [ app_begin ] --END-- [ RunTime:0.000000s ]
SQL: SHOW COLUMNS FROM `dxyh_friendship_link` [ RunTime:0.0610s ]
SQL: SELECT `link_name`,`link` FROM `dxyh_friendship_link` LIMIT 0,15   [ RunTime:0.0640s ]
SQL: SHOW COLUMNS FROM `dxyh_website_image` [ RunTime:0.0690s ]
SQL: SELECT `image`,`img_link`,`app_image` FROM `dxyh_website_image` WHERE `type` = 2 AND `status` = 1 ORDER BY `sort` desc LIMIT 0,15   [ RunTime:0.0620s ]
SQL: SHOW COLUMNS FROM `dxyh_chapter_section` [ RunTime:0.0630s ]
SQL: SELECT `id`,`bookid`,`chapter`,`chapter_name`,`title`,`create_time` FROM `dxyh_chapter_section` WHERE `bookid` = 1  [ RunTime:0.0590s ]
INFO: [ view_parse ] --START--
INFO: [ template_filter ] --START--
INFO: Run Behavior\ContentReplaceBehavior [ RunTime:0.000000s ]
INFO: [ template_filter ] --END-- [ RunTime:0.000000s ]
INFO: Run Behavior\ParseTemplateBehavior [ RunTime:0.044003s ]
INFO: [ view_parse ] --END-- [ RunTime:0.044003s ]
INFO: [ view_filter ] --START--
INFO: Run Behavior\WriteHtmlCacheBehavior [ RunTime:0.000000s ]
INFO: [ view_filter ] --END-- [ RunTime:0.000000s ]
NOTIC: [2] Cannot modify header information - headers already sent by (output started at D:\WWW\daxiaoyihu\Application\Home\Controller\HomeCareController.class.php:23) D:\WWW\daxiaoyihu\ThinkPHP\Library\Think\View.class.php 第 91 行.
NOTIC: [2] Cannot modify header information - headers already sent by (output started at D:\WWW\daxiaoyihu\Application\Home\Controller\HomeCareController.class.php:23) D:\WWW\daxiaoyihu\ThinkPHP\Library\Think\View.class.php 第 92 行.
INFO: [ app_end ] --START--
INFO: Run Behavior\ShowPageTraceBehavior [ RunTime:0.000000s ]
INFO: [ app_end ] --END-- [ RunTime:0.001000s ]

[ 2017-05-02T10:17:03+08:00 ] 127.0.0.1 /Home/HomeCare/index.html
INFO: [ app_init ] --START--
INFO: Run Behavior\BuildLiteBehavior [ RunTime:0.000000s ]
INFO: [ app_init ] --END-- [ RunTime:0.000000s ]
INFO: [ app_begin ] --START--
INFO: Run Behavior\ReadHtmlCacheBehavior [ RunTime:0.001000s ]
INFO: [ app_begin ] --END-- [ RunTime:0.001000s ]
SQL: SHOW COLUMNS FROM `dxyh_friendship_link` [ RunTime:0.0640s ]
SQL: SELECT `link_name`,`link` FROM `dxyh_friendship_link` LIMIT 0,15   [ RunTime:0.0640s ]
SQL: SHOW COLUMNS FROM `dxyh_website_image` [ RunTime:0.0650s ]
SQL: SELECT `image`,`img_link`,`app_image` FROM `dxyh_website_image` WHERE `type` = 2 AND `status` = 1 ORDER BY `sort` desc LIMIT 0,15   [ RunTime:0.0630s ]
SQL: SHOW COLUMNS FROM `dxyh_chapter_section` [ RunTime:0.0640s ]
SQL: SELECT `id`,`bookid`,`chapter`,`chapter_name`,`title`,`create_time` FROM `dxyh_chapter_section` WHERE `bookid` = 1  [ RunTime:0.0660s ]
INFO: [ view_parse ] --START--
INFO: [ template_filter ] --START--
INFO: Run Behavior\ContentReplaceBehavior [ RunTime:0.000000s ]
INFO: [ template_filter ] --END-- [ RunTime:0.000000s ]
INFO: Run Behavior\ParseTemplateBehavior [ RunTime:0.007001s ]
INFO: [ view_parse ] --END-- [ RunTime:0.007001s ]
INFO: [ view_filter ] --START--
INFO: Run Behavior\WriteHtmlCacheBehavior [ RunTime:0.000000s ]
INFO: [ view_filter ] --END-- [ RunTime:0.000000s ]
INFO: [ app_end ] --START--
INFO: Run Behavior\ShowPageTraceBehavior [ RunTime:0.001000s ]
INFO: [ app_end ] --END-- [ RunTime:0.001000s ]

[ 2017-05-02T10:18:27+08:00 ] 127.0.0.1 /Home/HomeCare/detail/id/30.html
INFO: [ app_init ] --START--
INFO: Run Behavior\BuildLiteBehavior [ RunTime:0.000000s ]
INFO: [ app_init ] --END-- [ RunTime:0.001000s ]
INFO: [ app_begin ] --START--
INFO: Run Behavior\ReadHtmlCacheBehavior [ RunTime:0.001000s ]
INFO: [ app_begin ] --END-- [ RunTime:0.001000s ]
SQL: SHOW COLUMNS FROM `dxyh_friendship_link` [ RunTime:0.0590s ]
SQL: SELECT `link_name`,`link` FROM `dxyh_friendship_link` LIMIT 0,15   [ RunTime:0.0570s ]
SQL: SHOW COLUMNS FROM `dxyh_chapter_section` [ RunTime:0.0580s ]
SQL: SELECT * FROM `dxyh_chapter_section` WHERE `id` = 30 LIMIT 1   [ RunTime:0.1940s ]
SQL: SELECT * FROM `dxyh_chapter_section` WHERE `id` = 21 LIMIT 1   [ RunTime:0.2440s ]
SQL: SELECT * FROM `dxyh_chapter_section` WHERE `chapter` = 0 AND `bookid` = 1 LIMIT 0,15   [ RunTime:0.4870s ]
SQL: SELECT * FROM `dxyh_chapter_section` WHERE `chapter` = 18 LIMIT 1   [ RunTime:0.2570s ]
SQL: SELECT * FROM `dxyh_chapter_section` WHERE `chapter` = 21 LIMIT 0,15   [ RunTime:0.5530s ]
SQL: SELECT * FROM `dxyh_chapter_section` WHERE `chapter` = 21 LIMIT 0,15   [ RunTime:0.3670s ]
NOTIC: [8] Undefined offset: 9 D:\WWW\daxiaoyihu\Application\Home\Model\ChapterSectionModel.class.php 第 138 行.
SQL: SELECT * FROM `dxyh_chapter_section` WHERE `chapter` = 0 AND `bookid` = 1 LIMIT 0,15   [ RunTime:0.1820s ]
NOTIC: [8] Undefined offset: 3 D:\WWW\daxiaoyihu\Application\Home\Model\ChapterSectionModel.class.php 第 150 行.
SQL: SELECT * FROM `dxyh_chapter_section` WHERE `chapter` = 0 AND `bookid` = 1 LIMIT 0,15   [ RunTime:0.2140s ]
NOTIC: [8] Undefined offset: 3 D:\WWW\daxiaoyihu\Application\Home\Model\ChapterSectionModel.class.php 第 213 行.
INFO: [ view_parse ] --START--
INFO: [ template_filter ] --START--
INFO: Run Behavior\ContentReplaceBehavior [ RunTime:0.000000s ]
INFO: [ template_filter ] --END-- [ RunTime:0.000000s ]
NOTIC: [8] Use of undefined constant parent_name - assumed 'parent_name' D:\WWW\daxiaoyihu\Application\Runtime\Cache\Home\4786320c351a8ddaa1c5dab81f12a7ae.php 第 61 行.
NOTIC: [8] Array to string conversion D:\WWW\daxiaoyihu\Application\Runtime\Cache\Home\4786320c351a8ddaa1c5dab81f12a7ae.php 第 61 行.
INFO: Run Behavior\ParseTemplateBehavior [ RunTime:0.056003s ]
INFO: [ view_parse ] --END-- [ RunTime:0.056003s ]
INFO: [ view_filter ] --START--
INFO: Run Behavior\WriteHtmlCacheBehavior [ RunTime:0.000000s ]
INFO: [ view_filter ] --END-- [ RunTime:0.000000s ]
INFO: [ app_end ] --START--
INFO: Run Behavior\ShowPageTraceBehavior [ RunTime:0.001000s ]
INFO: [ app_end ] --END-- [ RunTime:0.001000s ]

[ 2017-05-02T10:18:34+08:00 ] 127.0.0.1 /Home/HomeCare/detail/id/29.html
INFO: [ app_init ] --START--
INFO: Run Behavior\BuildLiteBehavior [ RunTime:0.000000s ]
INFO: [ app_init ] --END-- [ RunTime:0.000000s ]
INFO: [ app_begin ] --START--
INFO: Run Behavior\ReadHtmlCacheBehavior [ RunTime:0.001000s ]
INFO: [ app_begin ] --END-- [ RunTime:0.001000s ]
SQL: SHOW COLUMNS FROM `dxyh_friendship_link` [ RunTime:0.0610s ]
SQL: SELECT `link_name`,`link` FROM `dxyh_friendship_link` LIMIT 0,15   [ RunTime:0.0600s ]
SQL: SHOW COLUMNS FROM `dxyh_chapter_section` [ RunTime:0.0600s ]
SQL: SELECT * FROM `dxyh_chapter_section` WHERE `id` = 29 LIMIT 1   [ RunTime:0.1240s ]
SQL: SELECT * FROM `dxyh_chapter_section` WHERE `id` = 21 LIMIT 1   [ RunTime:0.1850s ]
SQL: SELECT * FROM `dxyh_chapter_section` WHERE `chapter` = 0 AND `bookid` = 1 LIMIT 0,15   [ RunTime:0.3750s ]
SQL: SELECT * FROM `dxyh_chapter_section` WHERE `chapter` = 18 LIMIT 1   [ RunTime:0.1830s ]
SQL: SELECT * FROM `dxyh_chapter_section` WHERE `chapter` = 21 LIMIT 0,15   [ RunTime:0.4850s ]
SQL: SELECT * FROM `dxyh_chapter_section` WHERE `chapter` = 21 LIMIT 0,15   [ RunTime:0.3740s ]
SQL: SELECT * FROM `dxyh_chapter_section` WHERE `chapter` = 0 AND `bookid` = 1 LIMIT 0,15   [ RunTime:0.1960s ]
NOTIC: [8] Undefined offset: 3 D:\WWW\daxiaoyihu\Application\Home\Model\ChapterSectionModel.class.php 第 213 行.
INFO: [ view_parse ] --START--
INFO: [ template_filter ] --START--
INFO: Run Behavior\ContentReplaceBehavior [ RunTime:0.000000s ]
INFO: [ template_filter ] --END-- [ RunTime:0.000000s ]
NOTIC: [8] Use of undefined constant parent_name - assumed 'parent_name' D:\WWW\daxiaoyihu\Application\Runtime\Cache\Home\4786320c351a8ddaa1c5dab81f12a7ae.php 第 61 行.
NOTIC: [8] Array to string conversion D:\WWW\daxiaoyihu\Application\Runtime\Cache\Home\4786320c351a8ddaa1c5dab81f12a7ae.php 第 61 行.
INFO: Run Behavior\ParseTemplateBehavior [ RunTime:0.019001s ]
INFO: [ view_parse ] --END-- [ RunTime:0.019001s ]
INFO: [ view_filter ] --START--
INFO: Run Behavior\WriteHtmlCacheBehavior [ RunTime:0.001000s ]
INFO: [ view_filter ] --END-- [ RunTime:0.001000s ]
INFO: [ app_end ] --START--
INFO: Run Behavior\ShowPageTraceBehavior [ RunTime:0.001000s ]
INFO: [ app_end ] --END-- [ RunTime:0.001000s ]

[ 2017-05-02T10:18:57+08:00 ] 127.0.0.1 /Home/HomeCare/detail/id/28.html
INFO: [ app_init ] --START--
INFO: Run Behavior\BuildLiteBehavior [ RunTime:0.000000s ]
INFO: [ app_init ] --END-- [ RunTime:0.000000s ]
INFO: [ app_begin ] --START--
INFO: Run Behavior\ReadHtmlCacheBehavior [ RunTime:0.001000s ]
INFO: [ app_begin ] --END-- [ RunTime:0.001000s ]
SQL: SHOW COLUMNS FROM `dxyh_friendship_link` [ RunTime:0.0680s ]
SQL: SELECT `link_name`,`link` FROM `dxyh_friendship_link` LIMIT 0,15   [ RunTime:0.0650s ]
SQL: SHOW COLUMNS FROM `dxyh_chapter_section` [ RunTime:0.0650s ]
SQL: SELECT * FROM `dxyh_chapter_section` WHERE `id` = 28 LIMIT 1   [ RunTime:0.1400s ]
SQL: SELECT * FROM `dxyh_chapter_section` WHERE `id` = 21 LIMIT 1   [ RunTime:0.2690s ]
SQL: SELECT * FROM `dxyh_chapter_section` WHERE `chapter` = 0 AND `bookid` = 1 LIMIT 0,15   [ RunTime:0.4170s ]
SQL: SELECT * FROM `dxyh_chapter_section` WHERE `chapter` = 18 LIMIT 1   [ RunTime:0.2060s ]
SQL: SELECT * FROM `dxyh_chapter_section` WHERE `chapter` = 21 LIMIT 0,15   [ RunTime:0.5490s ]
SQL: SELECT * FROM `dxyh_chapter_section` WHERE `chapter` = 21 LIMIT 0,15   [ RunTime:0.4090s ]
SQL: SELECT * FROM `dxyh_chapter_section` WHERE `chapter` = 0 AND `bookid` = 1 LIMIT 0,15   [ RunTime:0.2010s ]
NOTIC: [8] Undefined offset: 3 D:\WWW\daxiaoyihu\Application\Home\Model\ChapterSectionModel.class.php 第 213 行.
INFO: [ view_parse ] --START--
INFO: [ template_filter ] --START--
INFO: Run Behavior\ContentReplaceBehavior [ RunTime:0.000000s ]
INFO: [ template_filter ] --END-- [ RunTime:0.000000s ]
NOTIC: [8] Use of undefined constant parent_name - assumed 'parent_name' D:\WWW\daxiaoyihu\Application\Runtime\Cache\Home\4786320c351a8ddaa1c5dab81f12a7ae.php 第 61 行.
NOTIC: [8] Array to string conversion D:\WWW\daxiaoyihu\Application\Runtime\Cache\Home\4786320c351a8ddaa1c5dab81f12a7ae.php 第 61 行.
INFO: Run Behavior\ParseTemplateBehavior [ RunTime:0.015001s ]
INFO: [ view_parse ] --END-- [ RunTime:0.015001s ]
INFO: [ view_filter ] --START--
INFO: Run Behavior\WriteHtmlCacheBehavior [ RunTime:0.001000s ]
INFO: [ view_filter ] --END-- [ RunTime:0.001000s ]
INFO: [ app_end ] --START--
INFO: Run Behavior\ShowPageTraceBehavior [ RunTime:0.001000s ]
INFO: [ app_end ] --END-- [ RunTime:0.001000s ]

[ 2017-05-02T10:19:06+08:00 ] 127.0.0.1 /Home/HomeCare/detail/id/19.html
INFO: [ app_init ] --START--
INFO: Run Behavior\BuildLiteBehavior [ RunTime:0.000000s ]
INFO: [ app_init ] --END-- [ RunTime:0.000000s ]
INFO: [ app_begin ] --START--
INFO: Run Behavior\ReadHtmlCacheBehavior [ RunTime:0.000000s ]
INFO: [ app_begin ] --END-- [ RunTime:0.000000s ]
SQL: SHOW COLUMNS FROM `dxyh_friendship_link` [ RunTime:0.0600s ]
SQL: SELECT `link_name`,`link` FROM `dxyh_friendship_link` LIMIT 0,15   [ RunTime:0.0600s ]
SQL: SHOW COLUMNS FROM `dxyh_chapter_section` [ RunTime:0.0630s ]
SQL: SELECT * FROM `dxyh_chapter_section` WHERE `id` = 19 LIMIT 1   [ RunTime:0.2530s ]
SQL: SELECT * FROM `dxyh_chapter_section` WHERE `id` = 18 LIMIT 1   [ RunTime:0.1860s ]
SQL: SELECT * FROM `dxyh_chapter_section` WHERE `chapter` = 0 AND `bookid` = 1 LIMIT 0,15   [ RunTime:0.3680s ]
SQL: SELECT * FROM `dxyh_chapter_section` WHERE `chapter` = 4 LIMIT 1   [ RunTime:0.1190s ]
SQL: SELECT * FROM `dxyh_chapter_section` WHERE `chapter` = 18 LIMIT 0,15   [ RunTime:0.2490s ]
NOTIC: [8] Undefined offset: -1 D:\WWW\daxiaoyihu\Application\Home\Model\ChapterSectionModel.class.php 第 287 行.
SQL: SELECT * FROM `dxyh_chapter_section` WHERE `chapter` = 0 AND `bookid` = 1 LIMIT 0,15   [ RunTime:0.2560s ]
SQL: SELECT * FROM `dxyh_chapter_section` WHERE `chapter` = 4 LIMIT 0,15   [ RunTime:0.5820s ]
SQL: SELECT * FROM `dxyh_chapter_section` WHERE `chapter` = 18 LIMIT 0,15   [ RunTime:0.1300s ]
SQL: SELECT * FROM `dxyh_chapter_section` WHERE `chapter` = 0 AND `bookid` = 1 LIMIT 0,15   [ RunTime:0.1340s ]
SQL: SELECT * FROM `dxyh_chapter_section` WHERE `chapter` = 21 LIMIT 1   [ RunTime:0.0620s ]
INFO: [ view_parse ] --START--
INFO: [ template_filter ] --START--
INFO: Run Behavior\ContentReplaceBehavior [ RunTime:0.000000s ]
INFO: [ template_filter ] --END-- [ RunTime:0.000000s ]
NOTIC: [8] Use of undefined constant parent_name - assumed 'parent_name' D:\WWW\daxiaoyihu\Application\Runtime\Cache\Home\4786320c351a8ddaa1c5dab81f12a7ae.php 第 61 行.
NOTIC: [8] Array to string conversion D:\WWW\daxiaoyihu\Application\Runtime\Cache\Home\4786320c351a8ddaa1c5dab81f12a7ae.php 第 61 行.
INFO: Run Behavior\ParseTemplateBehavior [ RunTime:0.009001s ]
INFO: [ view_parse ] --END-- [ RunTime:0.009001s ]
INFO: [ view_filter ] --START--
INFO: Run Behavior\WriteHtmlCacheBehavior [ RunTime:0.001000s ]
INFO: [ view_filter ] --END-- [ RunTime:0.001000s ]
INFO: [ app_end ] --START--
INFO: Run Behavior\ShowPageTraceBehavior [ RunTime:0.000000s ]
INFO: [ app_end ] --END-- [ RunTime:0.000000s ]

[ 2017-05-02T10:22:55+08:00 ] 127.0.0.1 /Home/HomeCare/index.html
INFO: [ app_init ] --START--
INFO: Run Behavior\BuildLiteBehavior [ RunTime:0.000000s ]
INFO: [ app_init ] --END-- [ RunTime:0.001000s ]
INFO: [ app_begin ] --START--
INFO: Run Behavior\ReadHtmlCacheBehavior [ RunTime:0.000000s ]
INFO: [ app_begin ] --END-- [ RunTime:0.000000s ]
SQL: SHOW COLUMNS FROM `dxyh_friendship_link` [ RunTime:0.0610s ]
SQL: SELECT `link_name`,`link` FROM `dxyh_friendship_link`  [ RunTime:0.0590s ]
SQL: SHOW COLUMNS FROM `dxyh_website_image` [ RunTime:0.0620s ]
SQL: SELECT `image`,`img_link`,`app_image` FROM `dxyh_website_image` WHERE `type` = 2 AND `status` = 1 ORDER BY `sort` desc  [ RunTime:0.0600s ]
SQL: SHOW COLUMNS FROM `dxyh_chapter_section` [ RunTime:0.0590s ]
SQL: SELECT `id`,`bookid`,`chapter`,`chapter_name`,`title`,`create_time` FROM `dxyh_chapter_section` WHERE `bookid` = 1  [ RunTime:0.0580s ]
INFO: [ view_parse ] --START--
INFO: [ template_filter ] --START--
INFO: Run Behavior\ContentReplaceBehavior [ RunTime:0.000000s ]
INFO: [ template_filter ] --END-- [ RunTime:0.000000s ]
INFO: Run Behavior\ParseTemplateBehavior [ RunTime:0.022001s ]
INFO: [ view_parse ] --END-- [ RunTime:0.022001s ]
INFO: [ view_filter ] --START--
INFO: Run Behavior\WriteHtmlCacheBehavior [ RunTime:0.000000s ]
INFO: [ view_filter ] --END-- [ RunTime:0.000000s ]
INFO: [ app_end ] --START--
INFO: Run Behavior\ShowPageTraceBehavior [ RunTime:0.001001s ]
INFO: [ app_end ] --END-- [ RunTime:0.001001s ]

[ 2017-05-02T10:22:57+08:00 ] 127.0.0.1 /Home/HomeCare/index.html
INFO: [ app_init ] --START--
INFO: Run Behavior\BuildLiteBehavior [ RunTime:0.000000s ]
INFO: [ app_init ] --END-- [ RunTime:0.001000s ]
INFO: [ app_begin ] --START--
INFO: Run Behavior\ReadHtmlCacheBehavior [ RunTime:0.000000s ]
INFO: [ app_begin ] --END-- [ RunTime:0.000000s ]
SQL: SHOW COLUMNS FROM `dxyh_friendship_link` [ RunTime:0.0670s ]
SQL: SELECT `link_name`,`link` FROM `dxyh_friendship_link`  [ RunTime:0.0680s ]
SQL: SHOW COLUMNS FROM `dxyh_website_image` [ RunTime:0.0670s ]
SQL: SELECT `image`,`img_link`,`app_image` FROM `dxyh_website_image` WHERE `type` = 2 AND `status` = 1 ORDER BY `sort` desc  [ RunTime:0.0660s ]
SQL: SHOW COLUMNS FROM `dxyh_chapter_section` [ RunTime:0.0680s ]
SQL: SELECT `id`,`bookid`,`chapter`,`chapter_name`,`title`,`create_time` FROM `dxyh_chapter_section` WHERE `bookid` = 1  [ RunTime:0.0660s ]
INFO: [ view_parse ] --START--
INFO: [ template_filter ] --START--
INFO: Run Behavior\ContentReplaceBehavior [ RunTime:0.000000s ]
INFO: [ template_filter ] --END-- [ RunTime:0.001000s ]
INFO: Run Behavior\ParseTemplateBehavior [ RunTime:0.032002s ]
INFO: [ view_parse ] --END-- [ RunTime:0.032002s ]
INFO: [ view_filter ] --START--
INFO: Run Behavior\WriteHtmlCacheBehavior [ RunTime:0.000000s ]
INFO: [ view_filter ] --END-- [ RunTime:0.000000s ]
INFO: [ app_end ] --START--
INFO: Run Behavior\ShowPageTraceBehavior [ RunTime:0.000000s ]
INFO: [ app_end ] --END-- [ RunTime:0.000000s ]

[ 2017-05-02T10:23:02+08:00 ] 127.0.0.1 /Home/HomeCare/index.html
INFO: [ app_init ] --START--
INFO: Run Behavior\BuildLiteBehavior [ RunTime:0.000000s ]
INFO: [ app_init ] --END-- [ RunTime:0.000000s ]
INFO: [ app_begin ] --START--
INFO: Run Behavior\ReadHtmlCacheBehavior [ RunTime:0.000000s ]
INFO: [ app_begin ] --END-- [ RunTime:0.000000s ]
SQL: SHOW COLUMNS FROM `dxyh_friendship_link` [ RunTime:0.0630s ]
SQL: SELECT `link_name`,`link` FROM `dxyh_friendship_link`  [ RunTime:0.0630s ]
SQL: SHOW COLUMNS FROM `dxyh_website_image` [ RunTime:0.0640s ]
SQL: SELECT `image`,`img_link`,`app_image` FROM `dxyh_website_image` WHERE `type` = 2 AND `status` = 1 ORDER BY `sort` desc  [ RunTime:0.0630s ]
SQL: SHOW COLUMNS FROM `dxyh_chapter_section` [ RunTime:0.0660s ]
SQL: SELECT `id`,`bookid`,`chapter`,`chapter_name`,`title`,`create_time` FROM `dxyh_chapter_section` WHERE `bookid` = 1  [ RunTime:0.0630s ]
INFO: [ view_parse ] --START--
INFO: [ template_filter ] --START--
INFO: Run Behavior\ContentReplaceBehavior [ RunTime:0.000000s ]
INFO: [ template_filter ] --END-- [ RunTime:0.000000s ]
INFO: Run Behavior\ParseTemplateBehavior [ RunTime:0.038002s ]
INFO: [ view_parse ] --END-- [ RunTime:0.038002s ]
INFO: [ view_filter ] --START--
INFO: Run Behavior\WriteHtmlCacheBehavior [ RunTime:0.000000s ]
INFO: [ view_filter ] --END-- [ RunTime:0.000000s ]
INFO: [ app_end ] --START--
INFO: Run Behavior\ShowPageTraceBehavior [ RunTime:0.001000s ]
INFO: [ app_end ] --END-- [ RunTime:0.001000s ]

[ 2017-05-02T11:01:22+08:00 ] 127.0.0.1 /Home/Coptic/index.html
INFO: [ app_init ] --START--
INFO: Run Behavior\BuildLiteBehavior [ RunTime:0.000000s ]
INFO: [ app_init ] --END-- [ RunTime:0.001000s ]
INFO: [ app_begin ] --START--
INFO: Run Behavior\ReadHtmlCacheBehavior [ RunTime:0.001000s ]
INFO: [ app_begin ] --END-- [ RunTime:0.001000s ]
SQL: SHOW COLUMNS FROM `dxyh_friendship_link` [ RunTime:11.8377s ]

[ 2017-05-02T11:01:22+08:00 ] 127.0.0.1 /Home/HomeCare/index.html
INFO: [ app_init ] --START--
INFO: Run Behavior\BuildLiteBehavior [ RunTime:0.000000s ]
INFO: [ app_init ] --END-- [ RunTime:0.000000s ]
INFO: [ app_begin ] --START--
INFO: Run Behavior\ReadHtmlCacheBehavior [ RunTime:0.000000s ]
INFO: [ app_begin ] --END-- [ RunTime:0.000000s ]
SQL: SHOW COLUMNS FROM `dxyh_friendship_link` [ RunTime:0.0620s ]
SQL: SELECT `link_name`,`link` FROM `dxyh_friendship_link`  [ RunTime:0.0630s ]
SQL: SHOW COLUMNS FROM `dxyh_website_image` [ RunTime:0.0630s ]
SQL: SELECT `image`,`img_link`,`app_image` FROM `dxyh_website_image` WHERE `type` = 2 AND `status` = 1 ORDER BY `sort` desc  [ RunTime:0.0630s ]
SQL: SHOW COLUMNS FROM `dxyh_chapter_section` [ RunTime:0.0640s ]
SQL: SELECT `id`,`bookid`,`chapter`,`chapter_name`,`title`,`create_time` FROM `dxyh_chapter_section` WHERE `bookid` = 1  [ RunTime:0.0630s ]
INFO: [ view_parse ] --START--
INFO: [ template_filter ] --START--
INFO: Run Behavior\ContentReplaceBehavior [ RunTime:0.000000s ]
INFO: [ template_filter ] --END-- [ RunTime:0.000000s ]
INFO: Run Behavior\ParseTemplateBehavior [ RunTime:0.030002s ]
INFO: [ view_parse ] --END-- [ RunTime:0.030002s ]
INFO: [ view_filter ] --START--
INFO: Run Behavior\WriteHtmlCacheBehavior [ RunTime:0.000000s ]
INFO: [ view_filter ] --END-- [ RunTime:0.000000s ]
INFO: [ app_end ] --START--
INFO: Run Behavior\ShowPageTraceBehavior [ RunTime:0.001000s ]
INFO: [ app_end ] --END-- [ RunTime:0.001000s ]

[ 2017-05-02T11:02:33+08:00 ] 127.0.0.1 /Home/Coptic/index.html
INFO: [ app_init ] --START--
INFO: Run Behavior\BuildLiteBehavior [ RunTime:0.000000s ]
INFO: [ app_init ] --END-- [ RunTime:0.000000s ]
INFO: [ app_begin ] --START--
INFO: Run Behavior\ReadHtmlCacheBehavior [ RunTime:0.000000s ]
INFO: [ app_begin ] --END-- [ RunTime:0.000000s ]
SQL: SHOW COLUMNS FROM `dxyh_friendship_link` [ RunTime:0.0600s ]
SQL: SELECT `link_name`,`link` FROM `dxyh_friendship_link`  [ RunTime:0.0600s ]
SQL: SHOW COLUMNS FROM `dxyh_coptic` [ RunTime:0.0620s ]
SQL: SELECT `id`,`coptic_title`,`coptic_cover` FROM `dxyh_coptic` WHERE `referral` = 1 ORDER BY `create_time` desc  [ RunTime:0.0610s ]
SQL: SHOW COLUMNS FROM `dxyh_coptic` [ RunTime:0.0590s ]
NOTIC: [8] Undefined index: typeId D:\WWW\daxiaoyihu\Application\Home\Model\CopticModel.class.php 第 21 行.
NOTIC: [8] Undefined index: keyword D:\WWW\daxiaoyihu\Application\Home\Model\CopticModel.class.php 第 24 行.
SQL: SELECT COUNT(*) AS tp_count FROM dxyh_coptic ct1 INNER JOIN dxyh_coptic_type as ct2 ON ct1.coptic_type_id=ct2.id  LIMIT 1   [ RunTime:0.0610s ]
SQL: SELECT ct1.id,ct1.abstract,ct1.author,ct1.create_time,ct1.coptic_title,ct1.coptic_cover,ct2.category_name FROM dxyh_coptic ct1 INNER JOIN dxyh_coptic_type as ct2 ON ct1.coptic_type_id=ct2.id  ORDER BY ct1.create_time desc LIMIT 0,10   [ RunTime:0.0600s ]
SQL: SHOW COLUMNS FROM `dxyh_coptic_type` [ RunTime:0.0600s ]
SQL: SELECT * FROM `dxyh_coptic_type` ORDER BY `sort` desc,`create_time` desc  [ RunTime:0.0600s ]
NOTIC: [8] Undefined index: typeId D:\WWW\daxiaoyihu\Application\Home\Controller\CopticController.class.php 第 27 行.
NOTIC: [8] Undefined index: keyword D:\WWW\daxiaoyihu\Application\Home\Controller\CopticController.class.php 第 28 行.
INFO: [ view_parse ] --START--
INFO: [ template_filter ] --START--
INFO: Run Behavior\ContentReplaceBehavior [ RunTime:0.000000s ]
INFO: [ template_filter ] --END-- [ RunTime:0.000000s ]
INFO: Run Behavior\ParseTemplateBehavior [ RunTime:0.044003s ]
INFO: [ view_parse ] --END-- [ RunTime:0.044003s ]
INFO: [ view_filter ] --START--
INFO: Run Behavior\WriteHtmlCacheBehavior [ RunTime:0.000000s ]
INFO: [ view_filter ] --END-- [ RunTime:0.000000s ]
INFO: [ app_end ] --START--
INFO: Run Behavior\ShowPageTraceBehavior [ RunTime:0.001000s ]
INFO: [ app_end ] --END-- [ RunTime:0.001000s ]

[ 2017-05-02T11:08:06+08:00 ] 127.0.0.1 /Home/Index/index.html
INFO: [ app_init ] --START--
INFO: Run Behavior\BuildLiteBehavior [ RunTime:0.000000s ]
INFO: [ app_init ] --END-- [ RunTime:0.000000s ]
INFO: [ app_begin ] --START--
INFO: Run Behavior\ReadHtmlCacheBehavior [ RunTime:0.000000s ]
INFO: [ app_begin ] --END-- [ RunTime:0.001000s ]
SQL: SHOW COLUMNS FROM `dxyh_friendship_link` [ RunTime:0.1640s ]
SQL: SELECT `link_name`,`link` FROM `dxyh_friendship_link`  [ RunTime:0.6430s ]

[ 2017-05-02T11:08:06+08:00 ] 127.0.0.1 /Home/Index/index.html
INFO: [ app_init ] --START--
INFO: Run Behavior\BuildLiteBehavior [ RunTime:0.000000s ]
INFO: [ app_init ] --END-- [ RunTime:0.000000s ]
INFO: [ app_begin ] --START--
INFO: Run Behavior\ReadHtmlCacheBehavior [ RunTime:0.001000s ]
INFO: [ app_begin ] --END-- [ RunTime:0.001000s ]

