[ 2017-04-10T09:20:20+08:00 ] 127.0.0.1 /
INFO: [ app_init ] --START--
INFO: Run Behavior\BuildLiteBehavior [ RunTime:0.000000s ]
INFO: [ app_init ] --END-- [ RunTime:0.001000s ]
INFO: [ app_begin ] --START--
INFO: Run Behavior\ReadHtmlCacheBehavior [ RunTime:0.007001s ]
INFO: [ app_begin ] --END-- [ RunTime:0.008001s ]
SQL: SHOW COLUMNS FROM `dxyh_friendship_link` [ RunTime:0.0130s ]
SQL: SELECT `link_name`,`link` FROM `dxyh_friendship_link` LIMIT 0,15   [ RunTime:0.0230s ]
SQL: SHOW COLUMNS FROM `dxyh_visit` [ RunTime:0.0120s ]
SQL: INSERT INTO `dxyh_visit` (`ip`,`create_time`) VALUES ('2130706433','1491787220') [ RunTime:0.3060s ]
SQL: SHOW COLUMNS FROM `dxyh_website_image` [ RunTime:0.0110s ]
SQL: SELECT `image`,`img_link` FROM `dxyh_website_image` WHERE `type` = 1 AND `status` = 1 ORDER BY `sort` desc LIMIT 0,15   [ RunTime:0.0160s ]
SQL: SHOW COLUMNS FROM `dxyh_coptic` [ RunTime:0.0150s ]
SQL: SELECT `id`,`coptic_title`,`coptic_cover`,`abstract` FROM `dxyh_coptic` ORDER BY `create_time` desc LIMIT 0,8   [ RunTime:0.0120s ]
SQL: SHOW COLUMNS FROM `dxyh_coptic_type` [ RunTime:0.0090s ]
SQL: SELECT * FROM `dxyh_coptic_type` ORDER BY `sort` desc,`create_time` desc LIMIT 0,15   [ RunTime:0.0110s ]
SQL: SHOW COLUMNS FROM `dxyh_activity` [ RunTime:0.0120s ]
NOTIC: [8] Undefined offset: 0 D:\WWW\daxiaoyihu\ThinkPHP\Library\Think\Db\Driver.class.php 第 550 行.
NOTIC: [8] Undefined offset: 0 D:\WWW\daxiaoyihu\ThinkPHP\Library\Think\Db\Driver.class.php 第 596 行.
NOTIC: [8] Undefined offset: 0 D:\WWW\daxiaoyihu\ThinkPHP\Library\Think\Db\Driver.class.php 第 596 行.
NOTIC: [8] Undefined offset: 0 D:\WWW\daxiaoyihu\ThinkPHP\Library\Think\Db\Driver.class.php 第 597 行.
NOTIC: [8] Undefined offset: 0 D:\WWW\daxiaoyihu\ThinkPHP\Library\Think\Db\Driver.class.php 第 600 行.
SQL: SELECT `id`,`activity_name`,`activity_cover`,`enroll_end_time`,`browse_volume` FROM `dxyh_activity` WHERE ( `status` = null  ) ORDER BY `create_time` desc LIMIT 0,3   [ RunTime:0.0110s ]
INFO: [ view_parse ] --START--
INFO: [ template_filter ] --START--
INFO: Run Behavior\ContentReplaceBehavior [ RunTime:0.000000s ]
INFO: [ template_filter ] --END-- [ RunTime:0.001000s ]
INFO: Run Behavior\ParseTemplateBehavior [ RunTime:0.083005s ]
INFO: [ view_parse ] --END-- [ RunTime:0.083005s ]
INFO: [ view_filter ] --START--
INFO: Run Behavior\WriteHtmlCacheBehavior [ RunTime:0.013000s ]
INFO: [ view_filter ] --END-- [ RunTime:0.013000s ]
INFO: [ app_end ] --START--
INFO: Run Behavior\ShowPageTraceBehavior [ RunTime:0.001000s ]
INFO: [ app_end ] --END-- [ RunTime:0.001000s ]

[ 2017-04-10T09:24:01+08:00 ] 127.0.0.1 /index.php/home/index/coptic
INFO: [ app_init ] --START--
INFO: Run Behavior\BuildLiteBehavior [ RunTime:0.000000s ]
INFO: [ app_init ] --END-- [ RunTime:0.001000s ]
INFO: [ app_begin ] --START--
INFO: Run Behavior\ReadHtmlCacheBehavior [ RunTime:0.001000s ]
INFO: [ app_begin ] --END-- [ RunTime:0.001000s ]
SQL: SHOW COLUMNS FROM `dxyh_friendship_link` [ RunTime:0.0150s ]
SQL: SELECT `link_name`,`link` FROM `dxyh_friendship_link` LIMIT 0,15   [ RunTime:0.0120s ]
ERR: 非法操作:coptic

[ 2017-04-10T09:24:27+08:00 ] 127.0.0.1 /index.php/home/coptic/details
INFO: [ app_init ] --START--
INFO: Run Behavior\BuildLiteBehavior [ RunTime:0.000000s ]
INFO: [ app_init ] --END-- [ RunTime:0.000000s ]
INFO: [ app_begin ] --START--
INFO: Run Behavior\ReadHtmlCacheBehavior [ RunTime:0.000000s ]
INFO: [ app_begin ] --END-- [ RunTime:0.000000s ]
SQL: SHOW COLUMNS FROM `dxyh_friendship_link` [ RunTime:0.0160s ]
SQL: SELECT `link_name`,`link` FROM `dxyh_friendship_link` LIMIT 0,15   [ RunTime:0.0130s ]
SQL: SHOW COLUMNS FROM `dxyh_coptic` [ RunTime:0.0140s ]
SQL: SELECT * FROM `dxyh_coptic` WHERE `referral` = 1 ORDER BY `create_time` desc  [ RunTime:1.5471s ]
SQL: SHOW COLUMNS FROM `dxyh_comment` [ RunTime:0.0170s ]
SQL: SELECT c.id,c.parent_id,c.content,u.nickname,(select count(*) from dxyh_comment_likes WHERE dxyh_comment_likes.comment_id=c.id) as likesnum FROM dxyh_comment c INNER JOIN dxyh_user as u ON u.uid=c.uid  WHERE c.coptic_id = '' AND c.status = 1  [ RunTime:0.0140s ]
INFO: [ app_end ] --START--
INFO: Run Behavior\ShowPageTraceBehavior [ RunTime:0.001000s ]
INFO: [ app_end ] --END-- [ RunTime:0.001000s ]

[ 2017-04-10T09:24:34+08:00 ] 127.0.0.1 /index.php/home/coptic/details
INFO: [ app_init ] --START--
INFO: Run Behavior\BuildLiteBehavior [ RunTime:0.000000s ]
INFO: [ app_init ] --END-- [ RunTime:0.000000s ]
INFO: [ app_begin ] --START--
INFO: Run Behavior\ReadHtmlCacheBehavior [ RunTime:0.001000s ]
INFO: [ app_begin ] --END-- [ RunTime:0.001000s ]
SQL: SHOW COLUMNS FROM `dxyh_friendship_link` [ RunTime:0.0140s ]
SQL: SELECT `link_name`,`link` FROM `dxyh_friendship_link` LIMIT 0,15   [ RunTime:0.0130s ]
SQL: SHOW COLUMNS FROM `dxyh_coptic` [ RunTime:0.0110s ]
SQL: SELECT * FROM `dxyh_coptic` WHERE `referral` = 1 ORDER BY `create_time` desc  [ RunTime:0.0130s ]
SQL: SHOW COLUMNS FROM `dxyh_comment` [ RunTime:0.0100s ]
SQL: SELECT c.id,c.parent_id,c.content,u.nickname,(select count(*) from dxyh_comment_likes WHERE dxyh_comment_likes.comment_id=c.id) as likesnum FROM dxyh_comment c INNER JOIN dxyh_user as u ON u.uid=c.uid  WHERE c.coptic_id = '' AND c.status = 1  [ RunTime:0.0160s ]
INFO: [ app_end ] --START--
INFO: Run Behavior\ShowPageTraceBehavior [ RunTime:0.000000s ]
INFO: [ app_end ] --END-- [ RunTime:0.000000s ]

[ 2017-04-10T09:25:09+08:00 ] 127.0.0.1 /index.php/home/coptic/details
INFO: [ app_init ] --START--
INFO: Run Behavior\BuildLiteBehavior [ RunTime:0.000000s ]
INFO: [ app_init ] --END-- [ RunTime:0.001000s ]
INFO: [ app_begin ] --START--
INFO: Run Behavior\ReadHtmlCacheBehavior [ RunTime:0.001000s ]
INFO: [ app_begin ] --END-- [ RunTime:0.001000s ]
SQL: SHOW COLUMNS FROM `dxyh_friendship_link` [ RunTime:0.0130s ]
SQL: SELECT `link_name`,`link` FROM `dxyh_friendship_link` LIMIT 0,15   [ RunTime:0.0120s ]
SQL: SHOW COLUMNS FROM `dxyh_coptic` [ RunTime:0.0100s ]
SQL: SELECT * FROM `dxyh_coptic` WHERE `referral` = 1 ORDER BY `create_time` desc  [ RunTime:0.0120s ]
SQL: SHOW COLUMNS FROM `dxyh_comment` [ RunTime:0.0150s ]
SQL: SELECT c.id,c.parent_id,c.content,u.nickname,(select count(*) from dxyh_comment_likes WHERE dxyh_comment_likes.comment_id=c.id) as likesnum FROM dxyh_comment c INNER JOIN dxyh_user as u ON u.uid=c.uid  WHERE c.coptic_id = '' AND c.status = 1  [ RunTime:0.0100s ]
INFO: [ app_end ] --START--
INFO: Run Behavior\ShowPageTraceBehavior [ RunTime:0.000000s ]
INFO: [ app_end ] --END-- [ RunTime:0.000000s ]

[ 2017-04-10T09:25:35+08:00 ] 127.0.0.1 /index.php/home/coptic/details/id/1
INFO: [ app_init ] --START--
INFO: Run Behavior\BuildLiteBehavior [ RunTime:0.000000s ]
INFO: [ app_init ] --END-- [ RunTime:0.000000s ]
INFO: [ app_begin ] --START--
INFO: Run Behavior\ReadHtmlCacheBehavior [ RunTime:0.001000s ]
INFO: [ app_begin ] --END-- [ RunTime:0.001000s ]
SQL: SHOW COLUMNS FROM `dxyh_friendship_link` [ RunTime:0.0210s ]
SQL: SELECT `link_name`,`link` FROM `dxyh_friendship_link` LIMIT 0,15   [ RunTime:0.0110s ]
SQL: SHOW COLUMNS FROM `dxyh_coptic` [ RunTime:0.0110s ]
SQL: SELECT * FROM `dxyh_coptic` WHERE `referral` = 1 ORDER BY `create_time` desc  [ RunTime:0.0510s ]
SQL: SHOW COLUMNS FROM `dxyh_comment` [ RunTime:0.0120s ]
SQL: SELECT c.id,c.parent_id,c.content,u.nickname,(select count(*) from dxyh_comment_likes WHERE dxyh_comment_likes.comment_id=c.id) as likesnum FROM dxyh_comment c INNER JOIN dxyh_user as u ON u.uid=c.uid  WHERE c.coptic_id = '1' AND c.status = 1  [ RunTime:0.0250s ]
INFO: [ app_end ] --START--
INFO: Run Behavior\ShowPageTraceBehavior [ RunTime:0.001000s ]
INFO: [ app_end ] --END-- [ RunTime:0.002000s ]

[ 2017-04-10T09:32:08+08:00 ] 127.0.0.1 /index.php/home/coptic/details/id/1
INFO: [ app_init ] --START--
INFO: Run Behavior\BuildLiteBehavior [ RunTime:0.000000s ]
INFO: [ app_init ] --END-- [ RunTime:0.001000s ]
INFO: [ app_begin ] --START--
INFO: Run Behavior\ReadHtmlCacheBehavior [ RunTime:0.000000s ]
INFO: [ app_begin ] --END-- [ RunTime:0.000000s ]
SQL: SHOW COLUMNS FROM `dxyh_friendship_link` [ RunTime:0.0110s ]
SQL: SELECT `link_name`,`link` FROM `dxyh_friendship_link` LIMIT 0,15   [ RunTime:0.0160s ]
SQL: SHOW COLUMNS FROM `dxyh_coptic` [ RunTime:0.0150s ]
SQL: SELECT * FROM `dxyh_coptic` WHERE `referral` = 1 ORDER BY `create_time` desc  [ RunTime:0.0160s ]
SQL: SHOW COLUMNS FROM `dxyh_comment` [ RunTime:0.0140s ]
SQL: SELECT c.id,c.parent_id,c.content,u.nickname,(select count(*) from dxyh_comment_likes WHERE dxyh_comment_likes.comment_id=c.id) as likesnum FROM dxyh_comment c INNER JOIN dxyh_user as u ON u.uid=c.uid  WHERE c.coptic_id = '1' AND c.status = 1  [ RunTime:0.0120s ]

[ 2017-04-10T09:32:24+08:00 ] 127.0.0.1 /index.php/home/coptic/details/id/1
INFO: [ app_init ] --START--
INFO: Run Behavior\BuildLiteBehavior [ RunTime:0.000000s ]
INFO: [ app_init ] --END-- [ RunTime:0.001000s ]
INFO: [ app_begin ] --START--
INFO: Run Behavior\ReadHtmlCacheBehavior [ RunTime:0.001000s ]
INFO: [ app_begin ] --END-- [ RunTime:0.001000s ]
SQL: SHOW COLUMNS FROM `dxyh_friendship_link` [ RunTime:0.0220s ]
SQL: SELECT `link_name`,`link` FROM `dxyh_friendship_link` LIMIT 0,15   [ RunTime:0.0120s ]
SQL: SHOW COLUMNS FROM `dxyh_coptic` [ RunTime:0.0160s ]
SQL: SELECT * FROM `dxyh_coptic` WHERE `referral` = 1 ORDER BY `create_time` desc  [ RunTime:0.0140s ]
SQL: SHOW COLUMNS FROM `dxyh_comment` [ RunTime:0.0100s ]
SQL: SELECT c.id,c.parent_id,c.content,u.nickname,(select count(*) from dxyh_comment_likes WHERE dxyh_comment_likes.comment_id=c.id) as likesnum FROM dxyh_comment c INNER JOIN dxyh_user as u ON u.uid=c.uid  WHERE c.coptic_id = '1' AND c.status = 1  [ RunTime:0.0120s ]
INFO: [ app_end ] --START--
INFO: Run Behavior\ShowPageTraceBehavior [ RunTime:0.002000s ]
INFO: [ app_end ] --END-- [ RunTime:0.002000s ]

[ 2017-04-10T09:32:46+08:00 ] 127.0.0.1 /index.php/home/coptic/details/id/1
INFO: [ app_init ] --START--
INFO: Run Behavior\BuildLiteBehavior [ RunTime:0.000000s ]
INFO: [ app_init ] --END-- [ RunTime:0.000000s ]
INFO: [ app_begin ] --START--
INFO: Run Behavior\ReadHtmlCacheBehavior [ RunTime:0.001000s ]
INFO: [ app_begin ] --END-- [ RunTime:0.001000s ]
SQL: SHOW COLUMNS FROM `dxyh_friendship_link` [ RunTime:0.0130s ]
SQL: SELECT `link_name`,`link` FROM `dxyh_friendship_link` LIMIT 0,15   [ RunTime:0.0120s ]
SQL: SHOW COLUMNS FROM `dxyh_coptic` [ RunTime:0.0120s ]
SQL: SELECT * FROM `dxyh_coptic` WHERE `referral` = 1 ORDER BY `create_time` desc  [ RunTime:0.0280s ]
SQL: SHOW COLUMNS FROM `dxyh_comment` [ RunTime:0.0110s ]
SQL: SELECT c.id,c.parent_id,c.content,u.nickname,(select count(*) from dxyh_comment_likes WHERE dxyh_comment_likes.comment_id=c.id) as likesnum FROM dxyh_comment c INNER JOIN dxyh_user as u ON u.uid=c.uid  WHERE c.coptic_id = '1' AND c.status = 1  [ RunTime:0.0140s ]
INFO: [ app_end ] --START--
INFO: Run Behavior\ShowPageTraceBehavior [ RunTime:0.001000s ]
INFO: [ app_end ] --END-- [ RunTime:0.001000s ]

[ 2017-04-10T10:23:52+08:00 ] 127.0.0.1 /
INFO: [ app_init ] --START--
INFO: Run Behavior\BuildLiteBehavior [ RunTime:0.000000s ]
INFO: [ app_init ] --END-- [ RunTime:0.000000s ]
INFO: [ app_begin ] --START--
INFO: Run Behavior\ReadHtmlCacheBehavior [ RunTime:0.000000s ]
INFO: [ app_begin ] --END-- [ RunTime:0.000000s ]
SQL: SHOW COLUMNS FROM `dxyh_friendship_link` [ RunTime:0.0120s ]
SQL: SELECT `link_name`,`link` FROM `dxyh_friendship_link` LIMIT 0,15   [ RunTime:0.0100s ]
SQL: SHOW COLUMNS FROM `dxyh_visit` [ RunTime:0.0110s ]
SQL: INSERT INTO `dxyh_visit` (`ip`,`create_time`) VALUES ('2130706433','1491791032') [ RunTime:0.1450s ]
SQL: SHOW COLUMNS FROM `dxyh_website_image` [ RunTime:0.0130s ]
SQL: SELECT `image`,`img_link` FROM `dxyh_website_image` WHERE `type` = 1 AND `status` = 1 ORDER BY `sort` desc LIMIT 0,15   [ RunTime:0.0100s ]
SQL: SHOW COLUMNS FROM `dxyh_coptic` [ RunTime:0.0130s ]
SQL: SELECT `id`,`coptic_title`,`coptic_cover`,`abstract` FROM `dxyh_coptic` ORDER BY `create_time` desc LIMIT 0,8   [ RunTime:0.0120s ]
SQL: SHOW COLUMNS FROM `dxyh_coptic_type` [ RunTime:0.0140s ]
SQL: SELECT * FROM `dxyh_coptic_type` ORDER BY `sort` desc,`create_time` desc LIMIT 0,15   [ RunTime:0.0120s ]
SQL: SHOW COLUMNS FROM `dxyh_activity` [ RunTime:0.0120s ]
NOTIC: [8] Undefined offset: 0 D:\WWW\daxiaoyihu\ThinkPHP\Library\Think\Db\Driver.class.php 第 550 行.
NOTIC: [8] Undefined offset: 0 D:\WWW\daxiaoyihu\ThinkPHP\Library\Think\Db\Driver.class.php 第 596 行.
NOTIC: [8] Undefined offset: 0 D:\WWW\daxiaoyihu\ThinkPHP\Library\Think\Db\Driver.class.php 第 596 行.
NOTIC: [8] Undefined offset: 0 D:\WWW\daxiaoyihu\ThinkPHP\Library\Think\Db\Driver.class.php 第 597 行.
NOTIC: [8] Undefined offset: 0 D:\WWW\daxiaoyihu\ThinkPHP\Library\Think\Db\Driver.class.php 第 600 行.
SQL: SELECT `id`,`activity_name`,`activity_cover`,`enroll_end_time`,`browse_volume` FROM `dxyh_activity` WHERE ( `status` = null  ) ORDER BY `create_time` desc LIMIT 0,3   [ RunTime:0.0120s ]
INFO: [ view_parse ] --START--
INFO: [ template_filter ] --START--
INFO: Run Behavior\ContentReplaceBehavior [ RunTime:0.000000s ]
INFO: [ template_filter ] --END-- [ RunTime:0.000000s ]
INFO: Run Behavior\ParseTemplateBehavior [ RunTime:0.030002s ]
INFO: [ view_parse ] --END-- [ RunTime:0.030002s ]
INFO: [ view_filter ] --START--
INFO: Run Behavior\WriteHtmlCacheBehavior [ RunTime:0.000000s ]
INFO: [ view_filter ] --END-- [ RunTime:0.000000s ]
INFO: [ app_end ] --START--
INFO: Run Behavior\ShowPageTraceBehavior [ RunTime:0.001000s ]
INFO: [ app_end ] --END-- [ RunTime:0.001000s ]

[ 2017-04-10T10:24:59+08:00 ] 127.0.0.1 /
INFO: [ app_init ] --START--
INFO: Run Behavior\BuildLiteBehavior [ RunTime:0.000000s ]
INFO: [ app_init ] --END-- [ RunTime:0.000000s ]
INFO: [ app_begin ] --START--
INFO: Run Behavior\ReadHtmlCacheBehavior [ RunTime:0.000000s ]
INFO: [ app_begin ] --END-- [ RunTime:0.000000s ]
SQL: SHOW COLUMNS FROM `dxyh_friendship_link` [ RunTime:0.0130s ]
SQL: SELECT `link_name`,`link` FROM `dxyh_friendship_link` LIMIT 0,15   [ RunTime:0.0090s ]
SQL: SHOW COLUMNS FROM `dxyh_visit` [ RunTime:0.0140s ]
SQL: INSERT INTO `dxyh_visit` (`ip`,`create_time`) VALUES ('2130706433','1491791099') [ RunTime:0.1500s ]
SQL: SHOW COLUMNS FROM `dxyh_website_image` [ RunTime:0.0140s ]
SQL: SELECT `image`,`img_link` FROM `dxyh_website_image` WHERE `type` = 1 AND `status` = 1 ORDER BY `sort` desc LIMIT 0,15   [ RunTime:0.0330s ]
SQL: SHOW COLUMNS FROM `dxyh_coptic` [ RunTime:0.0120s ]
SQL: SELECT `id`,`coptic_title`,`coptic_cover`,`abstract` FROM `dxyh_coptic` ORDER BY `create_time` desc LIMIT 0,8   [ RunTime:0.0100s ]
SQL: SHOW COLUMNS FROM `dxyh_coptic_type` [ RunTime:0.0090s ]
SQL: SELECT * FROM `dxyh_coptic_type` ORDER BY `sort` desc,`create_time` desc LIMIT 0,15   [ RunTime:0.0090s ]
SQL: SHOW COLUMNS FROM `dxyh_activity` [ RunTime:0.0120s ]
NOTIC: [8] Undefined offset: 0 D:\WWW\daxiaoyihu\ThinkPHP\Library\Think\Db\Driver.class.php 第 550 行.
NOTIC: [8] Undefined offset: 0 D:\WWW\daxiaoyihu\ThinkPHP\Library\Think\Db\Driver.class.php 第 596 行.
NOTIC: [8] Undefined offset: 0 D:\WWW\daxiaoyihu\ThinkPHP\Library\Think\Db\Driver.class.php 第 596 行.
NOTIC: [8] Undefined offset: 0 D:\WWW\daxiaoyihu\ThinkPHP\Library\Think\Db\Driver.class.php 第 597 行.
NOTIC: [8] Undefined offset: 0 D:\WWW\daxiaoyihu\ThinkPHP\Library\Think\Db\Driver.class.php 第 600 行.
SQL: SELECT `id`,`activity_name`,`activity_cover`,`enroll_end_time`,`browse_volume` FROM `dxyh_activity` WHERE ( `status` = null  ) ORDER BY `create_time` desc LIMIT 0,3   [ RunTime:0.0100s ]
INFO: [ view_parse ] --START--
INFO: [ template_filter ] --START--
INFO: Run Behavior\ContentReplaceBehavior [ RunTime:0.000000s ]
INFO: [ template_filter ] --END-- [ RunTime:0.000000s ]
INFO: Run Behavior\ParseTemplateBehavior [ RunTime:0.013001s ]
INFO: [ view_parse ] --END-- [ RunTime:0.014001s ]
INFO: [ view_filter ] --START--
INFO: Run Behavior\WriteHtmlCacheBehavior [ RunTime:0.001000s ]
INFO: [ view_filter ] --END-- [ RunTime:0.001000s ]
INFO: [ app_end ] --START--
INFO: Run Behavior\ShowPageTraceBehavior [ RunTime:0.001000s ]
INFO: [ app_end ] --END-- [ RunTime:0.001000s ]

[ 2017-04-10T10:29:27+08:00 ] 127.0.0.1 /
INFO: [ app_init ] --START--
INFO: Run Behavior\BuildLiteBehavior [ RunTime:0.000000s ]
INFO: [ app_init ] --END-- [ RunTime:0.001000s ]
INFO: [ app_begin ] --START--
INFO: Run Behavior\ReadHtmlCacheBehavior [ RunTime:0.000000s ]
INFO: [ app_begin ] --END-- [ RunTime:0.000000s ]
SQL: SHOW COLUMNS FROM `dxyh_friendship_link` [ RunTime:0.0100s ]
SQL: SELECT `link_name`,`link` FROM `dxyh_friendship_link` LIMIT 0,15   [ RunTime:0.0090s ]
SQL: SHOW COLUMNS FROM `dxyh_visit` [ RunTime:0.0090s ]
SQL: INSERT INTO `dxyh_visit` (`ip`,`create_time`) VALUES ('2130706433','1491791367') [ RunTime:0.1480s ]
SQL: SHOW COLUMNS FROM `dxyh_website_image` [ RunTime:0.0120s ]
SQL: SELECT `image`,`img_link` FROM `dxyh_website_image` WHERE `type` = 1 AND `status` = 1 ORDER BY `sort` desc LIMIT 0,15   [ RunTime:0.0090s ]
SQL: SHOW COLUMNS FROM `dxyh_coptic` [ RunTime:0.0110s ]
SQL: SELECT `id`,`coptic_title`,`coptic_cover`,`abstract` FROM `dxyh_coptic` ORDER BY `create_time` desc LIMIT 0,8   [ RunTime:0.0120s ]
SQL: SHOW COLUMNS FROM `dxyh_coptic_type` [ RunTime:0.0090s ]
SQL: SELECT * FROM `dxyh_coptic_type` ORDER BY `sort` desc,`create_time` desc LIMIT 0,15   [ RunTime:0.0100s ]
SQL: SHOW COLUMNS FROM `dxyh_activity` [ RunTime:0.0130s ]
NOTIC: [8] Undefined offset: 0 D:\WWW\daxiaoyihu\ThinkPHP\Library\Think\Db\Driver.class.php 第 550 行.
NOTIC: [8] Undefined offset: 0 D:\WWW\daxiaoyihu\ThinkPHP\Library\Think\Db\Driver.class.php 第 596 行.
NOTIC: [8] Undefined offset: 0 D:\WWW\daxiaoyihu\ThinkPHP\Library\Think\Db\Driver.class.php 第 596 行.
NOTIC: [8] Undefined offset: 0 D:\WWW\daxiaoyihu\ThinkPHP\Library\Think\Db\Driver.class.php 第 597 行.
NOTIC: [8] Undefined offset: 0 D:\WWW\daxiaoyihu\ThinkPHP\Library\Think\Db\Driver.class.php 第 600 行.
SQL: SELECT `id`,`activity_name`,`activity_cover`,`enroll_end_time`,`browse_volume` FROM `dxyh_activity` WHERE ( `status` = null  ) ORDER BY `create_time` desc LIMIT 0,3   [ RunTime:0.0120s ]
INFO: [ view_parse ] --START--
INFO: [ template_filter ] --START--
INFO: Run Behavior\ContentReplaceBehavior [ RunTime:0.000000s ]
INFO: [ template_filter ] --END-- [ RunTime:0.000000s ]
INFO: Run Behavior\ParseTemplateBehavior [ RunTime:0.014001s ]
INFO: [ view_parse ] --END-- [ RunTime:0.014001s ]
INFO: [ view_filter ] --START--
INFO: Run Behavior\WriteHtmlCacheBehavior [ RunTime:0.001000s ]
INFO: [ view_filter ] --END-- [ RunTime:0.001000s ]
INFO: [ app_end ] --START--
INFO: Run Behavior\ShowPageTraceBehavior [ RunTime:0.001000s ]
INFO: [ app_end ] --END-- [ RunTime:0.001000s ]

[ 2017-04-10T10:30:16+08:00 ] 127.0.0.1 /?bsh_bid=1666945414
INFO: [ app_init ] --START--
INFO: Run Behavior\BuildLiteBehavior [ RunTime:0.000000s ]
INFO: [ app_init ] --END-- [ RunTime:0.000000s ]
INFO: [ app_begin ] --START--
INFO: Run Behavior\ReadHtmlCacheBehavior [ RunTime:0.000000s ]
INFO: [ app_begin ] --END-- [ RunTime:0.000000s ]
SQL: SHOW COLUMNS FROM `dxyh_friendship_link` [ RunTime:0.0120s ]
SQL: SELECT `link_name`,`link` FROM `dxyh_friendship_link` LIMIT 0,15   [ RunTime:0.0100s ]
SQL: SHOW COLUMNS FROM `dxyh_visit` [ RunTime:0.0120s ]
SQL: INSERT INTO `dxyh_visit` (`ip`,`create_time`) VALUES ('2130706433','1491791416') [ RunTime:0.1890s ]
SQL: SHOW COLUMNS FROM `dxyh_website_image` [ RunTime:0.0120s ]
SQL: SELECT `image`,`img_link` FROM `dxyh_website_image` WHERE `type` = 1 AND `status` = 1 ORDER BY `sort` desc LIMIT 0,15   [ RunTime:0.0110s ]
SQL: SHOW COLUMNS FROM `dxyh_coptic` [ RunTime:0.0110s ]
SQL: SELECT `id`,`coptic_title`,`coptic_cover`,`abstract` FROM `dxyh_coptic` ORDER BY `create_time` desc LIMIT 0,8   [ RunTime:0.0120s ]
SQL: SHOW COLUMNS FROM `dxyh_coptic_type` [ RunTime:0.0120s ]
SQL: SELECT * FROM `dxyh_coptic_type` ORDER BY `sort` desc,`create_time` desc LIMIT 0,15   [ RunTime:0.0150s ]
SQL: SHOW COLUMNS FROM `dxyh_activity` [ RunTime:0.0190s ]
NOTIC: [8] Undefined offset: 0 D:\WWW\daxiaoyihu\ThinkPHP\Library\Think\Db\Driver.class.php 第 550 行.
NOTIC: [8] Undefined offset: 0 D:\WWW\daxiaoyihu\ThinkPHP\Library\Think\Db\Driver.class.php 第 596 行.
NOTIC: [8] Undefined offset: 0 D:\WWW\daxiaoyihu\ThinkPHP\Library\Think\Db\Driver.class.php 第 596 行.
NOTIC: [8] Undefined offset: 0 D:\WWW\daxiaoyihu\ThinkPHP\Library\Think\Db\Driver.class.php 第 597 行.
NOTIC: [8] Undefined offset: 0 D:\WWW\daxiaoyihu\ThinkPHP\Library\Think\Db\Driver.class.php 第 600 行.
SQL: SELECT `id`,`activity_name`,`activity_cover`,`enroll_end_time`,`browse_volume` FROM `dxyh_activity` WHERE ( `status` = null  ) ORDER BY `create_time` desc LIMIT 0,3   [ RunTime:0.0110s ]
INFO: [ view_parse ] --START--
INFO: [ template_filter ] --START--
INFO: Run Behavior\ContentReplaceBehavior [ RunTime:0.011001s ]
INFO: [ template_filter ] --END-- [ RunTime:0.011001s ]
INFO: Run Behavior\ParseTemplateBehavior [ RunTime:0.022001s ]
INFO: [ view_parse ] --END-- [ RunTime:0.022001s ]
INFO: [ view_filter ] --START--
INFO: Run Behavior\WriteHtmlCacheBehavior [ RunTime:0.001000s ]
INFO: [ view_filter ] --END-- [ RunTime:0.001000s ]
INFO: [ app_end ] --START--
INFO: Run Behavior\ShowPageTraceBehavior [ RunTime:0.000000s ]
INFO: [ app_end ] --END-- [ RunTime:0.000000s ]

[ 2017-04-10T11:00:49+08:00 ] 127.0.0.1 /
INFO: [ app_init ] --START--
INFO: Run Behavior\BuildLiteBehavior [ RunTime:0.000000s ]
INFO: [ app_init ] --END-- [ RunTime:0.000000s ]
INFO: [ app_begin ] --START--
INFO: Run Behavior\ReadHtmlCacheBehavior [ RunTime:0.000000s ]
INFO: [ app_begin ] --END-- [ RunTime:0.001001s ]
SQL: SHOW COLUMNS FROM `dxyh_friendship_link` [ RunTime:0.0110s ]
SQL: SELECT `link_name`,`link` FROM `dxyh_friendship_link` LIMIT 0,15   [ RunTime:0.0110s ]
SQL: SHOW COLUMNS FROM `dxyh_visit` [ RunTime:0.0120s ]
SQL: INSERT INTO `dxyh_visit` (`ip`,`create_time`) VALUES ('2130706433','1491793249') [ RunTime:0.1620s ]
SQL: SHOW COLUMNS FROM `dxyh_website_image` [ RunTime:0.0110s ]
SQL: SELECT `image`,`img_link` FROM `dxyh_website_image` WHERE `type` = 1 AND `status` = 1 ORDER BY `sort` desc LIMIT 0,15   [ RunTime:0.0110s ]
SQL: SHOW COLUMNS FROM `dxyh_coptic` [ RunTime:0.0120s ]
SQL: SELECT `id`,`coptic_title`,`coptic_cover`,`abstract` FROM `dxyh_coptic` ORDER BY `create_time` desc LIMIT 0,8   [ RunTime:0.0420s ]
SQL: SHOW COLUMNS FROM `dxyh_coptic_type` [ RunTime:0.0100s ]
SQL: SELECT * FROM `dxyh_coptic_type` ORDER BY `sort` desc,`create_time` desc LIMIT 0,15   [ RunTime:0.0110s ]
SQL: SHOW COLUMNS FROM `dxyh_activity` [ RunTime:0.0120s ]
NOTIC: [8] Undefined offset: 0 D:\WWW\daxiaoyihu\ThinkPHP\Library\Think\Db\Driver.class.php 第 550 行.
NOTIC: [8] Undefined offset: 0 D:\WWW\daxiaoyihu\ThinkPHP\Library\Think\Db\Driver.class.php 第 596 行.
NOTIC: [8] Undefined offset: 0 D:\WWW\daxiaoyihu\ThinkPHP\Library\Think\Db\Driver.class.php 第 596 行.
NOTIC: [8] Undefined offset: 0 D:\WWW\daxiaoyihu\ThinkPHP\Library\Think\Db\Driver.class.php 第 597 行.
NOTIC: [8] Undefined offset: 0 D:\WWW\daxiaoyihu\ThinkPHP\Library\Think\Db\Driver.class.php 第 600 行.
SQL: SELECT `id`,`activity_name`,`activity_cover`,`enroll_end_time`,`browse_volume` FROM `dxyh_activity` WHERE ( `status` = null  ) ORDER BY `create_time` desc LIMIT 0,3   [ RunTime:0.0190s ]
INFO: [ view_parse ] --START--
INFO: [ template_filter ] --START--
INFO: Run Behavior\ContentReplaceBehavior [ RunTime:0.000000s ]
INFO: [ template_filter ] --END-- [ RunTime:0.000000s ]
INFO: Run Behavior\ParseTemplateBehavior [ RunTime:0.011001s ]
INFO: [ view_parse ] --END-- [ RunTime:0.011001s ]
INFO: [ view_filter ] --START--
INFO: Run Behavior\WriteHtmlCacheBehavior [ RunTime:0.000000s ]
INFO: [ view_filter ] --END-- [ RunTime:0.000000s ]
INFO: [ app_end ] --START--
INFO: Run Behavior\ShowPageTraceBehavior [ RunTime:0.001000s ]
INFO: [ app_end ] --END-- [ RunTime:0.001000s ]

[ 2017-04-10T11:05:56+08:00 ] 127.0.0.1 /
INFO: [ app_init ] --START--
INFO: Run Behavior\BuildLiteBehavior [ RunTime:0.000000s ]
INFO: [ app_init ] --END-- [ RunTime:0.000000s ]
INFO: [ app_begin ] --START--
INFO: Run Behavior\ReadHtmlCacheBehavior [ RunTime:0.001000s ]
INFO: [ app_begin ] --END-- [ RunTime:0.001000s ]
SQL: SHOW COLUMNS FROM `dxyh_friendship_link` [ RunTime:0.0110s ]
SQL: SELECT `link_name`,`link` FROM `dxyh_friendship_link` LIMIT 0,15   [ RunTime:0.0100s ]
SQL: SHOW COLUMNS FROM `dxyh_visit` [ RunTime:0.0110s ]
SQL: INSERT INTO `dxyh_visit` (`ip`,`create_time`) VALUES ('2130706433','1491793556') [ RunTime:0.1500s ]
SQL: SHOW COLUMNS FROM `dxyh_website_image` [ RunTime:0.0090s ]
SQL: SELECT `image`,`img_link` FROM `dxyh_website_image` WHERE `type` = 1 AND `status` = 1 ORDER BY `sort` desc LIMIT 0,15   [ RunTime:0.0100s ]
SQL: SHOW COLUMNS FROM `dxyh_coptic` [ RunTime:0.0110s ]
SQL: SELECT `id`,`coptic_title`,`coptic_cover`,`abstract` FROM `dxyh_coptic` ORDER BY `create_time` desc LIMIT 0,8   [ RunTime:0.0110s ]
SQL: SHOW COLUMNS FROM `dxyh_coptic_type` [ RunTime:0.0120s ]
SQL: SELECT * FROM `dxyh_coptic_type` ORDER BY `sort` desc,`create_time` desc LIMIT 0,15   [ RunTime:0.0120s ]
SQL: SHOW COLUMNS FROM `dxyh_activity` [ RunTime:0.0120s ]
NOTIC: [8] Undefined offset: 0 D:\WWW\daxiaoyihu\ThinkPHP\Library\Think\Db\Driver.class.php 第 550 行.
NOTIC: [8] Undefined offset: 0 D:\WWW\daxiaoyihu\ThinkPHP\Library\Think\Db\Driver.class.php 第 596 行.
NOTIC: [8] Undefined offset: 0 D:\WWW\daxiaoyihu\ThinkPHP\Library\Think\Db\Driver.class.php 第 596 行.
NOTIC: [8] Undefined offset: 0 D:\WWW\daxiaoyihu\ThinkPHP\Library\Think\Db\Driver.class.php 第 597 行.
NOTIC: [8] Undefined offset: 0 D:\WWW\daxiaoyihu\ThinkPHP\Library\Think\Db\Driver.class.php 第 600 行.
SQL: SELECT `id`,`activity_name`,`activity_cover`,`enroll_end_time`,`browse_volume` FROM `dxyh_activity` WHERE ( `status` = null  ) ORDER BY `create_time` desc LIMIT 0,3   [ RunTime:0.0110s ]
INFO: [ view_parse ] --START--
INFO: [ template_filter ] --START--
INFO: Run Behavior\ContentReplaceBehavior [ RunTime:0.000000s ]
INFO: [ template_filter ] --END-- [ RunTime:0.000000s ]
INFO: Run Behavior\ParseTemplateBehavior [ RunTime:0.016001s ]
INFO: [ view_parse ] --END-- [ RunTime:0.016001s ]
INFO: [ view_filter ] --START--
INFO: Run Behavior\WriteHtmlCacheBehavior [ RunTime:0.001000s ]
INFO: [ view_filter ] --END-- [ RunTime:0.001000s ]
INFO: [ app_end ] --START--
INFO: Run Behavior\ShowPageTraceBehavior [ RunTime:0.001000s ]
INFO: [ app_end ] --END-- [ RunTime:0.001000s ]

[ 2017-04-10T11:06:28+08:00 ] 127.0.0.1 /
INFO: [ app_init ] --START--
INFO: Run Behavior\BuildLiteBehavior [ RunTime:0.000000s ]
INFO: [ app_init ] --END-- [ RunTime:0.001000s ]
INFO: [ app_begin ] --START--
INFO: Run Behavior\ReadHtmlCacheBehavior [ RunTime:0.000000s ]
INFO: [ app_begin ] --END-- [ RunTime:0.000000s ]
SQL: SHOW COLUMNS FROM `dxyh_friendship_link` [ RunTime:0.0160s ]
SQL: SELECT `link_name`,`link` FROM `dxyh_friendship_link` LIMIT 0,15   [ RunTime:0.0160s ]
SQL: SHOW COLUMNS FROM `dxyh_visit` [ RunTime:0.0140s ]
SQL: INSERT INTO `dxyh_visit` (`ip`,`create_time`) VALUES ('2130706433','1491793588') [ RunTime:0.1500s ]
SQL: SHOW COLUMNS FROM `dxyh_website_image` [ RunTime:0.0100s ]
SQL: SELECT `image`,`img_link` FROM `dxyh_website_image` WHERE `type` = 1 AND `status` = 1 ORDER BY `sort` desc LIMIT 0,15   [ RunTime:0.0100s ]
SQL: SHOW COLUMNS FROM `dxyh_coptic` [ RunTime:0.0120s ]
SQL: SELECT `id`,`coptic_title`,`coptic_cover`,`abstract` FROM `dxyh_coptic` ORDER BY `create_time` desc LIMIT 0,8   [ RunTime:0.0100s ]
SQL: SHOW COLUMNS FROM `dxyh_coptic_type` [ RunTime:0.0100s ]
SQL: SELECT * FROM `dxyh_coptic_type` ORDER BY `sort` desc,`create_time` desc LIMIT 0,15   [ RunTime:0.0120s ]
SQL: SHOW COLUMNS FROM `dxyh_activity` [ RunTime:0.0120s ]
NOTIC: [8] Undefined offset: 0 D:\WWW\daxiaoyihu\ThinkPHP\Library\Think\Db\Driver.class.php 第 550 行.
NOTIC: [8] Undefined offset: 0 D:\WWW\daxiaoyihu\ThinkPHP\Library\Think\Db\Driver.class.php 第 596 行.
NOTIC: [8] Undefined offset: 0 D:\WWW\daxiaoyihu\ThinkPHP\Library\Think\Db\Driver.class.php 第 596 行.
NOTIC: [8] Undefined offset: 0 D:\WWW\daxiaoyihu\ThinkPHP\Library\Think\Db\Driver.class.php 第 597 行.
NOTIC: [8] Undefined offset: 0 D:\WWW\daxiaoyihu\ThinkPHP\Library\Think\Db\Driver.class.php 第 600 行.
SQL: SELECT `id`,`activity_name`,`activity_cover`,`enroll_end_time`,`browse_volume` FROM `dxyh_activity` WHERE ( `status` = null  ) ORDER BY `create_time` desc LIMIT 0,3   [ RunTime:0.0090s ]
INFO: [ view_parse ] --START--
INFO: [ template_filter ] --START--
INFO: Run Behavior\ContentReplaceBehavior [ RunTime:0.000000s ]
INFO: [ template_filter ] --END-- [ RunTime:0.000000s ]
INFO: Run Behavior\ParseTemplateBehavior [ RunTime:0.010000s ]
INFO: [ view_parse ] --END-- [ RunTime:0.011000s ]
INFO: [ view_filter ] --START--
INFO: Run Behavior\WriteHtmlCacheBehavior [ RunTime:0.000000s ]
INFO: [ view_filter ] --END-- [ RunTime:0.000000s ]
INFO: [ app_end ] --START--
INFO: Run Behavior\ShowPageTraceBehavior [ RunTime:0.001000s ]
INFO: [ app_end ] --END-- [ RunTime:0.001000s ]

[ 2017-04-10T11:07:56+08:00 ] 127.0.0.1 /
INFO: [ app_init ] --START--
INFO: Run Behavior\BuildLiteBehavior [ RunTime:0.000000s ]
INFO: [ app_init ] --END-- [ RunTime:0.000000s ]
INFO: [ app_begin ] --START--
INFO: Run Behavior\ReadHtmlCacheBehavior [ RunTime:0.001000s ]
INFO: [ app_begin ] --END-- [ RunTime:0.001000s ]
SQL: SHOW COLUMNS FROM `dxyh_friendship_link` [ RunTime:0.0130s ]
SQL: SELECT `link_name`,`link` FROM `dxyh_friendship_link` LIMIT 0,15   [ RunTime:0.0080s ]
SQL: SHOW COLUMNS FROM `dxyh_visit` [ RunTime:0.0110s ]
SQL: INSERT INTO `dxyh_visit` (`ip`,`create_time`) VALUES ('2130706433','1491793676') [ RunTime:0.1550s ]
SQL: SHOW COLUMNS FROM `dxyh_website_image` [ RunTime:0.0120s ]
SQL: SELECT `image`,`img_link` FROM `dxyh_website_image` WHERE `type` = 1 AND `status` = 1 ORDER BY `sort` desc LIMIT 0,15   [ RunTime:0.0120s ]
SQL: SHOW COLUMNS FROM `dxyh_coptic` [ RunTime:0.0100s ]
SQL: SELECT `id`,`coptic_title`,`coptic_cover`,`abstract` FROM `dxyh_coptic` ORDER BY `create_time` desc LIMIT 0,8   [ RunTime:0.0100s ]
SQL: SHOW COLUMNS FROM `dxyh_coptic_type` [ RunTime:0.0120s ]
SQL: SELECT * FROM `dxyh_coptic_type` ORDER BY `sort` desc,`create_time` desc LIMIT 0,15   [ RunTime:0.0090s ]
SQL: SHOW COLUMNS FROM `dxyh_activity` [ RunTime:0.0100s ]
NOTIC: [8] Undefined offset: 0 D:\WWW\daxiaoyihu\ThinkPHP\Library\Think\Db\Driver.class.php 第 550 行.
NOTIC: [8] Undefined offset: 0 D:\WWW\daxiaoyihu\ThinkPHP\Library\Think\Db\Driver.class.php 第 596 行.
NOTIC: [8] Undefined offset: 0 D:\WWW\daxiaoyihu\ThinkPHP\Library\Think\Db\Driver.class.php 第 596 行.
NOTIC: [8] Undefined offset: 0 D:\WWW\daxiaoyihu\ThinkPHP\Library\Think\Db\Driver.class.php 第 597 行.
NOTIC: [8] Undefined offset: 0 D:\WWW\daxiaoyihu\ThinkPHP\Library\Think\Db\Driver.class.php 第 600 行.
SQL: SELECT `id`,`activity_name`,`activity_cover`,`enroll_end_time`,`browse_volume` FROM `dxyh_activity` WHERE ( `status` = null  ) ORDER BY `create_time` desc LIMIT 0,3   [ RunTime:0.0100s ]
INFO: [ view_parse ] --START--
INFO: [ template_filter ] --START--
INFO: Run Behavior\ContentReplaceBehavior [ RunTime:0.000000s ]
INFO: [ template_filter ] --END-- [ RunTime:0.000000s ]
INFO: Run Behavior\ParseTemplateBehavior [ RunTime:0.012001s ]
INFO: [ view_parse ] --END-- [ RunTime:0.012001s ]
INFO: [ view_filter ] --START--
INFO: Run Behavior\WriteHtmlCacheBehavior [ RunTime:0.000000s ]
INFO: [ view_filter ] --END-- [ RunTime:0.000000s ]
INFO: [ app_end ] --START--
INFO: Run Behavior\ShowPageTraceBehavior [ RunTime:0.000000s ]
INFO: [ app_end ] --END-- [ RunTime:0.000000s ]

[ 2017-04-10T11:08:17+08:00 ] 127.0.0.1 /
INFO: [ app_init ] --START--
INFO: Run Behavior\BuildLiteBehavior [ RunTime:0.000000s ]
INFO: [ app_init ] --END-- [ RunTime:0.001000s ]
INFO: [ app_begin ] --START--
INFO: Run Behavior\ReadHtmlCacheBehavior [ RunTime:0.000000s ]
INFO: [ app_begin ] --END-- [ RunTime:0.000000s ]
SQL: SHOW COLUMNS FROM `dxyh_friendship_link` [ RunTime:0.0090s ]
SQL: SELECT `link_name`,`link` FROM `dxyh_friendship_link` LIMIT 0,15   [ RunTime:0.0090s ]
SQL: SHOW COLUMNS FROM `dxyh_visit` [ RunTime:0.0090s ]
SQL: INSERT INTO `dxyh_visit` (`ip`,`create_time`) VALUES ('2130706433','1491793697') [ RunTime:0.1920s ]
SQL: SHOW COLUMNS FROM `dxyh_website_image` [ RunTime:0.0110s ]
SQL: SELECT `image`,`img_link` FROM `dxyh_website_image` WHERE `type` = 1 AND `status` = 1 ORDER BY `sort` desc LIMIT 0,15   [ RunTime:0.0180s ]
SQL: SHOW COLUMNS FROM `dxyh_coptic` [ RunTime:0.0100s ]
SQL: SELECT `id`,`coptic_title`,`coptic_cover`,`abstract` FROM `dxyh_coptic` ORDER BY `create_time` desc LIMIT 0,8   [ RunTime:0.0110s ]
SQL: SHOW COLUMNS FROM `dxyh_coptic_type` [ RunTime:0.0100s ]
SQL: SELECT * FROM `dxyh_coptic_type` ORDER BY `sort` desc,`create_time` desc LIMIT 0,15   [ RunTime:0.0090s ]
SQL: SHOW COLUMNS FROM `dxyh_activity` [ RunTime:0.0100s ]
NOTIC: [8] Undefined offset: 0 D:\WWW\daxiaoyihu\ThinkPHP\Library\Think\Db\Driver.class.php 第 550 行.
NOTIC: [8] Undefined offset: 0 D:\WWW\daxiaoyihu\ThinkPHP\Library\Think\Db\Driver.class.php 第 596 行.
NOTIC: [8] Undefined offset: 0 D:\WWW\daxiaoyihu\ThinkPHP\Library\Think\Db\Driver.class.php 第 596 行.
NOTIC: [8] Undefined offset: 0 D:\WWW\daxiaoyihu\ThinkPHP\Library\Think\Db\Driver.class.php 第 597 行.
NOTIC: [8] Undefined offset: 0 D:\WWW\daxiaoyihu\ThinkPHP\Library\Think\Db\Driver.class.php 第 600 行.
SQL: SELECT `id`,`activity_name`,`activity_cover`,`enroll_end_time`,`browse_volume` FROM `dxyh_activity` WHERE ( `status` = null  ) ORDER BY `create_time` desc LIMIT 0,3   [ RunTime:0.0090s ]
INFO: [ view_parse ] --START--
INFO: [ template_filter ] --START--
INFO: Run Behavior\ContentReplaceBehavior [ RunTime:0.000000s ]
INFO: [ template_filter ] --END-- [ RunTime:0.000000s ]
INFO: Run Behavior\ParseTemplateBehavior [ RunTime:0.012001s ]
INFO: [ view_parse ] --END-- [ RunTime:0.012001s ]
INFO: [ view_filter ] --START--
INFO: Run Behavior\WriteHtmlCacheBehavior [ RunTime:0.000000s ]
INFO: [ view_filter ] --END-- [ RunTime:0.000000s ]
INFO: [ app_end ] --START--
INFO: Run Behavior\ShowPageTraceBehavior [ RunTime:0.001000s ]
INFO: [ app_end ] --END-- [ RunTime:0.001000s ]

[ 2017-04-10T11:08:37+08:00 ] 127.0.0.1 /
INFO: [ app_init ] --START--
INFO: Run Behavior\BuildLiteBehavior [ RunTime:0.000000s ]
INFO: [ app_init ] --END-- [ RunTime:0.001000s ]
INFO: [ app_begin ] --START--
INFO: Run Behavior\ReadHtmlCacheBehavior [ RunTime:0.000000s ]
INFO: [ app_begin ] --END-- [ RunTime:0.000000s ]
SQL: SHOW COLUMNS FROM `dxyh_friendship_link` [ RunTime:0.0100s ]
SQL: SELECT `link_name`,`link` FROM `dxyh_friendship_link` LIMIT 0,15   [ RunTime:0.0090s ]
SQL: SHOW COLUMNS FROM `dxyh_visit` [ RunTime:0.0110s ]
SQL: INSERT INTO `dxyh_visit` (`ip`,`create_time`) VALUES ('2130706433','1491793717') [ RunTime:0.1880s ]
SQL: SHOW COLUMNS FROM `dxyh_website_image` [ RunTime:0.0110s ]
SQL: SELECT `image`,`img_link` FROM `dxyh_website_image` WHERE `type` = 1 AND `status` = 1 ORDER BY `sort` desc LIMIT 0,15   [ RunTime:0.0100s ]
SQL: SHOW COLUMNS FROM `dxyh_coptic` [ RunTime:0.0140s ]
SQL: SELECT `id`,`coptic_title`,`coptic_cover`,`abstract` FROM `dxyh_coptic` ORDER BY `create_time` desc LIMIT 0,8   [ RunTime:0.0190s ]
SQL: SHOW COLUMNS FROM `dxyh_coptic_type` [ RunTime:0.0130s ]
SQL: SELECT * FROM `dxyh_coptic_type` ORDER BY `sort` desc,`create_time` desc LIMIT 0,15   [ RunTime:0.0120s ]
SQL: SHOW COLUMNS FROM `dxyh_activity` [ RunTime:0.0130s ]
NOTIC: [8] Undefined offset: 0 D:\WWW\daxiaoyihu\ThinkPHP\Library\Think\Db\Driver.class.php 第 550 行.
NOTIC: [8] Undefined offset: 0 D:\WWW\daxiaoyihu\ThinkPHP\Library\Think\Db\Driver.class.php 第 596 行.
NOTIC: [8] Undefined offset: 0 D:\WWW\daxiaoyihu\ThinkPHP\Library\Think\Db\Driver.class.php 第 596 行.
NOTIC: [8] Undefined offset: 0 D:\WWW\daxiaoyihu\ThinkPHP\Library\Think\Db\Driver.class.php 第 597 行.
NOTIC: [8] Undefined offset: 0 D:\WWW\daxiaoyihu\ThinkPHP\Library\Think\Db\Driver.class.php 第 600 行.
SQL: SELECT `id`,`activity_name`,`activity_cover`,`enroll_end_time`,`browse_volume` FROM `dxyh_activity` WHERE ( `status` = null  ) ORDER BY `create_time` desc LIMIT 0,3   [ RunTime:0.0100s ]
INFO: [ view_parse ] --START--
INFO: [ template_filter ] --START--
INFO: Run Behavior\ContentReplaceBehavior [ RunTime:0.000000s ]
INFO: [ template_filter ] --END-- [ RunTime:0.000000s ]
INFO: Run Behavior\ParseTemplateBehavior [ RunTime:0.011001s ]
INFO: [ view_parse ] --END-- [ RunTime:0.011001s ]
INFO: [ view_filter ] --START--
INFO: Run Behavior\WriteHtmlCacheBehavior [ RunTime:0.001000s ]
INFO: [ view_filter ] --END-- [ RunTime:0.001000s ]
INFO: [ app_end ] --START--
INFO: Run Behavior\ShowPageTraceBehavior [ RunTime:0.001000s ]
INFO: [ app_end ] --END-- [ RunTime:0.001000s ]

[ 2017-04-10T11:08:53+08:00 ] 127.0.0.1 /
INFO: [ app_init ] --START--
INFO: Run Behavior\BuildLiteBehavior [ RunTime:0.000000s ]
INFO: [ app_init ] --END-- [ RunTime:0.000000s ]
INFO: [ app_begin ] --START--
INFO: Run Behavior\ReadHtmlCacheBehavior [ RunTime:0.000000s ]
INFO: [ app_begin ] --END-- [ RunTime:0.000000s ]
SQL: SHOW COLUMNS FROM `dxyh_friendship_link` [ RunTime:0.0120s ]
SQL: SELECT `link_name`,`link` FROM `dxyh_friendship_link` LIMIT 0,15   [ RunTime:0.0120s ]
SQL: SHOW COLUMNS FROM `dxyh_visit` [ RunTime:0.0120s ]
SQL: INSERT INTO `dxyh_visit` (`ip`,`create_time`) VALUES ('2130706433','1491793733') [ RunTime:0.1420s ]
SQL: SHOW COLUMNS FROM `dxyh_website_image` [ RunTime:0.0110s ]
SQL: SELECT `image`,`img_link` FROM `dxyh_website_image` WHERE `type` = 1 AND `status` = 1 ORDER BY `sort` desc LIMIT 0,15   [ RunTime:0.0140s ]
SQL: SHOW COLUMNS FROM `dxyh_coptic` [ RunTime:0.0110s ]
SQL: SELECT `id`,`coptic_title`,`coptic_cover`,`abstract` FROM `dxyh_coptic` ORDER BY `create_time` desc LIMIT 0,8   [ RunTime:0.0100s ]
SQL: SHOW COLUMNS FROM `dxyh_coptic_type` [ RunTime:0.0150s ]
SQL: SELECT * FROM `dxyh_coptic_type` ORDER BY `sort` desc,`create_time` desc LIMIT 0,15   [ RunTime:0.0110s ]
SQL: SHOW COLUMNS FROM `dxyh_activity` [ RunTime:0.0110s ]
NOTIC: [8] Undefined offset: 0 D:\WWW\daxiaoyihu\ThinkPHP\Library\Think\Db\Driver.class.php 第 550 行.
NOTIC: [8] Undefined offset: 0 D:\WWW\daxiaoyihu\ThinkPHP\Library\Think\Db\Driver.class.php 第 596 行.
NOTIC: [8] Undefined offset: 0 D:\WWW\daxiaoyihu\ThinkPHP\Library\Think\Db\Driver.class.php 第 596 行.
NOTIC: [8] Undefined offset: 0 D:\WWW\daxiaoyihu\ThinkPHP\Library\Think\Db\Driver.class.php 第 597 行.
NOTIC: [8] Undefined offset: 0 D:\WWW\daxiaoyihu\ThinkPHP\Library\Think\Db\Driver.class.php 第 600 行.
SQL: SELECT `id`,`activity_name`,`activity_cover`,`enroll_end_time`,`browse_volume` FROM `dxyh_activity` WHERE ( `status` = null  ) ORDER BY `create_time` desc LIMIT 0,3   [ RunTime:0.0110s ]
INFO: [ view_parse ] --START--
INFO: [ template_filter ] --START--
INFO: Run Behavior\ContentReplaceBehavior [ RunTime:0.000000s ]
INFO: [ template_filter ] --END-- [ RunTime:0.000000s ]
INFO: Run Behavior\ParseTemplateBehavior [ RunTime:0.007001s ]
INFO: [ view_parse ] --END-- [ RunTime:0.007001s ]
INFO: [ view_filter ] --START--
INFO: Run Behavior\WriteHtmlCacheBehavior [ RunTime:0.000000s ]
INFO: [ view_filter ] --END-- [ RunTime:0.000000s ]
INFO: [ app_end ] --START--
INFO: Run Behavior\ShowPageTraceBehavior [ RunTime:0.001000s ]
INFO: [ app_end ] --END-- [ RunTime:0.001000s ]

[ 2017-04-10T11:09:47+08:00 ] 127.0.0.1 /
INFO: [ app_init ] --START--
INFO: Run Behavior\BuildLiteBehavior [ RunTime:0.000000s ]
INFO: [ app_init ] --END-- [ RunTime:0.001000s ]
INFO: [ app_begin ] --START--
INFO: Run Behavior\ReadHtmlCacheBehavior [ RunTime:0.001001s ]
INFO: [ app_begin ] --END-- [ RunTime:0.001001s ]
SQL: SHOW COLUMNS FROM `dxyh_friendship_link` [ RunTime:0.0150s ]
SQL: SELECT `link_name`,`link` FROM `dxyh_friendship_link` LIMIT 0,15   [ RunTime:0.0150s ]
SQL: SHOW COLUMNS FROM `dxyh_visit` [ RunTime:0.0130s ]
SQL: INSERT INTO `dxyh_visit` (`ip`,`create_time`) VALUES ('2130706433','1491793787') [ RunTime:0.1520s ]
SQL: SHOW COLUMNS FROM `dxyh_website_image` [ RunTime:0.0120s ]
SQL: SELECT `image`,`img_link` FROM `dxyh_website_image` WHERE `type` = 1 AND `status` = 1 ORDER BY `sort` desc LIMIT 0,15   [ RunTime:0.0120s ]
SQL: SHOW COLUMNS FROM `dxyh_coptic` [ RunTime:0.0100s ]
SQL: SELECT `id`,`coptic_title`,`coptic_cover`,`abstract` FROM `dxyh_coptic` ORDER BY `create_time` desc LIMIT 0,8   [ RunTime:0.0100s ]
SQL: SHOW COLUMNS FROM `dxyh_coptic_type` [ RunTime:0.0110s ]
SQL: SELECT * FROM `dxyh_coptic_type` ORDER BY `sort` desc,`create_time` desc LIMIT 0,15   [ RunTime:0.0110s ]
SQL: SHOW COLUMNS FROM `dxyh_activity` [ RunTime:0.0110s ]
NOTIC: [8] Undefined offset: 0 D:\WWW\daxiaoyihu\ThinkPHP\Library\Think\Db\Driver.class.php 第 550 行.
NOTIC: [8] Undefined offset: 0 D:\WWW\daxiaoyihu\ThinkPHP\Library\Think\Db\Driver.class.php 第 596 行.
NOTIC: [8] Undefined offset: 0 D:\WWW\daxiaoyihu\ThinkPHP\Library\Think\Db\Driver.class.php 第 596 行.
NOTIC: [8] Undefined offset: 0 D:\WWW\daxiaoyihu\ThinkPHP\Library\Think\Db\Driver.class.php 第 597 行.
NOTIC: [8] Undefined offset: 0 D:\WWW\daxiaoyihu\ThinkPHP\Library\Think\Db\Driver.class.php 第 600 行.
SQL: SELECT `id`,`activity_name`,`activity_cover`,`enroll_end_time`,`browse_volume` FROM `dxyh_activity` WHERE ( `status` = null  ) ORDER BY `create_time` desc LIMIT 0,3   [ RunTime:0.0100s ]
INFO: [ view_parse ] --START--
INFO: [ template_filter ] --START--
INFO: Run Behavior\ContentReplaceBehavior [ RunTime:0.000000s ]
INFO: [ template_filter ] --END-- [ RunTime:0.001000s ]
INFO: Run Behavior\ParseTemplateBehavior [ RunTime:0.009001s ]
INFO: [ view_parse ] --END-- [ RunTime:0.009001s ]
INFO: [ view_filter ] --START--
INFO: Run Behavior\WriteHtmlCacheBehavior [ RunTime:0.001000s ]
INFO: [ view_filter ] --END-- [ RunTime:0.001000s ]
INFO: [ app_end ] --START--
INFO: Run Behavior\ShowPageTraceBehavior [ RunTime:0.001000s ]
INFO: [ app_end ] --END-- [ RunTime:0.001000s ]

