[ 2017-05-15T09:20:50+08:00 ] 127.0.0.1 /
INFO: [ app_init ] --START--
INFO: Run Behavior\BuildLiteBehavior [ RunTime:0.000000s ]
INFO: [ app_init ] --END-- [ RunTime:0.021001s ]
INFO: [ app_begin ] --START--
INFO: Run Behavior\ReadHtmlCacheBehavior [ RunTime:0.012001s ]
INFO: [ app_begin ] --END-- [ RunTime:0.012001s ]
SQL: SHOW COLUMNS FROM `dxyh_friendship_link` [ RunTime:0.0100s ]
SQL: SELECT `link_name`,`link` FROM `dxyh_friendship_link`  [ RunTime:0.0090s ]
SQL: SHOW COLUMNS FROM `dxyh_visit` [ RunTime:0.0080s ]
SQL: INSERT INTO `dxyh_visit` (`ip`,`create_time`) VALUES ('2130706433','1494811249') [ RunTime:0.0220s ]
SQL: SHOW COLUMNS FROM `dxyh_website_image` [ RunTime:0.0090s ]
SQL: SELECT `image`,`img_link`,`app_image` FROM `dxyh_website_image` WHERE `type` = 1 AND `status` = 1 ORDER BY `sort` desc  [ RunTime:0.0070s ]
SQL: SHOW COLUMNS FROM `dxyh_coptic` [ RunTime:0.0090s ]
SQL: SELECT `id`,`coptic_title`,`coptic_cover`,`abstract` FROM `dxyh_coptic` ORDER BY `sort` desc LIMIT 0,8   [ RunTime:0.0080s ]
SQL: SHOW COLUMNS FROM `dxyh_coptic_type` [ RunTime:0.0080s ]
SQL: SELECT * FROM `dxyh_coptic_type` ORDER BY `sort` desc,`create_time` desc  [ RunTime:0.0080s ]
SQL: SHOW COLUMNS FROM `dxyh_activity` [ RunTime:0.0080s ]
SQL: SELECT `id`,`activity_name`,`activity_cover`,`enroll_end_time`,`browse_volume` FROM `dxyh_activity` WHERE `status` <> '3' ORDER BY `create_time` desc LIMIT 0,3   [ RunTime:0.0080s ]
INFO: [ view_parse ] --START--
INFO: [ template_filter ] --START--
INFO: Run Behavior\ContentReplaceBehavior [ RunTime:0.017001s ]
INFO: [ template_filter ] --END-- [ RunTime:0.017001s ]
INFO: Run Behavior\ParseTemplateBehavior [ RunTime:0.166010s ]
INFO: [ view_parse ] --END-- [ RunTime:0.166010s ]
INFO: [ view_filter ] --START--
INFO: Run Behavior\WriteHtmlCacheBehavior [ RunTime:0.011001s ]
INFO: [ view_filter ] --END-- [ RunTime:0.011001s ]
INFO: [ app_end ] --START--
INFO: Run Behavior\ShowPageTraceBehavior [ RunTime:0.025001s ]
INFO: [ app_end ] --END-- [ RunTime:0.025001s ]

[ 2017-05-15T09:20:59+08:00 ] 127.0.0.1 /Home/Coptic/index.html
INFO: [ app_init ] --START--
INFO: Run Behavior\BuildLiteBehavior [ RunTime:0.000000s ]
INFO: [ app_init ] --END-- [ RunTime:0.001000s ]
INFO: [ app_begin ] --START--
INFO: Run Behavior\ReadHtmlCacheBehavior [ RunTime:0.001000s ]
INFO: [ app_begin ] --END-- [ RunTime:0.001000s ]
SQL: SHOW COLUMNS FROM `dxyh_friendship_link` [ RunTime:0.0080s ]
SQL: SELECT `link_name`,`link` FROM `dxyh_friendship_link`  [ RunTime:0.0080s ]
SQL: SHOW COLUMNS FROM `dxyh_coptic` [ RunTime:0.0090s ]
SQL: SELECT `id`,`coptic_title`,`coptic_cover` FROM `dxyh_coptic` WHERE `referral` = 1 ORDER BY `create_time` desc  [ RunTime:0.0090s ]
SQL: SHOW COLUMNS FROM `dxyh_coptic` [ RunTime:0.0090s ]
NOTIC: [8] Undefined index: typeId D:\WWW\daxiaoyihu\Application\Home\Model\CopticModel.class.php 第 21 行.
NOTIC: [8] Undefined index: keyword D:\WWW\daxiaoyihu\Application\Home\Model\CopticModel.class.php 第 24 行.
SQL: SELECT COUNT(*) AS tp_count FROM dxyh_coptic ct1 INNER JOIN dxyh_coptic_type as ct2 ON ct1.coptic_type_id=ct2.id  LIMIT 1   [ RunTime:0.0070s ]
SQL: SELECT ct1.id,ct1.abstract,ct1.author,ct1.create_time,ct1.coptic_title,ct1.coptic_cover,ct2.category_name FROM dxyh_coptic ct1 INNER JOIN dxyh_coptic_type as ct2 ON ct1.coptic_type_id=ct2.id  ORDER BY ct1.sort desc LIMIT 0,10   [ RunTime:0.0100s ]
SQL: SHOW COLUMNS FROM `dxyh_coptic_type` [ RunTime:0.0100s ]
SQL: SELECT * FROM `dxyh_coptic_type` ORDER BY `sort` desc,`create_time` desc  [ RunTime:0.0120s ]
NOTIC: [8] Undefined index: typeId D:\WWW\daxiaoyihu\Application\Home\Controller\CopticController.class.php 第 27 行.
NOTIC: [8] Undefined index: keyword D:\WWW\daxiaoyihu\Application\Home\Controller\CopticController.class.php 第 28 行.
INFO: [ view_parse ] --START--
INFO: [ template_filter ] --START--
INFO: Run Behavior\ContentReplaceBehavior [ RunTime:0.010001s ]
INFO: [ template_filter ] --END-- [ RunTime:0.010001s ]
INFO: Run Behavior\ParseTemplateBehavior [ RunTime:0.042002s ]
INFO: [ view_parse ] --END-- [ RunTime:0.042002s ]
INFO: [ view_filter ] --START--
INFO: Run Behavior\WriteHtmlCacheBehavior [ RunTime:0.000000s ]
INFO: [ view_filter ] --END-- [ RunTime:0.001000s ]
INFO: [ app_end ] --START--
INFO: Run Behavior\ShowPageTraceBehavior [ RunTime:0.000000s ]
INFO: [ app_end ] --END-- [ RunTime:0.000000s ]

[ 2017-05-15T09:21:02+08:00 ] 127.0.0.1 /Home/Coptic/details/id/88.html
INFO: [ app_init ] --START--
INFO: Run Behavior\BuildLiteBehavior [ RunTime:0.000000s ]
INFO: [ app_init ] --END-- [ RunTime:0.000000s ]
INFO: [ app_begin ] --START--
INFO: Run Behavior\ReadHtmlCacheBehavior [ RunTime:0.000000s ]
INFO: [ app_begin ] --END-- [ RunTime:0.000000s ]
SQL: SHOW COLUMNS FROM `dxyh_friendship_link` [ RunTime:0.0060s ]
SQL: SELECT `link_name`,`link` FROM `dxyh_friendship_link`  [ RunTime:0.0050s ]
SQL: SHOW COLUMNS FROM `dxyh_coptic` [ RunTime:0.0060s ]
SQL: SELECT `id`,`coptic_title`,`coptic_cover` FROM `dxyh_coptic` WHERE `referral` = 1 ORDER BY `create_time` desc  [ RunTime:0.0050s ]
SQL: update dxyh_coptic set browse_volume = browse_volume+1 where id=88 [ RunTime:0.0220s ]
SQL: SHOW COLUMNS FROM `dxyh_coptic` [ RunTime:0.0060s ]
SQL: SELECT * FROM `dxyh_coptic` WHERE `id` = 88 LIMIT 1   [ RunTime:0.0070s ]
SQL: SHOW COLUMNS FROM `dxyh_comment` [ RunTime:0.0060s ]
SQL: SELECT c.id,c.parent_id,c.content,u.nickname,u.avatar,c.create_time,(select count(*) from dxyh_comment_likes WHERE dxyh_comment_likes.comment_id=c.id) as likesnum FROM dxyh_comment c INNER JOIN dxyh_user as u ON u.uid=c.uid  WHERE c.coptic_id = '88' AND c.status = 1 ORDER BY c.create_time desc  [ RunTime:0.0050s ]
INFO: [ view_parse ] --START--
INFO: [ template_filter ] --START--
INFO: Run Behavior\ContentReplaceBehavior [ RunTime:0.000000s ]
INFO: [ template_filter ] --END-- [ RunTime:0.000000s ]
NOTIC: [8] Undefined variable: checkLikes D:\WWW\daxiaoyihu\Application\Runtime\Cache\Home\dd356fbc8cfe3f3d929391b910cf4a90.php 第 245 行.
NOTIC: [8] Undefined variable: checkStoreUp D:\WWW\daxiaoyihu\Application\Runtime\Cache\Home\dd356fbc8cfe3f3d929391b910cf4a90.php 第 246 行.
INFO: Run Behavior\ParseTemplateBehavior [ RunTime:0.057003s ]
INFO: [ view_parse ] --END-- [ RunTime:0.057003s ]
INFO: [ view_filter ] --START--
INFO: Run Behavior\WriteHtmlCacheBehavior [ RunTime:0.001000s ]
INFO: [ view_filter ] --END-- [ RunTime:0.001000s ]
INFO: [ app_end ] --START--
INFO: Run Behavior\ShowPageTraceBehavior [ RunTime:0.001000s ]
INFO: [ app_end ] --END-- [ RunTime:0.001000s ]

[ 2017-05-15T09:21:15+08:00 ] 127.0.0.1 /Home/Coptic/details/id/86.html
INFO: [ app_init ] --START--
INFO: Run Behavior\BuildLiteBehavior [ RunTime:0.000000s ]
INFO: [ app_init ] --END-- [ RunTime:0.000000s ]
INFO: [ app_begin ] --START--
INFO: Run Behavior\ReadHtmlCacheBehavior [ RunTime:0.000000s ]
INFO: [ app_begin ] --END-- [ RunTime:0.000000s ]
SQL: SHOW COLUMNS FROM `dxyh_friendship_link` [ RunTime:0.0100s ]
SQL: SELECT `link_name`,`link` FROM `dxyh_friendship_link`  [ RunTime:0.0080s ]
SQL: SHOW COLUMNS FROM `dxyh_coptic` [ RunTime:0.0080s ]
SQL: SELECT `id`,`coptic_title`,`coptic_cover` FROM `dxyh_coptic` WHERE `referral` = 1 ORDER BY `create_time` desc  [ RunTime:0.0070s ]
SQL: update dxyh_coptic set browse_volume = browse_volume+1 where id=86 [ RunTime:0.0290s ]
SQL: SHOW COLUMNS FROM `dxyh_coptic` [ RunTime:0.0100s ]
SQL: SELECT * FROM `dxyh_coptic` WHERE `id` = 86 LIMIT 1   [ RunTime:0.0110s ]
SQL: SHOW COLUMNS FROM `dxyh_comment` [ RunTime:0.0100s ]
SQL: SELECT c.id,c.parent_id,c.content,u.nickname,u.avatar,c.create_time,(select count(*) from dxyh_comment_likes WHERE dxyh_comment_likes.comment_id=c.id) as likesnum FROM dxyh_comment c INNER JOIN dxyh_user as u ON u.uid=c.uid  WHERE c.coptic_id = '86' AND c.status = 1 ORDER BY c.create_time desc  [ RunTime:0.0080s ]
INFO: [ view_parse ] --START--
INFO: [ template_filter ] --START--
INFO: Run Behavior\ContentReplaceBehavior [ RunTime:0.001000s ]
INFO: [ template_filter ] --END-- [ RunTime:0.001000s ]
NOTIC: [8] Undefined variable: checkLikes D:\WWW\daxiaoyihu\Application\Runtime\Cache\Home\dd356fbc8cfe3f3d929391b910cf4a90.php 第 245 行.
NOTIC: [8] Undefined variable: checkStoreUp D:\WWW\daxiaoyihu\Application\Runtime\Cache\Home\dd356fbc8cfe3f3d929391b910cf4a90.php 第 246 行.
INFO: Run Behavior\ParseTemplateBehavior [ RunTime:0.013001s ]
INFO: [ view_parse ] --END-- [ RunTime:0.013001s ]
INFO: [ view_filter ] --START--
INFO: Run Behavior\WriteHtmlCacheBehavior [ RunTime:0.001000s ]
INFO: [ view_filter ] --END-- [ RunTime:0.001000s ]
INFO: [ app_end ] --START--
INFO: Run Behavior\ShowPageTraceBehavior [ RunTime:0.000000s ]
INFO: [ app_end ] --END-- [ RunTime:0.000000s ]

[ 2017-05-15T09:26:47+08:00 ] 127.0.0.1 /Home/Coptic/details/id/86.html
INFO: [ app_init ] --START--
INFO: Run Behavior\BuildLiteBehavior [ RunTime:0.000000s ]
INFO: [ app_init ] --END-- [ RunTime:0.000000s ]
INFO: [ app_begin ] --START--
INFO: Run Behavior\ReadHtmlCacheBehavior [ RunTime:0.000000s ]
INFO: [ app_begin ] --END-- [ RunTime:0.001000s ]
SQL: SHOW COLUMNS FROM `dxyh_friendship_link` [ RunTime:0.0050s ]
SQL: SELECT `link_name`,`link` FROM `dxyh_friendship_link`  [ RunTime:0.0050s ]
SQL: SHOW COLUMNS FROM `dxyh_coptic` [ RunTime:0.0070s ]
SQL: SELECT `id`,`coptic_title`,`coptic_cover` FROM `dxyh_coptic` WHERE `referral` = 1 ORDER BY `create_time` desc  [ RunTime:0.0050s ]
SQL: update dxyh_coptic set browse_volume = browse_volume+1 where id=86 [ RunTime:0.1360s ]
SQL: SHOW COLUMNS FROM `dxyh_coptic` [ RunTime:0.0070s ]
SQL: SELECT * FROM `dxyh_coptic` WHERE `id` = 86 LIMIT 1   [ RunTime:0.0100s ]
SQL: SHOW COLUMNS FROM `dxyh_comment` [ RunTime:0.0060s ]
SQL: SELECT c.id,c.parent_id,c.content,u.nickname,u.avatar,c.create_time,(select count(*) from dxyh_comment_likes WHERE dxyh_comment_likes.comment_id=c.id) as likesnum FROM dxyh_comment c INNER JOIN dxyh_user as u ON u.uid=c.uid  WHERE c.coptic_id = '86' AND c.status = 1 ORDER BY c.create_time desc  [ RunTime:0.0050s ]
INFO: [ view_parse ] --START--
INFO: [ template_filter ] --START--
INFO: Run Behavior\ContentReplaceBehavior [ RunTime:0.000000s ]
INFO: [ template_filter ] --END-- [ RunTime:0.000000s ]
NOTIC: [8] Undefined variable: checkLikes D:\WWW\daxiaoyihu\Application\Runtime\Cache\Home\dd356fbc8cfe3f3d929391b910cf4a90.php 第 245 行.
NOTIC: [8] Undefined variable: checkStoreUp D:\WWW\daxiaoyihu\Application\Runtime\Cache\Home\dd356fbc8cfe3f3d929391b910cf4a90.php 第 246 行.
INFO: Run Behavior\ParseTemplateBehavior [ RunTime:0.016001s ]
INFO: [ view_parse ] --END-- [ RunTime:0.016001s ]
INFO: [ view_filter ] --START--
INFO: Run Behavior\WriteHtmlCacheBehavior [ RunTime:0.001000s ]
INFO: [ view_filter ] --END-- [ RunTime:0.001000s ]
INFO: [ app_end ] --START--
INFO: Run Behavior\ShowPageTraceBehavior [ RunTime:0.000000s ]
INFO: [ app_end ] --END-- [ RunTime:0.000000s ]

[ 2017-05-15T09:26:50+08:00 ] 127.0.0.1 /Home/Coptic/details/id/86.html
INFO: [ app_init ] --START--
INFO: Run Behavior\BuildLiteBehavior [ RunTime:0.000000s ]
INFO: [ app_init ] --END-- [ RunTime:0.000000s ]
INFO: [ app_begin ] --START--
INFO: Run Behavior\ReadHtmlCacheBehavior [ RunTime:0.000000s ]
INFO: [ app_begin ] --END-- [ RunTime:0.000000s ]
SQL: SHOW COLUMNS FROM `dxyh_friendship_link` [ RunTime:0.0090s ]
SQL: SELECT `link_name`,`link` FROM `dxyh_friendship_link`  [ RunTime:0.0080s ]
SQL: SHOW COLUMNS FROM `dxyh_coptic` [ RunTime:0.0120s ]
SQL: SELECT `id`,`coptic_title`,`coptic_cover` FROM `dxyh_coptic` WHERE `referral` = 1 ORDER BY `create_time` desc  [ RunTime:0.0100s ]
SQL: update dxyh_coptic set browse_volume = browse_volume+1 where id=86 [ RunTime:0.0300s ]
SQL: SHOW COLUMNS FROM `dxyh_coptic` [ RunTime:0.0100s ]
SQL: SELECT * FROM `dxyh_coptic` WHERE `id` = 86 LIMIT 1   [ RunTime:0.0130s ]
SQL: SHOW COLUMNS FROM `dxyh_comment` [ RunTime:0.0110s ]
SQL: SELECT c.id,c.parent_id,c.content,u.nickname,u.avatar,c.create_time,(select count(*) from dxyh_comment_likes WHERE dxyh_comment_likes.comment_id=c.id) as likesnum FROM dxyh_comment c INNER JOIN dxyh_user as u ON u.uid=c.uid  WHERE c.coptic_id = '86' AND c.status = 1 ORDER BY c.create_time desc  [ RunTime:0.0090s ]
INFO: [ view_parse ] --START--
INFO: [ template_filter ] --START--
INFO: Run Behavior\ContentReplaceBehavior [ RunTime:0.001000s ]
INFO: [ template_filter ] --END-- [ RunTime:0.001000s ]
NOTIC: [8] Undefined variable: checkLikes D:\WWW\daxiaoyihu\Application\Runtime\Cache\Home\dd356fbc8cfe3f3d929391b910cf4a90.php 第 245 行.
NOTIC: [8] Undefined variable: checkStoreUp D:\WWW\daxiaoyihu\Application\Runtime\Cache\Home\dd356fbc8cfe3f3d929391b910cf4a90.php 第 246 行.
INFO: Run Behavior\ParseTemplateBehavior [ RunTime:0.027001s ]
INFO: [ view_parse ] --END-- [ RunTime:0.027001s ]
INFO: [ view_filter ] --START--
INFO: Run Behavior\WriteHtmlCacheBehavior [ RunTime:0.001001s ]
INFO: [ view_filter ] --END-- [ RunTime:0.001001s ]
INFO: [ app_end ] --START--
INFO: Run Behavior\ShowPageTraceBehavior [ RunTime:0.001000s ]
INFO: [ app_end ] --END-- [ RunTime:0.001000s ]

[ 2017-05-15T09:27:03+08:00 ] 127.0.0.1 /Home/Coptic/details/id/86.html
INFO: [ app_init ] --START--
INFO: Run Behavior\BuildLiteBehavior [ RunTime:0.000000s ]
INFO: [ app_init ] --END-- [ RunTime:0.000000s ]
INFO: [ app_begin ] --START--
INFO: Run Behavior\ReadHtmlCacheBehavior [ RunTime:0.000000s ]
INFO: [ app_begin ] --END-- [ RunTime:0.000000s ]
SQL: SHOW COLUMNS FROM `dxyh_friendship_link` [ RunTime:0.0380s ]
SQL: SELECT `link_name`,`link` FROM `dxyh_friendship_link`  [ RunTime:0.0280s ]
SQL: SHOW COLUMNS FROM `dxyh_coptic` [ RunTime:0.0380s ]
SQL: SELECT `id`,`coptic_title`,`coptic_cover` FROM `dxyh_coptic` WHERE `referral` = 1 ORDER BY `create_time` desc  [ RunTime:0.0280s ]
SQL: update dxyh_coptic set browse_volume = browse_volume+1 where id=86 [ RunTime:0.0340s ]
SQL: SHOW COLUMNS FROM `dxyh_coptic` [ RunTime:0.0240s ]
SQL: SELECT * FROM `dxyh_coptic` WHERE `id` = 86 LIMIT 1   [ RunTime:0.0120s ]
SQL: SHOW COLUMNS FROM `dxyh_comment` [ RunTime:0.0080s ]
SQL: SELECT c.id,c.parent_id,c.content,u.nickname,u.avatar,c.create_time,(select count(*) from dxyh_comment_likes WHERE dxyh_comment_likes.comment_id=c.id) as likesnum FROM dxyh_comment c INNER JOIN dxyh_user as u ON u.uid=c.uid  WHERE c.coptic_id = '86' AND c.status = 1 ORDER BY c.create_time desc  [ RunTime:0.0070s ]
INFO: [ view_parse ] --START--
INFO: [ template_filter ] --START--
INFO: Run Behavior\ContentReplaceBehavior [ RunTime:0.000000s ]
INFO: [ template_filter ] --END-- [ RunTime:0.000000s ]
NOTIC: [8] Undefined variable: checkLikes D:\WWW\daxiaoyihu\Application\Runtime\Cache\Home\dd356fbc8cfe3f3d929391b910cf4a90.php 第 245 行.
NOTIC: [8] Undefined variable: checkStoreUp D:\WWW\daxiaoyihu\Application\Runtime\Cache\Home\dd356fbc8cfe3f3d929391b910cf4a90.php 第 246 行.
INFO: Run Behavior\ParseTemplateBehavior [ RunTime:0.010000s ]
INFO: [ view_parse ] --END-- [ RunTime:0.010000s ]
INFO: [ view_filter ] --START--
INFO: Run Behavior\WriteHtmlCacheBehavior [ RunTime:0.000000s ]
INFO: [ view_filter ] --END-- [ RunTime:0.000000s ]
INFO: [ app_end ] --START--
INFO: Run Behavior\ShowPageTraceBehavior [ RunTime:0.000000s ]
INFO: [ app_end ] --END-- [ RunTime:0.000000s ]

