[ 2017-05-24T10:09:42+08:00 ] 127.0.0.1 /
INFO: [ app_init ] --START--
INFO: Run Behavior\BuildLiteBehavior [ RunTime:0.000000s ]
INFO: [ app_init ] --END-- [ RunTime:0.020001s ]
INFO: [ app_begin ] --START--
INFO: Run Behavior\ReadHtmlCacheBehavior [ RunTime:0.010000s ]
INFO: [ app_begin ] --END-- [ RunTime:0.010000s ]
SQL: SHOW COLUMNS FROM `dxyh_friendship_link` [ RunTime:0.0080s ]
SQL: SELECT `link_name`,`link` FROM `dxyh_friendship_link`  [ RunTime:0.0080s ]
SQL: SHOW COLUMNS FROM `dxyh_visit` [ RunTime:0.0080s ]
SQL: INSERT INTO `dxyh_visit` (`ip`,`create_time`) VALUES ('2130706433','1495591782') [ RunTime:0.0250s ]
SQL: SHOW COLUMNS FROM `dxyh_website_image` [ RunTime:0.0080s ]
SQL: SELECT `image`,`img_link`,`app_image` FROM `dxyh_website_image` WHERE `type` = 1 AND `status` = 1 ORDER BY `sort` desc  [ RunTime:0.0100s ]
SQL: SHOW COLUMNS FROM `dxyh_coptic` [ RunTime:0.0100s ]
SQL: SELECT `id`,`coptic_title`,`coptic_cover`,`abstract` FROM `dxyh_coptic` ORDER BY `sort` desc LIMIT 0,8   [ RunTime:0.0070s ]
SQL: SHOW COLUMNS FROM `dxyh_coptic_type` [ RunTime:0.0160s ]
SQL: SELECT * FROM `dxyh_coptic_type` ORDER BY `sort` desc,`create_time` desc  [ RunTime:0.0120s ]
SQL: SHOW COLUMNS FROM `dxyh_activity` [ RunTime:0.0070s ]
SQL: SELECT `id`,`activity_name`,`activity_cover`,`enroll_end_time`,`browse_volume` FROM `dxyh_activity` WHERE `status` <> '3' ORDER BY `create_time` desc LIMIT 0,3   [ RunTime:0.0070s ]
INFO: [ view_parse ] --START--
INFO: [ template_filter ] --START--
INFO: Run Behavior\ContentReplaceBehavior [ RunTime:0.000000s ]
INFO: [ template_filter ] --END-- [ RunTime:0.000000s ]
INFO: Run Behavior\ParseTemplateBehavior [ RunTime:0.088005s ]
INFO: [ view_parse ] --END-- [ RunTime:0.088005s ]
INFO: [ view_filter ] --START--
INFO: Run Behavior\WriteHtmlCacheBehavior [ RunTime:0.044002s ]
INFO: [ view_filter ] --END-- [ RunTime:0.044002s ]
INFO: [ app_end ] --START--
INFO: Run Behavior\ShowPageTraceBehavior [ RunTime:0.001000s ]
INFO: [ app_end ] --END-- [ RunTime:0.001000s ]

[ 2017-05-24T10:09:50+08:00 ] 127.0.0.1 /Home/Coptic/index.html
INFO: [ app_init ] --START--
INFO: Run Behavior\BuildLiteBehavior [ RunTime:0.000000s ]
INFO: [ app_init ] --END-- [ RunTime:0.000000s ]
INFO: [ app_begin ] --START--
INFO: Run Behavior\ReadHtmlCacheBehavior [ RunTime:0.000000s ]
INFO: [ app_begin ] --END-- [ RunTime:0.000000s ]
SQL: SHOW COLUMNS FROM `dxyh_friendship_link` [ RunTime:0.0080s ]
SQL: SELECT `link_name`,`link` FROM `dxyh_friendship_link`  [ RunTime:0.0060s ]
SQL: SHOW COLUMNS FROM `dxyh_coptic` [ RunTime:0.0080s ]
SQL: SELECT `id`,`coptic_title`,`coptic_cover` FROM `dxyh_coptic` WHERE `referral` = 1 ORDER BY `create_time` desc  [ RunTime:0.0090s ]
SQL: SHOW COLUMNS FROM `dxyh_coptic` [ RunTime:0.0090s ]
NOTIC: [8] Undefined index: typeId D:\WWW\daxiaoyihu\Application\Home\Model\CopticModel.class.php 第 21 行.
NOTIC: [8] Undefined index: keyword D:\WWW\daxiaoyihu\Application\Home\Model\CopticModel.class.php 第 24 行.
SQL: SELECT COUNT(*) AS tp_count FROM dxyh_coptic ct1 INNER JOIN dxyh_coptic_type as ct2 ON ct1.coptic_type_id=ct2.id  LIMIT 1   [ RunTime:0.0080s ]
SQL: SELECT ct1.id,ct1.abstract,ct1.author,ct1.create_time,ct1.coptic_title,ct1.coptic_cover,ct2.category_name FROM dxyh_coptic ct1 INNER JOIN dxyh_coptic_type as ct2 ON ct1.coptic_type_id=ct2.id  ORDER BY ct1.sort desc LIMIT 0,10   [ RunTime:0.0100s ]
SQL: SHOW COLUMNS FROM `dxyh_coptic_type` [ RunTime:0.0100s ]
SQL: SELECT * FROM `dxyh_coptic_type` ORDER BY `sort` desc,`create_time` desc  [ RunTime:0.0100s ]
NOTIC: [8] Undefined index: typeId D:\WWW\daxiaoyihu\Application\Home\Controller\CopticController.class.php 第 27 行.
NOTIC: [8] Undefined index: keyword D:\WWW\daxiaoyihu\Application\Home\Controller\CopticController.class.php 第 28 行.
INFO: [ view_parse ] --START--
INFO: [ template_filter ] --START--
INFO: Run Behavior\ContentReplaceBehavior [ RunTime:0.000000s ]
INFO: [ template_filter ] --END-- [ RunTime:0.000000s ]
INFO: Run Behavior\ParseTemplateBehavior [ RunTime:0.024002s ]
INFO: [ view_parse ] --END-- [ RunTime:0.024002s ]
INFO: [ view_filter ] --START--
INFO: Run Behavior\WriteHtmlCacheBehavior [ RunTime:0.000000s ]
INFO: [ view_filter ] --END-- [ RunTime:0.000000s ]
INFO: [ app_end ] --START--
INFO: Run Behavior\ShowPageTraceBehavior [ RunTime:0.001000s ]
INFO: [ app_end ] --END-- [ RunTime:0.001000s ]

[ 2017-05-24T10:09:53+08:00 ] 127.0.0.1 /Home/Coptic/index.html?keyword=&typeId=1
INFO: [ app_init ] --START--
INFO: Run Behavior\BuildLiteBehavior [ RunTime:0.000000s ]
INFO: [ app_init ] --END-- [ RunTime:0.001000s ]
INFO: [ app_begin ] --START--
INFO: Run Behavior\ReadHtmlCacheBehavior [ RunTime:0.001000s ]
INFO: [ app_begin ] --END-- [ RunTime:0.001000s ]
SQL: SHOW COLUMNS FROM `dxyh_friendship_link` [ RunTime:0.0060s ]
SQL: SELECT `link_name`,`link` FROM `dxyh_friendship_link`  [ RunTime:0.0050s ]
SQL: SHOW COLUMNS FROM `dxyh_coptic` [ RunTime:0.0070s ]
SQL: SELECT `id`,`coptic_title`,`coptic_cover` FROM `dxyh_coptic` WHERE `referral` = 1 ORDER BY `create_time` desc  [ RunTime:0.0090s ]
SQL: SHOW COLUMNS FROM `dxyh_coptic` [ RunTime:0.0160s ]
SQL: SELECT COUNT(*) AS tp_count FROM dxyh_coptic ct1 INNER JOIN dxyh_coptic_type as ct2 ON ct1.coptic_type_id=ct2.id  WHERE ct1.coptic_type_id = '1' LIMIT 1   [ RunTime:0.0100s ]
SQL: SELECT ct1.id,ct1.abstract,ct1.author,ct1.create_time,ct1.coptic_title,ct1.coptic_cover,ct2.category_name FROM dxyh_coptic ct1 INNER JOIN dxyh_coptic_type as ct2 ON ct1.coptic_type_id=ct2.id  WHERE ct1.coptic_type_id = '1' ORDER BY ct1.sort desc LIMIT 0,10   [ RunTime:0.0130s ]
SQL: SHOW COLUMNS FROM `dxyh_coptic_type` [ RunTime:0.0080s ]
SQL: SELECT * FROM `dxyh_coptic_type` ORDER BY `sort` desc,`create_time` desc  [ RunTime:0.0090s ]
INFO: [ view_parse ] --START--
INFO: [ template_filter ] --START--
INFO: Run Behavior\ContentReplaceBehavior [ RunTime:0.000000s ]
INFO: [ template_filter ] --END-- [ RunTime:0.000000s ]
INFO: Run Behavior\ParseTemplateBehavior [ RunTime:0.015001s ]
INFO: [ view_parse ] --END-- [ RunTime:0.015001s ]
INFO: [ view_filter ] --START--
INFO: Run Behavior\WriteHtmlCacheBehavior [ RunTime:0.000000s ]
INFO: [ view_filter ] --END-- [ RunTime:0.000000s ]
INFO: [ app_end ] --START--
INFO: Run Behavior\ShowPageTraceBehavior [ RunTime:0.001000s ]
INFO: [ app_end ] --END-- [ RunTime:0.001000s ]

[ 2017-05-24T10:09:56+08:00 ] 127.0.0.1 /Home/Coptic/details/id/91.html
INFO: [ app_init ] --START--
INFO: Run Behavior\BuildLiteBehavior [ RunTime:0.000000s ]
INFO: [ app_init ] --END-- [ RunTime:0.001000s ]
INFO: [ app_begin ] --START--
INFO: Run Behavior\ReadHtmlCacheBehavior [ RunTime:0.001000s ]
INFO: [ app_begin ] --END-- [ RunTime:0.001000s ]
SQL: SHOW COLUMNS FROM `dxyh_friendship_link` [ RunTime:0.0080s ]
SQL: SELECT `link_name`,`link` FROM `dxyh_friendship_link`  [ RunTime:0.0080s ]
SQL: SHOW COLUMNS FROM `dxyh_coptic` [ RunTime:0.0110s ]
SQL: SELECT `id`,`coptic_title`,`coptic_cover` FROM `dxyh_coptic` WHERE `referral` = 1 ORDER BY `create_time` desc  [ RunTime:0.0080s ]
SQL: update dxyh_coptic set browse_volume = browse_volume+1 where id=91 [ RunTime:0.0260s ]
SQL: SHOW COLUMNS FROM `dxyh_coptic` [ RunTime:0.0130s ]
SQL: SELECT * FROM `dxyh_coptic` WHERE `id` = 91 LIMIT 1   [ RunTime:0.0100s ]
SQL: SHOW COLUMNS FROM `dxyh_comment` [ RunTime:0.0090s ]
SQL: SELECT c.id,c.parent_id,c.content,u.nickname,u.avatar,c.create_time,(select count(*) from dxyh_comment_likes WHERE dxyh_comment_likes.comment_id=c.id) as likesnum FROM dxyh_comment c INNER JOIN dxyh_user as u ON u.uid=c.uid  WHERE c.coptic_id = '91' AND c.status = 1 ORDER BY c.create_time desc  [ RunTime:0.0070s ]
INFO: [ view_parse ] --START--
INFO: [ template_filter ] --START--
INFO: Run Behavior\ContentReplaceBehavior [ RunTime:0.000000s ]
INFO: [ template_filter ] --END-- [ RunTime:0.000000s ]
NOTIC: [8] Undefined variable: checkLikes D:\WWW\daxiaoyihu\Application\Runtime\Cache\Home\dd356fbc8cfe3f3d929391b910cf4a90.php 第 245 行.
NOTIC: [8] Undefined variable: checkStoreUp D:\WWW\daxiaoyihu\Application\Runtime\Cache\Home\dd356fbc8cfe3f3d929391b910cf4a90.php 第 246 行.
INFO: Run Behavior\ParseTemplateBehavior [ RunTime:0.037002s ]
INFO: [ view_parse ] --END-- [ RunTime:0.037002s ]
INFO: [ view_filter ] --START--
INFO: Run Behavior\WriteHtmlCacheBehavior [ RunTime:0.001000s ]
INFO: [ view_filter ] --END-- [ RunTime:0.001000s ]
INFO: [ app_end ] --START--
INFO: Run Behavior\ShowPageTraceBehavior [ RunTime:0.001000s ]
INFO: [ app_end ] --END-- [ RunTime:0.001000s ]

[ 2017-05-24T10:10:39+08:00 ] 127.0.0.1 /Home/Coptic/details/id/91.html
INFO: [ app_init ] --START--
INFO: Run Behavior\BuildLiteBehavior [ RunTime:0.000000s ]
INFO: [ app_init ] --END-- [ RunTime:0.000000s ]
INFO: [ app_begin ] --START--
INFO: Run Behavior\ReadHtmlCacheBehavior [ RunTime:0.000000s ]
INFO: [ app_begin ] --END-- [ RunTime:0.000000s ]
SQL: SHOW COLUMNS FROM `dxyh_friendship_link` [ RunTime:0.0130s ]
SQL: SELECT `link_name`,`link` FROM `dxyh_friendship_link`  [ RunTime:0.0110s ]
SQL: SHOW COLUMNS FROM `dxyh_coptic` [ RunTime:0.0140s ]
SQL: SELECT `id`,`coptic_title`,`coptic_cover` FROM `dxyh_coptic` WHERE `referral` = 1 ORDER BY `create_time` desc  [ RunTime:0.0120s ]
SQL: update dxyh_coptic set browse_volume = browse_volume+1 where id=91 [ RunTime:0.0710s ]
SQL: SHOW COLUMNS FROM `dxyh_coptic` [ RunTime:0.0100s ]
SQL: SELECT * FROM `dxyh_coptic` WHERE `id` = 91 LIMIT 1   [ RunTime:0.0090s ]
SQL: SHOW COLUMNS FROM `dxyh_comment` [ RunTime:0.0070s ]
SQL: SELECT c.id,c.parent_id,c.content,u.nickname,u.avatar,c.create_time,(select count(*) from dxyh_comment_likes WHERE dxyh_comment_likes.comment_id=c.id) as likesnum FROM dxyh_comment c INNER JOIN dxyh_user as u ON u.uid=c.uid  WHERE c.coptic_id = '91' AND c.status = 1 ORDER BY c.create_time desc  [ RunTime:0.0140s ]
INFO: [ view_parse ] --START--
INFO: [ template_filter ] --START--
INFO: Run Behavior\ContentReplaceBehavior [ RunTime:0.000000s ]
INFO: [ template_filter ] --END-- [ RunTime:0.000000s ]
NOTIC: [8] Undefined variable: checkLikes D:\WWW\daxiaoyihu\Application\Runtime\Cache\Home\dd356fbc8cfe3f3d929391b910cf4a90.php 第 245 行.
NOTIC: [8] Undefined variable: checkStoreUp D:\WWW\daxiaoyihu\Application\Runtime\Cache\Home\dd356fbc8cfe3f3d929391b910cf4a90.php 第 246 行.
INFO: Run Behavior\ParseTemplateBehavior [ RunTime:0.035002s ]
INFO: [ view_parse ] --END-- [ RunTime:0.035002s ]
INFO: [ view_filter ] --START--
INFO: Run Behavior\WriteHtmlCacheBehavior [ RunTime:0.000000s ]
INFO: [ view_filter ] --END-- [ RunTime:0.000000s ]
INFO: [ app_end ] --START--
INFO: Run Behavior\ShowPageTraceBehavior [ RunTime:0.001000s ]
INFO: [ app_end ] --END-- [ RunTime:0.001000s ]

[ 2017-05-24T10:11:22+08:00 ] 127.0.0.1 /Home/Coptic/details/id/91.html
INFO: [ app_init ] --START--
INFO: Run Behavior\BuildLiteBehavior [ RunTime:0.000000s ]
INFO: [ app_init ] --END-- [ RunTime:0.000000s ]
INFO: [ app_begin ] --START--
INFO: Run Behavior\ReadHtmlCacheBehavior [ RunTime:0.000000s ]
INFO: [ app_begin ] --END-- [ RunTime:0.001000s ]
SQL: SHOW COLUMNS FROM `dxyh_friendship_link` [ RunTime:0.0260s ]
SQL: SELECT `link_name`,`link` FROM `dxyh_friendship_link`  [ RunTime:0.0170s ]
SQL: SHOW COLUMNS FROM `dxyh_coptic` [ RunTime:0.0130s ]
SQL: SELECT `id`,`coptic_title`,`coptic_cover` FROM `dxyh_coptic` WHERE `referral` = 1 ORDER BY `create_time` desc  [ RunTime:0.0070s ]
SQL: update dxyh_coptic set browse_volume = browse_volume+1 where id=91 [ RunTime:0.0350s ]
SQL: SHOW COLUMNS FROM `dxyh_coptic` [ RunTime:0.0220s ]
SQL: SELECT * FROM `dxyh_coptic` WHERE `id` = 91 LIMIT 1   [ RunTime:0.0250s ]
SQL: SHOW COLUMNS FROM `dxyh_comment` [ RunTime:0.0210s ]
SQL: SELECT c.id,c.parent_id,c.content,u.nickname,u.avatar,c.create_time,(select count(*) from dxyh_comment_likes WHERE dxyh_comment_likes.comment_id=c.id) as likesnum FROM dxyh_comment c INNER JOIN dxyh_user as u ON u.uid=c.uid  WHERE c.coptic_id = '91' AND c.status = 1 ORDER BY c.create_time desc  [ RunTime:0.0080s ]
INFO: [ view_parse ] --START--
INFO: [ template_filter ] --START--
INFO: Run Behavior\ContentReplaceBehavior [ RunTime:0.000000s ]
INFO: [ template_filter ] --END-- [ RunTime:0.000000s ]
NOTIC: [8] Undefined variable: checkLikes D:\WWW\daxiaoyihu\Application\Runtime\Cache\Home\dd356fbc8cfe3f3d929391b910cf4a90.php 第 245 行.
NOTIC: [8] Undefined variable: checkStoreUp D:\WWW\daxiaoyihu\Application\Runtime\Cache\Home\dd356fbc8cfe3f3d929391b910cf4a90.php 第 246 行.
INFO: Run Behavior\ParseTemplateBehavior [ RunTime:0.046003s ]
INFO: [ view_parse ] --END-- [ RunTime:0.046003s ]
INFO: [ view_filter ] --START--
INFO: Run Behavior\WriteHtmlCacheBehavior [ RunTime:0.000000s ]
INFO: [ view_filter ] --END-- [ RunTime:0.000000s ]
INFO: [ app_end ] --START--
INFO: Run Behavior\ShowPageTraceBehavior [ RunTime:0.000000s ]
INFO: [ app_end ] --END-- [ RunTime:0.000000s ]

[ 2017-05-24T10:14:24+08:00 ] 127.0.0.1 /Home/Coptic/details/id/91.html
INFO: [ app_init ] --START--
INFO: Run Behavior\BuildLiteBehavior [ RunTime:0.000000s ]
INFO: [ app_init ] --END-- [ RunTime:0.000000s ]
INFO: [ app_begin ] --START--
INFO: Run Behavior\ReadHtmlCacheBehavior [ RunTime:0.000000s ]
INFO: [ app_begin ] --END-- [ RunTime:0.000000s ]
SQL: SHOW COLUMNS FROM `dxyh_friendship_link` [ RunTime:0.0110s ]
SQL: SELECT `link_name`,`link` FROM `dxyh_friendship_link`  [ RunTime:0.0110s ]
SQL: SHOW COLUMNS FROM `dxyh_coptic` [ RunTime:0.0090s ]
SQL: SELECT `id`,`coptic_title`,`coptic_cover` FROM `dxyh_coptic` WHERE `referral` = 1 ORDER BY `create_time` desc  [ RunTime:0.0100s ]
SQL: update dxyh_coptic set browse_volume = browse_volume+1 where id=91 [ RunTime:0.0250s ]
SQL: SHOW COLUMNS FROM `dxyh_coptic` [ RunTime:0.0080s ]
SQL: SELECT * FROM `dxyh_coptic` WHERE `id` = 91 LIMIT 1   [ RunTime:0.0070s ]
SQL: SHOW COLUMNS FROM `dxyh_comment` [ RunTime:0.0080s ]
SQL: SELECT c.id,c.parent_id,c.content,u.nickname,u.avatar,c.create_time,(select count(*) from dxyh_comment_likes WHERE dxyh_comment_likes.comment_id=c.id) as likesnum FROM dxyh_comment c INNER JOIN dxyh_user as u ON u.uid=c.uid  WHERE c.coptic_id = '91' AND c.status = 1 ORDER BY c.create_time desc  [ RunTime:0.0100s ]
INFO: [ view_parse ] --START--
INFO: [ template_filter ] --START--
INFO: Run Behavior\ContentReplaceBehavior [ RunTime:0.001000s ]
INFO: [ template_filter ] --END-- [ RunTime:0.001000s ]
NOTIC: [8] Undefined variable: checkLikes D:\WWW\daxiaoyihu\Application\Runtime\Cache\Home\dd356fbc8cfe3f3d929391b910cf4a90.php 第 245 行.
NOTIC: [8] Undefined variable: checkStoreUp D:\WWW\daxiaoyihu\Application\Runtime\Cache\Home\dd356fbc8cfe3f3d929391b910cf4a90.php 第 246 行.
INFO: Run Behavior\ParseTemplateBehavior [ RunTime:0.033002s ]
INFO: [ view_parse ] --END-- [ RunTime:0.033002s ]
INFO: [ view_filter ] --START--
INFO: Run Behavior\WriteHtmlCacheBehavior [ RunTime:0.000000s ]
INFO: [ view_filter ] --END-- [ RunTime:0.001000s ]
INFO: [ app_end ] --START--
INFO: Run Behavior\ShowPageTraceBehavior [ RunTime:0.002000s ]
INFO: [ app_end ] --END-- [ RunTime:0.002000s ]

[ 2017-05-24T10:15:50+08:00 ] 127.0.0.1 /Home/Coptic/details/id/91.html
INFO: [ app_init ] --START--
INFO: Run Behavior\BuildLiteBehavior [ RunTime:0.000000s ]
INFO: [ app_init ] --END-- [ RunTime:0.001000s ]
INFO: [ app_begin ] --START--
INFO: Run Behavior\ReadHtmlCacheBehavior [ RunTime:0.000000s ]
INFO: [ app_begin ] --END-- [ RunTime:0.001000s ]
SQL: SHOW COLUMNS FROM `dxyh_friendship_link` [ RunTime:0.0360s ]
SQL: SELECT `link_name`,`link` FROM `dxyh_friendship_link`  [ RunTime:0.0120s ]
SQL: SHOW COLUMNS FROM `dxyh_coptic` [ RunTime:0.0130s ]
SQL: SELECT `id`,`coptic_title`,`coptic_cover` FROM `dxyh_coptic` WHERE `referral` = 1 ORDER BY `create_time` desc  [ RunTime:0.0110s ]
SQL: update dxyh_coptic set browse_volume = browse_volume+1 where id=91 [ RunTime:0.0350s ]
SQL: SHOW COLUMNS FROM `dxyh_coptic` [ RunTime:0.4020s ]
SQL: SELECT * FROM `dxyh_coptic` WHERE `id` = 91 LIMIT 1   [ RunTime:0.3960s ]
SQL: SHOW COLUMNS FROM `dxyh_comment` [ RunTime:0.0170s ]
SQL: SELECT c.id,c.parent_id,c.content,u.nickname,u.avatar,c.create_time,(select count(*) from dxyh_comment_likes WHERE dxyh_comment_likes.comment_id=c.id) as likesnum FROM dxyh_comment c INNER JOIN dxyh_user as u ON u.uid=c.uid  WHERE c.coptic_id = '91' AND c.status = 1 ORDER BY c.create_time desc  [ RunTime:0.0240s ]
INFO: [ view_parse ] --START--
INFO: [ template_filter ] --START--
INFO: Run Behavior\ContentReplaceBehavior [ RunTime:0.001000s ]
INFO: [ template_filter ] --END-- [ RunTime:0.001000s ]
NOTIC: [8] Undefined variable: checkLikes D:\WWW\daxiaoyihu\Application\Runtime\Cache\Home\dd356fbc8cfe3f3d929391b910cf4a90.php 第 245 行.
NOTIC: [8] Undefined variable: checkStoreUp D:\WWW\daxiaoyihu\Application\Runtime\Cache\Home\dd356fbc8cfe3f3d929391b910cf4a90.php 第 246 行.
INFO: Run Behavior\ParseTemplateBehavior [ RunTime:0.041002s ]
INFO: [ view_parse ] --END-- [ RunTime:0.041002s ]
INFO: [ view_filter ] --START--
INFO: Run Behavior\WriteHtmlCacheBehavior [ RunTime:0.001000s ]
INFO: [ view_filter ] --END-- [ RunTime:0.001000s ]
INFO: [ app_end ] --START--
INFO: Run Behavior\ShowPageTraceBehavior [ RunTime:0.001000s ]
INFO: [ app_end ] --END-- [ RunTime:0.001000s ]

[ 2017-05-24T10:15:52+08:00 ] 127.0.0.1 /Home/Coptic/details/id/91.html
INFO: [ app_init ] --START--
INFO: Run Behavior\BuildLiteBehavior [ RunTime:0.000000s ]
INFO: [ app_init ] --END-- [ RunTime:0.000000s ]
INFO: [ app_begin ] --START--
INFO: Run Behavior\ReadHtmlCacheBehavior [ RunTime:0.001000s ]
INFO: [ app_begin ] --END-- [ RunTime:0.001000s ]
SQL: SHOW COLUMNS FROM `dxyh_friendship_link` [ RunTime:0.0200s ]
SQL: SELECT `link_name`,`link` FROM `dxyh_friendship_link`  [ RunTime:0.0230s ]
SQL: SHOW COLUMNS FROM `dxyh_coptic` [ RunTime:0.0090s ]
SQL: SELECT `id`,`coptic_title`,`coptic_cover` FROM `dxyh_coptic` WHERE `referral` = 1 ORDER BY `create_time` desc  [ RunTime:0.0080s ]
SQL: update dxyh_coptic set browse_volume = browse_volume+1 where id=91 [ RunTime:0.0260s ]
SQL: SHOW COLUMNS FROM `dxyh_coptic` [ RunTime:0.0170s ]
SQL: SELECT * FROM `dxyh_coptic` WHERE `id` = 91 LIMIT 1   [ RunTime:0.0160s ]
SQL: SHOW COLUMNS FROM `dxyh_comment` [ RunTime:0.2430s ]
SQL: SELECT c.id,c.parent_id,c.content,u.nickname,u.avatar,c.create_time,(select count(*) from dxyh_comment_likes WHERE dxyh_comment_likes.comment_id=c.id) as likesnum FROM dxyh_comment c INNER JOIN dxyh_user as u ON u.uid=c.uid  WHERE c.coptic_id = '91' AND c.status = 1 ORDER BY c.create_time desc  [ RunTime:0.0260s ]
INFO: [ view_parse ] --START--
INFO: [ template_filter ] --START--
INFO: Run Behavior\ContentReplaceBehavior [ RunTime:0.000000s ]
INFO: [ template_filter ] --END-- [ RunTime:0.000000s ]
NOTIC: [8] Undefined variable: checkLikes D:\WWW\daxiaoyihu\Application\Runtime\Cache\Home\dd356fbc8cfe3f3d929391b910cf4a90.php 第 245 行.
NOTIC: [8] Undefined variable: checkStoreUp D:\WWW\daxiaoyihu\Application\Runtime\Cache\Home\dd356fbc8cfe3f3d929391b910cf4a90.php 第 246 行.
INFO: Run Behavior\ParseTemplateBehavior [ RunTime:0.016001s ]
INFO: [ view_parse ] --END-- [ RunTime:0.016001s ]
INFO: [ view_filter ] --START--
INFO: Run Behavior\WriteHtmlCacheBehavior [ RunTime:0.000000s ]
INFO: [ view_filter ] --END-- [ RunTime:0.001000s ]
INFO: [ app_end ] --START--
INFO: Run Behavior\ShowPageTraceBehavior [ RunTime:0.001000s ]
INFO: [ app_end ] --END-- [ RunTime:0.001000s ]

[ 2017-05-24T10:16:06+08:00 ] 127.0.0.1 /Home/Coptic/details/id/91.html
INFO: [ app_init ] --START--
INFO: Run Behavior\BuildLiteBehavior [ RunTime:0.000000s ]
INFO: [ app_init ] --END-- [ RunTime:0.001000s ]
INFO: [ app_begin ] --START--
INFO: Run Behavior\ReadHtmlCacheBehavior [ RunTime:0.001000s ]
INFO: [ app_begin ] --END-- [ RunTime:0.001000s ]
SQL: SHOW COLUMNS FROM `dxyh_friendship_link` [ RunTime:0.0070s ]
SQL: SELECT `link_name`,`link` FROM `dxyh_friendship_link`  [ RunTime:0.0120s ]
SQL: SHOW COLUMNS FROM `dxyh_coptic` [ RunTime:0.0170s ]
SQL: SELECT `id`,`coptic_title`,`coptic_cover` FROM `dxyh_coptic` WHERE `referral` = 1 ORDER BY `create_time` desc  [ RunTime:0.0080s ]
SQL: update dxyh_coptic set browse_volume = browse_volume+1 where id=91 [ RunTime:0.0280s ]
SQL: SHOW COLUMNS FROM `dxyh_coptic` [ RunTime:0.0100s ]
SQL: SELECT * FROM `dxyh_coptic` WHERE `id` = 91 LIMIT 1   [ RunTime:0.0120s ]
SQL: SHOW COLUMNS FROM `dxyh_comment` [ RunTime:0.0120s ]
SQL: SELECT c.id,c.parent_id,c.content,u.nickname,u.avatar,c.create_time,(select count(*) from dxyh_comment_likes WHERE dxyh_comment_likes.comment_id=c.id) as likesnum FROM dxyh_comment c INNER JOIN dxyh_user as u ON u.uid=c.uid  WHERE c.coptic_id = '91' AND c.status = 1 ORDER BY c.create_time desc  [ RunTime:0.0060s ]
INFO: [ view_parse ] --START--
INFO: [ template_filter ] --START--
INFO: Run Behavior\ContentReplaceBehavior [ RunTime:0.000000s ]
INFO: [ template_filter ] --END-- [ RunTime:0.000000s ]
NOTIC: [8] Undefined variable: checkLikes D:\WWW\daxiaoyihu\Application\Runtime\Cache\Home\dd356fbc8cfe3f3d929391b910cf4a90.php 第 245 行.
NOTIC: [8] Undefined variable: checkStoreUp D:\WWW\daxiaoyihu\Application\Runtime\Cache\Home\dd356fbc8cfe3f3d929391b910cf4a90.php 第 246 行.
INFO: Run Behavior\ParseTemplateBehavior [ RunTime:0.032002s ]
INFO: [ view_parse ] --END-- [ RunTime:0.033002s ]
INFO: [ view_filter ] --START--
INFO: Run Behavior\WriteHtmlCacheBehavior [ RunTime:0.000000s ]
INFO: [ view_filter ] --END-- [ RunTime:0.000000s ]
INFO: [ app_end ] --START--
INFO: Run Behavior\ShowPageTraceBehavior [ RunTime:0.001000s ]
INFO: [ app_end ] --END-- [ RunTime:0.001000s ]

[ 2017-05-24T15:10:40+08:00 ] 127.0.0.1 /
INFO: [ app_init ] --START--
INFO: Run Behavior\BuildLiteBehavior [ RunTime:0.000000s ]
INFO: [ app_init ] --END-- [ RunTime:0.000000s ]
INFO: [ app_begin ] --START--
INFO: Run Behavior\ReadHtmlCacheBehavior [ RunTime:0.000000s ]
INFO: [ app_begin ] --END-- [ RunTime:0.000000s ]
SQL: SHOW COLUMNS FROM `dxyh_friendship_link` [ RunTime:0.0060s ]
SQL: SELECT `link_name`,`link` FROM `dxyh_friendship_link`  [ RunTime:0.0080s ]
SQL: SHOW COLUMNS FROM `dxyh_visit` [ RunTime:0.0080s ]
SQL: INSERT INTO `dxyh_visit` (`ip`,`create_time`) VALUES ('2130706433','1495609840') [ RunTime:0.0380s ]
SQL: SHOW COLUMNS FROM `dxyh_website_image` [ RunTime:0.0080s ]
SQL: SELECT `image`,`img_link`,`app_image` FROM `dxyh_website_image` WHERE `type` = 1 AND `status` = 1 ORDER BY `sort` desc  [ RunTime:0.0140s ]
SQL: SHOW COLUMNS FROM `dxyh_coptic` [ RunTime:0.0080s ]
SQL: SELECT `id`,`coptic_title`,`coptic_cover`,`abstract` FROM `dxyh_coptic` ORDER BY `sort` desc LIMIT 0,8   [ RunTime:0.0090s ]
SQL: SHOW COLUMNS FROM `dxyh_coptic_type` [ RunTime:0.0060s ]
SQL: SELECT * FROM `dxyh_coptic_type` ORDER BY `sort` desc,`create_time` desc  [ RunTime:0.0100s ]
SQL: SHOW COLUMNS FROM `dxyh_activity` [ RunTime:0.0060s ]
SQL: SELECT `id`,`activity_name`,`activity_cover`,`enroll_end_time`,`browse_volume` FROM `dxyh_activity` WHERE `status` <> '3' ORDER BY `create_time` desc LIMIT 0,3   [ RunTime:0.0050s ]
INFO: [ view_parse ] --START--
INFO: [ template_filter ] --START--
INFO: Run Behavior\ContentReplaceBehavior [ RunTime:0.000000s ]
INFO: [ template_filter ] --END-- [ RunTime:0.000000s ]
INFO: Run Behavior\ParseTemplateBehavior [ RunTime:0.024001s ]
INFO: [ view_parse ] --END-- [ RunTime:0.024001s ]
INFO: [ view_filter ] --START--
INFO: Run Behavior\WriteHtmlCacheBehavior [ RunTime:0.000000s ]
INFO: [ view_filter ] --END-- [ RunTime:0.000000s ]
INFO: [ app_end ] --START--
INFO: Run Behavior\ShowPageTraceBehavior [ RunTime:0.001000s ]
INFO: [ app_end ] --END-- [ RunTime:0.001000s ]

[ 2017-05-24T15:10:45+08:00 ] 127.0.0.1 /Home/Coptic/index.html
INFO: [ app_init ] --START--
INFO: Run Behavior\BuildLiteBehavior [ RunTime:0.000000s ]
INFO: [ app_init ] --END-- [ RunTime:0.001000s ]
INFO: [ app_begin ] --START--
INFO: Run Behavior\ReadHtmlCacheBehavior [ RunTime:0.001000s ]
INFO: [ app_begin ] --END-- [ RunTime:0.001000s ]
SQL: SHOW COLUMNS FROM `dxyh_friendship_link` [ RunTime:0.0060s ]
SQL: SELECT `link_name`,`link` FROM `dxyh_friendship_link`  [ RunTime:0.0050s ]
SQL: SHOW COLUMNS FROM `dxyh_coptic` [ RunTime:0.0110s ]
SQL: SELECT `id`,`coptic_title`,`coptic_cover` FROM `dxyh_coptic` WHERE `referral` = 1 ORDER BY `create_time` desc  [ RunTime:0.0090s ]
SQL: SHOW COLUMNS FROM `dxyh_coptic` [ RunTime:0.0080s ]
NOTIC: [8] Undefined index: typeId D:\WWW\daxiaoyihu\Application\Home\Model\CopticModel.class.php 第 21 行.
NOTIC: [8] Undefined index: keyword D:\WWW\daxiaoyihu\Application\Home\Model\CopticModel.class.php 第 24 行.
SQL: SELECT COUNT(*) AS tp_count FROM dxyh_coptic ct1 INNER JOIN dxyh_coptic_type as ct2 ON ct1.coptic_type_id=ct2.id  LIMIT 1   [ RunTime:0.0090s ]
SQL: SELECT ct1.id,ct1.abstract,ct1.author,ct1.create_time,ct1.coptic_title,ct1.coptic_cover,ct2.category_name FROM dxyh_coptic ct1 INNER JOIN dxyh_coptic_type as ct2 ON ct1.coptic_type_id=ct2.id  ORDER BY ct1.sort desc LIMIT 0,10   [ RunTime:0.0070s ]
SQL: SHOW COLUMNS FROM `dxyh_coptic_type` [ RunTime:0.0080s ]
SQL: SELECT * FROM `dxyh_coptic_type` ORDER BY `sort` desc,`create_time` desc  [ RunTime:0.0190s ]
NOTIC: [8] Undefined index: typeId D:\WWW\daxiaoyihu\Application\Home\Controller\CopticController.class.php 第 27 行.
NOTIC: [8] Undefined index: keyword D:\WWW\daxiaoyihu\Application\Home\Controller\CopticController.class.php 第 28 行.
INFO: [ view_parse ] --START--
INFO: [ template_filter ] --START--
INFO: Run Behavior\ContentReplaceBehavior [ RunTime:0.001000s ]
INFO: [ template_filter ] --END-- [ RunTime:0.001000s ]
INFO: Run Behavior\ParseTemplateBehavior [ RunTime:0.014000s ]
INFO: [ view_parse ] --END-- [ RunTime:0.015000s ]
INFO: [ view_filter ] --START--
INFO: Run Behavior\WriteHtmlCacheBehavior [ RunTime:0.000000s ]
INFO: [ view_filter ] --END-- [ RunTime:0.000000s ]
INFO: [ app_end ] --START--
INFO: Run Behavior\ShowPageTraceBehavior [ RunTime:0.000000s ]
INFO: [ app_end ] --END-- [ RunTime:0.000000s ]

[ 2017-05-24T15:10:47+08:00 ] 127.0.0.1 /Home/Index/index.html
INFO: [ app_init ] --START--
INFO: Run Behavior\BuildLiteBehavior [ RunTime:0.000000s ]
INFO: [ app_init ] --END-- [ RunTime:0.001000s ]
INFO: [ app_begin ] --START--
INFO: Run Behavior\ReadHtmlCacheBehavior [ RunTime:0.001000s ]
INFO: [ app_begin ] --END-- [ RunTime:0.001000s ]
SQL: SHOW COLUMNS FROM `dxyh_friendship_link` [ RunTime:0.0080s ]
SQL: SELECT `link_name`,`link` FROM `dxyh_friendship_link`  [ RunTime:0.0170s ]
SQL: SHOW COLUMNS FROM `dxyh_visit` [ RunTime:0.0200s ]
SQL: INSERT INTO `dxyh_visit` (`ip`,`create_time`) VALUES ('2130706433','1495609847') [ RunTime:0.1100s ]
SQL: SHOW COLUMNS FROM `dxyh_website_image` [ RunTime:0.0110s ]
SQL: SELECT `image`,`img_link`,`app_image` FROM `dxyh_website_image` WHERE `type` = 1 AND `status` = 1 ORDER BY `sort` desc  [ RunTime:0.0130s ]
SQL: SHOW COLUMNS FROM `dxyh_coptic` [ RunTime:0.0090s ]
SQL: SELECT `id`,`coptic_title`,`coptic_cover`,`abstract` FROM `dxyh_coptic` ORDER BY `sort` desc LIMIT 0,8   [ RunTime:0.0090s ]
SQL: SHOW COLUMNS FROM `dxyh_coptic_type` [ RunTime:0.0650s ]
SQL: SELECT * FROM `dxyh_coptic_type` ORDER BY `sort` desc,`create_time` desc  [ RunTime:0.0120s ]
SQL: SHOW COLUMNS FROM `dxyh_activity` [ RunTime:0.0510s ]
SQL: SELECT `id`,`activity_name`,`activity_cover`,`enroll_end_time`,`browse_volume` FROM `dxyh_activity` WHERE `status` <> '3' ORDER BY `create_time` desc LIMIT 0,3   [ RunTime:0.0470s ]
INFO: [ view_parse ] --START--
INFO: [ template_filter ] --START--
INFO: Run Behavior\ContentReplaceBehavior [ RunTime:0.000000s ]
INFO: [ template_filter ] --END-- [ RunTime:0.000000s ]
INFO: Run Behavior\ParseTemplateBehavior [ RunTime:0.038003s ]
INFO: [ view_parse ] --END-- [ RunTime:0.038003s ]
INFO: [ view_filter ] --START--
INFO: Run Behavior\WriteHtmlCacheBehavior [ RunTime:0.000000s ]
INFO: [ view_filter ] --END-- [ RunTime:0.000000s ]
INFO: [ app_end ] --START--
INFO: Run Behavior\ShowPageTraceBehavior [ RunTime:0.000000s ]
INFO: [ app_end ] --END-- [ RunTime:0.000000s ]

[ 2017-05-24T15:10:51+08:00 ] 127.0.0.1 /Home/Coptic/details/id/90.html
INFO: [ app_init ] --START--
INFO: Run Behavior\BuildLiteBehavior [ RunTime:0.000000s ]
INFO: [ app_init ] --END-- [ RunTime:0.000000s ]
INFO: [ app_begin ] --START--
INFO: Run Behavior\ReadHtmlCacheBehavior [ RunTime:0.001000s ]
INFO: [ app_begin ] --END-- [ RunTime:0.001000s ]
SQL: SHOW COLUMNS FROM `dxyh_friendship_link` [ RunTime:0.0070s ]
SQL: SELECT `link_name`,`link` FROM `dxyh_friendship_link`  [ RunTime:0.0140s ]
SQL: SHOW COLUMNS FROM `dxyh_coptic` [ RunTime:0.0340s ]
SQL: SELECT `id`,`coptic_title`,`coptic_cover` FROM `dxyh_coptic` WHERE `referral` = 1 ORDER BY `create_time` desc  [ RunTime:0.0060s ]
SQL: update dxyh_coptic set browse_volume = browse_volume+1 where id=90 [ RunTime:0.0710s ]
SQL: SHOW COLUMNS FROM `dxyh_coptic` [ RunTime:0.0090s ]
SQL: SELECT * FROM `dxyh_coptic` WHERE `id` = 90 LIMIT 1   [ RunTime:0.0090s ]
SQL: SHOW COLUMNS FROM `dxyh_comment` [ RunTime:0.0360s ]
SQL: SELECT c.id,c.parent_id,c.content,u.nickname,u.avatar,c.create_time,(select count(*) from dxyh_comment_likes WHERE dxyh_comment_likes.comment_id=c.id) as likesnum FROM dxyh_comment c INNER JOIN dxyh_user as u ON u.uid=c.uid  WHERE c.coptic_id = '90' AND c.status = 1 ORDER BY c.create_time desc  [ RunTime:0.0170s ]
INFO: [ view_parse ] --START--
INFO: [ template_filter ] --START--
INFO: Run Behavior\ContentReplaceBehavior [ RunTime:0.000000s ]
INFO: [ template_filter ] --END-- [ RunTime:0.000000s ]
NOTIC: [8] Undefined index: likes D:\WWW\daxiaoyihu\Application\Runtime\Cache\Home\dd356fbc8cfe3f3d929391b910cf4a90.php 第 121 行.
NOTIC: [8] Undefined variable: checkLikes D:\WWW\daxiaoyihu\Application\Runtime\Cache\Home\dd356fbc8cfe3f3d929391b910cf4a90.php 第 245 行.
NOTIC: [8] Undefined variable: checkStoreUp D:\WWW\daxiaoyihu\Application\Runtime\Cache\Home\dd356fbc8cfe3f3d929391b910cf4a90.php 第 246 行.
INFO: Run Behavior\ParseTemplateBehavior [ RunTime:0.016001s ]
INFO: [ view_parse ] --END-- [ RunTime:0.016001s ]
INFO: [ view_filter ] --START--
INFO: Run Behavior\WriteHtmlCacheBehavior [ RunTime:0.000000s ]
INFO: [ view_filter ] --END-- [ RunTime:0.000000s ]
INFO: [ app_end ] --START--
INFO: Run Behavior\ShowPageTraceBehavior [ RunTime:0.000000s ]
INFO: [ app_end ] --END-- [ RunTime:0.000000s ]

[ 2017-05-24T15:32:38+08:00 ] 127.0.0.1 /Home/Coptic/details/id/90.html
INFO: [ app_init ] --START--
INFO: Run Behavior\BuildLiteBehavior [ RunTime:0.000000s ]
INFO: [ app_init ] --END-- [ RunTime:0.000000s ]
INFO: [ app_begin ] --START--
INFO: Run Behavior\ReadHtmlCacheBehavior [ RunTime:0.000000s ]
INFO: [ app_begin ] --END-- [ RunTime:0.000000s ]
SQL: SHOW COLUMNS FROM `dxyh_friendship_link` [ RunTime:0.0100s ]
SQL: SELECT `link_name`,`link` FROM `dxyh_friendship_link`  [ RunTime:0.0160s ]
SQL: SHOW COLUMNS FROM `dxyh_coptic` [ RunTime:0.0100s ]
SQL: SELECT `id`,`coptic_title`,`coptic_cover` FROM `dxyh_coptic` WHERE `referral` = 1 ORDER BY `create_time` desc  [ RunTime:0.0100s ]
SQL: update dxyh_coptic set browse_volume = browse_volume+1 where id=90 [ RunTime:0.0420s ]
SQL: SHOW COLUMNS FROM `dxyh_coptic` [ RunTime:0.0070s ]
SQL: SELECT * FROM `dxyh_coptic` WHERE `id` = 90 LIMIT 1   [ RunTime:0.0080s ]
SQL: SHOW COLUMNS FROM `dxyh_comment` [ RunTime:0.0070s ]
SQL: SELECT c.id,c.parent_id,c.content,u.nickname,u.avatar,c.create_time,(select count(*) from dxyh_comment_likes WHERE dxyh_comment_likes.comment_id=c.id) as likesnum FROM dxyh_comment c INNER JOIN dxyh_user as u ON u.uid=c.uid  WHERE c.coptic_id = '90' AND c.status = 1 ORDER BY c.create_time desc  [ RunTime:0.0080s ]
INFO: [ view_parse ] --START--
INFO: [ template_filter ] --START--
INFO: Run Behavior\ContentReplaceBehavior [ RunTime:0.000000s ]
INFO: [ template_filter ] --END-- [ RunTime:0.000000s ]
NOTIC: [8] Undefined index: likes D:\WWW\daxiaoyihu\Application\Runtime\Cache\Home\dd356fbc8cfe3f3d929391b910cf4a90.php 第 121 行.
NOTIC: [8] Undefined variable: checkLikes D:\WWW\daxiaoyihu\Application\Runtime\Cache\Home\dd356fbc8cfe3f3d929391b910cf4a90.php 第 245 行.
NOTIC: [8] Undefined variable: checkStoreUp D:\WWW\daxiaoyihu\Application\Runtime\Cache\Home\dd356fbc8cfe3f3d929391b910cf4a90.php 第 246 行.
INFO: Run Behavior\ParseTemplateBehavior [ RunTime:0.026002s ]
INFO: [ view_parse ] --END-- [ RunTime:0.026002s ]
INFO: [ view_filter ] --START--
INFO: Run Behavior\WriteHtmlCacheBehavior [ RunTime:0.000000s ]
INFO: [ view_filter ] --END-- [ RunTime:0.000000s ]
INFO: [ app_end ] --START--
INFO: Run Behavior\ShowPageTraceBehavior [ RunTime:0.000000s ]
INFO: [ app_end ] --END-- [ RunTime:0.000000s ]

[ 2017-05-24T15:34:05+08:00 ] 127.0.0.1 /Home/Coptic/details/id/90.html
INFO: [ app_init ] --START--
INFO: Run Behavior\BuildLiteBehavior [ RunTime:0.000000s ]
INFO: [ app_init ] --END-- [ RunTime:0.000000s ]
INFO: [ app_begin ] --START--
INFO: Run Behavior\ReadHtmlCacheBehavior [ RunTime:0.000000s ]
INFO: [ app_begin ] --END-- [ RunTime:0.001000s ]
SQL: SHOW COLUMNS FROM `dxyh_friendship_link` [ RunTime:0.0100s ]
SQL: SELECT `link_name`,`link` FROM `dxyh_friendship_link`  [ RunTime:0.0100s ]
SQL: SHOW COLUMNS FROM `dxyh_coptic` [ RunTime:0.0100s ]
SQL: SELECT `id`,`coptic_title`,`coptic_cover` FROM `dxyh_coptic` WHERE `referral` = 1 ORDER BY `create_time` desc  [ RunTime:0.0080s ]
SQL: update dxyh_coptic set browse_volume = browse_volume+1 where id=90 [ RunTime:0.0350s ]
SQL: SHOW COLUMNS FROM `dxyh_coptic` [ RunTime:0.0100s ]
SQL: SELECT * FROM `dxyh_coptic` WHERE `id` = 90 LIMIT 1   [ RunTime:0.0080s ]
SQL: SHOW COLUMNS FROM `dxyh_comment` [ RunTime:0.0080s ]
SQL: SELECT c.id,c.parent_id,c.content,u.nickname,u.avatar,c.create_time,(select count(*) from dxyh_comment_likes WHERE dxyh_comment_likes.comment_id=c.id) as likesnum FROM dxyh_comment c INNER JOIN dxyh_user as u ON u.uid=c.uid  WHERE c.coptic_id = '90' AND c.status = 1 ORDER BY c.create_time desc  [ RunTime:0.0090s ]
INFO: [ view_parse ] --START--
INFO: [ template_filter ] --START--
INFO: Run Behavior\ContentReplaceBehavior [ RunTime:0.001001s ]
INFO: [ template_filter ] --END-- [ RunTime:0.001001s ]
NOTIC: [8] Undefined index: likes D:\WWW\daxiaoyihu\Application\Runtime\Cache\Home\dd356fbc8cfe3f3d929391b910cf4a90.php 第 121 行.
NOTIC: [8] Undefined variable: checkLikes D:\WWW\daxiaoyihu\Application\Runtime\Cache\Home\dd356fbc8cfe3f3d929391b910cf4a90.php 第 245 行.
NOTIC: [8] Undefined variable: checkStoreUp D:\WWW\daxiaoyihu\Application\Runtime\Cache\Home\dd356fbc8cfe3f3d929391b910cf4a90.php 第 246 行.
INFO: Run Behavior\ParseTemplateBehavior [ RunTime:0.047003s ]
INFO: [ view_parse ] --END-- [ RunTime:0.047003s ]
INFO: [ view_filter ] --START--
INFO: Run Behavior\WriteHtmlCacheBehavior [ RunTime:0.000000s ]
INFO: [ view_filter ] --END-- [ RunTime:0.000000s ]
INFO: [ app_end ] --START--
INFO: Run Behavior\ShowPageTraceBehavior [ RunTime:0.001000s ]
INFO: [ app_end ] --END-- [ RunTime:0.001000s ]

[ 2017-05-24T15:34:17+08:00 ] 127.0.0.1 /Home/Index/index.html
INFO: [ app_init ] --START--
INFO: Run Behavior\BuildLiteBehavior [ RunTime:0.000000s ]
INFO: [ app_init ] --END-- [ RunTime:0.000000s ]
INFO: [ app_begin ] --START--
INFO: Run Behavior\ReadHtmlCacheBehavior [ RunTime:0.000000s ]
INFO: [ app_begin ] --END-- [ RunTime:0.000000s ]
SQL: SHOW COLUMNS FROM `dxyh_friendship_link` [ RunTime:0.0070s ]
SQL: SELECT `link_name`,`link` FROM `dxyh_friendship_link`  [ RunTime:0.0080s ]
SQL: SHOW COLUMNS FROM `dxyh_visit` [ RunTime:0.0080s ]
SQL: INSERT INTO `dxyh_visit` (`ip`,`create_time`) VALUES ('2130706433','1495611257') [ RunTime:0.0270s ]
SQL: SHOW COLUMNS FROM `dxyh_website_image` [ RunTime:0.0090s ]
SQL: SELECT `image`,`img_link`,`app_image` FROM `dxyh_website_image` WHERE `type` = 1 AND `status` = 1 ORDER BY `sort` desc  [ RunTime:0.0100s ]
SQL: SHOW COLUMNS FROM `dxyh_coptic` [ RunTime:0.0090s ]
SQL: SELECT `id`,`coptic_title`,`coptic_cover`,`abstract` FROM `dxyh_coptic` ORDER BY `sort` desc LIMIT 0,8   [ RunTime:0.0120s ]
SQL: SHOW COLUMNS FROM `dxyh_coptic_type` [ RunTime:0.0090s ]
SQL: SELECT * FROM `dxyh_coptic_type` ORDER BY `sort` desc,`create_time` desc  [ RunTime:0.0090s ]
SQL: SHOW COLUMNS FROM `dxyh_activity` [ RunTime:0.0080s ]
SQL: SELECT `id`,`activity_name`,`activity_cover`,`enroll_end_time`,`browse_volume` FROM `dxyh_activity` WHERE `status` <> '3' ORDER BY `create_time` desc LIMIT 0,3   [ RunTime:0.0080s ]
INFO: [ view_parse ] --START--
INFO: [ template_filter ] --START--
INFO: Run Behavior\ContentReplaceBehavior [ RunTime:0.000000s ]
INFO: [ template_filter ] --END-- [ RunTime:0.000000s ]
INFO: Run Behavior\ParseTemplateBehavior [ RunTime:0.009000s ]
INFO: [ view_parse ] --END-- [ RunTime:0.009000s ]
INFO: [ view_filter ] --START--
INFO: Run Behavior\WriteHtmlCacheBehavior [ RunTime:0.000000s ]
INFO: [ view_filter ] --END-- [ RunTime:0.000000s ]
INFO: [ app_end ] --START--
INFO: Run Behavior\ShowPageTraceBehavior [ RunTime:0.000000s ]
INFO: [ app_end ] --END-- [ RunTime:0.001000s ]

[ 2017-05-24T15:34:40+08:00 ] 127.0.0.1 /Home/Index/index.html
INFO: [ app_init ] --START--
INFO: Run Behavior\BuildLiteBehavior [ RunTime:0.000000s ]
INFO: [ app_init ] --END-- [ RunTime:0.001000s ]
INFO: [ app_begin ] --START--
INFO: Run Behavior\ReadHtmlCacheBehavior [ RunTime:0.000000s ]
INFO: [ app_begin ] --END-- [ RunTime:0.000000s ]
SQL: SHOW COLUMNS FROM `dxyh_friendship_link` [ RunTime:0.0070s ]
SQL: SELECT `link_name`,`link` FROM `dxyh_friendship_link`  [ RunTime:0.0090s ]
SQL: SHOW COLUMNS FROM `dxyh_visit` [ RunTime:0.0100s ]
SQL: INSERT INTO `dxyh_visit` (`ip`,`create_time`) VALUES ('2130706433','1495611280') [ RunTime:0.0550s ]
SQL: SHOW COLUMNS FROM `dxyh_website_image` [ RunTime:0.0100s ]
SQL: SELECT `image`,`img_link`,`app_image` FROM `dxyh_website_image` WHERE `type` = 1 AND `status` = 1 ORDER BY `sort` desc  [ RunTime:0.0070s ]
SQL: SHOW COLUMNS FROM `dxyh_coptic` [ RunTime:0.0080s ]
SQL: SELECT `id`,`coptic_title`,`coptic_cover`,`abstract` FROM `dxyh_coptic` ORDER BY `sort` desc LIMIT 0,8   [ RunTime:0.0100s ]
SQL: SHOW COLUMNS FROM `dxyh_coptic_type` [ RunTime:0.0080s ]
SQL: SELECT * FROM `dxyh_coptic_type` ORDER BY `sort` desc,`create_time` desc  [ RunTime:0.0100s ]
SQL: SHOW COLUMNS FROM `dxyh_activity` [ RunTime:0.0080s ]
SQL: SELECT `id`,`activity_name`,`activity_cover`,`enroll_end_time`,`browse_volume` FROM `dxyh_activity` WHERE `status` <> '3' ORDER BY `create_time` desc LIMIT 0,3   [ RunTime:0.0090s ]
INFO: [ view_parse ] --START--
INFO: [ template_filter ] --START--
INFO: Run Behavior\ContentReplaceBehavior [ RunTime:0.000000s ]
INFO: [ template_filter ] --END-- [ RunTime:0.000000s ]
INFO: Run Behavior\ParseTemplateBehavior [ RunTime:0.020001s ]
INFO: [ view_parse ] --END-- [ RunTime:0.020001s ]
INFO: [ view_filter ] --START--
INFO: Run Behavior\WriteHtmlCacheBehavior [ RunTime:0.000000s ]
INFO: [ view_filter ] --END-- [ RunTime:0.000000s ]
INFO: [ app_end ] --START--
INFO: Run Behavior\ShowPageTraceBehavior [ RunTime:0.001000s ]
INFO: [ app_end ] --END-- [ RunTime:0.001000s ]

[ 2017-05-24T15:38:21+08:00 ] 127.0.0.1 /Home/Index/index.html
INFO: [ app_init ] --START--
INFO: Run Behavior\BuildLiteBehavior [ RunTime:0.000000s ]
INFO: [ app_init ] --END-- [ RunTime:0.001000s ]
INFO: [ app_begin ] --START--
INFO: Run Behavior\ReadHtmlCacheBehavior [ RunTime:0.000000s ]
INFO: [ app_begin ] --END-- [ RunTime:0.000000s ]
SQL: SHOW COLUMNS FROM `dxyh_friendship_link` [ RunTime:0.0110s ]
SQL: SELECT `link_name`,`link` FROM `dxyh_friendship_link`  [ RunTime:0.0140s ]
SQL: SHOW COLUMNS FROM `dxyh_visit` [ RunTime:0.0100s ]
SQL: INSERT INTO `dxyh_visit` (`ip`,`create_time`) VALUES ('2130706433','1495611501') [ RunTime:0.0450s ]
SQL: SHOW COLUMNS FROM `dxyh_website_image` [ RunTime:0.0080s ]
SQL: SELECT `image`,`img_link`,`app_image` FROM `dxyh_website_image` WHERE `type` = 1 AND `status` = 1 ORDER BY `sort` desc  [ RunTime:0.0120s ]
SQL: SHOW COLUMNS FROM `dxyh_coptic` [ RunTime:0.0320s ]
SQL: SELECT `id`,`coptic_title`,`coptic_cover`,`abstract` FROM `dxyh_coptic` ORDER BY `sort` desc LIMIT 0,8   [ RunTime:0.0200s ]
SQL: SHOW COLUMNS FROM `dxyh_coptic_type` [ RunTime:0.0130s ]
SQL: SELECT * FROM `dxyh_coptic_type` ORDER BY `sort` desc,`create_time` desc  [ RunTime:0.0120s ]
SQL: SHOW COLUMNS FROM `dxyh_activity` [ RunTime:0.0190s ]
SQL: SELECT `id`,`activity_name`,`activity_cover`,`enroll_end_time`,`browse_volume` FROM `dxyh_activity` WHERE `status` <> '3' ORDER BY `create_time` desc LIMIT 0,3   [ RunTime:0.0090s ]
INFO: [ view_parse ] --START--
INFO: [ template_filter ] --START--
INFO: Run Behavior\ContentReplaceBehavior [ RunTime:0.001000s ]
INFO: [ template_filter ] --END-- [ RunTime:0.001000s ]
INFO: Run Behavior\ParseTemplateBehavior [ RunTime:0.016001s ]
INFO: [ view_parse ] --END-- [ RunTime:0.016001s ]
INFO: [ view_filter ] --START--
INFO: Run Behavior\WriteHtmlCacheBehavior [ RunTime:0.001000s ]
INFO: [ view_filter ] --END-- [ RunTime:0.001000s ]
INFO: [ app_end ] --START--
INFO: Run Behavior\ShowPageTraceBehavior [ RunTime:0.000000s ]
INFO: [ app_end ] --END-- [ RunTime:0.000000s ]

[ 2017-05-24T15:38:40+08:00 ] 127.0.0.1 /Home/Index/index.html
INFO: [ app_init ] --START--
INFO: Run Behavior\BuildLiteBehavior [ RunTime:0.000000s ]
INFO: [ app_init ] --END-- [ RunTime:0.000000s ]
INFO: [ app_begin ] --START--
INFO: Run Behavior\ReadHtmlCacheBehavior [ RunTime:0.000000s ]
INFO: [ app_begin ] --END-- [ RunTime:0.001000s ]
SQL: SHOW COLUMNS FROM `dxyh_friendship_link` [ RunTime:0.0090s ]
SQL: SELECT `link_name`,`link` FROM `dxyh_friendship_link`  [ RunTime:0.0070s ]
SQL: SHOW COLUMNS FROM `dxyh_visit` [ RunTime:0.0080s ]
SQL: INSERT INTO `dxyh_visit` (`ip`,`create_time`) VALUES ('2130706433','1495611520') [ RunTime:0.0120s ]
SQL: SHOW COLUMNS FROM `dxyh_website_image` [ RunTime:0.0070s ]
SQL: SELECT `image`,`img_link`,`app_image` FROM `dxyh_website_image` WHERE `type` = 1 AND `status` = 1 ORDER BY `sort` desc  [ RunTime:0.0060s ]
SQL: SHOW COLUMNS FROM `dxyh_coptic` [ RunTime:0.0080s ]
SQL: SELECT `id`,`coptic_title`,`coptic_cover`,`abstract` FROM `dxyh_coptic` ORDER BY `sort` desc LIMIT 0,8   [ RunTime:0.0120s ]
SQL: SHOW COLUMNS FROM `dxyh_coptic_type` [ RunTime:0.0070s ]
SQL: SELECT * FROM `dxyh_coptic_type` ORDER BY `sort` desc,`create_time` desc  [ RunTime:0.0080s ]
SQL: SHOW COLUMNS FROM `dxyh_activity` [ RunTime:0.0100s ]
SQL: SELECT `id`,`activity_name`,`activity_cover`,`enroll_end_time`,`browse_volume` FROM `dxyh_activity` WHERE `status` <> '3' ORDER BY `create_time` desc LIMIT 0,3   [ RunTime:0.0060s ]
INFO: [ view_parse ] --START--
INFO: [ template_filter ] --START--
INFO: Run Behavior\ContentReplaceBehavior [ RunTime:0.000000s ]
INFO: [ template_filter ] --END-- [ RunTime:0.000000s ]
INFO: Run Behavior\ParseTemplateBehavior [ RunTime:0.020001s ]
INFO: [ view_parse ] --END-- [ RunTime:0.020001s ]
INFO: [ view_filter ] --START--
INFO: Run Behavior\WriteHtmlCacheBehavior [ RunTime:0.001000s ]
INFO: [ view_filter ] --END-- [ RunTime:0.001000s ]
INFO: [ app_end ] --START--
INFO: Run Behavior\ShowPageTraceBehavior [ RunTime:0.000000s ]
INFO: [ app_end ] --END-- [ RunTime:0.000000s ]

[ 2017-05-24T15:39:07+08:00 ] 127.0.0.1 /Home/Coptic/details/id/90.html
INFO: [ app_init ] --START--
INFO: Run Behavior\BuildLiteBehavior [ RunTime:0.000000s ]
INFO: [ app_init ] --END-- [ RunTime:0.000000s ]
INFO: [ app_begin ] --START--
INFO: Run Behavior\ReadHtmlCacheBehavior [ RunTime:0.000000s ]
INFO: [ app_begin ] --END-- [ RunTime:0.000000s ]
SQL: SHOW COLUMNS FROM `dxyh_friendship_link` [ RunTime:0.0090s ]
SQL: SELECT `link_name`,`link` FROM `dxyh_friendship_link`  [ RunTime:0.0080s ]
SQL: SHOW COLUMNS FROM `dxyh_coptic` [ RunTime:0.0090s ]
SQL: SELECT `id`,`coptic_title`,`coptic_cover` FROM `dxyh_coptic` WHERE `referral` = 1 ORDER BY `create_time` desc  [ RunTime:0.0080s ]
SQL: update dxyh_coptic set browse_volume = browse_volume+1 where id=90 [ RunTime:0.0320s ]
SQL: SHOW COLUMNS FROM `dxyh_coptic` [ RunTime:0.0090s ]
SQL: SELECT * FROM `dxyh_coptic` WHERE `id` = 90 LIMIT 1   [ RunTime:0.0090s ]
SQL: SHOW COLUMNS FROM `dxyh_comment` [ RunTime:0.0080s ]
SQL: SELECT c.id,c.parent_id,c.content,u.nickname,u.avatar,c.create_time,(select count(*) from dxyh_comment_likes WHERE dxyh_comment_likes.comment_id=c.id) as likesnum FROM dxyh_comment c INNER JOIN dxyh_user as u ON u.uid=c.uid  WHERE c.coptic_id = '90' AND c.status = 1 ORDER BY c.create_time desc  [ RunTime:0.0090s ]
INFO: [ view_parse ] --START--
INFO: [ template_filter ] --START--
INFO: Run Behavior\ContentReplaceBehavior [ RunTime:0.001000s ]
INFO: [ template_filter ] --END-- [ RunTime:0.001000s ]
NOTIC: [8] Undefined index: likes D:\WWW\daxiaoyihu\Application\Runtime\Cache\Home\dd356fbc8cfe3f3d929391b910cf4a90.php 第 121 行.
NOTIC: [8] Undefined variable: checkLikes D:\WWW\daxiaoyihu\Application\Runtime\Cache\Home\dd356fbc8cfe3f3d929391b910cf4a90.php 第 245 行.
NOTIC: [8] Undefined variable: checkStoreUp D:\WWW\daxiaoyihu\Application\Runtime\Cache\Home\dd356fbc8cfe3f3d929391b910cf4a90.php 第 246 行.
INFO: Run Behavior\ParseTemplateBehavior [ RunTime:0.011000s ]
INFO: [ view_parse ] --END-- [ RunTime:0.011000s ]
INFO: [ view_filter ] --START--
INFO: Run Behavior\WriteHtmlCacheBehavior [ RunTime:0.000000s ]
INFO: [ view_filter ] --END-- [ RunTime:0.000000s ]
INFO: [ app_end ] --START--
INFO: Run Behavior\ShowPageTraceBehavior [ RunTime:0.000000s ]
INFO: [ app_end ] --END-- [ RunTime:0.000000s ]

[ 2017-05-24T15:39:35+08:00 ] 127.0.0.1 /Home/Coptic/details/id/90.html
INFO: [ app_init ] --START--
INFO: Run Behavior\BuildLiteBehavior [ RunTime:0.000000s ]
INFO: [ app_init ] --END-- [ RunTime:0.000000s ]
INFO: [ app_begin ] --START--
INFO: Run Behavior\ReadHtmlCacheBehavior [ RunTime:0.001000s ]
INFO: [ app_begin ] --END-- [ RunTime:0.001000s ]
SQL: SHOW COLUMNS FROM `dxyh_friendship_link` [ RunTime:0.0120s ]
SQL: SELECT `link_name`,`link` FROM `dxyh_friendship_link`  [ RunTime:0.0070s ]
SQL: SHOW COLUMNS FROM `dxyh_coptic` [ RunTime:0.0070s ]
SQL: SELECT `id`,`coptic_title`,`coptic_cover` FROM `dxyh_coptic` WHERE `referral` = 1 ORDER BY `create_time` desc  [ RunTime:0.0070s ]
SQL: update dxyh_coptic set browse_volume = browse_volume+1 where id=90 [ RunTime:0.0260s ]
SQL: SHOW COLUMNS FROM `dxyh_coptic` [ RunTime:0.0150s ]
SQL: SELECT * FROM `dxyh_coptic` WHERE `id` = 90 LIMIT 1   [ RunTime:0.0070s ]
SQL: SHOW COLUMNS FROM `dxyh_comment` [ RunTime:0.0070s ]
SQL: SELECT c.id,c.parent_id,c.content,u.nickname,u.avatar,c.create_time,(select count(*) from dxyh_comment_likes WHERE dxyh_comment_likes.comment_id=c.id) as likesnum FROM dxyh_comment c INNER JOIN dxyh_user as u ON u.uid=c.uid  WHERE c.coptic_id = '90' AND c.status = 1 ORDER BY c.create_time desc  [ RunTime:0.0070s ]
INFO: [ view_parse ] --START--
INFO: [ template_filter ] --START--
INFO: Run Behavior\ContentReplaceBehavior [ RunTime:0.000000s ]
INFO: [ template_filter ] --END-- [ RunTime:0.000000s ]
NOTIC: [8] Undefined index: likes D:\WWW\daxiaoyihu\Application\Runtime\Cache\Home\dd356fbc8cfe3f3d929391b910cf4a90.php 第 121 行.
NOTIC: [8] Undefined variable: checkLikes D:\WWW\daxiaoyihu\Application\Runtime\Cache\Home\dd356fbc8cfe3f3d929391b910cf4a90.php 第 245 行.
NOTIC: [8] Undefined variable: checkStoreUp D:\WWW\daxiaoyihu\Application\Runtime\Cache\Home\dd356fbc8cfe3f3d929391b910cf4a90.php 第 246 行.
INFO: Run Behavior\ParseTemplateBehavior [ RunTime:0.009000s ]
INFO: [ view_parse ] --END-- [ RunTime:0.009000s ]
INFO: [ view_filter ] --START--
INFO: Run Behavior\WriteHtmlCacheBehavior [ RunTime:0.000000s ]
INFO: [ view_filter ] --END-- [ RunTime:0.000000s ]
INFO: [ app_end ] --START--
INFO: Run Behavior\ShowPageTraceBehavior [ RunTime:0.001000s ]
INFO: [ app_end ] --END-- [ RunTime:0.001000s ]

[ 2017-05-24T16:02:15+08:00 ] 127.0.0.1 /Home/Coptic/details/id/90.html
INFO: [ app_init ] --START--
INFO: Run Behavior\BuildLiteBehavior [ RunTime:0.000000s ]
INFO: [ app_init ] --END-- [ RunTime:0.001000s ]
INFO: [ app_begin ] --START--
INFO: Run Behavior\ReadHtmlCacheBehavior [ RunTime:0.000000s ]
INFO: [ app_begin ] --END-- [ RunTime:0.000000s ]
SQL: SHOW COLUMNS FROM `dxyh_friendship_link` [ RunTime:0.0130s ]
SQL: SELECT `link_name`,`link` FROM `dxyh_friendship_link`  [ RunTime:0.0150s ]
SQL: SHOW COLUMNS FROM `dxyh_coptic` [ RunTime:0.0190s ]
SQL: SELECT `id`,`coptic_title`,`coptic_cover` FROM `dxyh_coptic` WHERE `referral` = 1 ORDER BY `create_time` desc  [ RunTime:0.0100s ]
SQL: update dxyh_coptic set browse_volume = browse_volume+1 where id=90 [ RunTime:0.0310s ]
SQL: SHOW COLUMNS FROM `dxyh_coptic` [ RunTime:0.0100s ]
SQL: SELECT * FROM `dxyh_coptic` WHERE `id` = 90 LIMIT 1   [ RunTime:0.0120s ]
SQL: SHOW COLUMNS FROM `dxyh_comment` [ RunTime:0.0150s ]
SQL: SELECT c.id,c.parent_id,c.content,u.nickname,u.avatar,c.create_time,(select count(*) from dxyh_comment_likes WHERE dxyh_comment_likes.comment_id=c.id) as likesnum FROM dxyh_comment c INNER JOIN dxyh_user as u ON u.uid=c.uid  WHERE c.coptic_id = '90' AND c.status = 1 ORDER BY c.create_time desc  [ RunTime:0.0090s ]
INFO: [ view_parse ] --START--
INFO: [ template_filter ] --START--
INFO: Run Behavior\ContentReplaceBehavior [ RunTime:0.000000s ]
INFO: [ template_filter ] --END-- [ RunTime:0.001000s ]
NOTIC: [8] Undefined index: likes D:\WWW\daxiaoyihu\Application\Runtime\Cache\Home\dd356fbc8cfe3f3d929391b910cf4a90.php 第 121 行.
NOTIC: [8] Undefined variable: checkLikes D:\WWW\daxiaoyihu\Application\Runtime\Cache\Home\dd356fbc8cfe3f3d929391b910cf4a90.php 第 245 行.
NOTIC: [8] Undefined variable: checkStoreUp D:\WWW\daxiaoyihu\Application\Runtime\Cache\Home\dd356fbc8cfe3f3d929391b910cf4a90.php 第 246 行.
INFO: Run Behavior\ParseTemplateBehavior [ RunTime:0.040002s ]
INFO: [ view_parse ] --END-- [ RunTime:0.040002s ]
INFO: [ view_filter ] --START--
INFO: Run Behavior\WriteHtmlCacheBehavior [ RunTime:0.000000s ]
INFO: [ view_filter ] --END-- [ RunTime:0.000000s ]
INFO: [ app_end ] --START--
INFO: Run Behavior\ShowPageTraceBehavior [ RunTime:0.001000s ]
INFO: [ app_end ] --END-- [ RunTime:0.001000s ]

