[ 2017-04-11T09:18:58+08:00 ] 127.0.0.1 /
INFO: [ app_init ] --START--
INFO: Run Behavior\BuildLiteBehavior [ RunTime:0.000000s ]
INFO: [ app_init ] --END-- [ RunTime:0.166009s ]
INFO: [ app_begin ] --START--
INFO: Run Behavior\ReadHtmlCacheBehavior [ RunTime:0.037002s ]
INFO: [ app_begin ] --END-- [ RunTime:0.037002s ]
SQL: SHOW COLUMNS FROM `dxyh_friendship_link` [ RunTime:0.0160s ]
SQL: SELECT `link_name`,`link` FROM `dxyh_friendship_link` LIMIT 0,15   [ RunTime:0.0120s ]
SQL: SHOW COLUMNS FROM `dxyh_visit` [ RunTime:0.0100s ]
SQL: INSERT INTO `dxyh_visit` (`ip`,`create_time`) VALUES ('2130706433','1491873536') [ RunTime:0.1340s ]
SQL: SHOW COLUMNS FROM `dxyh_website_image` [ RunTime:0.0100s ]
SQL: SELECT `image`,`img_link` FROM `dxyh_website_image` WHERE `type` = 1 AND `status` = 1 ORDER BY `sort` desc LIMIT 0,15   [ RunTime:0.0120s ]
SQL: SHOW COLUMNS FROM `dxyh_coptic` [ RunTime:0.0130s ]
SQL: SELECT `id`,`coptic_title`,`coptic_cover`,`abstract` FROM `dxyh_coptic` ORDER BY `create_time` desc LIMIT 0,8   [ RunTime:0.0130s ]
SQL: SHOW COLUMNS FROM `dxyh_coptic_type` [ RunTime:0.0100s ]
SQL: SELECT * FROM `dxyh_coptic_type` ORDER BY `sort` desc,`create_time` desc LIMIT 0,15   [ RunTime:0.0130s ]
SQL: SHOW COLUMNS FROM `dxyh_activity` [ RunTime:0.0400s ]
NOTIC: [8] Undefined offset: 0 D:\WWW\daxiaoyihu\ThinkPHP\Library\Think\Db\Driver.class.php 第 550 行.
NOTIC: [8] Undefined offset: 0 D:\WWW\daxiaoyihu\ThinkPHP\Library\Think\Db\Driver.class.php 第 596 行.
NOTIC: [8] Undefined offset: 0 D:\WWW\daxiaoyihu\ThinkPHP\Library\Think\Db\Driver.class.php 第 596 行.
NOTIC: [8] Undefined offset: 0 D:\WWW\daxiaoyihu\ThinkPHP\Library\Think\Db\Driver.class.php 第 597 行.
NOTIC: [8] Undefined offset: 0 D:\WWW\daxiaoyihu\ThinkPHP\Library\Think\Db\Driver.class.php 第 600 行.
SQL: SELECT `id`,`activity_name`,`activity_cover`,`enroll_end_time`,`browse_volume` FROM `dxyh_activity` WHERE ( `status` = null  ) ORDER BY `create_time` desc LIMIT 0,3   [ RunTime:0.0100s ]
INFO: [ view_parse ] --START--
INFO: [ template_filter ] --START--
INFO: Run Behavior\ContentReplaceBehavior [ RunTime:0.000000s ]
INFO: [ template_filter ] --END-- [ RunTime:0.000000s ]
INFO: Run Behavior\ParseTemplateBehavior [ RunTime:0.311018s ]
INFO: [ view_parse ] --END-- [ RunTime:0.311018s ]
INFO: [ view_filter ] --START--
INFO: Run Behavior\WriteHtmlCacheBehavior [ RunTime:0.047003s ]
INFO: [ view_filter ] --END-- [ RunTime:0.047003s ]
INFO: [ app_end ] --START--
INFO: Run Behavior\ShowPageTraceBehavior [ RunTime:0.127007s ]
INFO: [ app_end ] --END-- [ RunTime:0.127007s ]

