[ 2017-04-15T00:06:25+08:00 ] 127.0.0.1 /css/base.css
INFO: [ app_init ] --START--
INFO: Run Behavior\BuildLiteBehavior [ RunTime:0.000064s ]
INFO: [ app_init ] --END-- [ RunTime:0.000961s ]
ERR: 无法加载模块:Css

[ 2017-04-15T00:06:25+08:00 ] 127.0.0.1 /img/cmt1.png
INFO: [ app_init ] --START--
INFO: Run Behavior\BuildLiteBehavior [ RunTime:0.000011s ]
INFO: [ app_init ] --END-- [ RunTime:0.000273s ]
ERR: 无法加载模块:Img

[ 2017-04-15T00:06:25+08:00 ] 127.0.0.1 /img/cmt2.png
INFO: [ app_init ] --START--
INFO: Run Behavior\BuildLiteBehavior [ RunTime:0.000008s ]
INFO: [ app_init ] --END-- [ RunTime:0.000237s ]
ERR: 无法加载模块:Img

[ 2017-04-15T00:06:25+08:00 ] 127.0.0.1 /js/jquery1.91.min.js
INFO: [ app_init ] --START--
INFO: Run Behavior\BuildLiteBehavior [ RunTime:0.000009s ]
INFO: [ app_init ] --END-- [ RunTime:0.000237s ]
ERR: 无法加载模块:Js

[ 2017-04-15T00:06:26+08:00 ] 127.0.0.1 /css/idangerous.swiper.css
INFO: [ app_init ] --START--
INFO: Run Behavior\BuildLiteBehavior [ RunTime:0.000012s ]
INFO: [ app_init ] --END-- [ RunTime:0.000331s ]
ERR: 无法加载模块:Css

[ 2017-04-15T00:06:26+08:00 ] 127.0.0.1 /img/logo.png
INFO: [ app_init ] --START--
INFO: Run Behavior\BuildLiteBehavior [ RunTime:0.000016s ]
INFO: [ app_init ] --END-- [ RunTime:0.000374s ]
ERR: 无法加载模块:Img

[ 2017-04-15T00:06:26+08:00 ] 127.0.0.1 /css/index.css
INFO: [ app_init ] --START--
INFO: Run Behavior\BuildLiteBehavior [ RunTime:0.000014s ]
INFO: [ app_init ] --END-- [ RunTime:0.000450s ]
ERR: 无法加载模块:Css

[ 2017-04-15T00:06:26+08:00 ] 127.0.0.1 /js/idangerous.swiper.min.js
INFO: [ app_init ] --START--
INFO: Run Behavior\BuildLiteBehavior [ RunTime:0.000014s ]
INFO: [ app_init ] --END-- [ RunTime:0.000369s ]
ERR: 无法加载模块:Js

[ 2017-04-15T00:06:26+08:00 ] 127.0.0.1 /js/index.js
INFO: [ app_init ] --START--
INFO: Run Behavior\BuildLiteBehavior [ RunTime:0.000013s ]
INFO: [ app_init ] --END-- [ RunTime:0.000355s ]
ERR: 无法加载模块:Js

[ 2017-04-15T00:06:26+08:00 ] 127.0.0.1 /img/img1.png
INFO: [ app_init ] --START--
INFO: Run Behavior\BuildLiteBehavior [ RunTime:0.000010s ]
INFO: [ app_init ] --END-- [ RunTime:0.000322s ]
ERR: 无法加载模块:Img

[ 2017-04-15T00:06:26+08:00 ] 127.0.0.1 /img/i1.png
INFO: [ app_init ] --START--
INFO: Run Behavior\BuildLiteBehavior [ RunTime:0.000017s ]
INFO: [ app_init ] --END-- [ RunTime:0.000599s ]
ERR: 无法加载模块:Img

[ 2017-04-15T00:06:27+08:00 ] 127.0.0.1 /img/pre2.png
INFO: [ app_init ] --START--
INFO: Run Behavior\BuildLiteBehavior [ RunTime:0.000015s ]
INFO: [ app_init ] --END-- [ RunTime:0.000340s ]
ERR: 无法加载模块:Img

[ 2017-04-15T00:06:27+08:00 ] 127.0.0.1 /img/next2.png
INFO: [ app_init ] --START--
INFO: Run Behavior\BuildLiteBehavior [ RunTime:0.000014s ]
INFO: [ app_init ] --END-- [ RunTime:0.000374s ]
ERR: 无法加载模块:Img

[ 2017-04-15T00:06:27+08:00 ] 127.0.0.1 /img/dyxh.ico
INFO: [ app_init ] --START--
INFO: Run Behavior\BuildLiteBehavior [ RunTime:0.000032s ]
INFO: [ app_init ] --END-- [ RunTime:0.000457s ]
ERR: 无法加载模块:Img

[ 2017-04-15T00:11:17+08:00 ] 127.0.0.1 /favicon.ico
INFO: [ app_init ] --START--
INFO: Run Behavior\BuildLiteBehavior [ RunTime:0.000014s ]
INFO: [ app_init ] --END-- [ RunTime:0.000359s ]
ERR: 无法加载模块:Favicon

[ 2017-04-15T01:10:30+08:00 ] 127.0.0.1 /Public/home/js/maps/swiper.min.js.map
INFO: [ app_init ] --START--
INFO: Run Behavior\BuildLiteBehavior [ RunTime:0.000014s ]
INFO: [ app_init ] --END-- [ RunTime:0.000532s ]
ERR: 无法加载模块:Public

[ 2017-04-15T01:10:32+08:00 ] 127.0.0.1 /Public/home/js/maps/swiper.min.js.map
INFO: [ app_init ] --START--
INFO: Run Behavior\BuildLiteBehavior [ RunTime:0.000017s ]
INFO: [ app_init ] --END-- [ RunTime:0.000448s ]
ERR: 无法加载模块:Public

[ 2017-04-15T01:14:09+08:00 ] 127.0.0.1 /Public/home/js/maps/swiper.min.js.map
INFO: [ app_init ] --START--
INFO: Run Behavior\BuildLiteBehavior [ RunTime:0.000014s ]
INFO: [ app_init ] --END-- [ RunTime:0.000445s ]
ERR: 无法加载模块:Public

[ 2017-04-15T01:16:37+08:00 ] 127.0.0.1 /Public/home/js/maps/swiper.min.js.map
INFO: [ app_init ] --START--
INFO: Run Behavior\BuildLiteBehavior [ RunTime:0.000018s ]
INFO: [ app_init ] --END-- [ RunTime:0.000476s ]
ERR: 无法加载模块:Public

[ 2017-04-15T01:16:39+08:00 ] 127.0.0.1 /Public/home/js/maps/swiper.min.js.map
INFO: [ app_init ] --START--
INFO: Run Behavior\BuildLiteBehavior [ RunTime:0.000014s ]
INFO: [ app_init ] --END-- [ RunTime:0.000360s ]
ERR: 无法加载模块:Public

[ 2017-04-15T01:18:05+08:00 ] 127.0.0.1 /Public/home/js/maps/swiper.min.js.map
INFO: [ app_init ] --START--
INFO: Run Behavior\BuildLiteBehavior [ RunTime:0.000017s ]
INFO: [ app_init ] --END-- [ RunTime:0.000403s ]
ERR: 无法加载模块:Public

[ 2017-04-15T01:18:33+08:00 ] 127.0.0.1 /Public/home/js/maps/swiper.min.js.map
INFO: [ app_init ] --START--
INFO: Run Behavior\BuildLiteBehavior [ RunTime:0.000015s ]
INFO: [ app_init ] --END-- [ RunTime:0.000408s ]
ERR: 无法加载模块:Public

[ 2017-04-15T01:18:51+08:00 ] 127.0.0.1 /Public/home/js/maps/swiper.min.js.map
INFO: [ app_init ] --START--
INFO: Run Behavior\BuildLiteBehavior [ RunTime:0.000014s ]
INFO: [ app_init ] --END-- [ RunTime:0.000395s ]
ERR: 无法加载模块:Public

[ 2017-04-15T01:19:14+08:00 ] 127.0.0.1 /Public/home/js/maps/swiper.min.js.map
INFO: [ app_init ] --START--
INFO: Run Behavior\BuildLiteBehavior [ RunTime:0.000016s ]
INFO: [ app_init ] --END-- [ RunTime:0.000443s ]
ERR: 无法加载模块:Public

[ 2017-04-15T01:41:36+08:00 ] 127.0.0.1 /Public/home/js/maps/swiper.min.js.map
INFO: [ app_init ] --START--
INFO: Run Behavior\BuildLiteBehavior [ RunTime:0.000015s ]
INFO: [ app_init ] --END-- [ RunTime:0.000390s ]
ERR: 无法加载模块:Public

[ 2017-04-15T01:41:39+08:00 ] 127.0.0.1 /Public/home/js/maps/swiper.min.js.map
INFO: [ app_init ] --START--
INFO: Run Behavior\BuildLiteBehavior [ RunTime:0.000016s ]
INFO: [ app_init ] --END-- [ RunTime:0.000406s ]
ERR: 无法加载模块:Public

[ 2017-04-15T01:52:44+08:00 ] 127.0.0.1 /Public/home/js/maps/swiper.min.js.map
INFO: [ app_init ] --START--
INFO: Run Behavior\BuildLiteBehavior [ RunTime:0.000022s ]
INFO: [ app_init ] --END-- [ RunTime:0.000482s ]
ERR: 无法加载模块:Public

[ 2017-04-15T01:52:50+08:00 ] 127.0.0.1 /Public/home/js/maps/swiper.min.js.map
INFO: [ app_init ] --START--
INFO: Run Behavior\BuildLiteBehavior [ RunTime:0.000036s ]
INFO: [ app_init ] --END-- [ RunTime:0.000430s ]
ERR: 无法加载模块:Public

[ 2017-04-15T01:57:25+08:00 ] 127.0.0.1 /Public/home/js/maps/swiper.min.js.map
INFO: [ app_init ] --START--
INFO: Run Behavior\BuildLiteBehavior [ RunTime:0.000016s ]
INFO: [ app_init ] --END-- [ RunTime:0.000422s ]
ERR: 无法加载模块:Public

[ 2017-04-15T17:05:51+08:00 ] 127.0.0.1 /Public/home/js/maps/swiper.min.js.map
INFO: [ app_init ] --START--
INFO: Run Behavior\BuildLiteBehavior [ RunTime:0.000014s ]
INFO: [ app_init ] --END-- [ RunTime:0.000409s ]
ERR: 无法加载模块:Public

[ 2017-04-15T17:06:42+08:00 ] 127.0.0.1 /Public/home/js/maps/swiper.min.js.map
INFO: [ app_init ] --START--
INFO: Run Behavior\BuildLiteBehavior [ RunTime:0.000011s ]
INFO: [ app_init ] --END-- [ RunTime:0.000254s ]
ERR: 无法加载模块:Public

[ 2017-04-15T17:06:56+08:00 ] 127.0.0.1 /Public/home/js/maps/swiper.min.js.map
INFO: [ app_init ] --START--
INFO: Run Behavior\BuildLiteBehavior [ RunTime:0.000014s ]
INFO: [ app_init ] --END-- [ RunTime:0.000362s ]
ERR: 无法加载模块:Public

[ 2017-04-15T17:06:58+08:00 ] 127.0.0.1 /Public/home/js/maps/swiper.min.js.map
INFO: [ app_init ] --START--
INFO: Run Behavior\BuildLiteBehavior [ RunTime:0.000016s ]
INFO: [ app_init ] --END-- [ RunTime:0.000495s ]
ERR: 无法加载模块:Public

[ 2017-04-15T17:06:59+08:00 ] 127.0.0.1 /Public/home/js/maps/swiper.min.js.map
INFO: [ app_init ] --START--
INFO: Run Behavior\BuildLiteBehavior [ RunTime:0.000015s ]
INFO: [ app_init ] --END-- [ RunTime:0.000383s ]
ERR: 无法加载模块:Public

[ 2017-04-15T17:07:01+08:00 ] 127.0.0.1 /Public/home/js/maps/swiper.min.js.map
INFO: [ app_init ] --START--
INFO: Run Behavior\BuildLiteBehavior [ RunTime:0.000013s ]
INFO: [ app_init ] --END-- [ RunTime:0.000358s ]
ERR: 无法加载模块:Public

[ 2017-04-15T17:07:02+08:00 ] 127.0.0.1 /Public/home/js/maps/swiper.min.js.map
INFO: [ app_init ] --START--
INFO: Run Behavior\BuildLiteBehavior [ RunTime:0.000020s ]
INFO: [ app_init ] --END-- [ RunTime:0.000491s ]
ERR: 无法加载模块:Public

[ 2017-04-15T17:08:14+08:00 ] 127.0.0.1 /Public/home/js/maps/swiper.min.js.map
INFO: [ app_init ] --START--
INFO: Run Behavior\BuildLiteBehavior [ RunTime:0.000010s ]
INFO: [ app_init ] --END-- [ RunTime:0.000255s ]
ERR: 无法加载模块:Public

[ 2017-04-15T17:08:22+08:00 ] 127.0.0.1 /Public/home/js/maps/swiper.min.js.map
INFO: [ app_init ] --START--
INFO: Run Behavior\BuildLiteBehavior [ RunTime:0.000014s ]
INFO: [ app_init ] --END-- [ RunTime:0.000372s ]
ERR: 无法加载模块:Public

[ 2017-04-15T17:08:32+08:00 ] 127.0.0.1 /Public/home/js/maps/swiper.min.js.map
INFO: [ app_init ] --START--
INFO: Run Behavior\BuildLiteBehavior [ RunTime:0.000013s ]
INFO: [ app_init ] --END-- [ RunTime:0.000369s ]
ERR: 无法加载模块:Public

[ 2017-04-15T17:08:54+08:00 ] 127.0.0.1 /Public/home/js/maps/swiper.min.js.map
INFO: [ app_init ] --START--
INFO: Run Behavior\BuildLiteBehavior [ RunTime:0.000014s ]
INFO: [ app_init ] --END-- [ RunTime:0.000380s ]
ERR: 无法加载模块:Public

[ 2017-04-15T17:09:00+08:00 ] 127.0.0.1 /Public/home/js/maps/swiper.min.js.map
INFO: [ app_init ] --START--
INFO: Run Behavior\BuildLiteBehavior [ RunTime:0.000013s ]
INFO: [ app_init ] --END-- [ RunTime:0.000378s ]
ERR: 无法加载模块:Public

[ 2017-04-15T17:09:12+08:00 ] 127.0.0.1 /Public/home/js/maps/swiper.min.js.map
INFO: [ app_init ] --START--
INFO: Run Behavior\BuildLiteBehavior [ RunTime:0.000009s ]
INFO: [ app_init ] --END-- [ RunTime:0.000255s ]
ERR: 无法加载模块:Public

[ 2017-04-15T17:09:18+08:00 ] 127.0.0.1 /Public/home/js/maps/swiper.min.js.map
INFO: [ app_init ] --START--
INFO: Run Behavior\BuildLiteBehavior [ RunTime:0.000018s ]
INFO: [ app_init ] --END-- [ RunTime:0.000436s ]
ERR: 无法加载模块:Public

[ 2017-04-15T17:09:31+08:00 ] 127.0.0.1 /Public/home/js/maps/swiper.min.js.map
INFO: [ app_init ] --START--
INFO: Run Behavior\BuildLiteBehavior [ RunTime:0.000016s ]
INFO: [ app_init ] --END-- [ RunTime:0.000408s ]
ERR: 无法加载模块:Public

[ 2017-04-15T17:09:41+08:00 ] 127.0.0.1 /Public/home/js/maps/swiper.min.js.map
INFO: [ app_init ] --START--
INFO: Run Behavior\BuildLiteBehavior [ RunTime:0.000018s ]
INFO: [ app_init ] --END-- [ RunTime:0.000433s ]
ERR: 无法加载模块:Public

[ 2017-04-15T17:13:43+08:00 ] 127.0.0.1 /Public/home/js/maps/swiper.min.js.map
INFO: [ app_init ] --START--
INFO: Run Behavior\BuildLiteBehavior [ RunTime:0.000024s ]
INFO: [ app_init ] --END-- [ RunTime:0.000592s ]
ERR: 无法加载模块:Public

[ 2017-04-15T17:14:48+08:00 ] 127.0.0.1 /Public/home/js/maps/swiper.min.js.map
INFO: [ app_init ] --START--
INFO: Run Behavior\BuildLiteBehavior [ RunTime:0.000017s ]
INFO: [ app_init ] --END-- [ RunTime:0.000508s ]
ERR: 无法加载模块:Public

[ 2017-04-15T17:14:56+08:00 ] 127.0.0.1 /Public/home/js/maps/swiper.min.js.map
INFO: [ app_init ] --START--
INFO: Run Behavior\BuildLiteBehavior [ RunTime:0.000015s ]
INFO: [ app_init ] --END-- [ RunTime:0.000432s ]
ERR: 无法加载模块:Public

[ 2017-04-15T17:15:41+08:00 ] 127.0.0.1 /Public/home/js/maps/swiper.min.js.map
INFO: [ app_init ] --START--
INFO: Run Behavior\BuildLiteBehavior [ RunTime:0.000074s ]
INFO: [ app_init ] --END-- [ RunTime:0.000562s ]
ERR: 无法加载模块:Public

[ 2017-04-15T17:15:58+08:00 ] 127.0.0.1 /Public/home/js/maps/swiper.min.js.map
INFO: [ app_init ] --START--
INFO: Run Behavior\BuildLiteBehavior [ RunTime:0.000015s ]
INFO: [ app_init ] --END-- [ RunTime:0.000402s ]
ERR: 无法加载模块:Public

[ 2017-04-15T17:19:46+08:00 ] 127.0.0.1 /Public/home/js/maps/swiper.min.js.map
INFO: [ app_init ] --START--
INFO: Run Behavior\BuildLiteBehavior [ RunTime:0.000016s ]
INFO: [ app_init ] --END-- [ RunTime:0.000405s ]
ERR: 无法加载模块:Public

[ 2017-04-15T17:19:59+08:00 ] 127.0.0.1 /Public/home/js/maps/swiper.min.js.map
INFO: [ app_init ] --START--
INFO: Run Behavior\BuildLiteBehavior [ RunTime:0.000015s ]
INFO: [ app_init ] --END-- [ RunTime:0.000377s ]
ERR: 无法加载模块:Public

[ 2017-04-15T17:20:25+08:00 ] 127.0.0.1 /Public/home/js/maps/swiper.min.js.map
INFO: [ app_init ] --START--
INFO: Run Behavior\BuildLiteBehavior [ RunTime:0.000014s ]
INFO: [ app_init ] --END-- [ RunTime:0.000357s ]
ERR: 无法加载模块:Public

[ 2017-04-15T17:22:04+08:00 ] 127.0.0.1 /Public/home/js/maps/swiper.min.js.map
INFO: [ app_init ] --START--
INFO: Run Behavior\BuildLiteBehavior [ RunTime:0.000015s ]
INFO: [ app_init ] --END-- [ RunTime:0.000420s ]
ERR: 无法加载模块:Public

[ 2017-04-15T17:22:10+08:00 ] 127.0.0.1 /Public/home/js/maps/swiper.min.js.map
INFO: [ app_init ] --START--
INFO: Run Behavior\BuildLiteBehavior [ RunTime:0.000021s ]
INFO: [ app_init ] --END-- [ RunTime:0.001089s ]
ERR: 无法加载模块:Public

[ 2017-04-15T17:23:43+08:00 ] 127.0.0.1 /Public/home/js/maps/swiper.min.js.map
INFO: [ app_init ] --START--
INFO: Run Behavior\BuildLiteBehavior [ RunTime:0.000016s ]
INFO: [ app_init ] --END-- [ RunTime:0.000405s ]
ERR: 无法加载模块:Public

[ 2017-04-15T17:24:04+08:00 ] 127.0.0.1 /Public/home/js/maps/swiper.min.js.map
INFO: [ app_init ] --START--
INFO: Run Behavior\BuildLiteBehavior [ RunTime:0.000015s ]
INFO: [ app_init ] --END-- [ RunTime:0.000389s ]
ERR: 无法加载模块:Public

[ 2017-04-15T17:24:09+08:00 ] 127.0.0.1 /Public/home/js/maps/swiper.min.js.map
INFO: [ app_init ] --START--
INFO: Run Behavior\BuildLiteBehavior [ RunTime:0.000015s ]
INFO: [ app_init ] --END-- [ RunTime:0.000424s ]
ERR: 无法加载模块:Public

