[ 2017-04-19T15:37:40+08:00 ] 127.0.0.1 /admin
INFO: [ app_init ] --START--
INFO: Run Behavior\BuildLiteBehavior [ RunTime:0.000000s ]
INFO: [ app_init ] --END-- [ RunTime:0.001000s ]
INFO: [ app_begin ] --START--
INFO: Run Behavior\ReadHtmlCacheBehavior [ RunTime:0.000000s ]
INFO: [ app_begin ] --END-- [ RunTime:0.000000s ]

[ 2017-04-19T15:37:41+08:00 ] 127.0.0.1 /Admin/Public/login.html
INFO: [ app_init ] --START--
INFO: Run Behavior\BuildLiteBehavior [ RunTime:0.000000s ]
INFO: [ app_init ] --END-- [ RunTime:0.000000s ]
INFO: [ app_begin ] --START--
INFO: Run Behavior\ReadHtmlCacheBehavior [ RunTime:0.000000s ]
INFO: [ app_begin ] --END-- [ RunTime:0.000000s ]
SQL: SHOW COLUMNS FROM `dxyh_admin` [ RunTime:0.0160s ]
INFO: [ view_parse ] --START--
INFO: [ template_filter ] --START--
INFO: Run Behavior\ContentReplaceBehavior [ RunTime:0.000000s ]
INFO: [ template_filter ] --END-- [ RunTime:0.000000s ]
INFO: Run Behavior\ParseTemplateBehavior [ RunTime:0.012001s ]
INFO: [ view_parse ] --END-- [ RunTime:0.012001s ]
INFO: [ view_filter ] --START--
INFO: Run Behavior\WriteHtmlCacheBehavior [ RunTime:0.000000s ]
INFO: [ view_filter ] --END-- [ RunTime:0.000000s ]
INFO: [ app_end ] --START--
INFO: Run Behavior\ShowPageTraceBehavior [ RunTime:0.001000s ]
INFO: [ app_end ] --END-- [ RunTime:0.001000s ]

[ 2017-04-19T15:37:43+08:00 ] 127.0.0.1 /Admin/Public/login.html
INFO: [ app_init ] --START--
INFO: Run Behavior\BuildLiteBehavior [ RunTime:0.000000s ]
INFO: [ app_init ] --END-- [ RunTime:0.000000s ]
INFO: [ app_begin ] --START--
INFO: Run Behavior\ReadHtmlCacheBehavior [ RunTime:0.000000s ]
INFO: [ app_begin ] --END-- [ RunTime:0.000000s ]
SQL: SHOW COLUMNS FROM `dxyh_admin` [ RunTime:0.0560s ]
SQL: SELECT * FROM `dxyh_admin` WHERE `aname` = 'root' LIMIT 1   [ RunTime:0.0650s ]

[ 2017-04-19T15:37:45+08:00 ] 127.0.0.1 /Admin/Index/index.html
INFO: [ app_init ] --START--
INFO: Run Behavior\BuildLiteBehavior [ RunTime:0.000000s ]
INFO: [ app_init ] --END-- [ RunTime:0.000000s ]
INFO: [ app_begin ] --START--
INFO: Run Behavior\ReadHtmlCacheBehavior [ RunTime:0.000000s ]
INFO: [ app_begin ] --END-- [ RunTime:0.000000s ]
SQL: SHOW COLUMNS FROM `dxyh_comment` [ RunTime:0.0710s ]
SQL: SELECT COUNT(*) AS tp_count FROM `dxyh_comment` WHERE ( create_time >= 1492531201 AND create_time <= 1492617599 ) LIMIT 1   [ RunTime:0.0520s ]
SQL: SHOW COLUMNS FROM `dxyh_user` [ RunTime:0.0150s ]
SQL: SELECT COUNT(*) AS tp_count FROM `dxyh_user` WHERE ( create_time >= 1492531201 AND create_time <= 1492617599 ) LIMIT 1   [ RunTime:0.0270s ]
SQL: SHOW COLUMNS FROM `dxyh_visit` [ RunTime:0.0220s ]
SQL: SELECT COUNT(*) AS tp_count FROM `dxyh_visit` WHERE ( create_time >= 1492531201 AND create_time <= 1492617599 ) LIMIT 1   [ RunTime:0.0180s ]
INFO: [ view_parse ] --START--
INFO: [ template_filter ] --START--
INFO: Run Behavior\ContentReplaceBehavior [ RunTime:0.000000s ]
INFO: [ template_filter ] --END-- [ RunTime:0.000000s ]
INFO: Run Behavior\ParseTemplateBehavior [ RunTime:0.011001s ]
INFO: [ view_parse ] --END-- [ RunTime:0.011001s ]
INFO: [ view_filter ] --START--
INFO: Run Behavior\WriteHtmlCacheBehavior [ RunTime:0.000000s ]
INFO: [ view_filter ] --END-- [ RunTime:0.000000s ]
INFO: [ app_end ] --START--
INFO: Run Behavior\ShowPageTraceBehavior [ RunTime:0.001000s ]
INFO: [ app_end ] --END-- [ RunTime:0.001000s ]

[ 2017-04-19T15:37:46+08:00 ] 127.0.0.1 /Admin/Index/sevenDay.html
INFO: [ app_init ] --START--
INFO: Run Behavior\BuildLiteBehavior [ RunTime:0.000000s ]
INFO: [ app_init ] --END-- [ RunTime:0.001000s ]
INFO: [ app_begin ] --START--
INFO: Run Behavior\ReadHtmlCacheBehavior [ RunTime:0.001000s ]
INFO: [ app_begin ] --END-- [ RunTime:0.001000s ]
SQL: SHOW COLUMNS FROM `dxyh_comment` [ RunTime:0.0120s ]
SQL: SELECT COUNT(*) AS tp_count FROM `dxyh_comment` WHERE ( create_time >= 1491926401 AND create_time <= 1492012799 ) LIMIT 1   [ RunTime:0.0090s ]
SQL: SHOW COLUMNS FROM `dxyh_user` [ RunTime:0.0100s ]
SQL: SELECT COUNT(*) AS tp_count FROM `dxyh_user` WHERE ( create_time >= 1491926401 AND create_time <= 1492012799 ) LIMIT 1   [ RunTime:0.0170s ]
SQL: SHOW COLUMNS FROM `dxyh_visit` [ RunTime:0.0110s ]
SQL: SELECT COUNT(*) AS tp_count FROM `dxyh_visit` WHERE ( create_time >= 1491926401 AND create_time <= 1492012799 ) LIMIT 1   [ RunTime:0.0110s ]
SQL: SELECT COUNT(*) AS tp_count FROM `dxyh_comment` WHERE ( create_time >= 1492012801 AND create_time <= 1492099199 ) LIMIT 1   [ RunTime:0.0100s ]
SQL: SELECT COUNT(*) AS tp_count FROM `dxyh_user` WHERE ( create_time >= 1492012801 AND create_time <= 1492099199 ) LIMIT 1   [ RunTime:0.0110s ]
SQL: SELECT COUNT(*) AS tp_count FROM `dxyh_visit` WHERE ( create_time >= 1492012801 AND create_time <= 1492099199 ) LIMIT 1   [ RunTime:0.0210s ]
SQL: SELECT COUNT(*) AS tp_count FROM `dxyh_comment` WHERE ( create_time >= 1492099201 AND create_time <= 1492185599 ) LIMIT 1   [ RunTime:0.0100s ]
SQL: SELECT COUNT(*) AS tp_count FROM `dxyh_user` WHERE ( create_time >= 1492099201 AND create_time <= 1492185599 ) LIMIT 1   [ RunTime:0.0080s ]
SQL: SELECT COUNT(*) AS tp_count FROM `dxyh_visit` WHERE ( create_time >= 1492099201 AND create_time <= 1492185599 ) LIMIT 1   [ RunTime:0.0120s ]
SQL: SELECT COUNT(*) AS tp_count FROM `dxyh_comment` WHERE ( create_time >= 1492185601 AND create_time <= 1492271999 ) LIMIT 1   [ RunTime:0.0130s ]
SQL: SELECT COUNT(*) AS tp_count FROM `dxyh_user` WHERE ( create_time >= 1492185601 AND create_time <= 1492271999 ) LIMIT 1   [ RunTime:0.0290s ]
SQL: SELECT COUNT(*) AS tp_count FROM `dxyh_visit` WHERE ( create_time >= 1492185601 AND create_time <= 1492271999 ) LIMIT 1   [ RunTime:0.0130s ]
SQL: SELECT COUNT(*) AS tp_count FROM `dxyh_comment` WHERE ( create_time >= 1492272001 AND create_time <= 1492358399 ) LIMIT 1   [ RunTime:0.0100s ]
SQL: SELECT COUNT(*) AS tp_count FROM `dxyh_user` WHERE ( create_time >= 1492272001 AND create_time <= 1492358399 ) LIMIT 1   [ RunTime:0.0130s ]
SQL: SELECT COUNT(*) AS tp_count FROM `dxyh_visit` WHERE ( create_time >= 1492272001 AND create_time <= 1492358399 ) LIMIT 1   [ RunTime:0.0280s ]
SQL: SELECT COUNT(*) AS tp_count FROM `dxyh_comment` WHERE ( create_time >= 1492358401 AND create_time <= 1492444799 ) LIMIT 1   [ RunTime:0.0090s ]
SQL: SELECT COUNT(*) AS tp_count FROM `dxyh_user` WHERE ( create_time >= 1492358401 AND create_time <= 1492444799 ) LIMIT 1   [ RunTime:0.0100s ]
SQL: SELECT COUNT(*) AS tp_count FROM `dxyh_visit` WHERE ( create_time >= 1492358401 AND create_time <= 1492444799 ) LIMIT 1   [ RunTime:0.0190s ]
SQL: SELECT COUNT(*) AS tp_count FROM `dxyh_comment` WHERE ( create_time >= 1492444801 AND create_time <= 1492531199 ) LIMIT 1   [ RunTime:0.0560s ]
SQL: SELECT COUNT(*) AS tp_count FROM `dxyh_user` WHERE ( create_time >= 1492444801 AND create_time <= 1492531199 ) LIMIT 1   [ RunTime:0.0270s ]
SQL: SELECT COUNT(*) AS tp_count FROM `dxyh_visit` WHERE ( create_time >= 1492444801 AND create_time <= 1492531199 ) LIMIT 1   [ RunTime:0.0130s ]
INFO: [ app_end ] --START--
INFO: Run Behavior\ShowPageTraceBehavior [ RunTime:0.000000s ]
INFO: [ app_end ] --END-- [ RunTime:0.000000s ]

[ 2017-04-19T15:38:46+08:00 ] 127.0.0.1 /Admin/Activity/index.html
INFO: [ app_init ] --START--
INFO: Run Behavior\BuildLiteBehavior [ RunTime:0.000000s ]
INFO: [ app_init ] --END-- [ RunTime:0.001000s ]
INFO: [ app_begin ] --START--
INFO: Run Behavior\ReadHtmlCacheBehavior [ RunTime:0.001000s ]
INFO: [ app_begin ] --END-- [ RunTime:0.001000s ]
SQL: SHOW COLUMNS FROM `dxyh_auth_group_access` [ RunTime:0.8771s ]
SQL: SELECT `aid`,`group_id`,`title`,`rules` FROM dxyh_auth_group_access a INNER JOIN dxyh_auth_group g on a.group_id=g.id  WHERE ( a.aid='1' and g.status='1' )  [ RunTime:0.5430s ]
SQL: SHOW COLUMNS FROM `dxyh_auth_rule` [ RunTime:0.3180s ]
SQL: SELECT `condition`,`name` FROM `dxyh_auth_rule` WHERE `id` IN ('19','20','21','22','23','24','25','26','27','28','29','30','31','32','33','34','43','44','45','39','40','41','42','35','36','37','38','1','6','7','8','2','3','4','5','9','10','11','12','13','14','15','16','17','18') AND `type` = 1 AND `status` = 1  [ RunTime:0.2060s ]
SQL: SHOW COLUMNS FROM `dxyh_activity` [ RunTime:0.2560s ]
SQL: SELECT COUNT(*) AS tp_count FROM dxyh_activity a INNER JOIN dxyh_activity_type as at ON a.activity_type_id = at.id  LIMIT 1   [ RunTime:0.5480s ]
SQL: SELECT a.id,at.type_name,a.activity_name,a.activity_start_time,a.activity_end_time,a.activity_number,a.activity_integral,a.browse_volume,a.status,a.whether_audit FROM dxyh_activity a INNER JOIN dxyh_activity_type as at ON a.activity_type_id = at.id  ORDER BY a.id desc LIMIT 0,10   [ RunTime:0.2460s ]
SQL: SHOW COLUMNS FROM `dxyh_attend_activity` [ RunTime:0.2750s ]
SQL: SELECT COUNT(*) AS tp_count FROM `dxyh_attend_activity` WHERE `activity_type_id` = 2 LIMIT 1   [ RunTime:0.2690s ]
SQL: SELECT COUNT(*) AS tp_count FROM `dxyh_attend_activity` WHERE `activity_type_id` = 1 LIMIT 1   [ RunTime:0.2230s ]
SQL: SHOW COLUMNS FROM `dxyh_activity_type` [ RunTime:0.2260s ]
SQL: SELECT `id`,`type_name` FROM `dxyh_activity_type` LIMIT 0,15   [ RunTime:0.2980s ]
NOTIC: [8] Undefined index: typeId D:\WWW\daxiaoyihu\Application\Admin\Controller\ActivityController.class.php 第 27 行.
NOTIC: [8] Undefined index: keyword D:\WWW\daxiaoyihu\Application\Admin\Controller\ActivityController.class.php 第 28 行.
NOTIC: [8] Undefined index: status D:\WWW\daxiaoyihu\Application\Admin\Controller\ActivityController.class.php 第 29 行.
INFO: [ view_parse ] --START--
INFO: [ template_filter ] --START--
INFO: Run Behavior\ContentReplaceBehavior [ RunTime:0.000000s ]
INFO: [ template_filter ] --END-- [ RunTime:0.000000s ]
INFO: Run Behavior\ParseTemplateBehavior [ RunTime:0.024001s ]
INFO: [ view_parse ] --END-- [ RunTime:0.024001s ]
INFO: [ view_filter ] --START--
INFO: Run Behavior\WriteHtmlCacheBehavior [ RunTime:0.000000s ]
INFO: [ view_filter ] --END-- [ RunTime:0.000000s ]
INFO: [ app_end ] --START--
INFO: Run Behavior\ShowPageTraceBehavior [ RunTime:0.000000s ]
INFO: [ app_end ] --END-- [ RunTime:0.000000s ]

[ 2017-04-19T15:38:53+08:00 ] 127.0.0.1 /Admin/Activity/index.html
INFO: [ app_init ] --START--
INFO: Run Behavior\BuildLiteBehavior [ RunTime:0.000000s ]
INFO: [ app_init ] --END-- [ RunTime:0.000000s ]
INFO: [ app_begin ] --START--
INFO: Run Behavior\ReadHtmlCacheBehavior [ RunTime:0.000000s ]
INFO: [ app_begin ] --END-- [ RunTime:0.000000s ]
SQL: SHOW COLUMNS FROM `dxyh_auth_group_access` [ RunTime:0.4600s ]
SQL: SELECT `aid`,`group_id`,`title`,`rules` FROM dxyh_auth_group_access a INNER JOIN dxyh_auth_group g on a.group_id=g.id  WHERE ( a.aid='1' and g.status='1' )  [ RunTime:0.3680s ]
SQL: SHOW COLUMNS FROM `dxyh_auth_rule` [ RunTime:0.3380s ]
SQL: SELECT `condition`,`name` FROM `dxyh_auth_rule` WHERE `id` IN ('19','20','21','22','23','24','25','26','27','28','29','30','31','32','33','34','43','44','45','39','40','41','42','35','36','37','38','1','6','7','8','2','3','4','5','9','10','11','12','13','14','15','16','17','18') AND `type` = 1 AND `status` = 1  [ RunTime:0.4030s ]
SQL: SHOW COLUMNS FROM `dxyh_activity` [ RunTime:0.4000s ]
SQL: SELECT COUNT(*) AS tp_count FROM dxyh_activity a INNER JOIN dxyh_activity_type as at ON a.activity_type_id = at.id  LIMIT 1   [ RunTime:0.4660s ]
SQL: SELECT a.id,at.type_name,a.activity_name,a.activity_start_time,a.activity_end_time,a.activity_number,a.activity_integral,a.browse_volume,a.status,a.whether_audit FROM dxyh_activity a INNER JOIN dxyh_activity_type as at ON a.activity_type_id = at.id  ORDER BY a.id desc LIMIT 0,10   [ RunTime:0.4430s ]
SQL: SHOW COLUMNS FROM `dxyh_attend_activity` [ RunTime:0.6610s ]
SQL: SELECT COUNT(*) AS tp_count FROM `dxyh_attend_activity` WHERE `activity_type_id` = 2 LIMIT 1   [ RunTime:0.6400s ]
SQL: SELECT COUNT(*) AS tp_count FROM `dxyh_attend_activity` WHERE `activity_type_id` = 1 LIMIT 1   [ RunTime:0.4740s ]
SQL: SHOW COLUMNS FROM `dxyh_activity_type` [ RunTime:0.3270s ]
SQL: SELECT `id`,`type_name` FROM `dxyh_activity_type` LIMIT 0,15   [ RunTime:0.3420s ]
NOTIC: [8] Undefined index: typeId D:\WWW\daxiaoyihu\Application\Admin\Controller\ActivityController.class.php 第 27 行.
NOTIC: [8] Undefined index: keyword D:\WWW\daxiaoyihu\Application\Admin\Controller\ActivityController.class.php 第 28 行.
NOTIC: [8] Undefined index: status D:\WWW\daxiaoyihu\Application\Admin\Controller\ActivityController.class.php 第 29 行.
INFO: [ view_parse ] --START--
INFO: [ template_filter ] --START--
INFO: Run Behavior\ContentReplaceBehavior [ RunTime:0.000000s ]
INFO: [ template_filter ] --END-- [ RunTime:0.000000s ]
INFO: Run Behavior\ParseTemplateBehavior [ RunTime:0.025002s ]
INFO: [ view_parse ] --END-- [ RunTime:0.025002s ]
INFO: [ view_filter ] --START--
INFO: Run Behavior\WriteHtmlCacheBehavior [ RunTime:0.001000s ]
INFO: [ view_filter ] --END-- [ RunTime:0.001000s ]
INFO: [ app_end ] --START--
INFO: Run Behavior\ShowPageTraceBehavior [ RunTime:0.002000s ]
INFO: [ app_end ] --END-- [ RunTime:0.003000s ]

[ 2017-04-19T15:38:58+08:00 ] 127.0.0.1 /Admin/Activity/index.html
INFO: [ app_init ] --START--
INFO: Run Behavior\BuildLiteBehavior [ RunTime:0.000000s ]
INFO: [ app_init ] --END-- [ RunTime:0.000000s ]
INFO: [ app_begin ] --START--
INFO: Run Behavior\ReadHtmlCacheBehavior [ RunTime:0.000000s ]
INFO: [ app_begin ] --END-- [ RunTime:0.000000s ]
SQL: SHOW COLUMNS FROM `dxyh_auth_group_access` [ RunTime:0.2830s ]
SQL: SELECT `aid`,`group_id`,`title`,`rules` FROM dxyh_auth_group_access a INNER JOIN dxyh_auth_group g on a.group_id=g.id  WHERE ( a.aid='1' and g.status='1' )  [ RunTime:0.3140s ]
SQL: SHOW COLUMNS FROM `dxyh_auth_rule` [ RunTime:0.2790s ]
SQL: SELECT `condition`,`name` FROM `dxyh_auth_rule` WHERE `id` IN ('19','20','21','22','23','24','25','26','27','28','29','30','31','32','33','34','43','44','45','39','40','41','42','35','36','37','38','1','6','7','8','2','3','4','5','9','10','11','12','13','14','15','16','17','18') AND `type` = 1 AND `status` = 1  [ RunTime:0.2090s ]
SQL: SHOW COLUMNS FROM `dxyh_activity` [ RunTime:0.1940s ]
SQL: SELECT COUNT(*) AS tp_count FROM dxyh_activity a INNER JOIN dxyh_activity_type as at ON a.activity_type_id = at.id  LIMIT 1   [ RunTime:0.2270s ]
SQL: SELECT a.id,at.type_name,a.activity_name,a.activity_start_time,a.activity_end_time,a.activity_number,a.activity_integral,a.browse_volume,a.status,a.whether_audit FROM dxyh_activity a INNER JOIN dxyh_activity_type as at ON a.activity_type_id = at.id  ORDER BY a.id desc LIMIT 0,10   [ RunTime:0.5040s ]
SQL: SHOW COLUMNS FROM `dxyh_attend_activity` [ RunTime:0.2890s ]
SQL: SELECT COUNT(*) AS tp_count FROM `dxyh_attend_activity` WHERE `activity_type_id` = 2 LIMIT 1   [ RunTime:0.2100s ]
SQL: SELECT COUNT(*) AS tp_count FROM `dxyh_attend_activity` WHERE `activity_type_id` = 1 LIMIT 1   [ RunTime:0.1500s ]
SQL: SHOW COLUMNS FROM `dxyh_activity_type` [ RunTime:0.0770s ]
SQL: SELECT `id`,`type_name` FROM `dxyh_activity_type` LIMIT 0,15   [ RunTime:0.5190s ]
NOTIC: [8] Undefined index: typeId D:\WWW\daxiaoyihu\Application\Admin\Controller\ActivityController.class.php 第 27 行.
NOTIC: [8] Undefined index: keyword D:\WWW\daxiaoyihu\Application\Admin\Controller\ActivityController.class.php 第 28 行.
NOTIC: [8] Undefined index: status D:\WWW\daxiaoyihu\Application\Admin\Controller\ActivityController.class.php 第 29 行.
INFO: [ view_parse ] --START--
INFO: [ template_filter ] --START--
INFO: Run Behavior\ContentReplaceBehavior [ RunTime:0.000000s ]
INFO: [ template_filter ] --END-- [ RunTime:0.000000s ]
INFO: Run Behavior\ParseTemplateBehavior [ RunTime:0.019001s ]
INFO: [ view_parse ] --END-- [ RunTime:0.019001s ]
INFO: [ view_filter ] --START--
INFO: Run Behavior\WriteHtmlCacheBehavior [ RunTime:0.000000s ]
INFO: [ view_filter ] --END-- [ RunTime:0.000000s ]
INFO: [ app_end ] --START--
INFO: Run Behavior\ShowPageTraceBehavior [ RunTime:0.001000s ]
INFO: [ app_end ] --END-- [ RunTime:0.001000s ]

[ 2017-04-19T15:39:09+08:00 ] 127.0.0.1 /Admin/Activity/index.html
INFO: [ app_init ] --START--
INFO: Run Behavior\BuildLiteBehavior [ RunTime:0.000000s ]
INFO: [ app_init ] --END-- [ RunTime:0.000000s ]
INFO: [ app_begin ] --START--
INFO: Run Behavior\ReadHtmlCacheBehavior [ RunTime:0.000000s ]
INFO: [ app_begin ] --END-- [ RunTime:0.000000s ]
SQL: SHOW COLUMNS FROM `dxyh_auth_group_access` [ RunTime:0.1640s ]
SQL: SELECT `aid`,`group_id`,`title`,`rules` FROM dxyh_auth_group_access a INNER JOIN dxyh_auth_group g on a.group_id=g.id  WHERE ( a.aid='1' and g.status='1' )  [ RunTime:0.1260s ]
SQL: SHOW COLUMNS FROM `dxyh_auth_rule` [ RunTime:0.1630s ]
SQL: SELECT `condition`,`name` FROM `dxyh_auth_rule` WHERE `id` IN ('19','20','21','22','23','24','25','26','27','28','29','30','31','32','33','34','43','44','45','39','40','41','42','35','36','37','38','1','6','7','8','2','3','4','5','9','10','11','12','13','14','15','16','17','18') AND `type` = 1 AND `status` = 1  [ RunTime:0.0820s ]
SQL: SHOW COLUMNS FROM `dxyh_activity` [ RunTime:0.8060s ]
SQL: SELECT COUNT(*) AS tp_count FROM dxyh_activity a INNER JOIN dxyh_activity_type as at ON a.activity_type_id = at.id  LIMIT 1   [ RunTime:0.2260s ]
SQL: SELECT a.id,at.type_name,a.activity_name,a.activity_start_time,a.activity_end_time,a.activity_number,a.activity_integral,a.browse_volume,a.status,a.whether_audit FROM dxyh_activity a INNER JOIN dxyh_activity_type as at ON a.activity_type_id = at.id  ORDER BY a.id desc LIMIT 0,10   [ RunTime:0.2000s ]
SQL: SHOW COLUMNS FROM `dxyh_attend_activity` [ RunTime:0.1930s ]
SQL: SELECT COUNT(*) AS tp_count FROM `dxyh_attend_activity` WHERE `activity_type_id` = 2 LIMIT 1   [ RunTime:0.4370s ]
SQL: SELECT COUNT(*) AS tp_count FROM `dxyh_attend_activity` WHERE `activity_type_id` = 1 LIMIT 1   [ RunTime:0.1490s ]
SQL: SHOW COLUMNS FROM `dxyh_activity_type` [ RunTime:0.1660s ]
SQL: SELECT `id`,`type_name` FROM `dxyh_activity_type` LIMIT 0,15   [ RunTime:0.5330s ]
NOTIC: [8] Undefined index: typeId D:\WWW\daxiaoyihu\Application\Admin\Controller\ActivityController.class.php 第 27 行.
NOTIC: [8] Undefined index: keyword D:\WWW\daxiaoyihu\Application\Admin\Controller\ActivityController.class.php 第 28 行.
NOTIC: [8] Undefined index: status D:\WWW\daxiaoyihu\Application\Admin\Controller\ActivityController.class.php 第 29 行.
INFO: [ view_parse ] --START--
INFO: [ template_filter ] --START--
INFO: Run Behavior\ContentReplaceBehavior [ RunTime:0.000000s ]
INFO: [ template_filter ] --END-- [ RunTime:0.000000s ]
INFO: Run Behavior\ParseTemplateBehavior [ RunTime:0.037002s ]
INFO: [ view_parse ] --END-- [ RunTime:0.037002s ]
INFO: [ view_filter ] --START--
INFO: Run Behavior\WriteHtmlCacheBehavior [ RunTime:0.000000s ]
INFO: [ view_filter ] --END-- [ RunTime:0.000000s ]
INFO: [ app_end ] --START--
INFO: Run Behavior\ShowPageTraceBehavior [ RunTime:0.001000s ]
INFO: [ app_end ] --END-- [ RunTime:0.001000s ]

[ 2017-04-19T15:39:11+08:00 ] 127.0.0.1 /Admin/Activity/index.html
INFO: [ app_init ] --START--
INFO: Run Behavior\BuildLiteBehavior [ RunTime:0.000000s ]
INFO: [ app_init ] --END-- [ RunTime:0.000000s ]
INFO: [ app_begin ] --START--
INFO: Run Behavior\ReadHtmlCacheBehavior [ RunTime:0.000000s ]
INFO: [ app_begin ] --END-- [ RunTime:0.000000s ]
SQL: SHOW COLUMNS FROM `dxyh_auth_group_access` [ RunTime:0.1380s ]
SQL: SELECT `aid`,`group_id`,`title`,`rules` FROM dxyh_auth_group_access a INNER JOIN dxyh_auth_group g on a.group_id=g.id  WHERE ( a.aid='1' and g.status='1' )  [ RunTime:0.1330s ]
SQL: SHOW COLUMNS FROM `dxyh_auth_rule` [ RunTime:0.1560s ]
SQL: SELECT `condition`,`name` FROM `dxyh_auth_rule` WHERE `id` IN ('19','20','21','22','23','24','25','26','27','28','29','30','31','32','33','34','43','44','45','39','40','41','42','35','36','37','38','1','6','7','8','2','3','4','5','9','10','11','12','13','14','15','16','17','18') AND `type` = 1 AND `status` = 1  [ RunTime:0.1150s ]
SQL: SHOW COLUMNS FROM `dxyh_activity` [ RunTime:0.1110s ]
SQL: SELECT COUNT(*) AS tp_count FROM dxyh_activity a INNER JOIN dxyh_activity_type as at ON a.activity_type_id = at.id  LIMIT 1   [ RunTime:0.1090s ]
SQL: SELECT a.id,at.type_name,a.activity_name,a.activity_start_time,a.activity_end_time,a.activity_number,a.activity_integral,a.browse_volume,a.status,a.whether_audit FROM dxyh_activity a INNER JOIN dxyh_activity_type as at ON a.activity_type_id = at.id  ORDER BY a.id desc LIMIT 0,10   [ RunTime:0.0960s ]
SQL: SHOW COLUMNS FROM `dxyh_attend_activity` [ RunTime:0.0730s ]
SQL: SELECT COUNT(*) AS tp_count FROM `dxyh_attend_activity` WHERE `activity_type_id` = 2 LIMIT 1   [ RunTime:0.0790s ]
SQL: SELECT COUNT(*) AS tp_count FROM `dxyh_attend_activity` WHERE `activity_type_id` = 1 LIMIT 1   [ RunTime:0.0790s ]
SQL: SHOW COLUMNS FROM `dxyh_activity_type` [ RunTime:0.0590s ]
SQL: SELECT `id`,`type_name` FROM `dxyh_activity_type` LIMIT 0,15   [ RunTime:0.1220s ]
NOTIC: [8] Undefined index: typeId D:\WWW\daxiaoyihu\Application\Admin\Controller\ActivityController.class.php 第 27 行.
NOTIC: [8] Undefined index: keyword D:\WWW\daxiaoyihu\Application\Admin\Controller\ActivityController.class.php 第 28 行.
NOTIC: [8] Undefined index: status D:\WWW\daxiaoyihu\Application\Admin\Controller\ActivityController.class.php 第 29 行.
INFO: [ view_parse ] --START--
INFO: [ template_filter ] --START--
INFO: Run Behavior\ContentReplaceBehavior [ RunTime:0.000000s ]
INFO: [ template_filter ] --END-- [ RunTime:0.000000s ]
INFO: Run Behavior\ParseTemplateBehavior [ RunTime:0.030002s ]
INFO: [ view_parse ] --END-- [ RunTime:0.030002s ]
INFO: [ view_filter ] --START--
INFO: Run Behavior\WriteHtmlCacheBehavior [ RunTime:0.000000s ]
INFO: [ view_filter ] --END-- [ RunTime:0.001000s ]
INFO: [ app_end ] --START--
INFO: Run Behavior\ShowPageTraceBehavior [ RunTime:0.000000s ]
INFO: [ app_end ] --END-- [ RunTime:0.000000s ]

[ 2017-04-19T15:39:13+08:00 ] 127.0.0.1 /Admin/Activity/index.html
INFO: [ app_init ] --START--
INFO: Run Behavior\BuildLiteBehavior [ RunTime:0.000000s ]
INFO: [ app_init ] --END-- [ RunTime:0.001000s ]
INFO: [ app_begin ] --START--
INFO: Run Behavior\ReadHtmlCacheBehavior [ RunTime:0.000000s ]
INFO: [ app_begin ] --END-- [ RunTime:0.000000s ]
SQL: SHOW COLUMNS FROM `dxyh_auth_group_access` [ RunTime:0.0930s ]
SQL: SELECT `aid`,`group_id`,`title`,`rules` FROM dxyh_auth_group_access a INNER JOIN dxyh_auth_group g on a.group_id=g.id  WHERE ( a.aid='1' and g.status='1' )  [ RunTime:0.3650s ]
SQL: SHOW COLUMNS FROM `dxyh_auth_rule` [ RunTime:0.2090s ]
SQL: SELECT `condition`,`name` FROM `dxyh_auth_rule` WHERE `id` IN ('19','20','21','22','23','24','25','26','27','28','29','30','31','32','33','34','43','44','45','39','40','41','42','35','36','37','38','1','6','7','8','2','3','4','5','9','10','11','12','13','14','15','16','17','18') AND `type` = 1 AND `status` = 1  [ RunTime:0.1790s ]
SQL: SHOW COLUMNS FROM `dxyh_activity` [ RunTime:0.0790s ]
SQL: SELECT COUNT(*) AS tp_count FROM dxyh_activity a INNER JOIN dxyh_activity_type as at ON a.activity_type_id = at.id  LIMIT 1   [ RunTime:0.1310s ]
SQL: SELECT a.id,at.type_name,a.activity_name,a.activity_start_time,a.activity_end_time,a.activity_number,a.activity_integral,a.browse_volume,a.status,a.whether_audit FROM dxyh_activity a INNER JOIN dxyh_activity_type as at ON a.activity_type_id = at.id  ORDER BY a.id desc LIMIT 0,10   [ RunTime:0.0690s ]
SQL: SHOW COLUMNS FROM `dxyh_attend_activity` [ RunTime:0.0960s ]
SQL: SELECT COUNT(*) AS tp_count FROM `dxyh_attend_activity` WHERE `activity_type_id` = 2 LIMIT 1   [ RunTime:0.3060s ]
SQL: SELECT COUNT(*) AS tp_count FROM `dxyh_attend_activity` WHERE `activity_type_id` = 1 LIMIT 1   [ RunTime:0.0470s ]
SQL: SHOW COLUMNS FROM `dxyh_activity_type` [ RunTime:0.0590s ]
SQL: SELECT `id`,`type_name` FROM `dxyh_activity_type` LIMIT 0,15   [ RunTime:0.0500s ]
NOTIC: [8] Undefined index: typeId D:\WWW\daxiaoyihu\Application\Admin\Controller\ActivityController.class.php 第 27 行.
NOTIC: [8] Undefined index: keyword D:\WWW\daxiaoyihu\Application\Admin\Controller\ActivityController.class.php 第 28 行.
NOTIC: [8] Undefined index: status D:\WWW\daxiaoyihu\Application\Admin\Controller\ActivityController.class.php 第 29 行.
INFO: [ view_parse ] --START--
INFO: [ template_filter ] --START--
INFO: Run Behavior\ContentReplaceBehavior [ RunTime:0.000000s ]
INFO: [ template_filter ] --END-- [ RunTime:0.000000s ]
INFO: Run Behavior\ParseTemplateBehavior [ RunTime:0.026001s ]
INFO: [ view_parse ] --END-- [ RunTime:0.026001s ]
INFO: [ view_filter ] --START--
INFO: Run Behavior\WriteHtmlCacheBehavior [ RunTime:0.001000s ]
INFO: [ view_filter ] --END-- [ RunTime:0.001000s ]
INFO: [ app_end ] --START--
INFO: Run Behavior\ShowPageTraceBehavior [ RunTime:0.001000s ]
INFO: [ app_end ] --END-- [ RunTime:0.001000s ]

[ 2017-04-19T15:39:14+08:00 ] 127.0.0.1 /Admin/Activity/index.html
INFO: [ app_init ] --START--
INFO: Run Behavior\BuildLiteBehavior [ RunTime:0.000000s ]
INFO: [ app_init ] --END-- [ RunTime:0.001000s ]
INFO: [ app_begin ] --START--
INFO: Run Behavior\ReadHtmlCacheBehavior [ RunTime:0.000000s ]
INFO: [ app_begin ] --END-- [ RunTime:0.000000s ]
SQL: SHOW COLUMNS FROM `dxyh_auth_group_access` [ RunTime:0.0110s ]
SQL: SELECT `aid`,`group_id`,`title`,`rules` FROM dxyh_auth_group_access a INNER JOIN dxyh_auth_group g on a.group_id=g.id  WHERE ( a.aid='1' and g.status='1' )  [ RunTime:0.0110s ]
SQL: SHOW COLUMNS FROM `dxyh_auth_rule` [ RunTime:0.0120s ]
SQL: SELECT `condition`,`name` FROM `dxyh_auth_rule` WHERE `id` IN ('19','20','21','22','23','24','25','26','27','28','29','30','31','32','33','34','43','44','45','39','40','41','42','35','36','37','38','1','6','7','8','2','3','4','5','9','10','11','12','13','14','15','16','17','18') AND `type` = 1 AND `status` = 1  [ RunTime:0.0110s ]
SQL: SHOW COLUMNS FROM `dxyh_activity` [ RunTime:0.0130s ]
SQL: SELECT COUNT(*) AS tp_count FROM dxyh_activity a INNER JOIN dxyh_activity_type as at ON a.activity_type_id = at.id  LIMIT 1   [ RunTime:0.0100s ]
SQL: SELECT a.id,at.type_name,a.activity_name,a.activity_start_time,a.activity_end_time,a.activity_number,a.activity_integral,a.browse_volume,a.status,a.whether_audit FROM dxyh_activity a INNER JOIN dxyh_activity_type as at ON a.activity_type_id = at.id  ORDER BY a.id desc LIMIT 0,10   [ RunTime:0.0140s ]
SQL: SHOW COLUMNS FROM `dxyh_attend_activity` [ RunTime:0.0120s ]
SQL: SELECT COUNT(*) AS tp_count FROM `dxyh_attend_activity` WHERE `activity_type_id` = 2 LIMIT 1   [ RunTime:0.0130s ]
SQL: SELECT COUNT(*) AS tp_count FROM `dxyh_attend_activity` WHERE `activity_type_id` = 1 LIMIT 1   [ RunTime:0.0130s ]
SQL: SHOW COLUMNS FROM `dxyh_activity_type` [ RunTime:0.0110s ]
SQL: SELECT `id`,`type_name` FROM `dxyh_activity_type` LIMIT 0,15   [ RunTime:0.0140s ]
NOTIC: [8] Undefined index: typeId D:\WWW\daxiaoyihu\Application\Admin\Controller\ActivityController.class.php 第 27 行.
NOTIC: [8] Undefined index: keyword D:\WWW\daxiaoyihu\Application\Admin\Controller\ActivityController.class.php 第 28 行.
NOTIC: [8] Undefined index: status D:\WWW\daxiaoyihu\Application\Admin\Controller\ActivityController.class.php 第 29 行.
INFO: [ view_parse ] --START--
INFO: [ template_filter ] --START--
INFO: Run Behavior\ContentReplaceBehavior [ RunTime:0.001000s ]
INFO: [ template_filter ] --END-- [ RunTime:0.001000s ]
INFO: Run Behavior\ParseTemplateBehavior [ RunTime:0.029002s ]
INFO: [ view_parse ] --END-- [ RunTime:0.029002s ]
INFO: [ view_filter ] --START--
INFO: Run Behavior\WriteHtmlCacheBehavior [ RunTime:0.000000s ]
INFO: [ view_filter ] --END-- [ RunTime:0.000000s ]
INFO: [ app_end ] --START--
INFO: Run Behavior\ShowPageTraceBehavior [ RunTime:0.000000s ]
INFO: [ app_end ] --END-- [ RunTime:0.000000s ]

[ 2017-04-19T15:39:14+08:00 ] 127.0.0.1 /Admin/Activity/index.html
INFO: [ app_init ] --START--
INFO: Run Behavior\BuildLiteBehavior [ RunTime:0.000000s ]
INFO: [ app_init ] --END-- [ RunTime:0.001000s ]
INFO: [ app_begin ] --START--
INFO: Run Behavior\ReadHtmlCacheBehavior [ RunTime:0.001000s ]
INFO: [ app_begin ] --END-- [ RunTime:0.001000s ]
SQL: SHOW COLUMNS FROM `dxyh_auth_group_access` [ RunTime:0.0130s ]
SQL: SELECT `aid`,`group_id`,`title`,`rules` FROM dxyh_auth_group_access a INNER JOIN dxyh_auth_group g on a.group_id=g.id  WHERE ( a.aid='1' and g.status='1' )  [ RunTime:0.0210s ]
SQL: SHOW COLUMNS FROM `dxyh_auth_rule` [ RunTime:0.0290s ]
SQL: SELECT `condition`,`name` FROM `dxyh_auth_rule` WHERE `id` IN ('19','20','21','22','23','24','25','26','27','28','29','30','31','32','33','34','43','44','45','39','40','41','42','35','36','37','38','1','6','7','8','2','3','4','5','9','10','11','12','13','14','15','16','17','18') AND `type` = 1 AND `status` = 1  [ RunTime:0.0150s ]
SQL: SHOW COLUMNS FROM `dxyh_activity` [ RunTime:0.0200s ]
SQL: SELECT COUNT(*) AS tp_count FROM dxyh_activity a INNER JOIN dxyh_activity_type as at ON a.activity_type_id = at.id  LIMIT 1   [ RunTime:0.0140s ]
SQL: SELECT a.id,at.type_name,a.activity_name,a.activity_start_time,a.activity_end_time,a.activity_number,a.activity_integral,a.browse_volume,a.status,a.whether_audit FROM dxyh_activity a INNER JOIN dxyh_activity_type as at ON a.activity_type_id = at.id  ORDER BY a.id desc LIMIT 0,10   [ RunTime:0.0110s ]
SQL: SHOW COLUMNS FROM `dxyh_attend_activity` [ RunTime:0.0110s ]
SQL: SELECT COUNT(*) AS tp_count FROM `dxyh_attend_activity` WHERE `activity_type_id` = 2 LIMIT 1   [ RunTime:0.0150s ]
SQL: SELECT COUNT(*) AS tp_count FROM `dxyh_attend_activity` WHERE `activity_type_id` = 1 LIMIT 1   [ RunTime:0.0200s ]
SQL: SHOW COLUMNS FROM `dxyh_activity_type` [ RunTime:0.0110s ]
SQL: SELECT `id`,`type_name` FROM `dxyh_activity_type` LIMIT 0,15   [ RunTime:0.0210s ]
NOTIC: [8] Undefined index: typeId D:\WWW\daxiaoyihu\Application\Admin\Controller\ActivityController.class.php 第 27 行.
NOTIC: [8] Undefined index: keyword D:\WWW\daxiaoyihu\Application\Admin\Controller\ActivityController.class.php 第 28 行.
NOTIC: [8] Undefined index: status D:\WWW\daxiaoyihu\Application\Admin\Controller\ActivityController.class.php 第 29 行.
INFO: [ view_parse ] --START--
INFO: [ template_filter ] --START--
INFO: Run Behavior\ContentReplaceBehavior [ RunTime:0.000000s ]
INFO: [ template_filter ] --END-- [ RunTime:0.000000s ]
INFO: Run Behavior\ParseTemplateBehavior [ RunTime:0.026001s ]
INFO: [ view_parse ] --END-- [ RunTime:0.026001s ]
INFO: [ view_filter ] --START--
INFO: Run Behavior\WriteHtmlCacheBehavior [ RunTime:0.001000s ]
INFO: [ view_filter ] --END-- [ RunTime:0.001000s ]
INFO: [ app_end ] --START--
INFO: Run Behavior\ShowPageTraceBehavior [ RunTime:0.001000s ]
INFO: [ app_end ] --END-- [ RunTime:0.001000s ]

[ 2017-04-19T15:39:15+08:00 ] 127.0.0.1 /Admin/Activity/index.html
INFO: [ app_init ] --START--
INFO: Run Behavior\BuildLiteBehavior [ RunTime:0.000000s ]
INFO: [ app_init ] --END-- [ RunTime:0.001000s ]
INFO: [ app_begin ] --START--
INFO: Run Behavior\ReadHtmlCacheBehavior [ RunTime:0.001000s ]
INFO: [ app_begin ] --END-- [ RunTime:0.001000s ]
SQL: SHOW COLUMNS FROM `dxyh_auth_group_access` [ RunTime:0.0120s ]
SQL: SELECT `aid`,`group_id`,`title`,`rules` FROM dxyh_auth_group_access a INNER JOIN dxyh_auth_group g on a.group_id=g.id  WHERE ( a.aid='1' and g.status='1' )  [ RunTime:0.0110s ]
SQL: SHOW COLUMNS FROM `dxyh_auth_rule` [ RunTime:0.0120s ]
SQL: SELECT `condition`,`name` FROM `dxyh_auth_rule` WHERE `id` IN ('19','20','21','22','23','24','25','26','27','28','29','30','31','32','33','34','43','44','45','39','40','41','42','35','36','37','38','1','6','7','8','2','3','4','5','9','10','11','12','13','14','15','16','17','18') AND `type` = 1 AND `status` = 1  [ RunTime:0.0200s ]
SQL: SHOW COLUMNS FROM `dxyh_activity` [ RunTime:0.0150s ]
SQL: SELECT COUNT(*) AS tp_count FROM dxyh_activity a INNER JOIN dxyh_activity_type as at ON a.activity_type_id = at.id  LIMIT 1   [ RunTime:0.0120s ]
SQL: SELECT a.id,at.type_name,a.activity_name,a.activity_start_time,a.activity_end_time,a.activity_number,a.activity_integral,a.browse_volume,a.status,a.whether_audit FROM dxyh_activity a INNER JOIN dxyh_activity_type as at ON a.activity_type_id = at.id  ORDER BY a.id desc LIMIT 0,10   [ RunTime:0.0130s ]
SQL: SHOW COLUMNS FROM `dxyh_attend_activity` [ RunTime:0.0550s ]
SQL: SELECT COUNT(*) AS tp_count FROM `dxyh_attend_activity` WHERE `activity_type_id` = 2 LIMIT 1   [ RunTime:0.0880s ]
SQL: SELECT COUNT(*) AS tp_count FROM `dxyh_attend_activity` WHERE `activity_type_id` = 1 LIMIT 1   [ RunTime:0.0840s ]
SQL: SHOW COLUMNS FROM `dxyh_activity_type` [ RunTime:0.0130s ]
SQL: SELECT `id`,`type_name` FROM `dxyh_activity_type` LIMIT 0,15   [ RunTime:0.0110s ]
NOTIC: [8] Undefined index: typeId D:\WWW\daxiaoyihu\Application\Admin\Controller\ActivityController.class.php 第 27 行.
NOTIC: [8] Undefined index: keyword D:\WWW\daxiaoyihu\Application\Admin\Controller\ActivityController.class.php 第 28 行.
NOTIC: [8] Undefined index: status D:\WWW\daxiaoyihu\Application\Admin\Controller\ActivityController.class.php 第 29 行.
INFO: [ view_parse ] --START--
INFO: [ template_filter ] --START--
INFO: Run Behavior\ContentReplaceBehavior [ RunTime:0.001000s ]
INFO: [ template_filter ] --END-- [ RunTime:0.001000s ]
INFO: Run Behavior\ParseTemplateBehavior [ RunTime:0.025002s ]
INFO: [ view_parse ] --END-- [ RunTime:0.025002s ]
INFO: [ view_filter ] --START--
INFO: Run Behavior\WriteHtmlCacheBehavior [ RunTime:0.000000s ]
INFO: [ view_filter ] --END-- [ RunTime:0.000000s ]
INFO: [ app_end ] --START--
INFO: Run Behavior\ShowPageTraceBehavior [ RunTime:0.001000s ]
INFO: [ app_end ] --END-- [ RunTime:0.001000s ]

[ 2017-04-19T15:39:21+08:00 ] 127.0.0.1 /Admin/HomeCare/index.html
INFO: [ app_init ] --START--
INFO: Run Behavior\BuildLiteBehavior [ RunTime:0.000000s ]
INFO: [ app_init ] --END-- [ RunTime:0.001000s ]
INFO: [ app_begin ] --START--
INFO: Run Behavior\ReadHtmlCacheBehavior [ RunTime:0.000000s ]
INFO: [ app_begin ] --END-- [ RunTime:0.000000s ]
SQL: SHOW COLUMNS FROM `dxyh_auth_group_access` [ RunTime:0.0120s ]
SQL: SELECT `aid`,`group_id`,`title`,`rules` FROM dxyh_auth_group_access a INNER JOIN dxyh_auth_group g on a.group_id=g.id  WHERE ( a.aid='1' and g.status='1' )  [ RunTime:0.0110s ]
SQL: SHOW COLUMNS FROM `dxyh_auth_rule` [ RunTime:0.0150s ]
SQL: SELECT `condition`,`name` FROM `dxyh_auth_rule` WHERE `id` IN ('19','20','21','22','23','24','25','26','27','28','29','30','31','32','33','34','43','44','45','39','40','41','42','35','36','37','38','1','6','7','8','2','3','4','5','9','10','11','12','13','14','15','16','17','18') AND `type` = 1 AND `status` = 1  [ RunTime:0.0150s ]
SQL: SHOW COLUMNS FROM `dxyh_chapter_section` [ RunTime:0.0130s ]
SQL: SELECT * FROM `dxyh_chapter_section` WHERE `chapter` = 0 LIMIT 0,15   [ RunTime:0.0130s ]
SQL: SELECT * FROM `dxyh_chapter_section` WHERE `chapter` = 1 LIMIT 0,15   [ RunTime:0.0150s ]
SQL: SELECT * FROM `dxyh_chapter_section` WHERE `chapter` = 2 LIMIT 0,15   [ RunTime:0.0110s ]
SQL: SELECT * FROM `dxyh_chapter_section` WHERE `chapter` = 5 LIMIT 0,15   [ RunTime:0.0100s ]
SQL: SELECT * FROM `dxyh_chapter_section` WHERE `chapter` = 8 LIMIT 0,15   [ RunTime:0.0110s ]
INFO: [ view_parse ] --START--
INFO: [ template_filter ] --START--
INFO: Run Behavior\ContentReplaceBehavior [ RunTime:0.000000s ]
INFO: [ template_filter ] --END-- [ RunTime:0.000000s ]
NOTIC: [8] Undefined variable: page D:\WWW\daxiaoyihu\Application\Runtime\Cache\Admin\9c08d174102263b4e7cac17e077461c7.php 第 403 行.
INFO: Run Behavior\ParseTemplateBehavior [ RunTime:0.034002s ]
INFO: [ view_parse ] --END-- [ RunTime:0.034002s ]
INFO: [ view_filter ] --START--
INFO: Run Behavior\WriteHtmlCacheBehavior [ RunTime:0.000000s ]
INFO: [ view_filter ] --END-- [ RunTime:0.000000s ]
INFO: [ app_end ] --START--
INFO: Run Behavior\ShowPageTraceBehavior [ RunTime:0.001000s ]
INFO: [ app_end ] --END-- [ RunTime:0.001000s ]

[ 2017-04-19T15:39:21+08:00 ] 127.0.0.1 /Admin/HomeCare/index.html
INFO: [ app_init ] --START--
INFO: Run Behavior\BuildLiteBehavior [ RunTime:0.000000s ]
INFO: [ app_init ] --END-- [ RunTime:0.001000s ]
INFO: [ app_begin ] --START--
INFO: Run Behavior\ReadHtmlCacheBehavior [ RunTime:0.000000s ]
INFO: [ app_begin ] --END-- [ RunTime:0.000000s ]
SQL: SHOW COLUMNS FROM `dxyh_auth_group_access` [ RunTime:0.0110s ]
SQL: SELECT `aid`,`group_id`,`title`,`rules` FROM dxyh_auth_group_access a INNER JOIN dxyh_auth_group g on a.group_id=g.id  WHERE ( a.aid='1' and g.status='1' )  [ RunTime:0.0110s ]
SQL: SHOW COLUMNS FROM `dxyh_auth_rule` [ RunTime:0.0170s ]
SQL: SELECT `condition`,`name` FROM `dxyh_auth_rule` WHERE `id` IN ('19','20','21','22','23','24','25','26','27','28','29','30','31','32','33','34','43','44','45','39','40','41','42','35','36','37','38','1','6','7','8','2','3','4','5','9','10','11','12','13','14','15','16','17','18') AND `type` = 1 AND `status` = 1  [ RunTime:0.0210s ]
SQL: SHOW COLUMNS FROM `dxyh_chapter_section` [ RunTime:0.0120s ]
SQL: SELECT * FROM `dxyh_chapter_section` WHERE `chapter` = 0 LIMIT 0,15   [ RunTime:0.0100s ]
SQL: SELECT * FROM `dxyh_chapter_section` WHERE `chapter` = 1 LIMIT 0,15   [ RunTime:0.0370s ]
SQL: SELECT * FROM `dxyh_chapter_section` WHERE `chapter` = 2 LIMIT 0,15   [ RunTime:0.0120s ]
SQL: SELECT * FROM `dxyh_chapter_section` WHERE `chapter` = 5 LIMIT 0,15   [ RunTime:0.0090s ]
SQL: SELECT * FROM `dxyh_chapter_section` WHERE `chapter` = 8 LIMIT 0,15   [ RunTime:0.0160s ]
INFO: [ view_parse ] --START--
INFO: [ template_filter ] --START--
INFO: Run Behavior\ContentReplaceBehavior [ RunTime:0.000000s ]
INFO: [ template_filter ] --END-- [ RunTime:0.001000s ]
NOTIC: [8] Undefined variable: page D:\WWW\daxiaoyihu\Application\Runtime\Cache\Admin\9c08d174102263b4e7cac17e077461c7.php 第 403 行.
INFO: Run Behavior\ParseTemplateBehavior [ RunTime:0.031002s ]
INFO: [ view_parse ] --END-- [ RunTime:0.031002s ]
INFO: [ view_filter ] --START--
INFO: Run Behavior\WriteHtmlCacheBehavior [ RunTime:0.000000s ]
INFO: [ view_filter ] --END-- [ RunTime:0.000000s ]
INFO: [ app_end ] --START--
INFO: Run Behavior\ShowPageTraceBehavior [ RunTime:0.000000s ]
INFO: [ app_end ] --END-- [ RunTime:0.001000s ]

[ 2017-04-19T15:39:24+08:00 ] 127.0.0.1 /Admin/Activity/index.html
INFO: [ app_init ] --START--
INFO: Run Behavior\BuildLiteBehavior [ RunTime:0.000000s ]
INFO: [ app_init ] --END-- [ RunTime:0.001000s ]
INFO: [ app_begin ] --START--
INFO: Run Behavior\ReadHtmlCacheBehavior [ RunTime:0.001000s ]
INFO: [ app_begin ] --END-- [ RunTime:0.001000s ]
SQL: SHOW COLUMNS FROM `dxyh_auth_group_access` [ RunTime:0.0120s ]
SQL: SELECT `aid`,`group_id`,`title`,`rules` FROM dxyh_auth_group_access a INNER JOIN dxyh_auth_group g on a.group_id=g.id  WHERE ( a.aid='1' and g.status='1' )  [ RunTime:0.0360s ]
SQL: SHOW COLUMNS FROM `dxyh_auth_rule` [ RunTime:0.0300s ]
SQL: SELECT `condition`,`name` FROM `dxyh_auth_rule` WHERE `id` IN ('19','20','21','22','23','24','25','26','27','28','29','30','31','32','33','34','43','44','45','39','40','41','42','35','36','37','38','1','6','7','8','2','3','4','5','9','10','11','12','13','14','15','16','17','18') AND `type` = 1 AND `status` = 1  [ RunTime:0.0180s ]
SQL: SHOW COLUMNS FROM `dxyh_activity` [ RunTime:0.0130s ]
SQL: SELECT COUNT(*) AS tp_count FROM dxyh_activity a INNER JOIN dxyh_activity_type as at ON a.activity_type_id = at.id  LIMIT 1   [ RunTime:0.0670s ]
SQL: SELECT a.id,at.type_name,a.activity_name,a.activity_start_time,a.activity_end_time,a.activity_number,a.activity_integral,a.browse_volume,a.status,a.whether_audit FROM dxyh_activity a INNER JOIN dxyh_activity_type as at ON a.activity_type_id = at.id  ORDER BY a.id desc LIMIT 0,10   [ RunTime:0.0110s ]
SQL: SHOW COLUMNS FROM `dxyh_attend_activity` [ RunTime:0.0120s ]
SQL: SELECT COUNT(*) AS tp_count FROM `dxyh_attend_activity` WHERE `activity_type_id` = 2 LIMIT 1   [ RunTime:0.0180s ]
SQL: SELECT COUNT(*) AS tp_count FROM `dxyh_attend_activity` WHERE `activity_type_id` = 1 LIMIT 1   [ RunTime:0.0130s ]
SQL: SHOW COLUMNS FROM `dxyh_activity_type` [ RunTime:0.0200s ]
SQL: SELECT `id`,`type_name` FROM `dxyh_activity_type` LIMIT 0,15   [ RunTime:0.0120s ]
NOTIC: [8] Undefined index: typeId D:\WWW\daxiaoyihu\Application\Admin\Controller\ActivityController.class.php 第 27 行.
NOTIC: [8] Undefined index: keyword D:\WWW\daxiaoyihu\Application\Admin\Controller\ActivityController.class.php 第 28 行.
NOTIC: [8] Undefined index: status D:\WWW\daxiaoyihu\Application\Admin\Controller\ActivityController.class.php 第 29 行.
INFO: [ view_parse ] --START--
INFO: [ template_filter ] --START--
INFO: Run Behavior\ContentReplaceBehavior [ RunTime:0.000000s ]
INFO: [ template_filter ] --END-- [ RunTime:0.000000s ]
INFO: Run Behavior\ParseTemplateBehavior [ RunTime:0.029002s ]
INFO: [ view_parse ] --END-- [ RunTime:0.029002s ]
INFO: [ view_filter ] --START--
INFO: Run Behavior\WriteHtmlCacheBehavior [ RunTime:0.001000s ]
INFO: [ view_filter ] --END-- [ RunTime:0.001000s ]
INFO: [ app_end ] --START--
INFO: Run Behavior\ShowPageTraceBehavior [ RunTime:0.001000s ]
INFO: [ app_end ] --END-- [ RunTime:0.001000s ]

[ 2017-04-19T15:39:25+08:00 ] 127.0.0.1 /Admin/Activity/index.html
INFO: [ app_init ] --START--
INFO: Run Behavior\BuildLiteBehavior [ RunTime:0.000000s ]
INFO: [ app_init ] --END-- [ RunTime:0.000000s ]
INFO: [ app_begin ] --START--
INFO: Run Behavior\ReadHtmlCacheBehavior [ RunTime:0.000000s ]
INFO: [ app_begin ] --END-- [ RunTime:0.001000s ]
SQL: SHOW COLUMNS FROM `dxyh_auth_group_access` [ RunTime:0.0120s ]
SQL: SELECT `aid`,`group_id`,`title`,`rules` FROM dxyh_auth_group_access a INNER JOIN dxyh_auth_group g on a.group_id=g.id  WHERE ( a.aid='1' and g.status='1' )  [ RunTime:0.0500s ]
SQL: SHOW COLUMNS FROM `dxyh_auth_rule` [ RunTime:0.0150s ]
SQL: SELECT `condition`,`name` FROM `dxyh_auth_rule` WHERE `id` IN ('19','20','21','22','23','24','25','26','27','28','29','30','31','32','33','34','43','44','45','39','40','41','42','35','36','37','38','1','6','7','8','2','3','4','5','9','10','11','12','13','14','15','16','17','18') AND `type` = 1 AND `status` = 1  [ RunTime:0.0220s ]
SQL: SHOW COLUMNS FROM `dxyh_activity` [ RunTime:0.0130s ]
SQL: SELECT COUNT(*) AS tp_count FROM dxyh_activity a INNER JOIN dxyh_activity_type as at ON a.activity_type_id = at.id  LIMIT 1   [ RunTime:0.0110s ]
SQL: SELECT a.id,at.type_name,a.activity_name,a.activity_start_time,a.activity_end_time,a.activity_number,a.activity_integral,a.browse_volume,a.status,a.whether_audit FROM dxyh_activity a INNER JOIN dxyh_activity_type as at ON a.activity_type_id = at.id  ORDER BY a.id desc LIMIT 0,10   [ RunTime:0.0120s ]
SQL: SHOW COLUMNS FROM `dxyh_attend_activity` [ RunTime:0.0130s ]
SQL: SELECT COUNT(*) AS tp_count FROM `dxyh_attend_activity` WHERE `activity_type_id` = 2 LIMIT 1   [ RunTime:0.0120s ]
SQL: SELECT COUNT(*) AS tp_count FROM `dxyh_attend_activity` WHERE `activity_type_id` = 1 LIMIT 1   [ RunTime:0.0100s ]
SQL: SHOW COLUMNS FROM `dxyh_activity_type` [ RunTime:0.0120s ]
SQL: SELECT `id`,`type_name` FROM `dxyh_activity_type` LIMIT 0,15   [ RunTime:0.0270s ]
NOTIC: [8] Undefined index: typeId D:\WWW\daxiaoyihu\Application\Admin\Controller\ActivityController.class.php 第 27 行.
NOTIC: [8] Undefined index: keyword D:\WWW\daxiaoyihu\Application\Admin\Controller\ActivityController.class.php 第 28 行.
NOTIC: [8] Undefined index: status D:\WWW\daxiaoyihu\Application\Admin\Controller\ActivityController.class.php 第 29 行.
INFO: [ view_parse ] --START--
INFO: [ template_filter ] --START--
INFO: Run Behavior\ContentReplaceBehavior [ RunTime:0.000000s ]
INFO: [ template_filter ] --END-- [ RunTime:0.000000s ]
INFO: Run Behavior\ParseTemplateBehavior [ RunTime:0.017001s ]
INFO: [ view_parse ] --END-- [ RunTime:0.017001s ]
INFO: [ view_filter ] --START--
INFO: Run Behavior\WriteHtmlCacheBehavior [ RunTime:0.000000s ]
INFO: [ view_filter ] --END-- [ RunTime:0.000000s ]
INFO: [ app_end ] --START--
INFO: Run Behavior\ShowPageTraceBehavior [ RunTime:0.000000s ]
INFO: [ app_end ] --END-- [ RunTime:0.000000s ]

[ 2017-04-19T15:39:28+08:00 ] 127.0.0.1 /Admin/Activity/activityType.html
INFO: [ app_init ] --START--
INFO: Run Behavior\BuildLiteBehavior [ RunTime:0.000000s ]
INFO: [ app_init ] --END-- [ RunTime:0.001000s ]
INFO: [ app_begin ] --START--
INFO: Run Behavior\ReadHtmlCacheBehavior [ RunTime:0.000000s ]
INFO: [ app_begin ] --END-- [ RunTime:0.000000s ]
SQL: SHOW COLUMNS FROM `dxyh_auth_group_access` [ RunTime:0.0230s ]
SQL: SELECT `aid`,`group_id`,`title`,`rules` FROM dxyh_auth_group_access a INNER JOIN dxyh_auth_group g on a.group_id=g.id  WHERE ( a.aid='1' and g.status='1' )  [ RunTime:0.0130s ]
SQL: SHOW COLUMNS FROM `dxyh_auth_rule` [ RunTime:0.0360s ]
SQL: SELECT `condition`,`name` FROM `dxyh_auth_rule` WHERE `id` IN ('19','20','21','22','23','24','25','26','27','28','29','30','31','32','33','34','43','44','45','39','40','41','42','35','36','37','38','1','6','7','8','2','3','4','5','9','10','11','12','13','14','15','16','17','18') AND `type` = 1 AND `status` = 1  [ RunTime:0.0130s ]
SQL: SHOW COLUMNS FROM `dxyh_activity_type` [ RunTime:0.0110s ]
SQL: SELECT COUNT(*) AS tp_count FROM `dxyh_activity_type` LIMIT 1   [ RunTime:0.0280s ]
SQL: SELECT * FROM `dxyh_activity_type` ORDER BY `sort` desc,`id` desc LIMIT 0,10   [ RunTime:0.0190s ]
NOTIC: [8] Undefined index: keyword D:\WWW\daxiaoyihu\Application\Admin\Controller\ActivityController.class.php 第 73 行.
INFO: [ view_parse ] --START--
INFO: [ template_filter ] --START--
INFO: Run Behavior\ContentReplaceBehavior [ RunTime:0.001000s ]
INFO: [ template_filter ] --END-- [ RunTime:0.001000s ]
INFO: Run Behavior\ParseTemplateBehavior [ RunTime:0.023001s ]
INFO: [ view_parse ] --END-- [ RunTime:0.023001s ]
INFO: [ view_filter ] --START--
INFO: Run Behavior\WriteHtmlCacheBehavior [ RunTime:0.001000s ]
INFO: [ view_filter ] --END-- [ RunTime:0.001000s ]
INFO: [ app_end ] --START--
INFO: Run Behavior\ShowPageTraceBehavior [ RunTime:0.001000s ]
INFO: [ app_end ] --END-- [ RunTime:0.001000s ]

[ 2017-04-19T15:39:29+08:00 ] 127.0.0.1 /Admin/Activity/activityType.html
INFO: [ app_init ] --START--
INFO: Run Behavior\BuildLiteBehavior [ RunTime:0.000000s ]
INFO: [ app_init ] --END-- [ RunTime:0.000000s ]
INFO: [ app_begin ] --START--
INFO: Run Behavior\ReadHtmlCacheBehavior [ RunTime:0.000000s ]
INFO: [ app_begin ] --END-- [ RunTime:0.000000s ]
SQL: SHOW COLUMNS FROM `dxyh_auth_group_access` [ RunTime:0.0200s ]
SQL: SELECT `aid`,`group_id`,`title`,`rules` FROM dxyh_auth_group_access a INNER JOIN dxyh_auth_group g on a.group_id=g.id  WHERE ( a.aid='1' and g.status='1' )  [ RunTime:0.0110s ]
SQL: SHOW COLUMNS FROM `dxyh_auth_rule` [ RunTime:0.0220s ]
SQL: SELECT `condition`,`name` FROM `dxyh_auth_rule` WHERE `id` IN ('19','20','21','22','23','24','25','26','27','28','29','30','31','32','33','34','43','44','45','39','40','41','42','35','36','37','38','1','6','7','8','2','3','4','5','9','10','11','12','13','14','15','16','17','18') AND `type` = 1 AND `status` = 1  [ RunTime:0.0120s ]
SQL: SHOW COLUMNS FROM `dxyh_activity_type` [ RunTime:0.0170s ]
SQL: SELECT COUNT(*) AS tp_count FROM `dxyh_activity_type` LIMIT 1   [ RunTime:0.0340s ]
SQL: SELECT * FROM `dxyh_activity_type` ORDER BY `sort` desc,`id` desc LIMIT 0,10   [ RunTime:0.0100s ]
NOTIC: [8] Undefined index: keyword D:\WWW\daxiaoyihu\Application\Admin\Controller\ActivityController.class.php 第 73 行.
INFO: [ view_parse ] --START--
INFO: [ template_filter ] --START--
INFO: Run Behavior\ContentReplaceBehavior [ RunTime:0.001000s ]
INFO: [ template_filter ] --END-- [ RunTime:0.001000s ]
INFO: Run Behavior\ParseTemplateBehavior [ RunTime:0.020001s ]
INFO: [ view_parse ] --END-- [ RunTime:0.020001s ]
INFO: [ view_filter ] --START--
INFO: Run Behavior\WriteHtmlCacheBehavior [ RunTime:0.000000s ]
INFO: [ view_filter ] --END-- [ RunTime:0.000000s ]
INFO: [ app_end ] --START--
INFO: Run Behavior\ShowPageTraceBehavior [ RunTime:0.001000s ]
INFO: [ app_end ] --END-- [ RunTime:0.001000s ]

[ 2017-04-19T15:39:34+08:00 ] 127.0.0.1 /Admin/Activity/index.html
INFO: [ app_init ] --START--
INFO: Run Behavior\BuildLiteBehavior [ RunTime:0.000000s ]
INFO: [ app_init ] --END-- [ RunTime:0.001000s ]
INFO: [ app_begin ] --START--
INFO: Run Behavior\ReadHtmlCacheBehavior [ RunTime:0.000000s ]
INFO: [ app_begin ] --END-- [ RunTime:0.001000s ]
SQL: SHOW COLUMNS FROM `dxyh_auth_group_access` [ RunTime:0.0240s ]
SQL: SELECT `aid`,`group_id`,`title`,`rules` FROM dxyh_auth_group_access a INNER JOIN dxyh_auth_group g on a.group_id=g.id  WHERE ( a.aid='1' and g.status='1' )  [ RunTime:0.0110s ]
SQL: SHOW COLUMNS FROM `dxyh_auth_rule` [ RunTime:0.0120s ]
SQL: SELECT `condition`,`name` FROM `dxyh_auth_rule` WHERE `id` IN ('19','20','21','22','23','24','25','26','27','28','29','30','31','32','33','34','43','44','45','39','40','41','42','35','36','37','38','1','6','7','8','2','3','4','5','9','10','11','12','13','14','15','16','17','18') AND `type` = 1 AND `status` = 1  [ RunTime:0.0120s ]
SQL: SHOW COLUMNS FROM `dxyh_activity` [ RunTime:0.0110s ]
SQL: SELECT COUNT(*) AS tp_count FROM dxyh_activity a INNER JOIN dxyh_activity_type as at ON a.activity_type_id = at.id  LIMIT 1   [ RunTime:0.0240s ]
SQL: SELECT a.id,at.type_name,a.activity_name,a.activity_start_time,a.activity_end_time,a.activity_number,a.activity_integral,a.browse_volume,a.status,a.whether_audit FROM dxyh_activity a INNER JOIN dxyh_activity_type as at ON a.activity_type_id = at.id  ORDER BY a.id desc LIMIT 0,10   [ RunTime:0.0150s ]
SQL: SHOW COLUMNS FROM `dxyh_attend_activity` [ RunTime:0.0140s ]
SQL: SELECT COUNT(*) AS tp_count FROM `dxyh_attend_activity` WHERE `activity_type_id` = 2 LIMIT 1   [ RunTime:0.0160s ]
SQL: SELECT COUNT(*) AS tp_count FROM `dxyh_attend_activity` WHERE `activity_type_id` = 1 LIMIT 1   [ RunTime:0.0100s ]
SQL: SHOW COLUMNS FROM `dxyh_activity_type` [ RunTime:0.0110s ]
SQL: SELECT `id`,`type_name` FROM `dxyh_activity_type` LIMIT 0,15   [ RunTime:0.0160s ]
NOTIC: [8] Undefined index: typeId D:\WWW\daxiaoyihu\Application\Admin\Controller\ActivityController.class.php 第 27 行.
NOTIC: [8] Undefined index: keyword D:\WWW\daxiaoyihu\Application\Admin\Controller\ActivityController.class.php 第 28 行.
NOTIC: [8] Undefined index: status D:\WWW\daxiaoyihu\Application\Admin\Controller\ActivityController.class.php 第 29 行.
INFO: [ view_parse ] --START--
INFO: [ template_filter ] --START--
INFO: Run Behavior\ContentReplaceBehavior [ RunTime:0.001000s ]
INFO: [ template_filter ] --END-- [ RunTime:0.001000s ]
INFO: Run Behavior\ParseTemplateBehavior [ RunTime:0.039002s ]
INFO: [ view_parse ] --END-- [ RunTime:0.039002s ]
INFO: [ view_filter ] --START--
INFO: Run Behavior\WriteHtmlCacheBehavior [ RunTime:0.000000s ]
INFO: [ view_filter ] --END-- [ RunTime:0.000000s ]
INFO: [ app_end ] --START--
INFO: Run Behavior\ShowPageTraceBehavior [ RunTime:0.001000s ]
INFO: [ app_end ] --END-- [ RunTime:0.001000s ]

[ 2017-04-19T15:39:34+08:00 ] 127.0.0.1 /Admin/Activity/index.html
INFO: [ app_init ] --START--
INFO: Run Behavior\BuildLiteBehavior [ RunTime:0.000000s ]
INFO: [ app_init ] --END-- [ RunTime:0.001000s ]
INFO: [ app_begin ] --START--
INFO: Run Behavior\ReadHtmlCacheBehavior [ RunTime:0.001001s ]
INFO: [ app_begin ] --END-- [ RunTime:0.001001s ]
SQL: SHOW COLUMNS FROM `dxyh_auth_group_access` [ RunTime:0.0130s ]
SQL: SELECT `aid`,`group_id`,`title`,`rules` FROM dxyh_auth_group_access a INNER JOIN dxyh_auth_group g on a.group_id=g.id  WHERE ( a.aid='1' and g.status='1' )  [ RunTime:0.0100s ]
SQL: SHOW COLUMNS FROM `dxyh_auth_rule` [ RunTime:0.0120s ]
SQL: SELECT `condition`,`name` FROM `dxyh_auth_rule` WHERE `id` IN ('19','20','21','22','23','24','25','26','27','28','29','30','31','32','33','34','43','44','45','39','40','41','42','35','36','37','38','1','6','7','8','2','3','4','5','9','10','11','12','13','14','15','16','17','18') AND `type` = 1 AND `status` = 1  [ RunTime:0.0630s ]
SQL: SHOW COLUMNS FROM `dxyh_activity` [ RunTime:0.0110s ]
SQL: SELECT COUNT(*) AS tp_count FROM dxyh_activity a INNER JOIN dxyh_activity_type as at ON a.activity_type_id = at.id  LIMIT 1   [ RunTime:0.0100s ]
SQL: SELECT a.id,at.type_name,a.activity_name,a.activity_start_time,a.activity_end_time,a.activity_number,a.activity_integral,a.browse_volume,a.status,a.whether_audit FROM dxyh_activity a INNER JOIN dxyh_activity_type as at ON a.activity_type_id = at.id  ORDER BY a.id desc LIMIT 0,10   [ RunTime:0.0110s ]
SQL: SHOW COLUMNS FROM `dxyh_attend_activity` [ RunTime:0.0130s ]
SQL: SELECT COUNT(*) AS tp_count FROM `dxyh_attend_activity` WHERE `activity_type_id` = 2 LIMIT 1   [ RunTime:0.0150s ]
SQL: SELECT COUNT(*) AS tp_count FROM `dxyh_attend_activity` WHERE `activity_type_id` = 1 LIMIT 1   [ RunTime:0.0110s ]
SQL: SHOW COLUMNS FROM `dxyh_activity_type` [ RunTime:0.0420s ]
SQL: SELECT `id`,`type_name` FROM `dxyh_activity_type` LIMIT 0,15   [ RunTime:0.0130s ]
NOTIC: [8] Undefined index: typeId D:\WWW\daxiaoyihu\Application\Admin\Controller\ActivityController.class.php 第 27 行.
NOTIC: [8] Undefined index: keyword D:\WWW\daxiaoyihu\Application\Admin\Controller\ActivityController.class.php 第 28 行.
NOTIC: [8] Undefined index: status D:\WWW\daxiaoyihu\Application\Admin\Controller\ActivityController.class.php 第 29 行.
INFO: [ view_parse ] --START--
INFO: [ template_filter ] --START--
INFO: Run Behavior\ContentReplaceBehavior [ RunTime:0.000000s ]
INFO: [ template_filter ] --END-- [ RunTime:0.000000s ]
INFO: Run Behavior\ParseTemplateBehavior [ RunTime:0.026001s ]
INFO: [ view_parse ] --END-- [ RunTime:0.026001s ]
INFO: [ view_filter ] --START--
INFO: Run Behavior\WriteHtmlCacheBehavior [ RunTime:0.000000s ]
INFO: [ view_filter ] --END-- [ RunTime:0.000000s ]
INFO: [ app_end ] --START--
INFO: Run Behavior\ShowPageTraceBehavior [ RunTime:0.000000s ]
INFO: [ app_end ] --END-- [ RunTime:0.000000s ]

[ 2017-04-19T15:39:42+08:00 ] 127.0.0.1 /Admin/Activity/add.html
INFO: [ app_init ] --START--
INFO: Run Behavior\BuildLiteBehavior [ RunTime:0.000000s ]
INFO: [ app_init ] --END-- [ RunTime:0.000000s ]
INFO: [ app_begin ] --START--
INFO: Run Behavior\ReadHtmlCacheBehavior [ RunTime:0.000000s ]
INFO: [ app_begin ] --END-- [ RunTime:0.000000s ]
SQL: SHOW COLUMNS FROM `dxyh_auth_group_access` [ RunTime:0.0140s ]
SQL: SELECT `aid`,`group_id`,`title`,`rules` FROM dxyh_auth_group_access a INNER JOIN dxyh_auth_group g on a.group_id=g.id  WHERE ( a.aid='1' and g.status='1' )  [ RunTime:0.0260s ]
SQL: SHOW COLUMNS FROM `dxyh_auth_rule` [ RunTime:0.0210s ]
SQL: SELECT `condition`,`name` FROM `dxyh_auth_rule` WHERE `id` IN ('19','20','21','22','23','24','25','26','27','28','29','30','31','32','33','34','43','44','45','39','40','41','42','35','36','37','38','1','6','7','8','2','3','4','5','9','10','11','12','13','14','15','16','17','18') AND `type` = 1 AND `status` = 1  [ RunTime:0.0100s ]
SQL: SHOW COLUMNS FROM `dxyh_activity` [ RunTime:0.0150s ]
SQL: SHOW COLUMNS FROM `dxyh_activity_type` [ RunTime:0.0120s ]
SQL: SELECT `id`,`type_name` FROM `dxyh_activity_type` LIMIT 0,15   [ RunTime:0.0100s ]
INFO: [ view_parse ] --START--
INFO: [ template_filter ] --START--
INFO: Run Behavior\ContentReplaceBehavior [ RunTime:0.000000s ]
INFO: [ template_filter ] --END-- [ RunTime:0.000000s ]
NOTIC: [8] Undefined variable: rows D:\WWW\daxiaoyihu\Application\Runtime\Cache\Admin\cabcc649e0c0af043d0a239a68c85bfc.php 第 364 行.
NOTIC: [8] Undefined variable: rows D:\WWW\daxiaoyihu\Application\Runtime\Cache\Admin\cabcc649e0c0af043d0a239a68c85bfc.php 第 370 行.
NOTIC: [8] Undefined variable: rows D:\WWW\daxiaoyihu\Application\Runtime\Cache\Admin\cabcc649e0c0af043d0a239a68c85bfc.php 第 370 行.
NOTIC: [8] Undefined variable: rows D:\WWW\daxiaoyihu\Application\Runtime\Cache\Admin\cabcc649e0c0af043d0a239a68c85bfc.php 第 370 行.
NOTIC: [8] Undefined variable: rows D:\WWW\daxiaoyihu\Application\Runtime\Cache\Admin\cabcc649e0c0af043d0a239a68c85bfc.php 第 380 行.
NOTIC: [8] Undefined variable: rows D:\WWW\daxiaoyihu\Application\Runtime\Cache\Admin\cabcc649e0c0af043d0a239a68c85bfc.php 第 391 行.
NOTIC: [8] Undefined variable: rows D:\WWW\daxiaoyihu\Application\Runtime\Cache\Admin\cabcc649e0c0af043d0a239a68c85bfc.php 第 406 行.
NOTIC: [8] Undefined variable: rows D:\WWW\daxiaoyihu\Application\Runtime\Cache\Admin\cabcc649e0c0af043d0a239a68c85bfc.php 第 418 行.
NOTIC: [8] Undefined variable: rows D:\WWW\daxiaoyihu\Application\Runtime\Cache\Admin\cabcc649e0c0af043d0a239a68c85bfc.php 第 430 行.
NOTIC: [8] Undefined variable: rows D:\WWW\daxiaoyihu\Application\Runtime\Cache\Admin\cabcc649e0c0af043d0a239a68c85bfc.php 第 442 行.
NOTIC: [8] Undefined variable: rows D:\WWW\daxiaoyihu\Application\Runtime\Cache\Admin\cabcc649e0c0af043d0a239a68c85bfc.php 第 452 行.
NOTIC: [8] Undefined variable: rows D:\WWW\daxiaoyihu\Application\Runtime\Cache\Admin\cabcc649e0c0af043d0a239a68c85bfc.php 第 461 行.
NOTIC: [8] Undefined variable: rows D:\WWW\daxiaoyihu\Application\Runtime\Cache\Admin\cabcc649e0c0af043d0a239a68c85bfc.php 第 470 行.
NOTIC: [8] Undefined variable: rows D:\WWW\daxiaoyihu\Application\Runtime\Cache\Admin\cabcc649e0c0af043d0a239a68c85bfc.php 第 479 行.
NOTIC: [8] Undefined variable: rows D:\WWW\daxiaoyihu\Application\Runtime\Cache\Admin\cabcc649e0c0af043d0a239a68c85bfc.php 第 488 行.
NOTIC: [8] Undefined variable: rows D:\WWW\daxiaoyihu\Application\Runtime\Cache\Admin\cabcc649e0c0af043d0a239a68c85bfc.php 第 489 行.
NOTIC: [8] Undefined variable: rows D:\WWW\daxiaoyihu\Application\Runtime\Cache\Admin\cabcc649e0c0af043d0a239a68c85bfc.php 第 498 行.
NOTIC: [8] Undefined variable: rows D:\WWW\daxiaoyihu\Application\Runtime\Cache\Admin\cabcc649e0c0af043d0a239a68c85bfc.php 第 499 行.
INFO: Run Behavior\ParseTemplateBehavior [ RunTime:0.009000s ]
INFO: [ view_parse ] --END-- [ RunTime:0.009000s ]
INFO: [ view_filter ] --START--
INFO: Run Behavior\WriteHtmlCacheBehavior [ RunTime:0.000000s ]
INFO: [ view_filter ] --END-- [ RunTime:0.000000s ]
INFO: [ app_end ] --START--
INFO: Run Behavior\ShowPageTraceBehavior [ RunTime:0.001000s ]
INFO: [ app_end ] --END-- [ RunTime:0.001000s ]

[ 2017-04-19T15:39:55+08:00 ] 127.0.0.1 /Admin/Activity/index.html
INFO: [ app_init ] --START--
INFO: Run Behavior\BuildLiteBehavior [ RunTime:0.000000s ]
INFO: [ app_init ] --END-- [ RunTime:0.001000s ]
INFO: [ app_begin ] --START--
INFO: Run Behavior\ReadHtmlCacheBehavior [ RunTime:0.001000s ]
INFO: [ app_begin ] --END-- [ RunTime:0.001000s ]
SQL: SHOW COLUMNS FROM `dxyh_auth_group_access` [ RunTime:0.0130s ]
SQL: SELECT `aid`,`group_id`,`title`,`rules` FROM dxyh_auth_group_access a INNER JOIN dxyh_auth_group g on a.group_id=g.id  WHERE ( a.aid='1' and g.status='1' )  [ RunTime:0.0140s ]
SQL: SHOW COLUMNS FROM `dxyh_auth_rule` [ RunTime:0.0130s ]
SQL: SELECT `condition`,`name` FROM `dxyh_auth_rule` WHERE `id` IN ('19','20','21','22','23','24','25','26','27','28','29','30','31','32','33','34','43','44','45','39','40','41','42','35','36','37','38','1','6','7','8','2','3','4','5','9','10','11','12','13','14','15','16','17','18') AND `type` = 1 AND `status` = 1  [ RunTime:0.0270s ]
SQL: SHOW COLUMNS FROM `dxyh_activity` [ RunTime:0.0190s ]
SQL: SELECT COUNT(*) AS tp_count FROM dxyh_activity a INNER JOIN dxyh_activity_type as at ON a.activity_type_id = at.id  LIMIT 1   [ RunTime:0.0100s ]
SQL: SELECT a.id,at.type_name,a.activity_name,a.activity_start_time,a.activity_end_time,a.activity_number,a.activity_integral,a.browse_volume,a.status,a.whether_audit FROM dxyh_activity a INNER JOIN dxyh_activity_type as at ON a.activity_type_id = at.id  ORDER BY a.id desc LIMIT 0,10   [ RunTime:0.0140s ]
SQL: SHOW COLUMNS FROM `dxyh_attend_activity` [ RunTime:0.0120s ]
SQL: SELECT COUNT(*) AS tp_count FROM `dxyh_attend_activity` WHERE `activity_type_id` = 2 LIMIT 1   [ RunTime:0.0110s ]
SQL: SELECT COUNT(*) AS tp_count FROM `dxyh_attend_activity` WHERE `activity_type_id` = 1 LIMIT 1   [ RunTime:0.0110s ]
SQL: SHOW COLUMNS FROM `dxyh_activity_type` [ RunTime:0.0120s ]
SQL: SELECT `id`,`type_name` FROM `dxyh_activity_type` LIMIT 0,15   [ RunTime:0.0100s ]
NOTIC: [8] Undefined index: typeId D:\WWW\daxiaoyihu\Application\Admin\Controller\ActivityController.class.php 第 27 行.
NOTIC: [8] Undefined index: keyword D:\WWW\daxiaoyihu\Application\Admin\Controller\ActivityController.class.php 第 28 行.
NOTIC: [8] Undefined index: status D:\WWW\daxiaoyihu\Application\Admin\Controller\ActivityController.class.php 第 29 行.
INFO: [ view_parse ] --START--
INFO: [ template_filter ] --START--
INFO: Run Behavior\ContentReplaceBehavior [ RunTime:0.000000s ]
INFO: [ template_filter ] --END-- [ RunTime:0.000000s ]
INFO: Run Behavior\ParseTemplateBehavior [ RunTime:0.024002s ]
INFO: [ view_parse ] --END-- [ RunTime:0.024002s ]
INFO: [ view_filter ] --START--
INFO: Run Behavior\WriteHtmlCacheBehavior [ RunTime:0.000000s ]
INFO: [ view_filter ] --END-- [ RunTime:0.000000s ]
INFO: [ app_end ] --START--
INFO: Run Behavior\ShowPageTraceBehavior [ RunTime:0.001000s ]
INFO: [ app_end ] --END-- [ RunTime:0.001000s ]

