[ 2017-04-05T09:18:50+08:00 ] 127.0.0.1 /index.php/Admin
INFO: [ app_init ] --START--
INFO: Run Behavior\BuildLiteBehavior [ RunTime:0.000000s ]
INFO: [ app_init ] --END-- [ RunTime:0.001000s ]
INFO: [ app_begin ] --START--
INFO: Run Behavior\ReadHtmlCacheBehavior [ RunTime:0.000000s ]
INFO: [ app_begin ] --END-- [ RunTime:0.000000s ]

[ 2017-04-05T09:18:50+08:00 ] 127.0.0.1 /index.php/Admin/Public/login.html
INFO: [ app_init ] --START--
INFO: Run Behavior\BuildLiteBehavior [ RunTime:0.000000s ]
INFO: [ app_init ] --END-- [ RunTime:0.000000s ]
INFO: [ app_begin ] --START--
INFO: Run Behavior\ReadHtmlCacheBehavior [ RunTime:0.001000s ]
INFO: [ app_begin ] --END-- [ RunTime:0.001000s ]
SQL: SHOW COLUMNS FROM `dxyh_admin` [ RunTime:0.0120s ]
INFO: [ view_parse ] --START--
INFO: [ template_filter ] --START--
INFO: Run Behavior\ContentReplaceBehavior [ RunTime:0.000000s ]
INFO: [ template_filter ] --END-- [ RunTime:0.000000s ]
INFO: Run Behavior\ParseTemplateBehavior [ RunTime:0.016001s ]
INFO: [ view_parse ] --END-- [ RunTime:0.016001s ]
INFO: [ view_filter ] --START--
INFO: Run Behavior\WriteHtmlCacheBehavior [ RunTime:0.000000s ]
INFO: [ view_filter ] --END-- [ RunTime:0.000000s ]
INFO: [ app_end ] --START--
INFO: Run Behavior\ShowPageTraceBehavior [ RunTime:0.000000s ]
INFO: [ app_end ] --END-- [ RunTime:0.000000s ]

[ 2017-04-05T09:18:57+08:00 ] 127.0.0.1 /index.php/Admin/Public/login.html
INFO: [ app_init ] --START--
INFO: Run Behavior\BuildLiteBehavior [ RunTime:0.000000s ]
INFO: [ app_init ] --END-- [ RunTime:0.000000s ]
INFO: [ app_begin ] --START--
INFO: Run Behavior\ReadHtmlCacheBehavior [ RunTime:0.001000s ]
INFO: [ app_begin ] --END-- [ RunTime:0.001000s ]
SQL: SHOW COLUMNS FROM `dxyh_admin` [ RunTime:0.0110s ]
SQL: SELECT * FROM `dxyh_admin` WHERE `aname` = 'root' LIMIT 1   [ RunTime:0.0100s ]

[ 2017-04-05T09:18:59+08:00 ] 127.0.0.1 /index.php/Admin/Index/index.html
INFO: [ app_init ] --START--
INFO: Run Behavior\BuildLiteBehavior [ RunTime:0.000000s ]
INFO: [ app_init ] --END-- [ RunTime:0.000000s ]
INFO: [ app_begin ] --START--
INFO: Run Behavior\ReadHtmlCacheBehavior [ RunTime:0.001000s ]
INFO: [ app_begin ] --END-- [ RunTime:0.001000s ]
INFO: [ view_parse ] --START--
INFO: [ template_filter ] --START--
INFO: Run Behavior\ContentReplaceBehavior [ RunTime:0.000000s ]
INFO: [ template_filter ] --END-- [ RunTime:0.000000s ]
INFO: Run Behavior\ParseTemplateBehavior [ RunTime:0.024001s ]
INFO: [ view_parse ] --END-- [ RunTime:0.024001s ]
INFO: [ view_filter ] --START--
INFO: Run Behavior\WriteHtmlCacheBehavior [ RunTime:0.000000s ]
INFO: [ view_filter ] --END-- [ RunTime:0.000000s ]
INFO: [ app_end ] --START--
INFO: Run Behavior\ShowPageTraceBehavior [ RunTime:0.002000s ]
INFO: [ app_end ] --END-- [ RunTime:0.002000s ]

[ 2017-04-05T09:19:16+08:00 ] 127.0.0.1 /index.php/Admin/Coptic/copticType.html
INFO: [ app_init ] --START--
INFO: Run Behavior\BuildLiteBehavior [ RunTime:0.000000s ]
INFO: [ app_init ] --END-- [ RunTime:0.001000s ]
INFO: [ app_begin ] --START--
INFO: Run Behavior\ReadHtmlCacheBehavior [ RunTime:0.000000s ]
INFO: [ app_begin ] --END-- [ RunTime:0.000000s ]
SQL: SHOW COLUMNS FROM `dxyh_auth_group_access` [ RunTime:0.0140s ]
SQL: SELECT `aid`,`group_id`,`title`,`rules` FROM dxyh_auth_group_access a INNER JOIN dxyh_auth_group g on a.group_id=g.id  WHERE ( a.aid='1' and g.status='1' )  [ RunTime:0.0130s ]
SQL: SHOW COLUMNS FROM `dxyh_auth_rule` [ RunTime:0.0130s ]
SQL: SELECT `condition`,`name` FROM `dxyh_auth_rule` WHERE `id` IN ('19','20','21','22','23','24','25','26','27','28','29','30','31','32','33','34','43','44','45','39','40','41','42','35','36','37','38','1','6','7','8','2','3','4','5','9','10','11','12','13','14','15','16','17','18') AND `type` = 1 AND `status` = 1  [ RunTime:0.0130s ]
SQL: SHOW COLUMNS FROM `dxyh_coptic_type` [ RunTime:0.0130s ]
SQL: SELECT COUNT(*) AS tp_count FROM `dxyh_coptic_type` LIMIT 1   [ RunTime:0.0130s ]
SQL: SELECT * FROM `dxyh_coptic_type` LIMIT 0,2   [ RunTime:0.0110s ]
NOTIC: [8] Undefined index: keyword D:\WWW\daxiaoyihu\Application\Admin\Controller\CopticController.class.php 第 69 行.
INFO: [ view_parse ] --START--
INFO: [ template_filter ] --START--
INFO: Run Behavior\ContentReplaceBehavior [ RunTime:0.001000s ]
INFO: [ template_filter ] --END-- [ RunTime:0.001000s ]
INFO: Run Behavior\ParseTemplateBehavior [ RunTime:0.038002s ]
INFO: [ view_parse ] --END-- [ RunTime:0.038002s ]
INFO: [ view_filter ] --START--
INFO: Run Behavior\WriteHtmlCacheBehavior [ RunTime:0.000000s ]
INFO: [ view_filter ] --END-- [ RunTime:0.000000s ]
INFO: [ app_end ] --START--
INFO: Run Behavior\ShowPageTraceBehavior [ RunTime:0.001000s ]
INFO: [ app_end ] --END-- [ RunTime:0.001000s ]

[ 2017-04-05T09:19:16+08:00 ] 127.0.0.1 /index.php/Admin/Coptic/copticType.html
INFO: [ app_init ] --START--
INFO: Run Behavior\BuildLiteBehavior [ RunTime:0.000000s ]
INFO: [ app_init ] --END-- [ RunTime:0.000000s ]
INFO: [ app_begin ] --START--
INFO: Run Behavior\ReadHtmlCacheBehavior [ RunTime:0.000000s ]
INFO: [ app_begin ] --END-- [ RunTime:0.000000s ]
SQL: SHOW COLUMNS FROM `dxyh_auth_group_access` [ RunTime:0.0140s ]
SQL: SELECT `aid`,`group_id`,`title`,`rules` FROM dxyh_auth_group_access a INNER JOIN dxyh_auth_group g on a.group_id=g.id  WHERE ( a.aid='1' and g.status='1' )  [ RunTime:0.0110s ]
SQL: SHOW COLUMNS FROM `dxyh_auth_rule` [ RunTime:0.0110s ]
SQL: SELECT `condition`,`name` FROM `dxyh_auth_rule` WHERE `id` IN ('19','20','21','22','23','24','25','26','27','28','29','30','31','32','33','34','43','44','45','39','40','41','42','35','36','37','38','1','6','7','8','2','3','4','5','9','10','11','12','13','14','15','16','17','18') AND `type` = 1 AND `status` = 1  [ RunTime:0.0120s ]
SQL: SHOW COLUMNS FROM `dxyh_coptic_type` [ RunTime:0.0140s ]
SQL: SELECT COUNT(*) AS tp_count FROM `dxyh_coptic_type` LIMIT 1   [ RunTime:0.0110s ]
SQL: SELECT * FROM `dxyh_coptic_type` LIMIT 0,2   [ RunTime:0.0120s ]
NOTIC: [8] Undefined index: keyword D:\WWW\daxiaoyihu\Application\Admin\Controller\CopticController.class.php 第 69 行.
INFO: [ view_parse ] --START--
INFO: [ template_filter ] --START--
INFO: Run Behavior\ContentReplaceBehavior [ RunTime:0.000000s ]
INFO: [ template_filter ] --END-- [ RunTime:0.000000s ]
INFO: Run Behavior\ParseTemplateBehavior [ RunTime:0.024002s ]
INFO: [ view_parse ] --END-- [ RunTime:0.024002s ]
INFO: [ view_filter ] --START--
INFO: Run Behavior\WriteHtmlCacheBehavior [ RunTime:0.000000s ]
INFO: [ view_filter ] --END-- [ RunTime:0.000000s ]
INFO: [ app_end ] --START--
INFO: Run Behavior\ShowPageTraceBehavior [ RunTime:0.000000s ]
INFO: [ app_end ] --END-- [ RunTime:0.001000s ]

[ 2017-04-05T09:19:23+08:00 ] 127.0.0.1 /index.php/Admin/System/account_manage.html
INFO: [ app_init ] --START--
INFO: Run Behavior\BuildLiteBehavior [ RunTime:0.000000s ]
INFO: [ app_init ] --END-- [ RunTime:0.001000s ]
INFO: [ app_begin ] --START--
INFO: Run Behavior\ReadHtmlCacheBehavior [ RunTime:0.001000s ]
INFO: [ app_begin ] --END-- [ RunTime:0.001000s ]
SQL: SHOW COLUMNS FROM `dxyh_auth_group_access` [ RunTime:0.0200s ]
SQL: SELECT `aid`,`group_id`,`title`,`rules` FROM dxyh_auth_group_access a INNER JOIN dxyh_auth_group g on a.group_id=g.id  WHERE ( a.aid='1' and g.status='1' )  [ RunTime:0.0120s ]
SQL: SHOW COLUMNS FROM `dxyh_auth_rule` [ RunTime:0.0120s ]
SQL: SELECT `condition`,`name` FROM `dxyh_auth_rule` WHERE `id` IN ('19','20','21','22','23','24','25','26','27','28','29','30','31','32','33','34','43','44','45','39','40','41','42','35','36','37','38','1','6','7','8','2','3','4','5','9','10','11','12','13','14','15','16','17','18') AND `type` = 1 AND `status` = 1  [ RunTime:0.0120s ]
SQL: SHOW COLUMNS FROM `dxyh_admin` [ RunTime:0.0110s ]
SQL: SELECT COUNT(*) AS tp_count FROM dxyh_admin a INNER JOIN dxyh_auth_group_access as ag ON a.aid=ag.aid INNER JOIN dxyh_auth_group as g ON ag.group_id=g.id  LIMIT 1   [ RunTime:0.0150s ]
SQL: SELECT a.aid,a.aname,a.create_time,g.title FROM dxyh_admin a INNER JOIN dxyh_auth_group_access as ag ON a.aid=ag.aid INNER JOIN dxyh_auth_group as g ON ag.group_id=g.id  ORDER BY a.create_time DESC LIMIT 0,2   [ RunTime:0.0130s ]
NOTIC: [2] Illegal string offset 'create_time' D:\WWW\daxiaoyihu\Application\Admin\Model\AdminModel.class.php 第 33 行.
SQL: SHOW COLUMNS FROM `dxyh_auth_group` [ RunTime:0.0140s ]
SQL: SELECT `id`,`title` FROM `dxyh_auth_group` LIMIT 0,15   [ RunTime:0.0090s ]
NOTIC: [8] Undefined index: authId D:\WWW\daxiaoyihu\Application\Admin\Controller\SystemController.class.php 第 108 行.
NOTIC: [8] Undefined index: keyword D:\WWW\daxiaoyihu\Application\Admin\Controller\SystemController.class.php 第 109 行.
INFO: [ view_parse ] --START--
INFO: [ template_filter ] --START--
INFO: Run Behavior\ContentReplaceBehavior [ RunTime:0.000000s ]
INFO: [ template_filter ] --END-- [ RunTime:0.000000s ]
INFO: Run Behavior\ParseTemplateBehavior [ RunTime:0.046002s ]
INFO: [ view_parse ] --END-- [ RunTime:0.046002s ]
INFO: [ view_filter ] --START--
INFO: Run Behavior\WriteHtmlCacheBehavior [ RunTime:0.000000s ]
INFO: [ view_filter ] --END-- [ RunTime:0.000000s ]
INFO: [ app_end ] --START--
INFO: Run Behavior\ShowPageTraceBehavior [ RunTime:0.001000s ]
INFO: [ app_end ] --END-- [ RunTime:0.001000s ]

[ 2017-04-05T09:19:23+08:00 ] 127.0.0.1 /index.php/Admin/System/account_manage.html
INFO: [ app_init ] --START--
INFO: Run Behavior\BuildLiteBehavior [ RunTime:0.000000s ]
INFO: [ app_init ] --END-- [ RunTime:0.000000s ]
INFO: [ app_begin ] --START--
INFO: Run Behavior\ReadHtmlCacheBehavior [ RunTime:0.001000s ]
INFO: [ app_begin ] --END-- [ RunTime:0.001000s ]
SQL: SHOW COLUMNS FROM `dxyh_auth_group_access` [ RunTime:0.0110s ]
SQL: SELECT `aid`,`group_id`,`title`,`rules` FROM dxyh_auth_group_access a INNER JOIN dxyh_auth_group g on a.group_id=g.id  WHERE ( a.aid='1' and g.status='1' )  [ RunTime:0.0110s ]
SQL: SHOW COLUMNS FROM `dxyh_auth_rule` [ RunTime:0.0220s ]
SQL: SELECT `condition`,`name` FROM `dxyh_auth_rule` WHERE `id` IN ('19','20','21','22','23','24','25','26','27','28','29','30','31','32','33','34','43','44','45','39','40','41','42','35','36','37','38','1','6','7','8','2','3','4','5','9','10','11','12','13','14','15','16','17','18') AND `type` = 1 AND `status` = 1  [ RunTime:0.0110s ]
SQL: SHOW COLUMNS FROM `dxyh_admin` [ RunTime:0.0240s ]
SQL: SELECT COUNT(*) AS tp_count FROM dxyh_admin a INNER JOIN dxyh_auth_group_access as ag ON a.aid=ag.aid INNER JOIN dxyh_auth_group as g ON ag.group_id=g.id  LIMIT 1   [ RunTime:0.0180s ]
SQL: SELECT a.aid,a.aname,a.create_time,g.title FROM dxyh_admin a INNER JOIN dxyh_auth_group_access as ag ON a.aid=ag.aid INNER JOIN dxyh_auth_group as g ON ag.group_id=g.id  ORDER BY a.create_time DESC LIMIT 0,2   [ RunTime:0.0110s ]
NOTIC: [2] Illegal string offset 'create_time' D:\WWW\daxiaoyihu\Application\Admin\Model\AdminModel.class.php 第 33 行.
SQL: SHOW COLUMNS FROM `dxyh_auth_group` [ RunTime:0.0110s ]
SQL: SELECT `id`,`title` FROM `dxyh_auth_group` LIMIT 0,15   [ RunTime:0.0160s ]
NOTIC: [8] Undefined index: authId D:\WWW\daxiaoyihu\Application\Admin\Controller\SystemController.class.php 第 108 行.
NOTIC: [8] Undefined index: keyword D:\WWW\daxiaoyihu\Application\Admin\Controller\SystemController.class.php 第 109 行.
INFO: [ view_parse ] --START--
INFO: [ template_filter ] --START--
INFO: Run Behavior\ContentReplaceBehavior [ RunTime:0.000000s ]
INFO: [ template_filter ] --END-- [ RunTime:0.000000s ]
INFO: Run Behavior\ParseTemplateBehavior [ RunTime:0.023002s ]
INFO: [ view_parse ] --END-- [ RunTime:0.023002s ]
INFO: [ view_filter ] --START--
INFO: Run Behavior\WriteHtmlCacheBehavior [ RunTime:0.001000s ]
INFO: [ view_filter ] --END-- [ RunTime:0.001000s ]
INFO: [ app_end ] --START--
INFO: Run Behavior\ShowPageTraceBehavior [ RunTime:0.001000s ]
INFO: [ app_end ] --END-- [ RunTime:0.001000s ]

[ 2017-04-05T09:19:27+08:00 ] 127.0.0.1 /index.php/Admin/System/account_edit/id/9.html
INFO: [ app_init ] --START--
INFO: Run Behavior\BuildLiteBehavior [ RunTime:0.000000s ]
INFO: [ app_init ] --END-- [ RunTime:0.001000s ]
INFO: [ app_begin ] --START--
INFO: Run Behavior\ReadHtmlCacheBehavior [ RunTime:0.000000s ]
INFO: [ app_begin ] --END-- [ RunTime:0.000000s ]
SQL: SHOW COLUMNS FROM `dxyh_auth_group_access` [ RunTime:0.0120s ]
SQL: SELECT `aid`,`group_id`,`title`,`rules` FROM dxyh_auth_group_access a INNER JOIN dxyh_auth_group g on a.group_id=g.id  WHERE ( a.aid='1' and g.status='1' )  [ RunTime:0.0110s ]
SQL: SHOW COLUMNS FROM `dxyh_auth_rule` [ RunTime:0.0130s ]
SQL: SELECT `condition`,`name` FROM `dxyh_auth_rule` WHERE `id` IN ('19','20','21','22','23','24','25','26','27','28','29','30','31','32','33','34','43','44','45','39','40','41','42','35','36','37','38','1','6','7','8','2','3','4','5','9','10','11','12','13','14','15','16','17','18') AND `type` = 1 AND `status` = 1  [ RunTime:0.0120s ]
SQL: SHOW COLUMNS FROM `dxyh_auth_group` [ RunTime:0.0140s ]
SQL: SELECT `id`,`title` FROM `dxyh_auth_group` LIMIT 0,15   [ RunTime:0.0140s ]
SQL: SHOW COLUMNS FROM `dxyh_admin` [ RunTime:0.0120s ]
SQL: SELECT a.aid,a.aname,ag.group_id FROM dxyh_admin a INNER JOIN dxyh_auth_group_access as ag ON a.aid=ag.aid  WHERE a.aid = '9' LIMIT 1   [ RunTime:0.0100s ]
INFO: [ view_parse ] --START--
INFO: [ template_filter ] --START--
INFO: Run Behavior\ContentReplaceBehavior [ RunTime:0.000000s ]
INFO: [ template_filter ] --END-- [ RunTime:0.000000s ]
INFO: Run Behavior\ParseTemplateBehavior [ RunTime:0.018001s ]
INFO: [ view_parse ] --END-- [ RunTime:0.018001s ]
INFO: [ view_filter ] --START--
INFO: Run Behavior\WriteHtmlCacheBehavior [ RunTime:0.000000s ]
INFO: [ view_filter ] --END-- [ RunTime:0.001000s ]
INFO: [ app_end ] --START--
INFO: Run Behavior\ShowPageTraceBehavior [ RunTime:0.000000s ]
INFO: [ app_end ] --END-- [ RunTime:0.000000s ]

[ 2017-04-05T09:19:37+08:00 ] 127.0.0.1 /index.php/Admin/System/account_edit.html
INFO: [ app_init ] --START--
INFO: Run Behavior\BuildLiteBehavior [ RunTime:0.000000s ]
INFO: [ app_init ] --END-- [ RunTime:0.001000s ]
INFO: [ app_begin ] --START--
INFO: Run Behavior\ReadHtmlCacheBehavior [ RunTime:0.000000s ]
INFO: [ app_begin ] --END-- [ RunTime:0.000000s ]
SQL: SHOW COLUMNS FROM `dxyh_auth_group_access` [ RunTime:0.0140s ]
SQL: SELECT `aid`,`group_id`,`title`,`rules` FROM dxyh_auth_group_access a INNER JOIN dxyh_auth_group g on a.group_id=g.id  WHERE ( a.aid='1' and g.status='1' )  [ RunTime:0.0160s ]
SQL: SHOW COLUMNS FROM `dxyh_auth_rule` [ RunTime:0.0140s ]
SQL: SELECT `condition`,`name` FROM `dxyh_auth_rule` WHERE `id` IN ('19','20','21','22','23','24','25','26','27','28','29','30','31','32','33','34','43','44','45','39','40','41','42','35','36','37','38','1','6','7','8','2','3','4','5','9','10','11','12','13','14','15','16','17','18') AND `type` = 1 AND `status` = 1  [ RunTime:0.0110s ]
SQL: SHOW COLUMNS FROM `dxyh_admin` [ RunTime:0.0150s ]
SQL: UPDATE `dxyh_admin` SET `aname`='admin',`passwd`='e10adc3949ba59abbe56e057f20f883e' WHERE `aid` = 9 [ RunTime:0.1420s ]
SQL: SHOW COLUMNS FROM `dxyh_auth_group_access` [ RunTime:0.0130s ]
NOTIC: [2] Illegal offset type in isset or empty D:\WWW\daxiaoyihu\ThinkPHP\Library\Think\Model.class.php 第 445 行.
SQL: UPDATE `dxyh_auth_group_access` SET `group_id`='2' WHERE `aid` = 9 [ RunTime:0.0110s ]

[ 2017-04-05T09:19:39+08:00 ] 127.0.0.1 /index.php/Admin/System/account_manage.html
INFO: [ app_init ] --START--
INFO: Run Behavior\BuildLiteBehavior [ RunTime:0.000000s ]
INFO: [ app_init ] --END-- [ RunTime:0.000000s ]
INFO: [ app_begin ] --START--
INFO: Run Behavior\ReadHtmlCacheBehavior [ RunTime:0.000000s ]
INFO: [ app_begin ] --END-- [ RunTime:0.000000s ]
SQL: SHOW COLUMNS FROM `dxyh_auth_group_access` [ RunTime:0.0130s ]
SQL: SELECT `aid`,`group_id`,`title`,`rules` FROM dxyh_auth_group_access a INNER JOIN dxyh_auth_group g on a.group_id=g.id  WHERE ( a.aid='1' and g.status='1' )  [ RunTime:0.0110s ]
SQL: SHOW COLUMNS FROM `dxyh_auth_rule` [ RunTime:0.0120s ]
SQL: SELECT `condition`,`name` FROM `dxyh_auth_rule` WHERE `id` IN ('19','20','21','22','23','24','25','26','27','28','29','30','31','32','33','34','43','44','45','39','40','41','42','35','36','37','38','1','6','7','8','2','3','4','5','9','10','11','12','13','14','15','16','17','18') AND `type` = 1 AND `status` = 1  [ RunTime:0.0130s ]
SQL: SHOW COLUMNS FROM `dxyh_admin` [ RunTime:0.0100s ]
SQL: SELECT COUNT(*) AS tp_count FROM dxyh_admin a INNER JOIN dxyh_auth_group_access as ag ON a.aid=ag.aid INNER JOIN dxyh_auth_group as g ON ag.group_id=g.id  LIMIT 1   [ RunTime:0.0100s ]
SQL: SELECT a.aid,a.aname,a.create_time,g.title FROM dxyh_admin a INNER JOIN dxyh_auth_group_access as ag ON a.aid=ag.aid INNER JOIN dxyh_auth_group as g ON ag.group_id=g.id  ORDER BY a.create_time DESC LIMIT 0,2   [ RunTime:0.0150s ]
NOTIC: [2] Illegal string offset 'create_time' D:\WWW\daxiaoyihu\Application\Admin\Model\AdminModel.class.php 第 33 行.
SQL: SHOW COLUMNS FROM `dxyh_auth_group` [ RunTime:0.0100s ]
SQL: SELECT `id`,`title` FROM `dxyh_auth_group` LIMIT 0,15   [ RunTime:0.0120s ]
NOTIC: [8] Undefined index: authId D:\WWW\daxiaoyihu\Application\Admin\Controller\SystemController.class.php 第 108 行.
NOTIC: [8] Undefined index: keyword D:\WWW\daxiaoyihu\Application\Admin\Controller\SystemController.class.php 第 109 行.
INFO: [ view_parse ] --START--
INFO: [ template_filter ] --START--
INFO: Run Behavior\ContentReplaceBehavior [ RunTime:0.000000s ]
INFO: [ template_filter ] --END-- [ RunTime:0.001000s ]
INFO: Run Behavior\ParseTemplateBehavior [ RunTime:0.029002s ]
INFO: [ view_parse ] --END-- [ RunTime:0.030002s ]
INFO: [ view_filter ] --START--
INFO: Run Behavior\WriteHtmlCacheBehavior [ RunTime:0.000000s ]
INFO: [ view_filter ] --END-- [ RunTime:0.000000s ]
INFO: [ app_end ] --START--
INFO: Run Behavior\ShowPageTraceBehavior [ RunTime:0.001000s ]
INFO: [ app_end ] --END-- [ RunTime:0.001000s ]

[ 2017-04-05T09:19:47+08:00 ] 127.0.0.1 /index.php/Admin/Public/logout.html
INFO: [ app_init ] --START--
INFO: Run Behavior\BuildLiteBehavior [ RunTime:0.000000s ]
INFO: [ app_init ] --END-- [ RunTime:0.000000s ]
INFO: [ app_begin ] --START--
INFO: Run Behavior\ReadHtmlCacheBehavior [ RunTime:0.000000s ]
INFO: [ app_begin ] --END-- [ RunTime:0.002000s ]

[ 2017-04-05T09:19:47+08:00 ] 127.0.0.1 /index.php/Admin/Public/login.html
INFO: [ app_init ] --START--
INFO: Run Behavior\BuildLiteBehavior [ RunTime:0.000000s ]
INFO: [ app_init ] --END-- [ RunTime:0.000000s ]
INFO: [ app_begin ] --START--
INFO: Run Behavior\ReadHtmlCacheBehavior [ RunTime:0.000000s ]
INFO: [ app_begin ] --END-- [ RunTime:0.000000s ]
SQL: SHOW COLUMNS FROM `dxyh_admin` [ RunTime:0.0130s ]
INFO: [ view_parse ] --START--
INFO: [ template_filter ] --START--
INFO: Run Behavior\ContentReplaceBehavior [ RunTime:0.001000s ]
INFO: [ template_filter ] --END-- [ RunTime:0.001000s ]
INFO: Run Behavior\ParseTemplateBehavior [ RunTime:0.018001s ]
INFO: [ view_parse ] --END-- [ RunTime:0.018001s ]
INFO: [ view_filter ] --START--
INFO: Run Behavior\WriteHtmlCacheBehavior [ RunTime:0.000000s ]
INFO: [ view_filter ] --END-- [ RunTime:0.000000s ]
INFO: [ app_end ] --START--
INFO: Run Behavior\ShowPageTraceBehavior [ RunTime:0.001000s ]
INFO: [ app_end ] --END-- [ RunTime:0.001000s ]

[ 2017-04-05T09:19:47+08:00 ] 127.0.0.1 /index.php/Admin/Public/logout.html
INFO: [ app_init ] --START--
INFO: Run Behavior\BuildLiteBehavior [ RunTime:0.000000s ]
INFO: [ app_init ] --END-- [ RunTime:0.000000s ]
INFO: [ app_begin ] --START--
INFO: Run Behavior\ReadHtmlCacheBehavior [ RunTime:0.001000s ]
INFO: [ app_begin ] --END-- [ RunTime:0.001000s ]

[ 2017-04-05T09:19:47+08:00 ] 127.0.0.1 /index.php/Admin/Public/login.html
INFO: [ app_init ] --START--
INFO: Run Behavior\BuildLiteBehavior [ RunTime:0.000000s ]
INFO: [ app_init ] --END-- [ RunTime:0.000000s ]
INFO: [ app_begin ] --START--
INFO: Run Behavior\ReadHtmlCacheBehavior [ RunTime:0.000000s ]
INFO: [ app_begin ] --END-- [ RunTime:0.000000s ]
SQL: SHOW COLUMNS FROM `dxyh_admin` [ RunTime:0.0140s ]
INFO: [ view_parse ] --START--
INFO: [ template_filter ] --START--
INFO: Run Behavior\ContentReplaceBehavior [ RunTime:0.000000s ]
INFO: [ template_filter ] --END-- [ RunTime:0.001001s ]
INFO: Run Behavior\ParseTemplateBehavior [ RunTime:0.022001s ]
INFO: [ view_parse ] --END-- [ RunTime:0.022001s ]
INFO: [ view_filter ] --START--
INFO: Run Behavior\WriteHtmlCacheBehavior [ RunTime:0.001000s ]
INFO: [ view_filter ] --END-- [ RunTime:0.001000s ]
INFO: [ app_end ] --START--
INFO: Run Behavior\ShowPageTraceBehavior [ RunTime:0.001000s ]
INFO: [ app_end ] --END-- [ RunTime:0.001000s ]

[ 2017-04-05T09:19:53+08:00 ] 127.0.0.1 /index.php/Admin/Public/login.html
INFO: [ app_init ] --START--
INFO: Run Behavior\BuildLiteBehavior [ RunTime:0.000000s ]
INFO: [ app_init ] --END-- [ RunTime:0.001000s ]
INFO: [ app_begin ] --START--
INFO: Run Behavior\ReadHtmlCacheBehavior [ RunTime:0.001000s ]
INFO: [ app_begin ] --END-- [ RunTime:0.001000s ]
SQL: SHOW COLUMNS FROM `dxyh_admin` [ RunTime:0.0180s ]
SQL: SELECT * FROM `dxyh_admin` WHERE `aname` = 'admin' LIMIT 1   [ RunTime:0.0290s ]

[ 2017-04-05T09:19:55+08:00 ] 127.0.0.1 /index.php/Admin/Index/index.html
INFO: [ app_init ] --START--
INFO: Run Behavior\BuildLiteBehavior [ RunTime:0.000000s ]
INFO: [ app_init ] --END-- [ RunTime:0.001000s ]
INFO: [ app_begin ] --START--
INFO: Run Behavior\ReadHtmlCacheBehavior [ RunTime:0.000000s ]
INFO: [ app_begin ] --END-- [ RunTime:0.001000s ]
INFO: [ view_parse ] --START--
INFO: [ template_filter ] --START--
INFO: Run Behavior\ContentReplaceBehavior [ RunTime:0.000000s ]
INFO: [ template_filter ] --END-- [ RunTime:0.001000s ]
INFO: Run Behavior\ParseTemplateBehavior [ RunTime:0.011001s ]
INFO: [ view_parse ] --END-- [ RunTime:0.011001s ]
INFO: [ view_filter ] --START--
INFO: Run Behavior\WriteHtmlCacheBehavior [ RunTime:0.000000s ]
INFO: [ view_filter ] --END-- [ RunTime:0.000000s ]
INFO: [ app_end ] --START--
INFO: Run Behavior\ShowPageTraceBehavior [ RunTime:0.000000s ]
INFO: [ app_end ] --END-- [ RunTime:0.000000s ]

[ 2017-04-05T09:19:58+08:00 ] 127.0.0.1 /index.php/Admin/Coptic/copticType.html
INFO: [ app_init ] --START--
INFO: Run Behavior\BuildLiteBehavior [ RunTime:0.000000s ]
INFO: [ app_init ] --END-- [ RunTime:0.000000s ]
INFO: [ app_begin ] --START--
INFO: Run Behavior\ReadHtmlCacheBehavior [ RunTime:0.001000s ]
INFO: [ app_begin ] --END-- [ RunTime:0.001000s ]
SQL: SHOW COLUMNS FROM `dxyh_auth_group_access` [ RunTime:0.0140s ]
SQL: SELECT `aid`,`group_id`,`title`,`rules` FROM dxyh_auth_group_access a INNER JOIN dxyh_auth_group g on a.group_id=g.id  WHERE ( a.aid='9' and g.status='1' )  [ RunTime:0.0140s ]
SQL: SHOW COLUMNS FROM `dxyh_auth_rule` [ RunTime:0.0130s ]
SQL: SELECT `condition`,`name` FROM `dxyh_auth_rule` WHERE `id` IN ('') AND `type` = 1 AND `status` = 1  [ RunTime:0.0270s ]

[ 2017-04-05T09:20:02+08:00 ] 127.0.0.1 /index.php/Admin/Coptic/index.html
INFO: [ app_init ] --START--
INFO: Run Behavior\BuildLiteBehavior [ RunTime:0.000000s ]
INFO: [ app_init ] --END-- [ RunTime:0.000000s ]
INFO: [ app_begin ] --START--
INFO: Run Behavior\ReadHtmlCacheBehavior [ RunTime:0.001000s ]
INFO: [ app_begin ] --END-- [ RunTime:0.001000s ]
SQL: SHOW COLUMNS FROM `dxyh_auth_group_access` [ RunTime:0.0110s ]
SQL: SELECT `aid`,`group_id`,`title`,`rules` FROM dxyh_auth_group_access a INNER JOIN dxyh_auth_group g on a.group_id=g.id  WHERE ( a.aid='9' and g.status='1' )  [ RunTime:0.0160s ]
SQL: SHOW COLUMNS FROM `dxyh_auth_rule` [ RunTime:0.0160s ]
SQL: SELECT `condition`,`name` FROM `dxyh_auth_rule` WHERE `id` IN ('') AND `type` = 1 AND `status` = 1  [ RunTime:0.0120s ]

[ 2017-04-05T09:20:09+08:00 ] 127.0.0.1 /index.php/Admin/Public/logout.html
INFO: [ app_init ] --START--
INFO: Run Behavior\BuildLiteBehavior [ RunTime:0.000000s ]
INFO: [ app_init ] --END-- [ RunTime:0.000000s ]
INFO: [ app_begin ] --START--
INFO: Run Behavior\ReadHtmlCacheBehavior [ RunTime:0.001000s ]
INFO: [ app_begin ] --END-- [ RunTime:0.001000s ]

[ 2017-04-05T09:20:09+08:00 ] 127.0.0.1 /index.php/Admin/Public/login.html
INFO: [ app_init ] --START--
INFO: Run Behavior\BuildLiteBehavior [ RunTime:0.000000s ]
INFO: [ app_init ] --END-- [ RunTime:0.000000s ]
INFO: [ app_begin ] --START--
INFO: Run Behavior\ReadHtmlCacheBehavior [ RunTime:0.001000s ]
INFO: [ app_begin ] --END-- [ RunTime:0.001000s ]
SQL: SHOW COLUMNS FROM `dxyh_admin` [ RunTime:0.0120s ]
INFO: [ view_parse ] --START--
INFO: [ template_filter ] --START--
INFO: Run Behavior\ContentReplaceBehavior [ RunTime:0.000000s ]
INFO: [ template_filter ] --END-- [ RunTime:0.000000s ]
INFO: Run Behavior\ParseTemplateBehavior [ RunTime:0.010001s ]
INFO: [ view_parse ] --END-- [ RunTime:0.010001s ]
INFO: [ view_filter ] --START--
INFO: Run Behavior\WriteHtmlCacheBehavior [ RunTime:0.001000s ]
INFO: [ view_filter ] --END-- [ RunTime:0.001000s ]
INFO: [ app_end ] --START--
INFO: Run Behavior\ShowPageTraceBehavior [ RunTime:0.000000s ]
INFO: [ app_end ] --END-- [ RunTime:0.000000s ]

[ 2017-04-05T09:20:09+08:00 ] 127.0.0.1 /index.php/Admin/Public/logout.html
INFO: [ app_init ] --START--
INFO: Run Behavior\BuildLiteBehavior [ RunTime:0.000000s ]
INFO: [ app_init ] --END-- [ RunTime:0.000000s ]
INFO: [ app_begin ] --START--
INFO: Run Behavior\ReadHtmlCacheBehavior [ RunTime:0.001000s ]
INFO: [ app_begin ] --END-- [ RunTime:0.001000s ]

[ 2017-04-05T09:20:09+08:00 ] 127.0.0.1 /index.php/Admin/Public/login.html
INFO: [ app_init ] --START--
INFO: Run Behavior\BuildLiteBehavior [ RunTime:0.000000s ]
INFO: [ app_init ] --END-- [ RunTime:0.000000s ]
INFO: [ app_begin ] --START--
INFO: Run Behavior\ReadHtmlCacheBehavior [ RunTime:0.000000s ]
INFO: [ app_begin ] --END-- [ RunTime:0.000000s ]
SQL: SHOW COLUMNS FROM `dxyh_admin` [ RunTime:0.0120s ]
INFO: [ view_parse ] --START--
INFO: [ template_filter ] --START--
INFO: Run Behavior\ContentReplaceBehavior [ RunTime:0.000000s ]
INFO: [ template_filter ] --END-- [ RunTime:0.000000s ]
INFO: Run Behavior\ParseTemplateBehavior [ RunTime:0.005000s ]
INFO: [ view_parse ] --END-- [ RunTime:0.005000s ]
INFO: [ view_filter ] --START--
INFO: Run Behavior\WriteHtmlCacheBehavior [ RunTime:0.000000s ]
INFO: [ view_filter ] --END-- [ RunTime:0.000000s ]
INFO: [ app_end ] --START--
INFO: Run Behavior\ShowPageTraceBehavior [ RunTime:0.000000s ]
INFO: [ app_end ] --END-- [ RunTime:0.000000s ]

[ 2017-04-05T09:20:13+08:00 ] 127.0.0.1 /index.php/Admin/Public/login.html
INFO: [ app_init ] --START--
INFO: Run Behavior\BuildLiteBehavior [ RunTime:0.000000s ]
INFO: [ app_init ] --END-- [ RunTime:0.000000s ]
INFO: [ app_begin ] --START--
INFO: Run Behavior\ReadHtmlCacheBehavior [ RunTime:0.001000s ]
INFO: [ app_begin ] --END-- [ RunTime:0.001000s ]
SQL: SHOW COLUMNS FROM `dxyh_admin` [ RunTime:0.0120s ]
SQL: SELECT * FROM `dxyh_admin` WHERE `aname` = 'root' LIMIT 1   [ RunTime:0.0120s ]

[ 2017-04-05T09:20:14+08:00 ] 127.0.0.1 /index.php/Admin/Index/index.html
INFO: [ app_init ] --START--
INFO: Run Behavior\BuildLiteBehavior [ RunTime:0.000000s ]
INFO: [ app_init ] --END-- [ RunTime:0.000000s ]
INFO: [ app_begin ] --START--
INFO: Run Behavior\ReadHtmlCacheBehavior [ RunTime:0.000000s ]
INFO: [ app_begin ] --END-- [ RunTime:0.000000s ]
INFO: [ view_parse ] --START--
INFO: [ template_filter ] --START--
INFO: Run Behavior\ContentReplaceBehavior [ RunTime:0.000000s ]
INFO: [ template_filter ] --END-- [ RunTime:0.000000s ]
INFO: Run Behavior\ParseTemplateBehavior [ RunTime:0.012001s ]
INFO: [ view_parse ] --END-- [ RunTime:0.012001s ]
INFO: [ view_filter ] --START--
INFO: Run Behavior\WriteHtmlCacheBehavior [ RunTime:0.001000s ]
INFO: [ view_filter ] --END-- [ RunTime:0.001000s ]
INFO: [ app_end ] --START--
INFO: Run Behavior\ShowPageTraceBehavior [ RunTime:0.000000s ]
INFO: [ app_end ] --END-- [ RunTime:0.000000s ]

[ 2017-04-05T10:19:54+08:00 ] 127.0.0.1 /index.php/Admin/Index/index.html
INFO: [ app_init ] --START--
INFO: Run Behavior\BuildLiteBehavior [ RunTime:0.000000s ]
INFO: [ app_init ] --END-- [ RunTime:0.001000s ]
INFO: [ app_begin ] --START--
INFO: Run Behavior\ReadHtmlCacheBehavior [ RunTime:0.000000s ]
INFO: [ app_begin ] --END-- [ RunTime:0.000000s ]
INFO: [ view_parse ] --START--
INFO: [ template_filter ] --START--
INFO: Run Behavior\ContentReplaceBehavior [ RunTime:0.000000s ]
INFO: [ template_filter ] --END-- [ RunTime:0.000000s ]
INFO: Run Behavior\ParseTemplateBehavior [ RunTime:0.018001s ]
INFO: [ view_parse ] --END-- [ RunTime:0.018001s ]
INFO: [ view_filter ] --START--
INFO: Run Behavior\WriteHtmlCacheBehavior [ RunTime:0.000000s ]
INFO: [ view_filter ] --END-- [ RunTime:0.000000s ]
NOTIC: [2] Cannot modify header information - headers already sent by (output started at D:\WWW\daxiaoyihu\Application\Admin\Controller\IndexController.class.php:167) D:\WWW\daxiaoyihu\ThinkPHP\Library\Think\View.class.php 第 91 行.
NOTIC: [2] Cannot modify header information - headers already sent by (output started at D:\WWW\daxiaoyihu\Application\Admin\Controller\IndexController.class.php:167) D:\WWW\daxiaoyihu\ThinkPHP\Library\Think\View.class.php 第 92 行.
NOTIC: [2] Cannot modify header information - headers already sent by (output started at D:\WWW\daxiaoyihu\Application\Admin\Controller\IndexController.class.php:167) D:\WWW\daxiaoyihu\ThinkPHP\Library\Think\View.class.php 第 93 行.
INFO: [ app_end ] --START--
INFO: Run Behavior\ShowPageTraceBehavior [ RunTime:0.000000s ]
INFO: [ app_end ] --END-- [ RunTime:0.000000s ]

[ 2017-04-05T10:20:22+08:00 ] 127.0.0.1 /index.php/Admin/Index/index.html
INFO: [ app_init ] --START--
INFO: Run Behavior\BuildLiteBehavior [ RunTime:0.000000s ]
INFO: [ app_init ] --END-- [ RunTime:0.000000s ]
INFO: [ app_begin ] --START--
INFO: Run Behavior\ReadHtmlCacheBehavior [ RunTime:0.001000s ]
INFO: [ app_begin ] --END-- [ RunTime:0.001000s ]
INFO: [ view_parse ] --START--
INFO: [ template_filter ] --START--
INFO: Run Behavior\ContentReplaceBehavior [ RunTime:0.000000s ]
INFO: [ template_filter ] --END-- [ RunTime:0.000000s ]
INFO: Run Behavior\ParseTemplateBehavior [ RunTime:0.016001s ]
INFO: [ view_parse ] --END-- [ RunTime:0.016001s ]
INFO: [ view_filter ] --START--
INFO: Run Behavior\WriteHtmlCacheBehavior [ RunTime:0.001000s ]
INFO: [ view_filter ] --END-- [ RunTime:0.001000s ]
NOTIC: [2] Cannot modify header information - headers already sent by (output started at D:\WWW\daxiaoyihu\Application\Admin\Controller\IndexController.class.php:167) D:\WWW\daxiaoyihu\ThinkPHP\Library\Think\View.class.php 第 91 行.
NOTIC: [2] Cannot modify header information - headers already sent by (output started at D:\WWW\daxiaoyihu\Application\Admin\Controller\IndexController.class.php:167) D:\WWW\daxiaoyihu\ThinkPHP\Library\Think\View.class.php 第 92 行.
NOTIC: [2] Cannot modify header information - headers already sent by (output started at D:\WWW\daxiaoyihu\Application\Admin\Controller\IndexController.class.php:167) D:\WWW\daxiaoyihu\ThinkPHP\Library\Think\View.class.php 第 93 行.
INFO: [ app_end ] --START--
INFO: Run Behavior\ShowPageTraceBehavior [ RunTime:0.000000s ]
INFO: [ app_end ] --END-- [ RunTime:0.000000s ]

[ 2017-04-05T10:20:51+08:00 ] 127.0.0.1 /index.php/Admin/Index/index.html
INFO: [ app_init ] --START--
INFO: Run Behavior\BuildLiteBehavior [ RunTime:0.000000s ]
INFO: [ app_init ] --END-- [ RunTime:0.000000s ]
INFO: [ app_begin ] --START--
INFO: Run Behavior\ReadHtmlCacheBehavior [ RunTime:0.001000s ]
INFO: [ app_begin ] --END-- [ RunTime:0.001000s ]
INFO: [ view_parse ] --START--
INFO: [ template_filter ] --START--
INFO: Run Behavior\ContentReplaceBehavior [ RunTime:0.000000s ]
INFO: [ template_filter ] --END-- [ RunTime:0.000000s ]
INFO: Run Behavior\ParseTemplateBehavior [ RunTime:0.010001s ]
INFO: [ view_parse ] --END-- [ RunTime:0.010001s ]
INFO: [ view_filter ] --START--
INFO: Run Behavior\WriteHtmlCacheBehavior [ RunTime:0.001000s ]
INFO: [ view_filter ] --END-- [ RunTime:0.001000s ]
INFO: [ app_end ] --START--
INFO: Run Behavior\ShowPageTraceBehavior [ RunTime:0.000000s ]
INFO: [ app_end ] --END-- [ RunTime:0.000000s ]

[ 2017-04-05T10:57:14+08:00 ] 127.0.0.1 /index.php/Admin/System/website_image.html
INFO: [ app_init ] --START--
INFO: Run Behavior\BuildLiteBehavior [ RunTime:0.000000s ]
INFO: [ app_init ] --END-- [ RunTime:0.001000s ]
INFO: [ app_begin ] --START--
INFO: Run Behavior\ReadHtmlCacheBehavior [ RunTime:0.000000s ]
INFO: [ app_begin ] --END-- [ RunTime:0.000000s ]
SQL: SHOW COLUMNS FROM `dxyh_auth_group_access` [ RunTime:0.0220s ]
SQL: SELECT `aid`,`group_id`,`title`,`rules` FROM dxyh_auth_group_access a INNER JOIN dxyh_auth_group g on a.group_id=g.id  WHERE ( a.aid='1' and g.status='1' )  [ RunTime:0.2560s ]
SQL: SHOW COLUMNS FROM `dxyh_auth_rule` [ RunTime:0.0150s ]
SQL: SELECT `condition`,`name` FROM `dxyh_auth_rule` WHERE `id` IN ('19','20','21','22','23','24','25','26','27','28','29','30','31','32','33','34','43','44','45','39','40','41','42','35','36','37','38','1','6','7','8','2','3','4','5','9','10','11','12','13','14','15','16','17','18') AND `type` = 1 AND `status` = 1  [ RunTime:0.0140s ]
SQL: SHOW COLUMNS FROM `dxyh_website_image` [ RunTime:0.0140s ]
SQL: SELECT COUNT(*) AS tp_count FROM `dxyh_website_image` LIMIT 1   [ RunTime:0.0110s ]
SQL: SELECT * FROM `dxyh_website_image` LIMIT 0,2   [ RunTime:0.0230s ]
NOTIC: [8] Undefined index: typeId D:\WWW\daxiaoyihu\Application\Admin\Controller\SystemController.class.php 第 218 行.
INFO: [ view_parse ] --START--
INFO: [ template_filter ] --START--
INFO: Run Behavior\ContentReplaceBehavior [ RunTime:0.000000s ]
INFO: [ template_filter ] --END-- [ RunTime:0.000000s ]
INFO: Run Behavior\ParseTemplateBehavior [ RunTime:0.044002s ]
INFO: [ view_parse ] --END-- [ RunTime:0.044002s ]
INFO: [ view_filter ] --START--
INFO: Run Behavior\WriteHtmlCacheBehavior [ RunTime:0.001000s ]
INFO: [ view_filter ] --END-- [ RunTime:0.001000s ]
INFO: [ app_end ] --START--
INFO: Run Behavior\ShowPageTraceBehavior [ RunTime:0.000000s ]
INFO: [ app_end ] --END-- [ RunTime:0.000000s ]

[ 2017-04-05T10:57:14+08:00 ] 127.0.0.1 /index.php/Admin/System/website_image.html
INFO: [ app_init ] --START--
INFO: Run Behavior\BuildLiteBehavior [ RunTime:0.000000s ]
INFO: [ app_init ] --END-- [ RunTime:0.001000s ]
INFO: [ app_begin ] --START--
INFO: Run Behavior\ReadHtmlCacheBehavior [ RunTime:0.000000s ]
INFO: [ app_begin ] --END-- [ RunTime:0.000000s ]
SQL: SHOW COLUMNS FROM `dxyh_auth_group_access` [ RunTime:0.0200s ]
SQL: SELECT `aid`,`group_id`,`title`,`rules` FROM dxyh_auth_group_access a INNER JOIN dxyh_auth_group g on a.group_id=g.id  WHERE ( a.aid='1' and g.status='1' )  [ RunTime:0.0130s ]
SQL: SHOW COLUMNS FROM `dxyh_auth_rule` [ RunTime:0.0150s ]
SQL: SELECT `condition`,`name` FROM `dxyh_auth_rule` WHERE `id` IN ('19','20','21','22','23','24','25','26','27','28','29','30','31','32','33','34','43','44','45','39','40','41','42','35','36','37','38','1','6','7','8','2','3','4','5','9','10','11','12','13','14','15','16','17','18') AND `type` = 1 AND `status` = 1  [ RunTime:0.0150s ]
SQL: SHOW COLUMNS FROM `dxyh_website_image` [ RunTime:0.0420s ]
SQL: SELECT COUNT(*) AS tp_count FROM `dxyh_website_image` LIMIT 1   [ RunTime:0.0170s ]
SQL: SELECT * FROM `dxyh_website_image` LIMIT 0,2   [ RunTime:0.0330s ]
NOTIC: [8] Undefined index: typeId D:\WWW\daxiaoyihu\Application\Admin\Controller\SystemController.class.php 第 218 行.
INFO: [ view_parse ] --START--
INFO: [ template_filter ] --START--
INFO: Run Behavior\ContentReplaceBehavior [ RunTime:0.000000s ]
INFO: [ template_filter ] --END-- [ RunTime:0.000000s ]
INFO: Run Behavior\ParseTemplateBehavior [ RunTime:0.011001s ]
INFO: [ view_parse ] --END-- [ RunTime:0.011001s ]
INFO: [ view_filter ] --START--
INFO: Run Behavior\WriteHtmlCacheBehavior [ RunTime:0.000000s ]
INFO: [ view_filter ] --END-- [ RunTime:0.000000s ]
INFO: [ app_end ] --START--
INFO: Run Behavior\ShowPageTraceBehavior [ RunTime:0.000000s ]
INFO: [ app_end ] --END-- [ RunTime:0.000000s ]

[ 2017-04-05T10:57:25+08:00 ] 127.0.0.1 /index.php/Admin/System/website_image.html
INFO: [ app_init ] --START--
INFO: Run Behavior\BuildLiteBehavior [ RunTime:0.000000s ]
INFO: [ app_init ] --END-- [ RunTime:0.000000s ]
INFO: [ app_begin ] --START--
INFO: Run Behavior\ReadHtmlCacheBehavior [ RunTime:0.000000s ]
INFO: [ app_begin ] --END-- [ RunTime:0.000000s ]
SQL: SHOW COLUMNS FROM `dxyh_auth_group_access` [ RunTime:0.0140s ]
SQL: SELECT `aid`,`group_id`,`title`,`rules` FROM dxyh_auth_group_access a INNER JOIN dxyh_auth_group g on a.group_id=g.id  WHERE ( a.aid='1' and g.status='1' )  [ RunTime:0.0260s ]
SQL: SHOW COLUMNS FROM `dxyh_auth_rule` [ RunTime:0.0110s ]
SQL: SELECT `condition`,`name` FROM `dxyh_auth_rule` WHERE `id` IN ('19','20','21','22','23','24','25','26','27','28','29','30','31','32','33','34','43','44','45','39','40','41','42','35','36','37','38','1','6','7','8','2','3','4','5','9','10','11','12','13','14','15','16','17','18') AND `type` = 1 AND `status` = 1  [ RunTime:0.0110s ]
SQL: SHOW COLUMNS FROM `dxyh_website_image` [ RunTime:0.0130s ]
SQL: SELECT COUNT(*) AS tp_count FROM `dxyh_website_image` LIMIT 1   [ RunTime:0.0160s ]
SQL: SELECT * FROM `dxyh_website_image` LIMIT 0,2   [ RunTime:0.0280s ]
NOTIC: [8] Undefined index: typeId D:\WWW\daxiaoyihu\Application\Admin\Controller\SystemController.class.php 第 218 行.
INFO: [ view_parse ] --START--
INFO: [ template_filter ] --START--
INFO: Run Behavior\ContentReplaceBehavior [ RunTime:0.000000s ]
INFO: [ template_filter ] --END-- [ RunTime:0.000000s ]
INFO: Run Behavior\ParseTemplateBehavior [ RunTime:0.037002s ]
INFO: [ view_parse ] --END-- [ RunTime:0.037002s ]
INFO: [ view_filter ] --START--
INFO: Run Behavior\WriteHtmlCacheBehavior [ RunTime:0.000000s ]
INFO: [ view_filter ] --END-- [ RunTime:0.000000s ]
INFO: [ app_end ] --START--
INFO: Run Behavior\ShowPageTraceBehavior [ RunTime:0.000000s ]
INFO: [ app_end ] --END-- [ RunTime:0.000000s ]

[ 2017-04-05T10:57:26+08:00 ] 127.0.0.1 /index.php/Admin/System/website_add.html
INFO: [ app_init ] --START--
INFO: Run Behavior\BuildLiteBehavior [ RunTime:0.000000s ]
INFO: [ app_init ] --END-- [ RunTime:0.000000s ]
INFO: [ app_begin ] --START--
INFO: Run Behavior\ReadHtmlCacheBehavior [ RunTime:0.000000s ]
INFO: [ app_begin ] --END-- [ RunTime:0.000000s ]
SQL: SHOW COLUMNS FROM `dxyh_auth_group_access` [ RunTime:0.0120s ]
SQL: SELECT `aid`,`group_id`,`title`,`rules` FROM dxyh_auth_group_access a INNER JOIN dxyh_auth_group g on a.group_id=g.id  WHERE ( a.aid='1' and g.status='1' )  [ RunTime:0.0150s ]
SQL: SHOW COLUMNS FROM `dxyh_auth_rule` [ RunTime:0.0200s ]
SQL: SELECT `condition`,`name` FROM `dxyh_auth_rule` WHERE `id` IN ('19','20','21','22','23','24','25','26','27','28','29','30','31','32','33','34','43','44','45','39','40','41','42','35','36','37','38','1','6','7','8','2','3','4','5','9','10','11','12','13','14','15','16','17','18') AND `type` = 1 AND `status` = 1  [ RunTime:0.2240s ]
SQL: SHOW COLUMNS FROM `dxyh_website_image` [ RunTime:0.0160s ]
INFO: [ view_parse ] --START--
INFO: [ template_filter ] --START--
INFO: Run Behavior\ContentReplaceBehavior [ RunTime:0.000000s ]
INFO: [ template_filter ] --END-- [ RunTime:0.000000s ]
NOTIC: [8] Undefined variable: rows D:\WWW\daxiaoyihu\Application\Runtime\Cache\Admin\731114768b2c836efaa07dc7aecb637b.php 第 356 行.
NOTIC: [8] Undefined variable: rows D:\WWW\daxiaoyihu\Application\Runtime\Cache\Admin\731114768b2c836efaa07dc7aecb637b.php 第 362 行.
NOTIC: [8] Undefined variable: rows D:\WWW\daxiaoyihu\Application\Runtime\Cache\Admin\731114768b2c836efaa07dc7aecb637b.php 第 363 行.
NOTIC: [8] Undefined variable: rows D:\WWW\daxiaoyihu\Application\Runtime\Cache\Admin\731114768b2c836efaa07dc7aecb637b.php 第 375 行.
NOTIC: [8] Undefined variable: rows D:\WWW\daxiaoyihu\Application\Runtime\Cache\Admin\731114768b2c836efaa07dc7aecb637b.php 第 388 行.
NOTIC: [8] Undefined variable: rows D:\WWW\daxiaoyihu\Application\Runtime\Cache\Admin\731114768b2c836efaa07dc7aecb637b.php 第 397 行.
NOTIC: [8] Undefined variable: rows D:\WWW\daxiaoyihu\Application\Runtime\Cache\Admin\731114768b2c836efaa07dc7aecb637b.php 第 406 行.
NOTIC: [8] Undefined variable: rows D:\WWW\daxiaoyihu\Application\Runtime\Cache\Admin\731114768b2c836efaa07dc7aecb637b.php 第 407 行.
INFO: Run Behavior\ParseTemplateBehavior [ RunTime:0.013000s ]
INFO: [ view_parse ] --END-- [ RunTime:0.013000s ]
INFO: [ view_filter ] --START--
INFO: Run Behavior\WriteHtmlCacheBehavior [ RunTime:0.000000s ]
INFO: [ view_filter ] --END-- [ RunTime:0.000000s ]
INFO: [ app_end ] --START--
INFO: Run Behavior\ShowPageTraceBehavior [ RunTime:0.001000s ]
INFO: [ app_end ] --END-- [ RunTime:0.001000s ]

[ 2017-04-05T10:57:48+08:00 ] 127.0.0.1 /index.php/Admin/System/website_add.html
INFO: [ app_init ] --START--
INFO: Run Behavior\BuildLiteBehavior [ RunTime:0.000000s ]
INFO: [ app_init ] --END-- [ RunTime:0.000000s ]
INFO: [ app_begin ] --START--
INFO: Run Behavior\ReadHtmlCacheBehavior [ RunTime:0.000000s ]
INFO: [ app_begin ] --END-- [ RunTime:0.000000s ]
SQL: SHOW COLUMNS FROM `dxyh_auth_group_access` [ RunTime:0.0150s ]
SQL: SELECT `aid`,`group_id`,`title`,`rules` FROM dxyh_auth_group_access a INNER JOIN dxyh_auth_group g on a.group_id=g.id  WHERE ( a.aid='1' and g.status='1' )  [ RunTime:0.0140s ]
SQL: SHOW COLUMNS FROM `dxyh_auth_rule` [ RunTime:0.0190s ]
SQL: SELECT `condition`,`name` FROM `dxyh_auth_rule` WHERE `id` IN ('19','20','21','22','23','24','25','26','27','28','29','30','31','32','33','34','43','44','45','39','40','41','42','35','36','37','38','1','6','7','8','2','3','4','5','9','10','11','12','13','14','15','16','17','18') AND `type` = 1 AND `status` = 1  [ RunTime:0.0170s ]
SQL: SHOW COLUMNS FROM `dxyh_website_image` [ RunTime:0.0200s ]
SQL: INSERT INTO `dxyh_website_image` (`type`,`image`,`img_link`,`sort`,`status`) VALUES ('1','/upload/website/20170405/20170405105748179.jpg','','11','0') [ RunTime:0.1340s ]

[ 2017-04-05T10:57:50+08:00 ] 127.0.0.1 /index.php/Admin/System/website_image.html
INFO: [ app_init ] --START--
INFO: Run Behavior\BuildLiteBehavior [ RunTime:0.001000s ]
INFO: [ app_init ] --END-- [ RunTime:0.001000s ]
INFO: [ app_begin ] --START--
INFO: Run Behavior\ReadHtmlCacheBehavior [ RunTime:0.001000s ]
INFO: [ app_begin ] --END-- [ RunTime:0.001000s ]
SQL: SHOW COLUMNS FROM `dxyh_auth_group_access` [ RunTime:0.0110s ]
SQL: SELECT `aid`,`group_id`,`title`,`rules` FROM dxyh_auth_group_access a INNER JOIN dxyh_auth_group g on a.group_id=g.id  WHERE ( a.aid='1' and g.status='1' )  [ RunTime:0.0140s ]
SQL: SHOW COLUMNS FROM `dxyh_auth_rule` [ RunTime:0.0120s ]
SQL: SELECT `condition`,`name` FROM `dxyh_auth_rule` WHERE `id` IN ('19','20','21','22','23','24','25','26','27','28','29','30','31','32','33','34','43','44','45','39','40','41','42','35','36','37','38','1','6','7','8','2','3','4','5','9','10','11','12','13','14','15','16','17','18') AND `type` = 1 AND `status` = 1  [ RunTime:0.0160s ]
SQL: SHOW COLUMNS FROM `dxyh_website_image` [ RunTime:0.0150s ]
SQL: SELECT COUNT(*) AS tp_count FROM `dxyh_website_image` LIMIT 1   [ RunTime:0.0260s ]
SQL: SELECT * FROM `dxyh_website_image` LIMIT 0,2   [ RunTime:0.0310s ]
NOTIC: [8] Undefined index: typeId D:\WWW\daxiaoyihu\Application\Admin\Controller\SystemController.class.php 第 218 行.
INFO: [ view_parse ] --START--
INFO: [ template_filter ] --START--
INFO: Run Behavior\ContentReplaceBehavior [ RunTime:0.000000s ]
INFO: [ template_filter ] --END-- [ RunTime:0.001000s ]
INFO: Run Behavior\ParseTemplateBehavior [ RunTime:0.030001s ]
INFO: [ view_parse ] --END-- [ RunTime:0.030001s ]
INFO: [ view_filter ] --START--
INFO: Run Behavior\WriteHtmlCacheBehavior [ RunTime:0.000000s ]
INFO: [ view_filter ] --END-- [ RunTime:0.000000s ]
INFO: [ app_end ] --START--
INFO: Run Behavior\ShowPageTraceBehavior [ RunTime:0.001000s ]
INFO: [ app_end ] --END-- [ RunTime:0.001000s ]

[ 2017-04-05T10:57:53+08:00 ] 127.0.0.1 /index.php/Admin/System/website_image/p/4.html
INFO: [ app_init ] --START--
INFO: Run Behavior\BuildLiteBehavior [ RunTime:0.000000s ]
INFO: [ app_init ] --END-- [ RunTime:0.001000s ]
INFO: [ app_begin ] --START--
INFO: Run Behavior\ReadHtmlCacheBehavior [ RunTime:0.000000s ]
INFO: [ app_begin ] --END-- [ RunTime:0.000000s ]
SQL: SHOW COLUMNS FROM `dxyh_auth_group_access` [ RunTime:0.0210s ]
SQL: SELECT `aid`,`group_id`,`title`,`rules` FROM dxyh_auth_group_access a INNER JOIN dxyh_auth_group g on a.group_id=g.id  WHERE ( a.aid='1' and g.status='1' )  [ RunTime:0.0140s ]
SQL: SHOW COLUMNS FROM `dxyh_auth_rule` [ RunTime:0.0210s ]
SQL: SELECT `condition`,`name` FROM `dxyh_auth_rule` WHERE `id` IN ('19','20','21','22','23','24','25','26','27','28','29','30','31','32','33','34','43','44','45','39','40','41','42','35','36','37','38','1','6','7','8','2','3','4','5','9','10','11','12','13','14','15','16','17','18') AND `type` = 1 AND `status` = 1  [ RunTime:0.0130s ]
SQL: SHOW COLUMNS FROM `dxyh_website_image` [ RunTime:0.0130s ]
SQL: SELECT COUNT(*) AS tp_count FROM `dxyh_website_image` LIMIT 1   [ RunTime:0.0140s ]
SQL: SELECT * FROM `dxyh_website_image` LIMIT 6,2   [ RunTime:0.0140s ]
NOTIC: [8] Undefined index: typeId D:\WWW\daxiaoyihu\Application\Admin\Controller\SystemController.class.php 第 218 行.
INFO: [ view_parse ] --START--
INFO: [ template_filter ] --START--
INFO: Run Behavior\ContentReplaceBehavior [ RunTime:0.000000s ]
INFO: [ template_filter ] --END-- [ RunTime:0.000000s ]
INFO: Run Behavior\ParseTemplateBehavior [ RunTime:0.023002s ]
INFO: [ view_parse ] --END-- [ RunTime:0.024002s ]
INFO: [ view_filter ] --START--
INFO: Run Behavior\WriteHtmlCacheBehavior [ RunTime:0.000000s ]
INFO: [ view_filter ] --END-- [ RunTime:0.000000s ]
INFO: [ app_end ] --START--
INFO: Run Behavior\ShowPageTraceBehavior [ RunTime:0.000000s ]
INFO: [ app_end ] --END-- [ RunTime:0.000000s ]

[ 2017-04-05T10:57:55+08:00 ] 127.0.0.1 /index.php/Admin/System/website_image/p/1.html
INFO: [ app_init ] --START--
INFO: Run Behavior\BuildLiteBehavior [ RunTime:0.001000s ]
INFO: [ app_init ] --END-- [ RunTime:0.001000s ]
INFO: [ app_begin ] --START--
INFO: Run Behavior\ReadHtmlCacheBehavior [ RunTime:0.000000s ]
INFO: [ app_begin ] --END-- [ RunTime:0.000000s ]
SQL: SHOW COLUMNS FROM `dxyh_auth_group_access` [ RunTime:0.0200s ]
SQL: SELECT `aid`,`group_id`,`title`,`rules` FROM dxyh_auth_group_access a INNER JOIN dxyh_auth_group g on a.group_id=g.id  WHERE ( a.aid='1' and g.status='1' )  [ RunTime:0.0140s ]
SQL: SHOW COLUMNS FROM `dxyh_auth_rule` [ RunTime:0.0150s ]
SQL: SELECT `condition`,`name` FROM `dxyh_auth_rule` WHERE `id` IN ('19','20','21','22','23','24','25','26','27','28','29','30','31','32','33','34','43','44','45','39','40','41','42','35','36','37','38','1','6','7','8','2','3','4','5','9','10','11','12','13','14','15','16','17','18') AND `type` = 1 AND `status` = 1  [ RunTime:0.0110s ]
SQL: SHOW COLUMNS FROM `dxyh_website_image` [ RunTime:0.0240s ]
SQL: SELECT COUNT(*) AS tp_count FROM `dxyh_website_image` LIMIT 1   [ RunTime:0.0110s ]
SQL: SELECT * FROM `dxyh_website_image` LIMIT 0,2   [ RunTime:0.0140s ]
NOTIC: [8] Undefined index: typeId D:\WWW\daxiaoyihu\Application\Admin\Controller\SystemController.class.php 第 218 行.
INFO: [ view_parse ] --START--
INFO: [ template_filter ] --START--
INFO: Run Behavior\ContentReplaceBehavior [ RunTime:0.001000s ]
INFO: [ template_filter ] --END-- [ RunTime:0.001000s ]
INFO: Run Behavior\ParseTemplateBehavior [ RunTime:0.032001s ]
INFO: [ view_parse ] --END-- [ RunTime:0.032001s ]
INFO: [ view_filter ] --START--
INFO: Run Behavior\WriteHtmlCacheBehavior [ RunTime:0.001000s ]
INFO: [ view_filter ] --END-- [ RunTime:0.001000s ]
INFO: [ app_end ] --START--
INFO: Run Behavior\ShowPageTraceBehavior [ RunTime:0.001000s ]
INFO: [ app_end ] --END-- [ RunTime:0.001000s ]

[ 2017-04-05T10:58:20+08:00 ] 127.0.0.1 /index.php/Admin/Activity/activityType.html
INFO: [ app_init ] --START--
INFO: Run Behavior\BuildLiteBehavior [ RunTime:0.000000s ]
INFO: [ app_init ] --END-- [ RunTime:0.001000s ]
INFO: [ app_begin ] --START--
INFO: Run Behavior\ReadHtmlCacheBehavior [ RunTime:0.001000s ]
INFO: [ app_begin ] --END-- [ RunTime:0.001000s ]
SQL: SHOW COLUMNS FROM `dxyh_auth_group_access` [ RunTime:0.0690s ]
SQL: SELECT `aid`,`group_id`,`title`,`rules` FROM dxyh_auth_group_access a INNER JOIN dxyh_auth_group g on a.group_id=g.id  WHERE ( a.aid='1' and g.status='1' )  [ RunTime:0.6790s ]
SQL: SHOW COLUMNS FROM `dxyh_auth_rule` [ RunTime:0.0140s ]
SQL: SELECT `condition`,`name` FROM `dxyh_auth_rule` WHERE `id` IN ('19','20','21','22','23','24','25','26','27','28','29','30','31','32','33','34','43','44','45','39','40','41','42','35','36','37','38','1','6','7','8','2','3','4','5','9','10','11','12','13','14','15','16','17','18') AND `type` = 1 AND `status` = 1  [ RunTime:0.0120s ]
SQL: SHOW COLUMNS FROM `dxyh_activity_type` [ RunTime:0.0120s ]
SQL: SELECT COUNT(*) AS tp_count FROM `dxyh_activity_type` LIMIT 1   [ RunTime:0.0100s ]
SQL: SELECT * FROM `dxyh_activity_type` LIMIT 0,2   [ RunTime:0.0100s ]
NOTIC: [8] Undefined index: keyword D:\WWW\daxiaoyihu\Application\Admin\Controller\ActivityController.class.php 第 73 行.
INFO: [ view_parse ] --START--
INFO: [ template_filter ] --START--
INFO: Run Behavior\ContentReplaceBehavior [ RunTime:0.000000s ]
INFO: [ template_filter ] --END-- [ RunTime:0.000000s ]
INFO: Run Behavior\ParseTemplateBehavior [ RunTime:0.016001s ]
INFO: [ view_parse ] --END-- [ RunTime:0.016001s ]
INFO: [ view_filter ] --START--
INFO: Run Behavior\WriteHtmlCacheBehavior [ RunTime:0.000000s ]
INFO: [ view_filter ] --END-- [ RunTime:0.000000s ]
INFO: [ app_end ] --START--
INFO: Run Behavior\ShowPageTraceBehavior [ RunTime:0.001000s ]
INFO: [ app_end ] --END-- [ RunTime:0.001000s ]

[ 2017-04-05T10:58:20+08:00 ] 127.0.0.1 /index.php/Admin/Activity/activityType.html
INFO: [ app_init ] --START--
INFO: Run Behavior\BuildLiteBehavior [ RunTime:0.000000s ]
INFO: [ app_init ] --END-- [ RunTime:0.001000s ]
INFO: [ app_begin ] --START--
INFO: Run Behavior\ReadHtmlCacheBehavior [ RunTime:0.001000s ]
INFO: [ app_begin ] --END-- [ RunTime:0.001000s ]
SQL: SHOW COLUMNS FROM `dxyh_auth_group_access` [ RunTime:0.0170s ]
SQL: SELECT `aid`,`group_id`,`title`,`rules` FROM dxyh_auth_group_access a INNER JOIN dxyh_auth_group g on a.group_id=g.id  WHERE ( a.aid='1' and g.status='1' )  [ RunTime:0.0110s ]
SQL: SHOW COLUMNS FROM `dxyh_auth_rule` [ RunTime:0.0210s ]
SQL: SELECT `condition`,`name` FROM `dxyh_auth_rule` WHERE `id` IN ('19','20','21','22','23','24','25','26','27','28','29','30','31','32','33','34','43','44','45','39','40','41','42','35','36','37','38','1','6','7','8','2','3','4','5','9','10','11','12','13','14','15','16','17','18') AND `type` = 1 AND `status` = 1  [ RunTime:0.0120s ]
SQL: SHOW COLUMNS FROM `dxyh_activity_type` [ RunTime:0.0150s ]
SQL: SELECT COUNT(*) AS tp_count FROM `dxyh_activity_type` LIMIT 1   [ RunTime:0.0140s ]
SQL: SELECT * FROM `dxyh_activity_type` LIMIT 0,2   [ RunTime:0.0180s ]
NOTIC: [8] Undefined index: keyword D:\WWW\daxiaoyihu\Application\Admin\Controller\ActivityController.class.php 第 73 行.
INFO: [ view_parse ] --START--
INFO: [ template_filter ] --START--
INFO: Run Behavior\ContentReplaceBehavior [ RunTime:0.000000s ]
INFO: [ template_filter ] --END-- [ RunTime:0.000000s ]
INFO: Run Behavior\ParseTemplateBehavior [ RunTime:0.025002s ]
INFO: [ view_parse ] --END-- [ RunTime:0.025002s ]
INFO: [ view_filter ] --START--
INFO: Run Behavior\WriteHtmlCacheBehavior [ RunTime:0.000000s ]
INFO: [ view_filter ] --END-- [ RunTime:0.000000s ]
INFO: [ app_end ] --START--
INFO: Run Behavior\ShowPageTraceBehavior [ RunTime:0.000000s ]
INFO: [ app_end ] --END-- [ RunTime:0.000000s ]

[ 2017-04-05T10:58:23+08:00 ] 127.0.0.1 /index.php/Admin/Activity/activityType_add.html
INFO: [ app_init ] --START--
INFO: Run Behavior\BuildLiteBehavior [ RunTime:0.000000s ]
INFO: [ app_init ] --END-- [ RunTime:0.000000s ]
INFO: [ app_begin ] --START--
INFO: Run Behavior\ReadHtmlCacheBehavior [ RunTime:0.001000s ]
INFO: [ app_begin ] --END-- [ RunTime:0.001000s ]
SQL: SHOW COLUMNS FROM `dxyh_auth_group_access` [ RunTime:0.0190s ]
SQL: SELECT `aid`,`group_id`,`title`,`rules` FROM dxyh_auth_group_access a INNER JOIN dxyh_auth_group g on a.group_id=g.id  WHERE ( a.aid='1' and g.status='1' )  [ RunTime:0.0400s ]
SQL: SHOW COLUMNS FROM `dxyh_auth_rule` [ RunTime:0.0140s ]
SQL: SELECT `condition`,`name` FROM `dxyh_auth_rule` WHERE `id` IN ('19','20','21','22','23','24','25','26','27','28','29','30','31','32','33','34','43','44','45','39','40','41','42','35','36','37','38','1','6','7','8','2','3','4','5','9','10','11','12','13','14','15','16','17','18') AND `type` = 1 AND `status` = 1  [ RunTime:0.0200s ]
SQL: SHOW COLUMNS FROM `dxyh_activity_type` [ RunTime:0.0250s ]
INFO: [ view_parse ] --START--
INFO: [ template_filter ] --START--
INFO: Run Behavior\ContentReplaceBehavior [ RunTime:0.001000s ]
INFO: [ template_filter ] --END-- [ RunTime:0.001000s ]
NOTIC: [8] Undefined variable: rows D:\WWW\daxiaoyihu\Application\Runtime\Cache\Admin\6c84eacb16c7835b05aa8e74caddffc0.php 第 356 行.
NOTIC: [8] Undefined variable: rows D:\WWW\daxiaoyihu\Application\Runtime\Cache\Admin\6c84eacb16c7835b05aa8e74caddffc0.php 第 360 行.
NOTIC: [8] Undefined variable: rows D:\WWW\daxiaoyihu\Application\Runtime\Cache\Admin\6c84eacb16c7835b05aa8e74caddffc0.php 第 369 行.
INFO: Run Behavior\ParseTemplateBehavior [ RunTime:0.020002s ]
INFO: [ view_parse ] --END-- [ RunTime:0.020002s ]
INFO: [ view_filter ] --START--
INFO: Run Behavior\WriteHtmlCacheBehavior [ RunTime:0.000000s ]
INFO: [ view_filter ] --END-- [ RunTime:0.001000s ]
INFO: [ app_end ] --START--
INFO: Run Behavior\ShowPageTraceBehavior [ RunTime:0.001000s ]
INFO: [ app_end ] --END-- [ RunTime:0.001000s ]

[ 2017-04-05T10:58:32+08:00 ] 127.0.0.1 /index.php/Admin/Activity/index.html
INFO: [ app_init ] --START--
INFO: Run Behavior\BuildLiteBehavior [ RunTime:0.000000s ]
INFO: [ app_init ] --END-- [ RunTime:0.000000s ]
INFO: [ app_begin ] --START--
INFO: Run Behavior\ReadHtmlCacheBehavior [ RunTime:0.001000s ]
INFO: [ app_begin ] --END-- [ RunTime:0.001000s ]
SQL: SHOW COLUMNS FROM `dxyh_auth_group_access` [ RunTime:0.0210s ]
SQL: SELECT `aid`,`group_id`,`title`,`rules` FROM dxyh_auth_group_access a INNER JOIN dxyh_auth_group g on a.group_id=g.id  WHERE ( a.aid='1' and g.status='1' )  [ RunTime:0.0350s ]
SQL: SHOW COLUMNS FROM `dxyh_auth_rule` [ RunTime:0.0170s ]
SQL: SELECT `condition`,`name` FROM `dxyh_auth_rule` WHERE `id` IN ('19','20','21','22','23','24','25','26','27','28','29','30','31','32','33','34','43','44','45','39','40','41','42','35','36','37','38','1','6','7','8','2','3','4','5','9','10','11','12','13','14','15','16','17','18') AND `type` = 1 AND `status` = 1  [ RunTime:0.0240s ]
SQL: SHOW COLUMNS FROM `dxyh_activity` [ RunTime:0.0230s ]
SQL: SELECT COUNT(*) AS tp_count FROM dxyh_activity a INNER JOIN dxyh_activity_type as at ON a.activity_type_id = at.id  LIMIT 1   [ RunTime:0.0270s ]
SQL: SELECT a.id,at.type_name,a.activity_name,a.activity_start_time,a.activity_end_time,a.activity_number,a.activity_integral,a.browse_volume,a.status,a.whether_audit FROM dxyh_activity a INNER JOIN dxyh_activity_type as at ON a.activity_type_id = at.id  LIMIT 0,2   [ RunTime:0.0130s ]
SQL: SHOW COLUMNS FROM `dxyh_activity_type` [ RunTime:0.0250s ]
SQL: SELECT `id`,`type_name` FROM `dxyh_activity_type` LIMIT 0,15   [ RunTime:0.0310s ]
NOTIC: [8] Undefined index: typeId D:\WWW\daxiaoyihu\Application\Admin\Controller\ActivityController.class.php 第 27 行.
NOTIC: [8] Undefined index: keyword D:\WWW\daxiaoyihu\Application\Admin\Controller\ActivityController.class.php 第 28 行.
NOTIC: [8] Undefined index: status D:\WWW\daxiaoyihu\Application\Admin\Controller\ActivityController.class.php 第 29 行.
INFO: [ view_parse ] --START--
INFO: [ template_filter ] --START--
INFO: Run Behavior\ContentReplaceBehavior [ RunTime:0.001000s ]
INFO: [ template_filter ] --END-- [ RunTime:0.001000s ]
INFO: Run Behavior\ParseTemplateBehavior [ RunTime:0.033002s ]
INFO: [ view_parse ] --END-- [ RunTime:0.033002s ]
INFO: [ view_filter ] --START--
INFO: Run Behavior\WriteHtmlCacheBehavior [ RunTime:0.000000s ]
INFO: [ view_filter ] --END-- [ RunTime:0.000000s ]
INFO: [ app_end ] --START--
INFO: Run Behavior\ShowPageTraceBehavior [ RunTime:0.001000s ]
INFO: [ app_end ] --END-- [ RunTime:0.001000s ]

[ 2017-04-05T10:58:38+08:00 ] 127.0.0.1 /index.php/Admin/Activity/index.html
INFO: [ app_init ] --START--
INFO: Run Behavior\BuildLiteBehavior [ RunTime:0.000000s ]
INFO: [ app_init ] --END-- [ RunTime:0.000000s ]
INFO: [ app_begin ] --START--
INFO: Run Behavior\ReadHtmlCacheBehavior [ RunTime:0.001000s ]
INFO: [ app_begin ] --END-- [ RunTime:0.001000s ]
SQL: SHOW COLUMNS FROM `dxyh_auth_group_access` [ RunTime:0.0310s ]
SQL: SELECT `aid`,`group_id`,`title`,`rules` FROM dxyh_auth_group_access a INNER JOIN dxyh_auth_group g on a.group_id=g.id  WHERE ( a.aid='1' and g.status='1' )  [ RunTime:0.0240s ]
SQL: SHOW COLUMNS FROM `dxyh_auth_rule` [ RunTime:0.0560s ]
SQL: SELECT `condition`,`name` FROM `dxyh_auth_rule` WHERE `id` IN ('19','20','21','22','23','24','25','26','27','28','29','30','31','32','33','34','43','44','45','39','40','41','42','35','36','37','38','1','6','7','8','2','3','4','5','9','10','11','12','13','14','15','16','17','18') AND `type` = 1 AND `status` = 1  [ RunTime:0.0340s ]
SQL: SHOW COLUMNS FROM `dxyh_activity` [ RunTime:0.2550s ]
SQL: SELECT COUNT(*) AS tp_count FROM dxyh_activity a INNER JOIN dxyh_activity_type as at ON a.activity_type_id = at.id  LIMIT 1   [ RunTime:0.0210s ]
SQL: SELECT a.id,at.type_name,a.activity_name,a.activity_start_time,a.activity_end_time,a.activity_number,a.activity_integral,a.browse_volume,a.status,a.whether_audit FROM dxyh_activity a INNER JOIN dxyh_activity_type as at ON a.activity_type_id = at.id  LIMIT 0,2   [ RunTime:0.0120s ]
SQL: SHOW COLUMNS FROM `dxyh_activity_type` [ RunTime:0.0120s ]
SQL: SELECT `id`,`type_name` FROM `dxyh_activity_type` LIMIT 0,15   [ RunTime:0.7050s ]
NOTIC: [8] Undefined index: typeId D:\WWW\daxiaoyihu\Application\Admin\Controller\ActivityController.class.php 第 27 行.
NOTIC: [8] Undefined index: keyword D:\WWW\daxiaoyihu\Application\Admin\Controller\ActivityController.class.php 第 28 行.
NOTIC: [8] Undefined index: status D:\WWW\daxiaoyihu\Application\Admin\Controller\ActivityController.class.php 第 29 行.
INFO: [ view_parse ] --START--
INFO: [ template_filter ] --START--
INFO: Run Behavior\ContentReplaceBehavior [ RunTime:0.000000s ]
INFO: [ template_filter ] --END-- [ RunTime:0.000000s ]
INFO: Run Behavior\ParseTemplateBehavior [ RunTime:0.028001s ]
INFO: [ view_parse ] --END-- [ RunTime:0.028001s ]
INFO: [ view_filter ] --START--
INFO: Run Behavior\WriteHtmlCacheBehavior [ RunTime:0.001000s ]
INFO: [ view_filter ] --END-- [ RunTime:0.001000s ]
INFO: [ app_end ] --START--
INFO: Run Behavior\ShowPageTraceBehavior [ RunTime:0.001000s ]
INFO: [ app_end ] --END-- [ RunTime:0.001000s ]

[ 2017-04-05T10:58:38+08:00 ] 127.0.0.1 /index.php/Admin/Activity/index.html
INFO: [ app_init ] --START--
INFO: Run Behavior\BuildLiteBehavior [ RunTime:0.000000s ]
INFO: [ app_init ] --END-- [ RunTime:0.000000s ]
INFO: [ app_begin ] --START--
INFO: Run Behavior\ReadHtmlCacheBehavior [ RunTime:0.000000s ]
INFO: [ app_begin ] --END-- [ RunTime:0.000000s ]
SQL: SHOW COLUMNS FROM `dxyh_auth_group_access` [ RunTime:0.0150s ]
SQL: SELECT `aid`,`group_id`,`title`,`rules` FROM dxyh_auth_group_access a INNER JOIN dxyh_auth_group g on a.group_id=g.id  WHERE ( a.aid='1' and g.status='1' )  [ RunTime:0.2490s ]
SQL: SHOW COLUMNS FROM `dxyh_auth_rule` [ RunTime:0.0220s ]
SQL: SELECT `condition`,`name` FROM `dxyh_auth_rule` WHERE `id` IN ('19','20','21','22','23','24','25','26','27','28','29','30','31','32','33','34','43','44','45','39','40','41','42','35','36','37','38','1','6','7','8','2','3','4','5','9','10','11','12','13','14','15','16','17','18') AND `type` = 1 AND `status` = 1  [ RunTime:0.0110s ]
SQL: SHOW COLUMNS FROM `dxyh_activity` [ RunTime:0.0140s ]
SQL: SELECT COUNT(*) AS tp_count FROM dxyh_activity a INNER JOIN dxyh_activity_type as at ON a.activity_type_id = at.id  LIMIT 1   [ RunTime:0.0410s ]
SQL: SELECT a.id,at.type_name,a.activity_name,a.activity_start_time,a.activity_end_time,a.activity_number,a.activity_integral,a.browse_volume,a.status,a.whether_audit FROM dxyh_activity a INNER JOIN dxyh_activity_type as at ON a.activity_type_id = at.id  LIMIT 0,2   [ RunTime:0.0130s ]
SQL: SHOW COLUMNS FROM `dxyh_activity_type` [ RunTime:0.0180s ]
SQL: SELECT `id`,`type_name` FROM `dxyh_activity_type` LIMIT 0,15   [ RunTime:0.0180s ]
NOTIC: [8] Undefined index: typeId D:\WWW\daxiaoyihu\Application\Admin\Controller\ActivityController.class.php 第 27 行.
NOTIC: [8] Undefined index: keyword D:\WWW\daxiaoyihu\Application\Admin\Controller\ActivityController.class.php 第 28 行.
NOTIC: [8] Undefined index: status D:\WWW\daxiaoyihu\Application\Admin\Controller\ActivityController.class.php 第 29 行.
INFO: [ view_parse ] --START--
INFO: [ template_filter ] --START--
INFO: Run Behavior\ContentReplaceBehavior [ RunTime:0.000000s ]
INFO: [ template_filter ] --END-- [ RunTime:0.000000s ]
INFO: Run Behavior\ParseTemplateBehavior [ RunTime:0.024002s ]
INFO: [ view_parse ] --END-- [ RunTime:0.024002s ]
INFO: [ view_filter ] --START--
INFO: Run Behavior\WriteHtmlCacheBehavior [ RunTime:0.000000s ]
INFO: [ view_filter ] --END-- [ RunTime:0.000000s ]
INFO: [ app_end ] --START--
INFO: Run Behavior\ShowPageTraceBehavior [ RunTime:0.001000s ]
INFO: [ app_end ] --END-- [ RunTime:0.001000s ]

[ 2017-04-05T10:58:40+08:00 ] 127.0.0.1 /index.php/Admin/Activity/index.html
INFO: [ app_init ] --START--
INFO: Run Behavior\BuildLiteBehavior [ RunTime:0.000000s ]
INFO: [ app_init ] --END-- [ RunTime:0.001000s ]
INFO: [ app_begin ] --START--
INFO: Run Behavior\ReadHtmlCacheBehavior [ RunTime:0.001001s ]
INFO: [ app_begin ] --END-- [ RunTime:0.001001s ]
SQL: SHOW COLUMNS FROM `dxyh_auth_group_access` [ RunTime:0.0150s ]
SQL: SELECT `aid`,`group_id`,`title`,`rules` FROM dxyh_auth_group_access a INNER JOIN dxyh_auth_group g on a.group_id=g.id  WHERE ( a.aid='1' and g.status='1' )  [ RunTime:0.0110s ]
SQL: SHOW COLUMNS FROM `dxyh_auth_rule` [ RunTime:0.0120s ]
SQL: SELECT `condition`,`name` FROM `dxyh_auth_rule` WHERE `id` IN ('19','20','21','22','23','24','25','26','27','28','29','30','31','32','33','34','43','44','45','39','40','41','42','35','36','37','38','1','6','7','8','2','3','4','5','9','10','11','12','13','14','15','16','17','18') AND `type` = 1 AND `status` = 1  [ RunTime:0.0120s ]
SQL: SHOW COLUMNS FROM `dxyh_activity` [ RunTime:0.0220s ]
SQL: SELECT COUNT(*) AS tp_count FROM dxyh_activity a INNER JOIN dxyh_activity_type as at ON a.activity_type_id = at.id  LIMIT 1   [ RunTime:0.0120s ]
SQL: SELECT a.id,at.type_name,a.activity_name,a.activity_start_time,a.activity_end_time,a.activity_number,a.activity_integral,a.browse_volume,a.status,a.whether_audit FROM dxyh_activity a INNER JOIN dxyh_activity_type as at ON a.activity_type_id = at.id  LIMIT 0,2   [ RunTime:0.0370s ]
SQL: SHOW COLUMNS FROM `dxyh_activity_type` [ RunTime:0.0430s ]
SQL: SELECT `id`,`type_name` FROM `dxyh_activity_type` LIMIT 0,15   [ RunTime:0.2350s ]
NOTIC: [8] Undefined index: typeId D:\WWW\daxiaoyihu\Application\Admin\Controller\ActivityController.class.php 第 27 行.
NOTIC: [8] Undefined index: keyword D:\WWW\daxiaoyihu\Application\Admin\Controller\ActivityController.class.php 第 28 行.
NOTIC: [8] Undefined index: status D:\WWW\daxiaoyihu\Application\Admin\Controller\ActivityController.class.php 第 29 行.
INFO: [ view_parse ] --START--
INFO: [ template_filter ] --START--
INFO: Run Behavior\ContentReplaceBehavior [ RunTime:0.000000s ]
INFO: [ template_filter ] --END-- [ RunTime:0.000000s ]
INFO: Run Behavior\ParseTemplateBehavior [ RunTime:0.024001s ]
INFO: [ view_parse ] --END-- [ RunTime:0.024001s ]
INFO: [ view_filter ] --START--
INFO: Run Behavior\WriteHtmlCacheBehavior [ RunTime:0.001000s ]
INFO: [ view_filter ] --END-- [ RunTime:0.001000s ]
INFO: [ app_end ] --START--
INFO: Run Behavior\ShowPageTraceBehavior [ RunTime:0.001000s ]
INFO: [ app_end ] --END-- [ RunTime:0.001000s ]

[ 2017-04-05T10:58:49+08:00 ] 127.0.0.1 /index.php/Admin/Activity/add.html
INFO: [ app_init ] --START--
INFO: Run Behavior\BuildLiteBehavior [ RunTime:0.000000s ]
INFO: [ app_init ] --END-- [ RunTime:0.001000s ]
INFO: [ app_begin ] --START--
INFO: Run Behavior\ReadHtmlCacheBehavior [ RunTime:0.000000s ]
INFO: [ app_begin ] --END-- [ RunTime:0.000000s ]
SQL: SHOW COLUMNS FROM `dxyh_auth_group_access` [ RunTime:0.0140s ]
SQL: SELECT `aid`,`group_id`,`title`,`rules` FROM dxyh_auth_group_access a INNER JOIN dxyh_auth_group g on a.group_id=g.id  WHERE ( a.aid='1' and g.status='1' )  [ RunTime:0.0300s ]
SQL: SHOW COLUMNS FROM `dxyh_auth_rule` [ RunTime:0.0240s ]
SQL: SELECT `condition`,`name` FROM `dxyh_auth_rule` WHERE `id` IN ('19','20','21','22','23','24','25','26','27','28','29','30','31','32','33','34','43','44','45','39','40','41','42','35','36','37','38','1','6','7','8','2','3','4','5','9','10','11','12','13','14','15','16','17','18') AND `type` = 1 AND `status` = 1  [ RunTime:0.0150s ]
SQL: SHOW COLUMNS FROM `dxyh_activity` [ RunTime:0.0180s ]
SQL: SHOW COLUMNS FROM `dxyh_activity_type` [ RunTime:0.0190s ]
SQL: SELECT `id`,`type_name` FROM `dxyh_activity_type` LIMIT 0,15   [ RunTime:0.0120s ]
INFO: [ view_parse ] --START--
INFO: [ template_filter ] --START--
INFO: Run Behavior\ContentReplaceBehavior [ RunTime:0.000000s ]
INFO: [ template_filter ] --END-- [ RunTime:0.000000s ]
NOTIC: [8] Undefined variable: rows D:\WWW\daxiaoyihu\Application\Runtime\Cache\Admin\cabcc649e0c0af043d0a239a68c85bfc.php 第 357 行.
NOTIC: [8] Undefined variable: rows D:\WWW\daxiaoyihu\Application\Runtime\Cache\Admin\cabcc649e0c0af043d0a239a68c85bfc.php 第 363 行.
NOTIC: [8] Undefined variable: rows D:\WWW\daxiaoyihu\Application\Runtime\Cache\Admin\cabcc649e0c0af043d0a239a68c85bfc.php 第 363 行.
NOTIC: [8] Undefined variable: rows D:\WWW\daxiaoyihu\Application\Runtime\Cache\Admin\cabcc649e0c0af043d0a239a68c85bfc.php 第 373 行.
NOTIC: [8] Undefined variable: rows D:\WWW\daxiaoyihu\Application\Runtime\Cache\Admin\cabcc649e0c0af043d0a239a68c85bfc.php 第 384 行.
NOTIC: [8] Undefined variable: rows D:\WWW\daxiaoyihu\Application\Runtime\Cache\Admin\cabcc649e0c0af043d0a239a68c85bfc.php 第 399 行.
NOTIC: [8] Undefined variable: rows D:\WWW\daxiaoyihu\Application\Runtime\Cache\Admin\cabcc649e0c0af043d0a239a68c85bfc.php 第 411 行.
NOTIC: [8] Undefined variable: rows D:\WWW\daxiaoyihu\Application\Runtime\Cache\Admin\cabcc649e0c0af043d0a239a68c85bfc.php 第 423 行.
NOTIC: [8] Undefined variable: rows D:\WWW\daxiaoyihu\Application\Runtime\Cache\Admin\cabcc649e0c0af043d0a239a68c85bfc.php 第 435 行.
NOTIC: [8] Undefined variable: rows D:\WWW\daxiaoyihu\Application\Runtime\Cache\Admin\cabcc649e0c0af043d0a239a68c85bfc.php 第 445 行.
NOTIC: [8] Undefined variable: rows D:\WWW\daxiaoyihu\Application\Runtime\Cache\Admin\cabcc649e0c0af043d0a239a68c85bfc.php 第 454 行.
NOTIC: [8] Undefined variable: rows D:\WWW\daxiaoyihu\Application\Runtime\Cache\Admin\cabcc649e0c0af043d0a239a68c85bfc.php 第 463 行.
NOTIC: [8] Undefined variable: rows D:\WWW\daxiaoyihu\Application\Runtime\Cache\Admin\cabcc649e0c0af043d0a239a68c85bfc.php 第 472 行.
NOTIC: [8] Undefined variable: rows D:\WWW\daxiaoyihu\Application\Runtime\Cache\Admin\cabcc649e0c0af043d0a239a68c85bfc.php 第 481 行.
NOTIC: [8] Undefined variable: rows D:\WWW\daxiaoyihu\Application\Runtime\Cache\Admin\cabcc649e0c0af043d0a239a68c85bfc.php 第 482 行.
NOTIC: [8] Undefined variable: rows D:\WWW\daxiaoyihu\Application\Runtime\Cache\Admin\cabcc649e0c0af043d0a239a68c85bfc.php 第 491 行.
NOTIC: [8] Undefined variable: rows D:\WWW\daxiaoyihu\Application\Runtime\Cache\Admin\cabcc649e0c0af043d0a239a68c85bfc.php 第 492 行.
INFO: Run Behavior\ParseTemplateBehavior [ RunTime:0.025002s ]
INFO: [ view_parse ] --END-- [ RunTime:0.025002s ]
INFO: [ view_filter ] --START--
INFO: Run Behavior\WriteHtmlCacheBehavior [ RunTime:0.000000s ]
INFO: [ view_filter ] --END-- [ RunTime:0.001000s ]
INFO: [ app_end ] --START--
INFO: Run Behavior\ShowPageTraceBehavior [ RunTime:0.001000s ]
INFO: [ app_end ] --END-- [ RunTime:0.001000s ]

[ 2017-04-05T11:00:18+08:00 ] 127.0.0.1 /index.php/Admin/Coptic/copticType.html
INFO: [ app_init ] --START--
INFO: Run Behavior\BuildLiteBehavior [ RunTime:0.000000s ]
INFO: [ app_init ] --END-- [ RunTime:0.001000s ]
INFO: [ app_begin ] --START--
INFO: Run Behavior\ReadHtmlCacheBehavior [ RunTime:0.001000s ]
INFO: [ app_begin ] --END-- [ RunTime:0.001000s ]
SQL: SHOW COLUMNS FROM `dxyh_auth_group_access` [ RunTime:0.0120s ]
SQL: SELECT `aid`,`group_id`,`title`,`rules` FROM dxyh_auth_group_access a INNER JOIN dxyh_auth_group g on a.group_id=g.id  WHERE ( a.aid='1' and g.status='1' )  [ RunTime:0.0130s ]
SQL: SHOW COLUMNS FROM `dxyh_auth_rule` [ RunTime:0.0200s ]
SQL: SELECT `condition`,`name` FROM `dxyh_auth_rule` WHERE `id` IN ('19','20','21','22','23','24','25','26','27','28','29','30','31','32','33','34','43','44','45','39','40','41','42','35','36','37','38','1','6','7','8','2','3','4','5','9','10','11','12','13','14','15','16','17','18') AND `type` = 1 AND `status` = 1  [ RunTime:0.0140s ]
SQL: SHOW COLUMNS FROM `dxyh_coptic_type` [ RunTime:0.0160s ]
SQL: SELECT COUNT(*) AS tp_count FROM `dxyh_coptic_type` LIMIT 1   [ RunTime:0.0130s ]
SQL: SELECT * FROM `dxyh_coptic_type` LIMIT 0,2   [ RunTime:0.0130s ]
NOTIC: [8] Undefined index: keyword D:\WWW\daxiaoyihu\Application\Admin\Controller\CopticController.class.php 第 69 行.
INFO: [ view_parse ] --START--
INFO: [ template_filter ] --START--
INFO: Run Behavior\ContentReplaceBehavior [ RunTime:0.000000s ]
INFO: [ template_filter ] --END-- [ RunTime:0.000000s ]
INFO: Run Behavior\ParseTemplateBehavior [ RunTime:0.025001s ]
INFO: [ view_parse ] --END-- [ RunTime:0.025001s ]
INFO: [ view_filter ] --START--
INFO: Run Behavior\WriteHtmlCacheBehavior [ RunTime:0.000000s ]
INFO: [ view_filter ] --END-- [ RunTime:0.000000s ]
INFO: [ app_end ] --START--
INFO: Run Behavior\ShowPageTraceBehavior [ RunTime:0.001000s ]
INFO: [ app_end ] --END-- [ RunTime:0.001000s ]

[ 2017-04-05T11:00:18+08:00 ] 127.0.0.1 /index.php/Admin/Coptic/copticType.html
INFO: [ app_init ] --START--
INFO: Run Behavior\BuildLiteBehavior [ RunTime:0.000000s ]
INFO: [ app_init ] --END-- [ RunTime:0.001000s ]
INFO: [ app_begin ] --START--
INFO: Run Behavior\ReadHtmlCacheBehavior [ RunTime:0.000000s ]
INFO: [ app_begin ] --END-- [ RunTime:0.001000s ]
SQL: SHOW COLUMNS FROM `dxyh_auth_group_access` [ RunTime:0.0190s ]
SQL: SELECT `aid`,`group_id`,`title`,`rules` FROM dxyh_auth_group_access a INNER JOIN dxyh_auth_group g on a.group_id=g.id  WHERE ( a.aid='1' and g.status='1' )  [ RunTime:0.0160s ]
SQL: SHOW COLUMNS FROM `dxyh_auth_rule` [ RunTime:0.0180s ]
SQL: SELECT `condition`,`name` FROM `dxyh_auth_rule` WHERE `id` IN ('19','20','21','22','23','24','25','26','27','28','29','30','31','32','33','34','43','44','45','39','40','41','42','35','36','37','38','1','6','7','8','2','3','4','5','9','10','11','12','13','14','15','16','17','18') AND `type` = 1 AND `status` = 1  [ RunTime:0.0130s ]
SQL: SHOW COLUMNS FROM `dxyh_coptic_type` [ RunTime:0.0120s ]
SQL: SELECT COUNT(*) AS tp_count FROM `dxyh_coptic_type` LIMIT 1   [ RunTime:0.0120s ]
SQL: SELECT * FROM `dxyh_coptic_type` LIMIT 0,2   [ RunTime:0.0130s ]
NOTIC: [8] Undefined index: keyword D:\WWW\daxiaoyihu\Application\Admin\Controller\CopticController.class.php 第 69 行.
INFO: [ view_parse ] --START--
INFO: [ template_filter ] --START--
INFO: Run Behavior\ContentReplaceBehavior [ RunTime:0.001000s ]
INFO: [ template_filter ] --END-- [ RunTime:0.001000s ]
INFO: Run Behavior\ParseTemplateBehavior [ RunTime:0.024001s ]
INFO: [ view_parse ] --END-- [ RunTime:0.024001s ]
INFO: [ view_filter ] --START--
INFO: Run Behavior\WriteHtmlCacheBehavior [ RunTime:0.000000s ]
INFO: [ view_filter ] --END-- [ RunTime:0.000000s ]
INFO: [ app_end ] --START--
INFO: Run Behavior\ShowPageTraceBehavior [ RunTime:0.000000s ]
INFO: [ app_end ] --END-- [ RunTime:0.000000s ]

[ 2017-04-05T11:00:20+08:00 ] 127.0.0.1 /index.php/Admin/Coptic/copticType_add.html
INFO: [ app_init ] --START--
INFO: Run Behavior\BuildLiteBehavior [ RunTime:0.000000s ]
INFO: [ app_init ] --END-- [ RunTime:0.000000s ]
INFO: [ app_begin ] --START--
INFO: Run Behavior\ReadHtmlCacheBehavior [ RunTime:0.001000s ]
INFO: [ app_begin ] --END-- [ RunTime:0.001000s ]
SQL: SHOW COLUMNS FROM `dxyh_auth_group_access` [ RunTime:0.0120s ]
SQL: SELECT `aid`,`group_id`,`title`,`rules` FROM dxyh_auth_group_access a INNER JOIN dxyh_auth_group g on a.group_id=g.id  WHERE ( a.aid='1' and g.status='1' )  [ RunTime:0.0110s ]
SQL: SHOW COLUMNS FROM `dxyh_auth_rule` [ RunTime:0.0120s ]
SQL: SELECT `condition`,`name` FROM `dxyh_auth_rule` WHERE `id` IN ('19','20','21','22','23','24','25','26','27','28','29','30','31','32','33','34','43','44','45','39','40','41','42','35','36','37','38','1','6','7','8','2','3','4','5','9','10','11','12','13','14','15','16','17','18') AND `type` = 1 AND `status` = 1  [ RunTime:0.0330s ]
SQL: SHOW COLUMNS FROM `dxyh_coptic_type` [ RunTime:0.0140s ]
INFO: [ view_parse ] --START--
INFO: [ template_filter ] --START--
INFO: Run Behavior\ContentReplaceBehavior [ RunTime:0.000000s ]
INFO: [ template_filter ] --END-- [ RunTime:0.000000s ]
NOTIC: [8] Undefined variable: rows D:\WWW\daxiaoyihu\Application\Runtime\Cache\Admin\2a6619accd36f35dd2cdf57a03799f87.php 第 356 行.
NOTIC: [8] Undefined variable: rows D:\WWW\daxiaoyihu\Application\Runtime\Cache\Admin\2a6619accd36f35dd2cdf57a03799f87.php 第 360 行.
NOTIC: [8] Undefined variable: rows D:\WWW\daxiaoyihu\Application\Runtime\Cache\Admin\2a6619accd36f35dd2cdf57a03799f87.php 第 371 行.
NOTIC: [8] Undefined variable: rows D:\WWW\daxiaoyihu\Application\Runtime\Cache\Admin\2a6619accd36f35dd2cdf57a03799f87.php 第 384 行.
NOTIC: [8] Undefined variable: rows D:\WWW\daxiaoyihu\Application\Runtime\Cache\Admin\2a6619accd36f35dd2cdf57a03799f87.php 第 393 行.
INFO: Run Behavior\ParseTemplateBehavior [ RunTime:0.008000s ]
INFO: [ view_parse ] --END-- [ RunTime:0.008000s ]
INFO: [ view_filter ] --START--
INFO: Run Behavior\WriteHtmlCacheBehavior [ RunTime:0.000000s ]
INFO: [ view_filter ] --END-- [ RunTime:0.000000s ]
INFO: [ app_end ] --START--
INFO: Run Behavior\ShowPageTraceBehavior [ RunTime:0.001000s ]
INFO: [ app_end ] --END-- [ RunTime:0.001000s ]

[ 2017-04-05T11:00:32+08:00 ] 127.0.0.1 /index.php/Admin/Coptic/copticType_add.html
INFO: [ app_init ] --START--
INFO: Run Behavior\BuildLiteBehavior [ RunTime:0.000000s ]
INFO: [ app_init ] --END-- [ RunTime:0.000000s ]
INFO: [ app_begin ] --START--
INFO: Run Behavior\ReadHtmlCacheBehavior [ RunTime:0.000000s ]
INFO: [ app_begin ] --END-- [ RunTime:0.000000s ]
SQL: SHOW COLUMNS FROM `dxyh_auth_group_access` [ RunTime:0.0140s ]
SQL: SELECT `aid`,`group_id`,`title`,`rules` FROM dxyh_auth_group_access a INNER JOIN dxyh_auth_group g on a.group_id=g.id  WHERE ( a.aid='1' and g.status='1' )  [ RunTime:0.0140s ]
SQL: SHOW COLUMNS FROM `dxyh_auth_rule` [ RunTime:0.0140s ]
SQL: SELECT `condition`,`name` FROM `dxyh_auth_rule` WHERE `id` IN ('19','20','21','22','23','24','25','26','27','28','29','30','31','32','33','34','43','44','45','39','40','41','42','35','36','37','38','1','6','7','8','2','3','4','5','9','10','11','12','13','14','15','16','17','18') AND `type` = 1 AND `status` = 1  [ RunTime:0.0200s ]
SQL: SHOW COLUMNS FROM `dxyh_coptic_type` [ RunTime:0.0140s ]
SQL: INSERT INTO `dxyh_coptic_type` (`category_name`,`editor`,`sort`,`category_image`,`create_time`) VALUES ('dfsf','sdfs','1','/upload/copticimag/20170405/20170405110032156.jpg','1491361232') [ RunTime:0.1370s ]

[ 2017-04-05T11:00:34+08:00 ] 127.0.0.1 /index.php/Admin/Coptic/copticType.html
INFO: [ app_init ] --START--
INFO: Run Behavior\BuildLiteBehavior [ RunTime:0.000000s ]
INFO: [ app_init ] --END-- [ RunTime:0.001000s ]
INFO: [ app_begin ] --START--
INFO: Run Behavior\ReadHtmlCacheBehavior [ RunTime:0.000000s ]
INFO: [ app_begin ] --END-- [ RunTime:0.001000s ]
SQL: SHOW COLUMNS FROM `dxyh_auth_group_access` [ RunTime:0.0110s ]
SQL: SELECT `aid`,`group_id`,`title`,`rules` FROM dxyh_auth_group_access a INNER JOIN dxyh_auth_group g on a.group_id=g.id  WHERE ( a.aid='1' and g.status='1' )  [ RunTime:0.0100s ]
SQL: SHOW COLUMNS FROM `dxyh_auth_rule` [ RunTime:0.0130s ]
SQL: SELECT `condition`,`name` FROM `dxyh_auth_rule` WHERE `id` IN ('19','20','21','22','23','24','25','26','27','28','29','30','31','32','33','34','43','44','45','39','40','41','42','35','36','37','38','1','6','7','8','2','3','4','5','9','10','11','12','13','14','15','16','17','18') AND `type` = 1 AND `status` = 1  [ RunTime:0.0140s ]
SQL: SHOW COLUMNS FROM `dxyh_coptic_type` [ RunTime:0.0110s ]
SQL: SELECT COUNT(*) AS tp_count FROM `dxyh_coptic_type` LIMIT 1   [ RunTime:0.0140s ]
SQL: SELECT * FROM `dxyh_coptic_type` LIMIT 0,2   [ RunTime:0.0120s ]
NOTIC: [8] Undefined index: keyword D:\WWW\daxiaoyihu\Application\Admin\Controller\CopticController.class.php 第 69 行.
INFO: [ view_parse ] --START--
INFO: [ template_filter ] --START--
INFO: Run Behavior\ContentReplaceBehavior [ RunTime:0.000000s ]
INFO: [ template_filter ] --END-- [ RunTime:0.000000s ]
INFO: Run Behavior\ParseTemplateBehavior [ RunTime:0.024001s ]
INFO: [ view_parse ] --END-- [ RunTime:0.024001s ]
INFO: [ view_filter ] --START--
INFO: Run Behavior\WriteHtmlCacheBehavior [ RunTime:0.000000s ]
INFO: [ view_filter ] --END-- [ RunTime:0.000000s ]
INFO: [ app_end ] --START--
INFO: Run Behavior\ShowPageTraceBehavior [ RunTime:0.000000s ]
INFO: [ app_end ] --END-- [ RunTime:0.001000s ]

