[ 2017-05-12T14:58:31+08:00 ] 127.0.0.1 /admin
INFO: [ app_init ] --START--
INFO: Run Behavior\BuildLiteBehavior [ RunTime:0.000000s ]
INFO: [ app_init ] --END-- [ RunTime:0.001000s ]
INFO: [ app_begin ] --START--
INFO: Run Behavior\ReadHtmlCacheBehavior [ RunTime:0.010001s ]
INFO: [ app_begin ] --END-- [ RunTime:0.010001s ]

[ 2017-05-12T14:58:31+08:00 ] 127.0.0.1 /Admin/Public/login.html
INFO: [ app_init ] --START--
INFO: Run Behavior\BuildLiteBehavior [ RunTime:0.000000s ]
INFO: [ app_init ] --END-- [ RunTime:0.001000s ]
INFO: [ app_begin ] --START--
INFO: Run Behavior\ReadHtmlCacheBehavior [ RunTime:0.001001s ]
INFO: [ app_begin ] --END-- [ RunTime:0.001001s ]
SQL: SHOW COLUMNS FROM `dxyh_admin` [ RunTime:0.0070s ]
INFO: [ view_parse ] --START--
INFO: [ template_filter ] --START--
INFO: Run Behavior\ContentReplaceBehavior [ RunTime:0.000000s ]
INFO: [ template_filter ] --END-- [ RunTime:0.001000s ]
INFO: Run Behavior\ParseTemplateBehavior [ RunTime:0.091005s ]
INFO: [ view_parse ] --END-- [ RunTime:0.091005s ]
INFO: [ view_filter ] --START--
INFO: Run Behavior\WriteHtmlCacheBehavior [ RunTime:0.006001s ]
INFO: [ view_filter ] --END-- [ RunTime:0.006001s ]
INFO: [ app_end ] --START--
INFO: Run Behavior\ShowPageTraceBehavior [ RunTime:0.002000s ]
INFO: [ app_end ] --END-- [ RunTime:0.002000s ]

[ 2017-05-12T14:58:34+08:00 ] 127.0.0.1 /Admin/Public/login.html
INFO: [ app_init ] --START--
INFO: Run Behavior\BuildLiteBehavior [ RunTime:0.000000s ]
INFO: [ app_init ] --END-- [ RunTime:0.000000s ]
INFO: [ app_begin ] --START--
INFO: Run Behavior\ReadHtmlCacheBehavior [ RunTime:0.000000s ]
INFO: [ app_begin ] --END-- [ RunTime:0.000000s ]
SQL: SHOW COLUMNS FROM `dxyh_admin` [ RunTime:0.0070s ]
SQL: SELECT * FROM `dxyh_admin` WHERE `aname` = 'root' LIMIT 1   [ RunTime:0.0090s ]

[ 2017-05-12T14:58:36+08:00 ] 127.0.0.1 /Admin/Index/index.html
INFO: [ app_init ] --START--
INFO: Run Behavior\BuildLiteBehavior [ RunTime:0.000000s ]
INFO: [ app_init ] --END-- [ RunTime:0.000000s ]
INFO: [ app_begin ] --START--
INFO: Run Behavior\ReadHtmlCacheBehavior [ RunTime:0.001000s ]
INFO: [ app_begin ] --END-- [ RunTime:0.001000s ]
SQL: SHOW COLUMNS FROM `dxyh_comment` [ RunTime:0.0100s ]
SQL: SELECT COUNT(*) AS tp_count FROM `dxyh_comment` WHERE ( create_time >= 1494518401 AND create_time <= 1494604799 ) LIMIT 1   [ RunTime:0.0070s ]
SQL: SHOW COLUMNS FROM `dxyh_user` [ RunTime:0.0080s ]
SQL: SELECT COUNT(*) AS tp_count FROM `dxyh_user` WHERE ( create_time >= 1494518401 AND create_time <= 1494604799 ) LIMIT 1   [ RunTime:0.0060s ]
SQL: SHOW COLUMNS FROM `dxyh_visit` [ RunTime:0.0080s ]
SQL: SELECT COUNT(*) AS tp_count FROM `dxyh_visit` WHERE ( create_time >= 1494518401 AND create_time <= 1494604799 ) LIMIT 1   [ RunTime:0.0090s ]
INFO: [ view_parse ] --START--
INFO: [ template_filter ] --START--
INFO: Run Behavior\ContentReplaceBehavior [ RunTime:0.001000s ]
INFO: [ template_filter ] --END-- [ RunTime:0.001000s ]
INFO: Run Behavior\ParseTemplateBehavior [ RunTime:0.065004s ]
INFO: [ view_parse ] --END-- [ RunTime:0.065004s ]
INFO: [ view_filter ] --START--
INFO: Run Behavior\WriteHtmlCacheBehavior [ RunTime:0.000000s ]
INFO: [ view_filter ] --END-- [ RunTime:0.000000s ]
INFO: [ app_end ] --START--
INFO: Run Behavior\ShowPageTraceBehavior [ RunTime:0.000000s ]
INFO: [ app_end ] --END-- [ RunTime:0.000000s ]

[ 2017-05-12T14:58:36+08:00 ] 127.0.0.1 /Admin/Index/sevenDay.html
INFO: [ app_init ] --START--
INFO: Run Behavior\BuildLiteBehavior [ RunTime:0.000000s ]
INFO: [ app_init ] --END-- [ RunTime:0.000000s ]
INFO: [ app_begin ] --START--
INFO: Run Behavior\ReadHtmlCacheBehavior [ RunTime:0.001000s ]
INFO: [ app_begin ] --END-- [ RunTime:0.001000s ]
SQL: SHOW COLUMNS FROM `dxyh_comment` [ RunTime:0.0060s ]
SQL: SELECT COUNT(*) AS tp_count FROM `dxyh_comment` WHERE ( create_time >= 1493913601 AND create_time <= 1493999999 ) LIMIT 1   [ RunTime:0.0050s ]
SQL: SHOW COLUMNS FROM `dxyh_user` [ RunTime:0.0100s ]
SQL: SELECT COUNT(*) AS tp_count FROM `dxyh_user` WHERE ( create_time >= 1493913601 AND create_time <= 1493999999 ) LIMIT 1   [ RunTime:0.0050s ]
SQL: SHOW COLUMNS FROM `dxyh_visit` [ RunTime:0.0070s ]
SQL: SELECT COUNT(*) AS tp_count FROM `dxyh_visit` WHERE ( create_time >= 1493913601 AND create_time <= 1493999999 ) LIMIT 1   [ RunTime:0.0060s ]
SQL: SELECT COUNT(*) AS tp_count FROM `dxyh_comment` WHERE ( create_time >= 1494000001 AND create_time <= 1494086399 ) LIMIT 1   [ RunTime:0.0060s ]
SQL: SELECT COUNT(*) AS tp_count FROM `dxyh_user` WHERE ( create_time >= 1494000001 AND create_time <= 1494086399 ) LIMIT 1   [ RunTime:0.0060s ]
SQL: SELECT COUNT(*) AS tp_count FROM `dxyh_visit` WHERE ( create_time >= 1494000001 AND create_time <= 1494086399 ) LIMIT 1   [ RunTime:0.0070s ]
SQL: SELECT COUNT(*) AS tp_count FROM `dxyh_comment` WHERE ( create_time >= 1494086401 AND create_time <= 1494172799 ) LIMIT 1   [ RunTime:0.0070s ]
SQL: SELECT COUNT(*) AS tp_count FROM `dxyh_user` WHERE ( create_time >= 1494086401 AND create_time <= 1494172799 ) LIMIT 1   [ RunTime:0.0070s ]
SQL: SELECT COUNT(*) AS tp_count FROM `dxyh_visit` WHERE ( create_time >= 1494086401 AND create_time <= 1494172799 ) LIMIT 1   [ RunTime:0.0080s ]
SQL: SELECT COUNT(*) AS tp_count FROM `dxyh_comment` WHERE ( create_time >= 1494172801 AND create_time <= 1494259199 ) LIMIT 1   [ RunTime:0.0060s ]
SQL: SELECT COUNT(*) AS tp_count FROM `dxyh_user` WHERE ( create_time >= 1494172801 AND create_time <= 1494259199 ) LIMIT 1   [ RunTime:0.0070s ]
SQL: SELECT COUNT(*) AS tp_count FROM `dxyh_visit` WHERE ( create_time >= 1494172801 AND create_time <= 1494259199 ) LIMIT 1   [ RunTime:0.0090s ]
SQL: SELECT COUNT(*) AS tp_count FROM `dxyh_comment` WHERE ( create_time >= 1494259201 AND create_time <= 1494345599 ) LIMIT 1   [ RunTime:0.0060s ]
SQL: SELECT COUNT(*) AS tp_count FROM `dxyh_user` WHERE ( create_time >= 1494259201 AND create_time <= 1494345599 ) LIMIT 1   [ RunTime:0.0070s ]
SQL: SELECT COUNT(*) AS tp_count FROM `dxyh_visit` WHERE ( create_time >= 1494259201 AND create_time <= 1494345599 ) LIMIT 1   [ RunTime:0.0060s ]
SQL: SELECT COUNT(*) AS tp_count FROM `dxyh_comment` WHERE ( create_time >= 1494345601 AND create_time <= 1494431999 ) LIMIT 1   [ RunTime:0.0060s ]
SQL: SELECT COUNT(*) AS tp_count FROM `dxyh_user` WHERE ( create_time >= 1494345601 AND create_time <= 1494431999 ) LIMIT 1   [ RunTime:0.0060s ]
SQL: SELECT COUNT(*) AS tp_count FROM `dxyh_visit` WHERE ( create_time >= 1494345601 AND create_time <= 1494431999 ) LIMIT 1   [ RunTime:0.0070s ]
SQL: SELECT COUNT(*) AS tp_count FROM `dxyh_comment` WHERE ( create_time >= 1494432001 AND create_time <= 1494518399 ) LIMIT 1   [ RunTime:0.0060s ]
SQL: SELECT COUNT(*) AS tp_count FROM `dxyh_user` WHERE ( create_time >= 1494432001 AND create_time <= 1494518399 ) LIMIT 1   [ RunTime:0.0070s ]
SQL: SELECT COUNT(*) AS tp_count FROM `dxyh_visit` WHERE ( create_time >= 1494432001 AND create_time <= 1494518399 ) LIMIT 1   [ RunTime:0.0060s ]
INFO: [ app_end ] --START--
INFO: Run Behavior\ShowPageTraceBehavior [ RunTime:0.000000s ]
INFO: [ app_end ] --END-- [ RunTime:0.000000s ]

[ 2017-05-12T14:58:41+08:00 ] 127.0.0.1 /Admin/Coptic/index.html
INFO: [ app_init ] --START--
INFO: Run Behavior\BuildLiteBehavior [ RunTime:0.000000s ]
INFO: [ app_init ] --END-- [ RunTime:0.001001s ]
INFO: [ app_begin ] --START--
INFO: Run Behavior\ReadHtmlCacheBehavior [ RunTime:0.000000s ]
INFO: [ app_begin ] --END-- [ RunTime:0.000000s ]
SQL: SHOW COLUMNS FROM `dxyh_auth_group_access` [ RunTime:0.0080s ]
SQL: SELECT `aid`,`group_id`,`title`,`rules` FROM dxyh_auth_group_access a INNER JOIN dxyh_auth_group g on a.group_id=g.id  WHERE ( a.aid='1' and g.status='1' )  [ RunTime:2.0331s ]
SQL: SHOW COLUMNS FROM `dxyh_auth_rule` [ RunTime:0.0070s ]
SQL: SELECT `condition`,`name` FROM `dxyh_auth_rule` WHERE `id` IN ('19','20','21','22','23','24','25','26','27','28','29','30','31','32','33','34','43','44','45','39','40','41','42','35','36','37','38','1','6','7','8','2','3','4','5','9','10','11','12','13','14','15','16','17','18') AND `type` = 1 AND `status` = 1  [ RunTime:0.0080s ]
SQL: SHOW COLUMNS FROM `dxyh_coptic` [ RunTime:0.0160s ]
SQL: SELECT COUNT(*) AS tp_count FROM dxyh_coptic c INNER JOIN dxyh_coptic_type as ct ON c.coptic_type_id = ct.id  LIMIT 1   [ RunTime:0.0100s ]
SQL: SELECT c.id,ct.category_name,c.coptic_title,c.author,c.referral,c.create_time,c.browse_volume,c.sort,c.original FROM dxyh_coptic c INNER JOIN dxyh_coptic_type as ct ON c.coptic_type_id = ct.id  ORDER BY c.sort desc LIMIT 0,10   [ RunTime:0.0080s ]
SQL: SHOW COLUMNS FROM `dxyh_likes` [ RunTime:0.0060s ]
SQL: SELECT COUNT(*) AS tp_count FROM `dxyh_likes` WHERE `coptic_id` = 86 LIMIT 1   [ RunTime:0.0060s ]
SQL: SHOW COLUMNS FROM `dxyh_collection` [ RunTime:0.0080s ]
SQL: SELECT COUNT(*) AS tp_count FROM `dxyh_collection` WHERE `coptic_id` = 86 LIMIT 1   [ RunTime:0.0060s ]
SQL: SHOW COLUMNS FROM `dxyh_comment` [ RunTime:0.0070s ]
SQL: SELECT COUNT(*) AS tp_count FROM `dxyh_comment` WHERE `coptic_id` = 86 LIMIT 1   [ RunTime:0.0060s ]
SQL: SELECT COUNT(*) AS tp_count FROM `dxyh_likes` WHERE `coptic_id` = 79 LIMIT 1   [ RunTime:0.0080s ]
SQL: SELECT COUNT(*) AS tp_count FROM `dxyh_collection` WHERE `coptic_id` = 79 LIMIT 1   [ RunTime:0.0090s ]
SQL: SELECT COUNT(*) AS tp_count FROM `dxyh_comment` WHERE `coptic_id` = 79 LIMIT 1   [ RunTime:0.0090s ]
SQL: SELECT COUNT(*) AS tp_count FROM `dxyh_likes` WHERE `coptic_id` = 71 LIMIT 1   [ RunTime:0.0080s ]
SQL: SELECT COUNT(*) AS tp_count FROM `dxyh_collection` WHERE `coptic_id` = 71 LIMIT 1   [ RunTime:0.0070s ]
SQL: SELECT COUNT(*) AS tp_count FROM `dxyh_comment` WHERE `coptic_id` = 71 LIMIT 1   [ RunTime:0.0080s ]
SQL: SELECT COUNT(*) AS tp_count FROM `dxyh_likes` WHERE `coptic_id` = 41 LIMIT 1   [ RunTime:0.0110s ]
SQL: SELECT COUNT(*) AS tp_count FROM `dxyh_collection` WHERE `coptic_id` = 41 LIMIT 1   [ RunTime:0.0090s ]
SQL: SELECT COUNT(*) AS tp_count FROM `dxyh_comment` WHERE `coptic_id` = 41 LIMIT 1   [ RunTime:0.0100s ]
SQL: SELECT COUNT(*) AS tp_count FROM `dxyh_likes` WHERE `coptic_id` = 73 LIMIT 1   [ RunTime:0.0070s ]
SQL: SELECT COUNT(*) AS tp_count FROM `dxyh_collection` WHERE `coptic_id` = 73 LIMIT 1   [ RunTime:0.0080s ]
SQL: SELECT COUNT(*) AS tp_count FROM `dxyh_comment` WHERE `coptic_id` = 73 LIMIT 1   [ RunTime:0.0070s ]
SQL: SELECT COUNT(*) AS tp_count FROM `dxyh_likes` WHERE `coptic_id` = 74 LIMIT 1   [ RunTime:0.0090s ]
SQL: SELECT COUNT(*) AS tp_count FROM `dxyh_collection` WHERE `coptic_id` = 74 LIMIT 1   [ RunTime:0.0090s ]
SQL: SELECT COUNT(*) AS tp_count FROM `dxyh_comment` WHERE `coptic_id` = 74 LIMIT 1   [ RunTime:0.0090s ]
SQL: SELECT COUNT(*) AS tp_count FROM `dxyh_likes` WHERE `coptic_id` = 75 LIMIT 1   [ RunTime:0.0090s ]
SQL: SELECT COUNT(*) AS tp_count FROM `dxyh_collection` WHERE `coptic_id` = 75 LIMIT 1   [ RunTime:0.0090s ]
SQL: SELECT COUNT(*) AS tp_count FROM `dxyh_comment` WHERE `coptic_id` = 75 LIMIT 1   [ RunTime:0.0080s ]
SQL: SELECT COUNT(*) AS tp_count FROM `dxyh_likes` WHERE `coptic_id` = 77 LIMIT 1   [ RunTime:0.0110s ]
SQL: SELECT COUNT(*) AS tp_count FROM `dxyh_collection` WHERE `coptic_id` = 77 LIMIT 1   [ RunTime:0.0080s ]
SQL: SELECT COUNT(*) AS tp_count FROM `dxyh_comment` WHERE `coptic_id` = 77 LIMIT 1   [ RunTime:0.0070s ]
SQL: SELECT COUNT(*) AS tp_count FROM `dxyh_likes` WHERE `coptic_id` = 76 LIMIT 1   [ RunTime:0.0080s ]
SQL: SELECT COUNT(*) AS tp_count FROM `dxyh_collection` WHERE `coptic_id` = 76 LIMIT 1   [ RunTime:0.0050s ]
SQL: SELECT COUNT(*) AS tp_count FROM `dxyh_comment` WHERE `coptic_id` = 76 LIMIT 1   [ RunTime:0.0060s ]
SQL: SELECT COUNT(*) AS tp_count FROM `dxyh_likes` WHERE `coptic_id` = 6 LIMIT 1   [ RunTime:0.0090s ]
SQL: SELECT COUNT(*) AS tp_count FROM `dxyh_collection` WHERE `coptic_id` = 6 LIMIT 1   [ RunTime:0.0070s ]
SQL: SELECT COUNT(*) AS tp_count FROM `dxyh_comment` WHERE `coptic_id` = 6 LIMIT 1   [ RunTime:0.0060s ]
SQL: SHOW COLUMNS FROM `dxyh_coptic_type` [ RunTime:0.0080s ]
SQL: SELECT * FROM `dxyh_coptic_type`  [ RunTime:0.0090s ]
NOTIC: [8] Undefined index: copticType D:\WWW\daxiaoyihu\Application\Admin\Controller\CopticController.class.php 第 27 行.
NOTIC: [8] Undefined index: nominate D:\WWW\daxiaoyihu\Application\Admin\Controller\CopticController.class.php 第 28 行.
NOTIC: [8] Undefined index: keyword D:\WWW\daxiaoyihu\Application\Admin\Controller\CopticController.class.php 第 29 行.
INFO: [ view_parse ] --START--
INFO: [ template_filter ] --START--
INFO: Run Behavior\ContentReplaceBehavior [ RunTime:0.000000s ]
INFO: [ template_filter ] --END-- [ RunTime:0.000000s ]
NOTIC: [8] Undefined index: p D:\WWW\daxiaoyihu\Application\Runtime\Cache\Admin\69a1588df9daa66cb22e64b5b0747a70.php 第 428 行.
NOTIC: [8] Undefined index: p D:\WWW\daxiaoyihu\Application\Runtime\Cache\Admin\69a1588df9daa66cb22e64b5b0747a70.php 第 428 行.
NOTIC: [8] Undefined index: p D:\WWW\daxiaoyihu\Application\Runtime\Cache\Admin\69a1588df9daa66cb22e64b5b0747a70.php 第 428 行.
NOTIC: [8] Undefined index: p D:\WWW\daxiaoyihu\Application\Runtime\Cache\Admin\69a1588df9daa66cb22e64b5b0747a70.php 第 428 行.
NOTIC: [8] Undefined index: p D:\WWW\daxiaoyihu\Application\Runtime\Cache\Admin\69a1588df9daa66cb22e64b5b0747a70.php 第 428 行.
NOTIC: [8] Undefined index: p D:\WWW\daxiaoyihu\Application\Runtime\Cache\Admin\69a1588df9daa66cb22e64b5b0747a70.php 第 428 行.
NOTIC: [8] Undefined index: p D:\WWW\daxiaoyihu\Application\Runtime\Cache\Admin\69a1588df9daa66cb22e64b5b0747a70.php 第 428 行.
NOTIC: [8] Undefined index: p D:\WWW\daxiaoyihu\Application\Runtime\Cache\Admin\69a1588df9daa66cb22e64b5b0747a70.php 第 428 行.
NOTIC: [8] Undefined index: p D:\WWW\daxiaoyihu\Application\Runtime\Cache\Admin\69a1588df9daa66cb22e64b5b0747a70.php 第 428 行.
NOTIC: [8] Undefined index: p D:\WWW\daxiaoyihu\Application\Runtime\Cache\Admin\69a1588df9daa66cb22e64b5b0747a70.php 第 428 行.
INFO: Run Behavior\ParseTemplateBehavior [ RunTime:0.016001s ]
INFO: [ view_parse ] --END-- [ RunTime:0.016001s ]
INFO: [ view_filter ] --START--
INFO: Run Behavior\WriteHtmlCacheBehavior [ RunTime:0.000000s ]
INFO: [ view_filter ] --END-- [ RunTime:0.000000s ]
INFO: [ app_end ] --START--
INFO: Run Behavior\ShowPageTraceBehavior [ RunTime:0.001000s ]
INFO: [ app_end ] --END-- [ RunTime:0.001000s ]

[ 2017-05-12T14:58:41+08:00 ] 127.0.0.1 /Admin/Coptic/index.html
INFO: [ app_init ] --START--
INFO: Run Behavior\BuildLiteBehavior [ RunTime:0.000000s ]
INFO: [ app_init ] --END-- [ RunTime:0.000000s ]
INFO: [ app_begin ] --START--
INFO: Run Behavior\ReadHtmlCacheBehavior [ RunTime:0.000000s ]
INFO: [ app_begin ] --END-- [ RunTime:0.000000s ]
SQL: SHOW COLUMNS FROM `dxyh_auth_group_access` [ RunTime:0.0080s ]
SQL: SELECT `aid`,`group_id`,`title`,`rules` FROM dxyh_auth_group_access a INNER JOIN dxyh_auth_group g on a.group_id=g.id  WHERE ( a.aid='1' and g.status='1' )  [ RunTime:0.0090s ]
SQL: SHOW COLUMNS FROM `dxyh_auth_rule` [ RunTime:0.0090s ]
SQL: SELECT `condition`,`name` FROM `dxyh_auth_rule` WHERE `id` IN ('19','20','21','22','23','24','25','26','27','28','29','30','31','32','33','34','43','44','45','39','40','41','42','35','36','37','38','1','6','7','8','2','3','4','5','9','10','11','12','13','14','15','16','17','18') AND `type` = 1 AND `status` = 1  [ RunTime:0.0080s ]
SQL: SHOW COLUMNS FROM `dxyh_coptic` [ RunTime:0.0080s ]
SQL: SELECT COUNT(*) AS tp_count FROM dxyh_coptic c INNER JOIN dxyh_coptic_type as ct ON c.coptic_type_id = ct.id  LIMIT 1   [ RunTime:0.0080s ]
SQL: SELECT c.id,ct.category_name,c.coptic_title,c.author,c.referral,c.create_time,c.browse_volume,c.sort,c.original FROM dxyh_coptic c INNER JOIN dxyh_coptic_type as ct ON c.coptic_type_id = ct.id  ORDER BY c.sort desc LIMIT 0,10   [ RunTime:0.0070s ]
SQL: SHOW COLUMNS FROM `dxyh_likes` [ RunTime:0.0060s ]
SQL: SELECT COUNT(*) AS tp_count FROM `dxyh_likes` WHERE `coptic_id` = 86 LIMIT 1   [ RunTime:0.0070s ]
SQL: SHOW COLUMNS FROM `dxyh_collection` [ RunTime:0.0090s ]
SQL: SELECT COUNT(*) AS tp_count FROM `dxyh_collection` WHERE `coptic_id` = 86 LIMIT 1   [ RunTime:0.0070s ]
SQL: SHOW COLUMNS FROM `dxyh_comment` [ RunTime:0.0080s ]
SQL: SELECT COUNT(*) AS tp_count FROM `dxyh_comment` WHERE `coptic_id` = 86 LIMIT 1   [ RunTime:0.0120s ]
SQL: SELECT COUNT(*) AS tp_count FROM `dxyh_likes` WHERE `coptic_id` = 79 LIMIT 1   [ RunTime:0.0070s ]
SQL: SELECT COUNT(*) AS tp_count FROM `dxyh_collection` WHERE `coptic_id` = 79 LIMIT 1   [ RunTime:0.0050s ]
SQL: SELECT COUNT(*) AS tp_count FROM `dxyh_comment` WHERE `coptic_id` = 79 LIMIT 1   [ RunTime:0.0060s ]
SQL: SELECT COUNT(*) AS tp_count FROM `dxyh_likes` WHERE `coptic_id` = 71 LIMIT 1   [ RunTime:0.0050s ]
SQL: SELECT COUNT(*) AS tp_count FROM `dxyh_collection` WHERE `coptic_id` = 71 LIMIT 1   [ RunTime:0.0090s ]
SQL: SELECT COUNT(*) AS tp_count FROM `dxyh_comment` WHERE `coptic_id` = 71 LIMIT 1   [ RunTime:0.0050s ]
SQL: SELECT COUNT(*) AS tp_count FROM `dxyh_likes` WHERE `coptic_id` = 41 LIMIT 1   [ RunTime:0.0060s ]
SQL: SELECT COUNT(*) AS tp_count FROM `dxyh_collection` WHERE `coptic_id` = 41 LIMIT 1   [ RunTime:0.0060s ]
SQL: SELECT COUNT(*) AS tp_count FROM `dxyh_comment` WHERE `coptic_id` = 41 LIMIT 1   [ RunTime:0.0060s ]
SQL: SELECT COUNT(*) AS tp_count FROM `dxyh_likes` WHERE `coptic_id` = 73 LIMIT 1   [ RunTime:0.0060s ]
SQL: SELECT COUNT(*) AS tp_count FROM `dxyh_collection` WHERE `coptic_id` = 73 LIMIT 1   [ RunTime:0.0050s ]
SQL: SELECT COUNT(*) AS tp_count FROM `dxyh_comment` WHERE `coptic_id` = 73 LIMIT 1   [ RunTime:0.0050s ]
SQL: SELECT COUNT(*) AS tp_count FROM `dxyh_likes` WHERE `coptic_id` = 74 LIMIT 1   [ RunTime:0.0060s ]
SQL: SELECT COUNT(*) AS tp_count FROM `dxyh_collection` WHERE `coptic_id` = 74 LIMIT 1   [ RunTime:0.0060s ]
SQL: SELECT COUNT(*) AS tp_count FROM `dxyh_comment` WHERE `coptic_id` = 74 LIMIT 1   [ RunTime:0.0060s ]
SQL: SELECT COUNT(*) AS tp_count FROM `dxyh_likes` WHERE `coptic_id` = 75 LIMIT 1   [ RunTime:0.0100s ]
SQL: SELECT COUNT(*) AS tp_count FROM `dxyh_collection` WHERE `coptic_id` = 75 LIMIT 1   [ RunTime:0.0070s ]
SQL: SELECT COUNT(*) AS tp_count FROM `dxyh_comment` WHERE `coptic_id` = 75 LIMIT 1   [ RunTime:0.0060s ]
SQL: SELECT COUNT(*) AS tp_count FROM `dxyh_likes` WHERE `coptic_id` = 77 LIMIT 1   [ RunTime:0.0070s ]
SQL: SELECT COUNT(*) AS tp_count FROM `dxyh_collection` WHERE `coptic_id` = 77 LIMIT 1   [ RunTime:0.0120s ]
SQL: SELECT COUNT(*) AS tp_count FROM `dxyh_comment` WHERE `coptic_id` = 77 LIMIT 1   [ RunTime:0.0060s ]
SQL: SELECT COUNT(*) AS tp_count FROM `dxyh_likes` WHERE `coptic_id` = 76 LIMIT 1   [ RunTime:0.0060s ]
SQL: SELECT COUNT(*) AS tp_count FROM `dxyh_collection` WHERE `coptic_id` = 76 LIMIT 1   [ RunTime:0.0050s ]
SQL: SELECT COUNT(*) AS tp_count FROM `dxyh_comment` WHERE `coptic_id` = 76 LIMIT 1   [ RunTime:0.0060s ]
SQL: SELECT COUNT(*) AS tp_count FROM `dxyh_likes` WHERE `coptic_id` = 6 LIMIT 1   [ RunTime:0.0060s ]
SQL: SELECT COUNT(*) AS tp_count FROM `dxyh_collection` WHERE `coptic_id` = 6 LIMIT 1   [ RunTime:0.0060s ]
SQL: SELECT COUNT(*) AS tp_count FROM `dxyh_comment` WHERE `coptic_id` = 6 LIMIT 1   [ RunTime:0.0060s ]
SQL: SHOW COLUMNS FROM `dxyh_coptic_type` [ RunTime:0.0060s ]
SQL: SELECT * FROM `dxyh_coptic_type`  [ RunTime:0.0060s ]
NOTIC: [8] Undefined index: copticType D:\WWW\daxiaoyihu\Application\Admin\Controller\CopticController.class.php 第 27 行.
NOTIC: [8] Undefined index: nominate D:\WWW\daxiaoyihu\Application\Admin\Controller\CopticController.class.php 第 28 行.
NOTIC: [8] Undefined index: keyword D:\WWW\daxiaoyihu\Application\Admin\Controller\CopticController.class.php 第 29 行.
INFO: [ view_parse ] --START--
INFO: [ template_filter ] --START--
INFO: Run Behavior\ContentReplaceBehavior [ RunTime:0.000000s ]
INFO: [ template_filter ] --END-- [ RunTime:0.000000s ]
NOTIC: [8] Undefined index: p D:\WWW\daxiaoyihu\Application\Runtime\Cache\Admin\69a1588df9daa66cb22e64b5b0747a70.php 第 428 行.
NOTIC: [8] Undefined index: p D:\WWW\daxiaoyihu\Application\Runtime\Cache\Admin\69a1588df9daa66cb22e64b5b0747a70.php 第 428 行.
NOTIC: [8] Undefined index: p D:\WWW\daxiaoyihu\Application\Runtime\Cache\Admin\69a1588df9daa66cb22e64b5b0747a70.php 第 428 行.
NOTIC: [8] Undefined index: p D:\WWW\daxiaoyihu\Application\Runtime\Cache\Admin\69a1588df9daa66cb22e64b5b0747a70.php 第 428 行.
NOTIC: [8] Undefined index: p D:\WWW\daxiaoyihu\Application\Runtime\Cache\Admin\69a1588df9daa66cb22e64b5b0747a70.php 第 428 行.
NOTIC: [8] Undefined index: p D:\WWW\daxiaoyihu\Application\Runtime\Cache\Admin\69a1588df9daa66cb22e64b5b0747a70.php 第 428 行.
NOTIC: [8] Undefined index: p D:\WWW\daxiaoyihu\Application\Runtime\Cache\Admin\69a1588df9daa66cb22e64b5b0747a70.php 第 428 行.
NOTIC: [8] Undefined index: p D:\WWW\daxiaoyihu\Application\Runtime\Cache\Admin\69a1588df9daa66cb22e64b5b0747a70.php 第 428 行.
NOTIC: [8] Undefined index: p D:\WWW\daxiaoyihu\Application\Runtime\Cache\Admin\69a1588df9daa66cb22e64b5b0747a70.php 第 428 行.
NOTIC: [8] Undefined index: p D:\WWW\daxiaoyihu\Application\Runtime\Cache\Admin\69a1588df9daa66cb22e64b5b0747a70.php 第 428 行.
INFO: Run Behavior\ParseTemplateBehavior [ RunTime:0.012001s ]
INFO: [ view_parse ] --END-- [ RunTime:0.012001s ]
INFO: [ view_filter ] --START--
INFO: Run Behavior\WriteHtmlCacheBehavior [ RunTime:0.001000s ]
INFO: [ view_filter ] --END-- [ RunTime:0.001000s ]
INFO: [ app_end ] --START--
INFO: Run Behavior\ShowPageTraceBehavior [ RunTime:0.000000s ]
INFO: [ app_end ] --END-- [ RunTime:0.000000s ]

[ 2017-05-12T14:58:44+08:00 ] 127.0.0.1 /Admin/Coptic/add.html
INFO: [ app_init ] --START--
INFO: Run Behavior\BuildLiteBehavior [ RunTime:0.000000s ]
INFO: [ app_init ] --END-- [ RunTime:0.000000s ]
INFO: [ app_begin ] --START--
INFO: Run Behavior\ReadHtmlCacheBehavior [ RunTime:0.001000s ]
INFO: [ app_begin ] --END-- [ RunTime:0.002000s ]
SQL: SHOW COLUMNS FROM `dxyh_auth_group_access` [ RunTime:0.0060s ]
SQL: SELECT `aid`,`group_id`,`title`,`rules` FROM dxyh_auth_group_access a INNER JOIN dxyh_auth_group g on a.group_id=g.id  WHERE ( a.aid='1' and g.status='1' )  [ RunTime:0.0060s ]
SQL: SHOW COLUMNS FROM `dxyh_auth_rule` [ RunTime:0.0070s ]
SQL: SELECT `condition`,`name` FROM `dxyh_auth_rule` WHERE `id` IN ('19','20','21','22','23','24','25','26','27','28','29','30','31','32','33','34','43','44','45','39','40','41','42','35','36','37','38','1','6','7','8','2','3','4','5','9','10','11','12','13','14','15','16','17','18') AND `type` = 1 AND `status` = 1  [ RunTime:0.0100s ]
SQL: SHOW COLUMNS FROM `dxyh_coptic` [ RunTime:0.0150s ]
SQL: SHOW COLUMNS FROM `dxyh_coptic_type` [ RunTime:0.0070s ]
SQL: SELECT `id`,`category_name` FROM `dxyh_coptic_type`  [ RunTime:0.0270s ]
INFO: [ view_parse ] --START--
INFO: [ template_filter ] --START--
INFO: Run Behavior\ContentReplaceBehavior [ RunTime:0.000000s ]
INFO: [ template_filter ] --END-- [ RunTime:0.000000s ]
NOTIC: [8] Undefined variable: rows D:\WWW\daxiaoyihu\Application\Runtime\Cache\Admin\925cbf0e3572b7d1b2254a31262467a6.php 第 369 行.
NOTIC: [8] Undefined variable: rows D:\WWW\daxiaoyihu\Application\Runtime\Cache\Admin\925cbf0e3572b7d1b2254a31262467a6.php 第 375 行.
NOTIC: [8] Undefined variable: rows D:\WWW\daxiaoyihu\Application\Runtime\Cache\Admin\925cbf0e3572b7d1b2254a31262467a6.php 第 375 行.
NOTIC: [8] Undefined variable: rows D:\WWW\daxiaoyihu\Application\Runtime\Cache\Admin\925cbf0e3572b7d1b2254a31262467a6.php 第 375 行.
NOTIC: [8] Undefined variable: rows D:\WWW\daxiaoyihu\Application\Runtime\Cache\Admin\925cbf0e3572b7d1b2254a31262467a6.php 第 375 行.
NOTIC: [8] Undefined variable: rows D:\WWW\daxiaoyihu\Application\Runtime\Cache\Admin\925cbf0e3572b7d1b2254a31262467a6.php 第 375 行.
NOTIC: [8] Undefined variable: rows D:\WWW\daxiaoyihu\Application\Runtime\Cache\Admin\925cbf0e3572b7d1b2254a31262467a6.php 第 375 行.
NOTIC: [8] Undefined variable: rows D:\WWW\daxiaoyihu\Application\Runtime\Cache\Admin\925cbf0e3572b7d1b2254a31262467a6.php 第 375 行.
NOTIC: [8] Undefined variable: rows D:\WWW\daxiaoyihu\Application\Runtime\Cache\Admin\925cbf0e3572b7d1b2254a31262467a6.php 第 375 行.
NOTIC: [8] Undefined variable: rows D:\WWW\daxiaoyihu\Application\Runtime\Cache\Admin\925cbf0e3572b7d1b2254a31262467a6.php 第 375 行.
NOTIC: [8] Undefined variable: rows D:\WWW\daxiaoyihu\Application\Runtime\Cache\Admin\925cbf0e3572b7d1b2254a31262467a6.php 第 375 行.
NOTIC: [8] Undefined variable: rows D:\WWW\daxiaoyihu\Application\Runtime\Cache\Admin\925cbf0e3572b7d1b2254a31262467a6.php 第 375 行.
NOTIC: [8] Undefined variable: rows D:\WWW\daxiaoyihu\Application\Runtime\Cache\Admin\925cbf0e3572b7d1b2254a31262467a6.php 第 375 行.
NOTIC: [8] Undefined variable: rows D:\WWW\daxiaoyihu\Application\Runtime\Cache\Admin\925cbf0e3572b7d1b2254a31262467a6.php 第 375 行.
NOTIC: [8] Undefined variable: rows D:\WWW\daxiaoyihu\Application\Runtime\Cache\Admin\925cbf0e3572b7d1b2254a31262467a6.php 第 375 行.
NOTIC: [8] Undefined variable: rows D:\WWW\daxiaoyihu\Application\Runtime\Cache\Admin\925cbf0e3572b7d1b2254a31262467a6.php 第 375 行.
NOTIC: [8] Undefined variable: rows D:\WWW\daxiaoyihu\Application\Runtime\Cache\Admin\925cbf0e3572b7d1b2254a31262467a6.php 第 375 行.
NOTIC: [8] Undefined variable: rows D:\WWW\daxiaoyihu\Application\Runtime\Cache\Admin\925cbf0e3572b7d1b2254a31262467a6.php 第 375 行.
NOTIC: [8] Undefined variable: rows D:\WWW\daxiaoyihu\Application\Runtime\Cache\Admin\925cbf0e3572b7d1b2254a31262467a6.php 第 375 行.
NOTIC: [8] Undefined variable: rows D:\WWW\daxiaoyihu\Application\Runtime\Cache\Admin\925cbf0e3572b7d1b2254a31262467a6.php 第 375 行.
NOTIC: [8] Undefined variable: rows D:\WWW\daxiaoyihu\Application\Runtime\Cache\Admin\925cbf0e3572b7d1b2254a31262467a6.php 第 375 行.
NOTIC: [8] Undefined variable: rows D:\WWW\daxiaoyihu\Application\Runtime\Cache\Admin\925cbf0e3572b7d1b2254a31262467a6.php 第 375 行.
NOTIC: [8] Undefined variable: rows D:\WWW\daxiaoyihu\Application\Runtime\Cache\Admin\925cbf0e3572b7d1b2254a31262467a6.php 第 375 行.
NOTIC: [8] Undefined variable: rows D:\WWW\daxiaoyihu\Application\Runtime\Cache\Admin\925cbf0e3572b7d1b2254a31262467a6.php 第 375 行.
NOTIC: [8] Undefined variable: rows D:\WWW\daxiaoyihu\Application\Runtime\Cache\Admin\925cbf0e3572b7d1b2254a31262467a6.php 第 375 行.
NOTIC: [8] Undefined variable: rows D:\WWW\daxiaoyihu\Application\Runtime\Cache\Admin\925cbf0e3572b7d1b2254a31262467a6.php 第 375 行.
NOTIC: [8] Undefined variable: rows D:\WWW\daxiaoyihu\Application\Runtime\Cache\Admin\925cbf0e3572b7d1b2254a31262467a6.php 第 375 行.
NOTIC: [8] Undefined variable: rows D:\WWW\daxiaoyihu\Application\Runtime\Cache\Admin\925cbf0e3572b7d1b2254a31262467a6.php 第 375 行.
NOTIC: [8] Undefined variable: rows D:\WWW\daxiaoyihu\Application\Runtime\Cache\Admin\925cbf0e3572b7d1b2254a31262467a6.php 第 375 行.
NOTIC: [8] Undefined variable: rows D:\WWW\daxiaoyihu\Application\Runtime\Cache\Admin\925cbf0e3572b7d1b2254a31262467a6.php 第 375 行.
NOTIC: [8] Undefined variable: rows D:\WWW\daxiaoyihu\Application\Runtime\Cache\Admin\925cbf0e3572b7d1b2254a31262467a6.php 第 375 行.
NOTIC: [8] Undefined variable: rows D:\WWW\daxiaoyihu\Application\Runtime\Cache\Admin\925cbf0e3572b7d1b2254a31262467a6.php 第 375 行.
NOTIC: [8] Undefined variable: rows D:\WWW\daxiaoyihu\Application\Runtime\Cache\Admin\925cbf0e3572b7d1b2254a31262467a6.php 第 375 行.
NOTIC: [8] Undefined variable: rows D:\WWW\daxiaoyihu\Application\Runtime\Cache\Admin\925cbf0e3572b7d1b2254a31262467a6.php 第 375 行.
NOTIC: [8] Undefined variable: rows D:\WWW\daxiaoyihu\Application\Runtime\Cache\Admin\925cbf0e3572b7d1b2254a31262467a6.php 第 375 行.
NOTIC: [8] Undefined variable: rows D:\WWW\daxiaoyihu\Application\Runtime\Cache\Admin\925cbf0e3572b7d1b2254a31262467a6.php 第 375 行.
NOTIC: [8] Undefined variable: rows D:\WWW\daxiaoyihu\Application\Runtime\Cache\Admin\925cbf0e3572b7d1b2254a31262467a6.php 第 375 行.
NOTIC: [8] Undefined variable: rows D:\WWW\daxiaoyihu\Application\Runtime\Cache\Admin\925cbf0e3572b7d1b2254a31262467a6.php 第 375 行.
NOTIC: [8] Undefined variable: rows D:\WWW\daxiaoyihu\Application\Runtime\Cache\Admin\925cbf0e3572b7d1b2254a31262467a6.php 第 375 行.
NOTIC: [8] Undefined variable: rows D:\WWW\daxiaoyihu\Application\Runtime\Cache\Admin\925cbf0e3572b7d1b2254a31262467a6.php 第 375 行.
NOTIC: [8] Undefined variable: rows D:\WWW\daxiaoyihu\Application\Runtime\Cache\Admin\925cbf0e3572b7d1b2254a31262467a6.php 第 385 行.
NOTIC: [8] Undefined variable: rows D:\WWW\daxiaoyihu\Application\Runtime\Cache\Admin\925cbf0e3572b7d1b2254a31262467a6.php 第 396 行.
NOTIC: [8] Undefined variable: rows D:\WWW\daxiaoyihu\Application\Runtime\Cache\Admin\925cbf0e3572b7d1b2254a31262467a6.php 第 409 行.
NOTIC: [8] Undefined variable: rows D:\WWW\daxiaoyihu\Application\Runtime\Cache\Admin\925cbf0e3572b7d1b2254a31262467a6.php 第 418 行.
NOTIC: [8] Undefined variable: rows D:\WWW\daxiaoyihu\Application\Runtime\Cache\Admin\925cbf0e3572b7d1b2254a31262467a6.php 第 427 行.
NOTIC: [8] Undefined variable: rows D:\WWW\daxiaoyihu\Application\Runtime\Cache\Admin\925cbf0e3572b7d1b2254a31262467a6.php 第 436 行.
NOTIC: [8] Undefined variable: rows D:\WWW\daxiaoyihu\Application\Runtime\Cache\Admin\925cbf0e3572b7d1b2254a31262467a6.php 第 445 行.
NOTIC: [8] Undefined variable: rows D:\WWW\daxiaoyihu\Application\Runtime\Cache\Admin\925cbf0e3572b7d1b2254a31262467a6.php 第 454 行.
NOTIC: [8] Undefined variable: rows D:\WWW\daxiaoyihu\Application\Runtime\Cache\Admin\925cbf0e3572b7d1b2254a31262467a6.php 第 463 行.
NOTIC: [8] Undefined variable: rows D:\WWW\daxiaoyihu\Application\Runtime\Cache\Admin\925cbf0e3572b7d1b2254a31262467a6.php 第 464 行.
NOTIC: [8] Undefined variable: rows D:\WWW\daxiaoyihu\Application\Runtime\Cache\Admin\925cbf0e3572b7d1b2254a31262467a6.php 第 473 行.
NOTIC: [8] Undefined variable: rows D:\WWW\daxiaoyihu\Application\Runtime\Cache\Admin\925cbf0e3572b7d1b2254a31262467a6.php 第 482 行.
NOTIC: [8] Undefined variable: rows D:\WWW\daxiaoyihu\Application\Runtime\Cache\Admin\925cbf0e3572b7d1b2254a31262467a6.php 第 483 行.
INFO: Run Behavior\ParseTemplateBehavior [ RunTime:0.021001s ]
INFO: [ view_parse ] --END-- [ RunTime:0.021001s ]
INFO: [ view_filter ] --START--
INFO: Run Behavior\WriteHtmlCacheBehavior [ RunTime:0.001000s ]
INFO: [ view_filter ] --END-- [ RunTime:0.001000s ]
INFO: [ app_end ] --START--
INFO: Run Behavior\ShowPageTraceBehavior [ RunTime:0.000000s ]
INFO: [ app_end ] --END-- [ RunTime:0.000000s ]

[ 2017-05-12T14:59:16+08:00 ] 127.0.0.1 /Admin/Coptic/add.html
INFO: [ app_init ] --START--
INFO: Run Behavior\BuildLiteBehavior [ RunTime:0.000000s ]
INFO: [ app_init ] --END-- [ RunTime:0.000000s ]
INFO: [ app_begin ] --START--
INFO: Run Behavior\ReadHtmlCacheBehavior [ RunTime:0.000000s ]
INFO: [ app_begin ] --END-- [ RunTime:0.000000s ]
SQL: SHOW COLUMNS FROM `dxyh_auth_group_access` [ RunTime:0.0050s ]
SQL: SELECT `aid`,`group_id`,`title`,`rules` FROM dxyh_auth_group_access a INNER JOIN dxyh_auth_group g on a.group_id=g.id  WHERE ( a.aid='1' and g.status='1' )  [ RunTime:0.0050s ]
SQL: SHOW COLUMNS FROM `dxyh_auth_rule` [ RunTime:0.0050s ]
SQL: SELECT `condition`,`name` FROM `dxyh_auth_rule` WHERE `id` IN ('19','20','21','22','23','24','25','26','27','28','29','30','31','32','33','34','43','44','45','39','40','41','42','35','36','37','38','1','6','7','8','2','3','4','5','9','10','11','12','13','14','15','16','17','18') AND `type` = 1 AND `status` = 1  [ RunTime:0.0090s ]
SQL: SHOW COLUMNS FROM `dxyh_coptic` [ RunTime:0.0090s ]
SQL: SHOW COLUMNS FROM `dxyh_coptic_type` [ RunTime:0.0080s ]
SQL: SELECT `id`,`category_name` FROM `dxyh_coptic_type`  [ RunTime:0.0070s ]
INFO: [ view_parse ] --START--
INFO: [ template_filter ] --START--
INFO: Run Behavior\ContentReplaceBehavior [ RunTime:0.000000s ]
INFO: [ template_filter ] --END-- [ RunTime:0.000000s ]
NOTIC: [8] Undefined variable: rows D:\WWW\daxiaoyihu\Application\Runtime\Cache\Admin\925cbf0e3572b7d1b2254a31262467a6.php 第 369 行.
NOTIC: [8] Undefined variable: rows D:\WWW\daxiaoyihu\Application\Runtime\Cache\Admin\925cbf0e3572b7d1b2254a31262467a6.php 第 375 行.
NOTIC: [8] Undefined variable: rows D:\WWW\daxiaoyihu\Application\Runtime\Cache\Admin\925cbf0e3572b7d1b2254a31262467a6.php 第 375 行.
NOTIC: [8] Undefined variable: rows D:\WWW\daxiaoyihu\Application\Runtime\Cache\Admin\925cbf0e3572b7d1b2254a31262467a6.php 第 375 行.
NOTIC: [8] Undefined variable: rows D:\WWW\daxiaoyihu\Application\Runtime\Cache\Admin\925cbf0e3572b7d1b2254a31262467a6.php 第 375 行.
NOTIC: [8] Undefined variable: rows D:\WWW\daxiaoyihu\Application\Runtime\Cache\Admin\925cbf0e3572b7d1b2254a31262467a6.php 第 375 行.
NOTIC: [8] Undefined variable: rows D:\WWW\daxiaoyihu\Application\Runtime\Cache\Admin\925cbf0e3572b7d1b2254a31262467a6.php 第 375 行.
NOTIC: [8] Undefined variable: rows D:\WWW\daxiaoyihu\Application\Runtime\Cache\Admin\925cbf0e3572b7d1b2254a31262467a6.php 第 375 行.
NOTIC: [8] Undefined variable: rows D:\WWW\daxiaoyihu\Application\Runtime\Cache\Admin\925cbf0e3572b7d1b2254a31262467a6.php 第 375 行.
NOTIC: [8] Undefined variable: rows D:\WWW\daxiaoyihu\Application\Runtime\Cache\Admin\925cbf0e3572b7d1b2254a31262467a6.php 第 375 行.
NOTIC: [8] Undefined variable: rows D:\WWW\daxiaoyihu\Application\Runtime\Cache\Admin\925cbf0e3572b7d1b2254a31262467a6.php 第 375 行.
NOTIC: [8] Undefined variable: rows D:\WWW\daxiaoyihu\Application\Runtime\Cache\Admin\925cbf0e3572b7d1b2254a31262467a6.php 第 375 行.
NOTIC: [8] Undefined variable: rows D:\WWW\daxiaoyihu\Application\Runtime\Cache\Admin\925cbf0e3572b7d1b2254a31262467a6.php 第 375 行.
NOTIC: [8] Undefined variable: rows D:\WWW\daxiaoyihu\Application\Runtime\Cache\Admin\925cbf0e3572b7d1b2254a31262467a6.php 第 375 行.
NOTIC: [8] Undefined variable: rows D:\WWW\daxiaoyihu\Application\Runtime\Cache\Admin\925cbf0e3572b7d1b2254a31262467a6.php 第 375 行.
NOTIC: [8] Undefined variable: rows D:\WWW\daxiaoyihu\Application\Runtime\Cache\Admin\925cbf0e3572b7d1b2254a31262467a6.php 第 375 行.
NOTIC: [8] Undefined variable: rows D:\WWW\daxiaoyihu\Application\Runtime\Cache\Admin\925cbf0e3572b7d1b2254a31262467a6.php 第 375 行.
NOTIC: [8] Undefined variable: rows D:\WWW\daxiaoyihu\Application\Runtime\Cache\Admin\925cbf0e3572b7d1b2254a31262467a6.php 第 375 行.
NOTIC: [8] Undefined variable: rows D:\WWW\daxiaoyihu\Application\Runtime\Cache\Admin\925cbf0e3572b7d1b2254a31262467a6.php 第 375 行.
NOTIC: [8] Undefined variable: rows D:\WWW\daxiaoyihu\Application\Runtime\Cache\Admin\925cbf0e3572b7d1b2254a31262467a6.php 第 375 行.
NOTIC: [8] Undefined variable: rows D:\WWW\daxiaoyihu\Application\Runtime\Cache\Admin\925cbf0e3572b7d1b2254a31262467a6.php 第 375 行.
NOTIC: [8] Undefined variable: rows D:\WWW\daxiaoyihu\Application\Runtime\Cache\Admin\925cbf0e3572b7d1b2254a31262467a6.php 第 375 行.
NOTIC: [8] Undefined variable: rows D:\WWW\daxiaoyihu\Application\Runtime\Cache\Admin\925cbf0e3572b7d1b2254a31262467a6.php 第 375 行.
NOTIC: [8] Undefined variable: rows D:\WWW\daxiaoyihu\Application\Runtime\Cache\Admin\925cbf0e3572b7d1b2254a31262467a6.php 第 375 行.
NOTIC: [8] Undefined variable: rows D:\WWW\daxiaoyihu\Application\Runtime\Cache\Admin\925cbf0e3572b7d1b2254a31262467a6.php 第 375 行.
NOTIC: [8] Undefined variable: rows D:\WWW\daxiaoyihu\Application\Runtime\Cache\Admin\925cbf0e3572b7d1b2254a31262467a6.php 第 375 行.
NOTIC: [8] Undefined variable: rows D:\WWW\daxiaoyihu\Application\Runtime\Cache\Admin\925cbf0e3572b7d1b2254a31262467a6.php 第 375 行.
NOTIC: [8] Undefined variable: rows D:\WWW\daxiaoyihu\Application\Runtime\Cache\Admin\925cbf0e3572b7d1b2254a31262467a6.php 第 375 行.
NOTIC: [8] Undefined variable: rows D:\WWW\daxiaoyihu\Application\Runtime\Cache\Admin\925cbf0e3572b7d1b2254a31262467a6.php 第 375 行.
NOTIC: [8] Undefined variable: rows D:\WWW\daxiaoyihu\Application\Runtime\Cache\Admin\925cbf0e3572b7d1b2254a31262467a6.php 第 375 行.
NOTIC: [8] Undefined variable: rows D:\WWW\daxiaoyihu\Application\Runtime\Cache\Admin\925cbf0e3572b7d1b2254a31262467a6.php 第 375 行.
NOTIC: [8] Undefined variable: rows D:\WWW\daxiaoyihu\Application\Runtime\Cache\Admin\925cbf0e3572b7d1b2254a31262467a6.php 第 375 行.
NOTIC: [8] Undefined variable: rows D:\WWW\daxiaoyihu\Application\Runtime\Cache\Admin\925cbf0e3572b7d1b2254a31262467a6.php 第 375 行.
NOTIC: [8] Undefined variable: rows D:\WWW\daxiaoyihu\Application\Runtime\Cache\Admin\925cbf0e3572b7d1b2254a31262467a6.php 第 375 行.
NOTIC: [8] Undefined variable: rows D:\WWW\daxiaoyihu\Application\Runtime\Cache\Admin\925cbf0e3572b7d1b2254a31262467a6.php 第 375 行.
NOTIC: [8] Undefined variable: rows D:\WWW\daxiaoyihu\Application\Runtime\Cache\Admin\925cbf0e3572b7d1b2254a31262467a6.php 第 375 行.
NOTIC: [8] Undefined variable: rows D:\WWW\daxiaoyihu\Application\Runtime\Cache\Admin\925cbf0e3572b7d1b2254a31262467a6.php 第 375 行.
NOTIC: [8] Undefined variable: rows D:\WWW\daxiaoyihu\Application\Runtime\Cache\Admin\925cbf0e3572b7d1b2254a31262467a6.php 第 375 行.
NOTIC: [8] Undefined variable: rows D:\WWW\daxiaoyihu\Application\Runtime\Cache\Admin\925cbf0e3572b7d1b2254a31262467a6.php 第 375 行.
NOTIC: [8] Undefined variable: rows D:\WWW\daxiaoyihu\Application\Runtime\Cache\Admin\925cbf0e3572b7d1b2254a31262467a6.php 第 375 行.
NOTIC: [8] Undefined variable: rows D:\WWW\daxiaoyihu\Application\Runtime\Cache\Admin\925cbf0e3572b7d1b2254a31262467a6.php 第 385 行.
NOTIC: [8] Undefined variable: rows D:\WWW\daxiaoyihu\Application\Runtime\Cache\Admin\925cbf0e3572b7d1b2254a31262467a6.php 第 396 行.
NOTIC: [8] Undefined variable: rows D:\WWW\daxiaoyihu\Application\Runtime\Cache\Admin\925cbf0e3572b7d1b2254a31262467a6.php 第 409 行.
NOTIC: [8] Undefined variable: rows D:\WWW\daxiaoyihu\Application\Runtime\Cache\Admin\925cbf0e3572b7d1b2254a31262467a6.php 第 418 行.
NOTIC: [8] Undefined variable: rows D:\WWW\daxiaoyihu\Application\Runtime\Cache\Admin\925cbf0e3572b7d1b2254a31262467a6.php 第 427 行.
NOTIC: [8] Undefined variable: rows D:\WWW\daxiaoyihu\Application\Runtime\Cache\Admin\925cbf0e3572b7d1b2254a31262467a6.php 第 436 行.
NOTIC: [8] Undefined variable: rows D:\WWW\daxiaoyihu\Application\Runtime\Cache\Admin\925cbf0e3572b7d1b2254a31262467a6.php 第 445 行.
NOTIC: [8] Undefined variable: rows D:\WWW\daxiaoyihu\Application\Runtime\Cache\Admin\925cbf0e3572b7d1b2254a31262467a6.php 第 454 行.
NOTIC: [8] Undefined variable: rows D:\WWW\daxiaoyihu\Application\Runtime\Cache\Admin\925cbf0e3572b7d1b2254a31262467a6.php 第 463 行.
NOTIC: [8] Undefined variable: rows D:\WWW\daxiaoyihu\Application\Runtime\Cache\Admin\925cbf0e3572b7d1b2254a31262467a6.php 第 464 行.
NOTIC: [8] Undefined variable: rows D:\WWW\daxiaoyihu\Application\Runtime\Cache\Admin\925cbf0e3572b7d1b2254a31262467a6.php 第 473 行.
NOTIC: [8] Undefined variable: rows D:\WWW\daxiaoyihu\Application\Runtime\Cache\Admin\925cbf0e3572b7d1b2254a31262467a6.php 第 482 行.
NOTIC: [8] Undefined variable: rows D:\WWW\daxiaoyihu\Application\Runtime\Cache\Admin\925cbf0e3572b7d1b2254a31262467a6.php 第 483 行.
INFO: Run Behavior\ParseTemplateBehavior [ RunTime:0.021002s ]
INFO: [ view_parse ] --END-- [ RunTime:0.022002s ]
INFO: [ view_filter ] --START--
INFO: Run Behavior\WriteHtmlCacheBehavior [ RunTime:0.000000s ]
INFO: [ view_filter ] --END-- [ RunTime:0.000000s ]
INFO: [ app_end ] --START--
INFO: Run Behavior\ShowPageTraceBehavior [ RunTime:0.001000s ]
INFO: [ app_end ] --END-- [ RunTime:0.001000s ]

[ 2017-05-12T14:59:18+08:00 ] 127.0.0.1 /Admin/Coptic/add.html
INFO: [ app_init ] --START--
INFO: Run Behavior\BuildLiteBehavior [ RunTime:0.000000s ]
INFO: [ app_init ] --END-- [ RunTime:0.000000s ]
INFO: [ app_begin ] --START--
INFO: Run Behavior\ReadHtmlCacheBehavior [ RunTime:0.000000s ]
INFO: [ app_begin ] --END-- [ RunTime:0.000000s ]
SQL: SHOW COLUMNS FROM `dxyh_auth_group_access` [ RunTime:0.0060s ]
SQL: SELECT `aid`,`group_id`,`title`,`rules` FROM dxyh_auth_group_access a INNER JOIN dxyh_auth_group g on a.group_id=g.id  WHERE ( a.aid='1' and g.status='1' )  [ RunTime:0.0070s ]
SQL: SHOW COLUMNS FROM `dxyh_auth_rule` [ RunTime:0.0080s ]
SQL: SELECT `condition`,`name` FROM `dxyh_auth_rule` WHERE `id` IN ('19','20','21','22','23','24','25','26','27','28','29','30','31','32','33','34','43','44','45','39','40','41','42','35','36','37','38','1','6','7','8','2','3','4','5','9','10','11','12','13','14','15','16','17','18') AND `type` = 1 AND `status` = 1  [ RunTime:0.0080s ]
SQL: SHOW COLUMNS FROM `dxyh_coptic` [ RunTime:0.0100s ]
SQL: SHOW COLUMNS FROM `dxyh_coptic_type` [ RunTime:0.0060s ]
SQL: SELECT `id`,`category_name` FROM `dxyh_coptic_type`  [ RunTime:0.0130s ]
INFO: [ view_parse ] --START--
INFO: [ template_filter ] --START--
INFO: Run Behavior\ContentReplaceBehavior [ RunTime:0.000000s ]
INFO: [ template_filter ] --END-- [ RunTime:0.000000s ]
NOTIC: [8] Undefined variable: rows D:\WWW\daxiaoyihu\Application\Runtime\Cache\Admin\925cbf0e3572b7d1b2254a31262467a6.php 第 369 行.
NOTIC: [8] Undefined variable: rows D:\WWW\daxiaoyihu\Application\Runtime\Cache\Admin\925cbf0e3572b7d1b2254a31262467a6.php 第 375 行.
NOTIC: [8] Undefined variable: rows D:\WWW\daxiaoyihu\Application\Runtime\Cache\Admin\925cbf0e3572b7d1b2254a31262467a6.php 第 375 行.
NOTIC: [8] Undefined variable: rows D:\WWW\daxiaoyihu\Application\Runtime\Cache\Admin\925cbf0e3572b7d1b2254a31262467a6.php 第 375 行.
NOTIC: [8] Undefined variable: rows D:\WWW\daxiaoyihu\Application\Runtime\Cache\Admin\925cbf0e3572b7d1b2254a31262467a6.php 第 375 行.
NOTIC: [8] Undefined variable: rows D:\WWW\daxiaoyihu\Application\Runtime\Cache\Admin\925cbf0e3572b7d1b2254a31262467a6.php 第 375 行.
NOTIC: [8] Undefined variable: rows D:\WWW\daxiaoyihu\Application\Runtime\Cache\Admin\925cbf0e3572b7d1b2254a31262467a6.php 第 375 行.
NOTIC: [8] Undefined variable: rows D:\WWW\daxiaoyihu\Application\Runtime\Cache\Admin\925cbf0e3572b7d1b2254a31262467a6.php 第 375 行.
NOTIC: [8] Undefined variable: rows D:\WWW\daxiaoyihu\Application\Runtime\Cache\Admin\925cbf0e3572b7d1b2254a31262467a6.php 第 375 行.
NOTIC: [8] Undefined variable: rows D:\WWW\daxiaoyihu\Application\Runtime\Cache\Admin\925cbf0e3572b7d1b2254a31262467a6.php 第 375 行.
NOTIC: [8] Undefined variable: rows D:\WWW\daxiaoyihu\Application\Runtime\Cache\Admin\925cbf0e3572b7d1b2254a31262467a6.php 第 375 行.
NOTIC: [8] Undefined variable: rows D:\WWW\daxiaoyihu\Application\Runtime\Cache\Admin\925cbf0e3572b7d1b2254a31262467a6.php 第 375 行.
NOTIC: [8] Undefined variable: rows D:\WWW\daxiaoyihu\Application\Runtime\Cache\Admin\925cbf0e3572b7d1b2254a31262467a6.php 第 375 行.
NOTIC: [8] Undefined variable: rows D:\WWW\daxiaoyihu\Application\Runtime\Cache\Admin\925cbf0e3572b7d1b2254a31262467a6.php 第 375 行.
NOTIC: [8] Undefined variable: rows D:\WWW\daxiaoyihu\Application\Runtime\Cache\Admin\925cbf0e3572b7d1b2254a31262467a6.php 第 375 行.
NOTIC: [8] Undefined variable: rows D:\WWW\daxiaoyihu\Application\Runtime\Cache\Admin\925cbf0e3572b7d1b2254a31262467a6.php 第 375 行.
NOTIC: [8] Undefined variable: rows D:\WWW\daxiaoyihu\Application\Runtime\Cache\Admin\925cbf0e3572b7d1b2254a31262467a6.php 第 375 行.
NOTIC: [8] Undefined variable: rows D:\WWW\daxiaoyihu\Application\Runtime\Cache\Admin\925cbf0e3572b7d1b2254a31262467a6.php 第 375 行.
NOTIC: [8] Undefined variable: rows D:\WWW\daxiaoyihu\Application\Runtime\Cache\Admin\925cbf0e3572b7d1b2254a31262467a6.php 第 375 行.
NOTIC: [8] Undefined variable: rows D:\WWW\daxiaoyihu\Application\Runtime\Cache\Admin\925cbf0e3572b7d1b2254a31262467a6.php 第 375 行.
NOTIC: [8] Undefined variable: rows D:\WWW\daxiaoyihu\Application\Runtime\Cache\Admin\925cbf0e3572b7d1b2254a31262467a6.php 第 375 行.
NOTIC: [8] Undefined variable: rows D:\WWW\daxiaoyihu\Application\Runtime\Cache\Admin\925cbf0e3572b7d1b2254a31262467a6.php 第 375 行.
NOTIC: [8] Undefined variable: rows D:\WWW\daxiaoyihu\Application\Runtime\Cache\Admin\925cbf0e3572b7d1b2254a31262467a6.php 第 375 行.
NOTIC: [8] Undefined variable: rows D:\WWW\daxiaoyihu\Application\Runtime\Cache\Admin\925cbf0e3572b7d1b2254a31262467a6.php 第 375 行.
NOTIC: [8] Undefined variable: rows D:\WWW\daxiaoyihu\Application\Runtime\Cache\Admin\925cbf0e3572b7d1b2254a31262467a6.php 第 375 行.
NOTIC: [8] Undefined variable: rows D:\WWW\daxiaoyihu\Application\Runtime\Cache\Admin\925cbf0e3572b7d1b2254a31262467a6.php 第 375 行.
NOTIC: [8] Undefined variable: rows D:\WWW\daxiaoyihu\Application\Runtime\Cache\Admin\925cbf0e3572b7d1b2254a31262467a6.php 第 375 行.
NOTIC: [8] Undefined variable: rows D:\WWW\daxiaoyihu\Application\Runtime\Cache\Admin\925cbf0e3572b7d1b2254a31262467a6.php 第 375 行.
NOTIC: [8] Undefined variable: rows D:\WWW\daxiaoyihu\Application\Runtime\Cache\Admin\925cbf0e3572b7d1b2254a31262467a6.php 第 375 行.
NOTIC: [8] Undefined variable: rows D:\WWW\daxiaoyihu\Application\Runtime\Cache\Admin\925cbf0e3572b7d1b2254a31262467a6.php 第 375 行.
NOTIC: [8] Undefined variable: rows D:\WWW\daxiaoyihu\Application\Runtime\Cache\Admin\925cbf0e3572b7d1b2254a31262467a6.php 第 375 行.
NOTIC: [8] Undefined variable: rows D:\WWW\daxiaoyihu\Application\Runtime\Cache\Admin\925cbf0e3572b7d1b2254a31262467a6.php 第 375 行.
NOTIC: [8] Undefined variable: rows D:\WWW\daxiaoyihu\Application\Runtime\Cache\Admin\925cbf0e3572b7d1b2254a31262467a6.php 第 375 行.
NOTIC: [8] Undefined variable: rows D:\WWW\daxiaoyihu\Application\Runtime\Cache\Admin\925cbf0e3572b7d1b2254a31262467a6.php 第 375 行.
NOTIC: [8] Undefined variable: rows D:\WWW\daxiaoyihu\Application\Runtime\Cache\Admin\925cbf0e3572b7d1b2254a31262467a6.php 第 375 行.
NOTIC: [8] Undefined variable: rows D:\WWW\daxiaoyihu\Application\Runtime\Cache\Admin\925cbf0e3572b7d1b2254a31262467a6.php 第 375 行.
NOTIC: [8] Undefined variable: rows D:\WWW\daxiaoyihu\Application\Runtime\Cache\Admin\925cbf0e3572b7d1b2254a31262467a6.php 第 375 行.
NOTIC: [8] Undefined variable: rows D:\WWW\daxiaoyihu\Application\Runtime\Cache\Admin\925cbf0e3572b7d1b2254a31262467a6.php 第 375 行.
NOTIC: [8] Undefined variable: rows D:\WWW\daxiaoyihu\Application\Runtime\Cache\Admin\925cbf0e3572b7d1b2254a31262467a6.php 第 375 行.
NOTIC: [8] Undefined variable: rows D:\WWW\daxiaoyihu\Application\Runtime\Cache\Admin\925cbf0e3572b7d1b2254a31262467a6.php 第 375 行.
NOTIC: [8] Undefined variable: rows D:\WWW\daxiaoyihu\Application\Runtime\Cache\Admin\925cbf0e3572b7d1b2254a31262467a6.php 第 385 行.
NOTIC: [8] Undefined variable: rows D:\WWW\daxiaoyihu\Application\Runtime\Cache\Admin\925cbf0e3572b7d1b2254a31262467a6.php 第 396 行.
NOTIC: [8] Undefined variable: rows D:\WWW\daxiaoyihu\Application\Runtime\Cache\Admin\925cbf0e3572b7d1b2254a31262467a6.php 第 409 行.
NOTIC: [8] Undefined variable: rows D:\WWW\daxiaoyihu\Application\Runtime\Cache\Admin\925cbf0e3572b7d1b2254a31262467a6.php 第 418 行.
NOTIC: [8] Undefined variable: rows D:\WWW\daxiaoyihu\Application\Runtime\Cache\Admin\925cbf0e3572b7d1b2254a31262467a6.php 第 427 行.
NOTIC: [8] Undefined variable: rows D:\WWW\daxiaoyihu\Application\Runtime\Cache\Admin\925cbf0e3572b7d1b2254a31262467a6.php 第 436 行.
NOTIC: [8] Undefined variable: rows D:\WWW\daxiaoyihu\Application\Runtime\Cache\Admin\925cbf0e3572b7d1b2254a31262467a6.php 第 445 行.
NOTIC: [8] Undefined variable: rows D:\WWW\daxiaoyihu\Application\Runtime\Cache\Admin\925cbf0e3572b7d1b2254a31262467a6.php 第 454 行.
NOTIC: [8] Undefined variable: rows D:\WWW\daxiaoyihu\Application\Runtime\Cache\Admin\925cbf0e3572b7d1b2254a31262467a6.php 第 463 行.
NOTIC: [8] Undefined variable: rows D:\WWW\daxiaoyihu\Application\Runtime\Cache\Admin\925cbf0e3572b7d1b2254a31262467a6.php 第 464 行.
NOTIC: [8] Undefined variable: rows D:\WWW\daxiaoyihu\Application\Runtime\Cache\Admin\925cbf0e3572b7d1b2254a31262467a6.php 第 473 行.
NOTIC: [8] Undefined variable: rows D:\WWW\daxiaoyihu\Application\Runtime\Cache\Admin\925cbf0e3572b7d1b2254a31262467a6.php 第 482 行.
NOTIC: [8] Undefined variable: rows D:\WWW\daxiaoyihu\Application\Runtime\Cache\Admin\925cbf0e3572b7d1b2254a31262467a6.php 第 483 行.
INFO: Run Behavior\ParseTemplateBehavior [ RunTime:0.015001s ]
INFO: [ view_parse ] --END-- [ RunTime:0.015001s ]
INFO: [ view_filter ] --START--
INFO: Run Behavior\WriteHtmlCacheBehavior [ RunTime:0.000000s ]
INFO: [ view_filter ] --END-- [ RunTime:0.000000s ]
INFO: [ app_end ] --START--
INFO: Run Behavior\ShowPageTraceBehavior [ RunTime:0.001000s ]
INFO: [ app_end ] --END-- [ RunTime:0.001000s ]

[ 2017-05-12T14:59:25+08:00 ] 127.0.0.1 /Admin/Coptic/add.html
INFO: [ app_init ] --START--
INFO: Run Behavior\BuildLiteBehavior [ RunTime:0.000000s ]
INFO: [ app_init ] --END-- [ RunTime:0.001000s ]
INFO: [ app_begin ] --START--
INFO: Run Behavior\ReadHtmlCacheBehavior [ RunTime:0.000000s ]
INFO: [ app_begin ] --END-- [ RunTime:0.000000s ]
SQL: SHOW COLUMNS FROM `dxyh_auth_group_access` [ RunTime:0.0050s ]
SQL: SELECT `aid`,`group_id`,`title`,`rules` FROM dxyh_auth_group_access a INNER JOIN dxyh_auth_group g on a.group_id=g.id  WHERE ( a.aid='1' and g.status='1' )  [ RunTime:0.0060s ]
SQL: SHOW COLUMNS FROM `dxyh_auth_rule` [ RunTime:0.0090s ]
SQL: SELECT `condition`,`name` FROM `dxyh_auth_rule` WHERE `id` IN ('19','20','21','22','23','24','25','26','27','28','29','30','31','32','33','34','43','44','45','39','40','41','42','35','36','37','38','1','6','7','8','2','3','4','5','9','10','11','12','13','14','15','16','17','18') AND `type` = 1 AND `status` = 1  [ RunTime:0.0080s ]
SQL: SHOW COLUMNS FROM `dxyh_coptic` [ RunTime:0.0100s ]
SQL: SHOW COLUMNS FROM `dxyh_coptic_type` [ RunTime:0.0060s ]
SQL: SELECT `id`,`category_name` FROM `dxyh_coptic_type`  [ RunTime:0.0050s ]
INFO: [ view_parse ] --START--
INFO: [ template_filter ] --START--
INFO: Run Behavior\ContentReplaceBehavior [ RunTime:0.000000s ]
INFO: [ template_filter ] --END-- [ RunTime:0.000000s ]
NOTIC: [8] Undefined variable: rows D:\WWW\daxiaoyihu\Application\Runtime\Cache\Admin\925cbf0e3572b7d1b2254a31262467a6.php 第 369 行.
NOTIC: [8] Undefined variable: rows D:\WWW\daxiaoyihu\Application\Runtime\Cache\Admin\925cbf0e3572b7d1b2254a31262467a6.php 第 375 行.
NOTIC: [8] Undefined variable: rows D:\WWW\daxiaoyihu\Application\Runtime\Cache\Admin\925cbf0e3572b7d1b2254a31262467a6.php 第 375 行.
NOTIC: [8] Undefined variable: rows D:\WWW\daxiaoyihu\Application\Runtime\Cache\Admin\925cbf0e3572b7d1b2254a31262467a6.php 第 375 行.
NOTIC: [8] Undefined variable: rows D:\WWW\daxiaoyihu\Application\Runtime\Cache\Admin\925cbf0e3572b7d1b2254a31262467a6.php 第 375 行.
NOTIC: [8] Undefined variable: rows D:\WWW\daxiaoyihu\Application\Runtime\Cache\Admin\925cbf0e3572b7d1b2254a31262467a6.php 第 375 行.
NOTIC: [8] Undefined variable: rows D:\WWW\daxiaoyihu\Application\Runtime\Cache\Admin\925cbf0e3572b7d1b2254a31262467a6.php 第 375 行.
NOTIC: [8] Undefined variable: rows D:\WWW\daxiaoyihu\Application\Runtime\Cache\Admin\925cbf0e3572b7d1b2254a31262467a6.php 第 375 行.
NOTIC: [8] Undefined variable: rows D:\WWW\daxiaoyihu\Application\Runtime\Cache\Admin\925cbf0e3572b7d1b2254a31262467a6.php 第 375 行.
NOTIC: [8] Undefined variable: rows D:\WWW\daxiaoyihu\Application\Runtime\Cache\Admin\925cbf0e3572b7d1b2254a31262467a6.php 第 375 行.
NOTIC: [8] Undefined variable: rows D:\WWW\daxiaoyihu\Application\Runtime\Cache\Admin\925cbf0e3572b7d1b2254a31262467a6.php 第 375 行.
NOTIC: [8] Undefined variable: rows D:\WWW\daxiaoyihu\Application\Runtime\Cache\Admin\925cbf0e3572b7d1b2254a31262467a6.php 第 375 行.
NOTIC: [8] Undefined variable: rows D:\WWW\daxiaoyihu\Application\Runtime\Cache\Admin\925cbf0e3572b7d1b2254a31262467a6.php 第 375 行.
NOTIC: [8] Undefined variable: rows D:\WWW\daxiaoyihu\Application\Runtime\Cache\Admin\925cbf0e3572b7d1b2254a31262467a6.php 第 375 行.
NOTIC: [8] Undefined variable: rows D:\WWW\daxiaoyihu\Application\Runtime\Cache\Admin\925cbf0e3572b7d1b2254a31262467a6.php 第 375 行.
NOTIC: [8] Undefined variable: rows D:\WWW\daxiaoyihu\Application\Runtime\Cache\Admin\925cbf0e3572b7d1b2254a31262467a6.php 第 375 行.
NOTIC: [8] Undefined variable: rows D:\WWW\daxiaoyihu\Application\Runtime\Cache\Admin\925cbf0e3572b7d1b2254a31262467a6.php 第 375 行.
NOTIC: [8] Undefined variable: rows D:\WWW\daxiaoyihu\Application\Runtime\Cache\Admin\925cbf0e3572b7d1b2254a31262467a6.php 第 375 行.
NOTIC: [8] Undefined variable: rows D:\WWW\daxiaoyihu\Application\Runtime\Cache\Admin\925cbf0e3572b7d1b2254a31262467a6.php 第 375 行.
NOTIC: [8] Undefined variable: rows D:\WWW\daxiaoyihu\Application\Runtime\Cache\Admin\925cbf0e3572b7d1b2254a31262467a6.php 第 375 行.
NOTIC: [8] Undefined variable: rows D:\WWW\daxiaoyihu\Application\Runtime\Cache\Admin\925cbf0e3572b7d1b2254a31262467a6.php 第 375 行.
NOTIC: [8] Undefined variable: rows D:\WWW\daxiaoyihu\Application\Runtime\Cache\Admin\925cbf0e3572b7d1b2254a31262467a6.php 第 375 行.
NOTIC: [8] Undefined variable: rows D:\WWW\daxiaoyihu\Application\Runtime\Cache\Admin\925cbf0e3572b7d1b2254a31262467a6.php 第 375 行.
NOTIC: [8] Undefined variable: rows D:\WWW\daxiaoyihu\Application\Runtime\Cache\Admin\925cbf0e3572b7d1b2254a31262467a6.php 第 375 行.
NOTIC: [8] Undefined variable: rows D:\WWW\daxiaoyihu\Application\Runtime\Cache\Admin\925cbf0e3572b7d1b2254a31262467a6.php 第 375 行.
NOTIC: [8] Undefined variable: rows D:\WWW\daxiaoyihu\Application\Runtime\Cache\Admin\925cbf0e3572b7d1b2254a31262467a6.php 第 375 行.
NOTIC: [8] Undefined variable: rows D:\WWW\daxiaoyihu\Application\Runtime\Cache\Admin\925cbf0e3572b7d1b2254a31262467a6.php 第 375 行.
NOTIC: [8] Undefined variable: rows D:\WWW\daxiaoyihu\Application\Runtime\Cache\Admin\925cbf0e3572b7d1b2254a31262467a6.php 第 375 行.
NOTIC: [8] Undefined variable: rows D:\WWW\daxiaoyihu\Application\Runtime\Cache\Admin\925cbf0e3572b7d1b2254a31262467a6.php 第 375 行.
NOTIC: [8] Undefined variable: rows D:\WWW\daxiaoyihu\Application\Runtime\Cache\Admin\925cbf0e3572b7d1b2254a31262467a6.php 第 375 行.
NOTIC: [8] Undefined variable: rows D:\WWW\daxiaoyihu\Application\Runtime\Cache\Admin\925cbf0e3572b7d1b2254a31262467a6.php 第 375 行.
NOTIC: [8] Undefined variable: rows D:\WWW\daxiaoyihu\Application\Runtime\Cache\Admin\925cbf0e3572b7d1b2254a31262467a6.php 第 375 行.
NOTIC: [8] Undefined variable: rows D:\WWW\daxiaoyihu\Application\Runtime\Cache\Admin\925cbf0e3572b7d1b2254a31262467a6.php 第 375 行.
NOTIC: [8] Undefined variable: rows D:\WWW\daxiaoyihu\Application\Runtime\Cache\Admin\925cbf0e3572b7d1b2254a31262467a6.php 第 375 行.
NOTIC: [8] Undefined variable: rows D:\WWW\daxiaoyihu\Application\Runtime\Cache\Admin\925cbf0e3572b7d1b2254a31262467a6.php 第 375 行.
NOTIC: [8] Undefined variable: rows D:\WWW\daxiaoyihu\Application\Runtime\Cache\Admin\925cbf0e3572b7d1b2254a31262467a6.php 第 375 行.
NOTIC: [8] Undefined variable: rows D:\WWW\daxiaoyihu\Application\Runtime\Cache\Admin\925cbf0e3572b7d1b2254a31262467a6.php 第 375 行.
NOTIC: [8] Undefined variable: rows D:\WWW\daxiaoyihu\Application\Runtime\Cache\Admin\925cbf0e3572b7d1b2254a31262467a6.php 第 375 行.
NOTIC: [8] Undefined variable: rows D:\WWW\daxiaoyihu\Application\Runtime\Cache\Admin\925cbf0e3572b7d1b2254a31262467a6.php 第 375 行.
NOTIC: [8] Undefined variable: rows D:\WWW\daxiaoyihu\Application\Runtime\Cache\Admin\925cbf0e3572b7d1b2254a31262467a6.php 第 375 行.
NOTIC: [8] Undefined variable: rows D:\WWW\daxiaoyihu\Application\Runtime\Cache\Admin\925cbf0e3572b7d1b2254a31262467a6.php 第 385 行.
NOTIC: [8] Undefined variable: rows D:\WWW\daxiaoyihu\Application\Runtime\Cache\Admin\925cbf0e3572b7d1b2254a31262467a6.php 第 396 行.
NOTIC: [8] Undefined variable: rows D:\WWW\daxiaoyihu\Application\Runtime\Cache\Admin\925cbf0e3572b7d1b2254a31262467a6.php 第 409 行.
NOTIC: [8] Undefined variable: rows D:\WWW\daxiaoyihu\Application\Runtime\Cache\Admin\925cbf0e3572b7d1b2254a31262467a6.php 第 418 行.
NOTIC: [8] Undefined variable: rows D:\WWW\daxiaoyihu\Application\Runtime\Cache\Admin\925cbf0e3572b7d1b2254a31262467a6.php 第 427 行.
NOTIC: [8] Undefined variable: rows D:\WWW\daxiaoyihu\Application\Runtime\Cache\Admin\925cbf0e3572b7d1b2254a31262467a6.php 第 436 行.
NOTIC: [8] Undefined variable: rows D:\WWW\daxiaoyihu\Application\Runtime\Cache\Admin\925cbf0e3572b7d1b2254a31262467a6.php 第 445 行.
NOTIC: [8] Undefined variable: rows D:\WWW\daxiaoyihu\Application\Runtime\Cache\Admin\925cbf0e3572b7d1b2254a31262467a6.php 第 454 行.
NOTIC: [8] Undefined variable: rows D:\WWW\daxiaoyihu\Application\Runtime\Cache\Admin\925cbf0e3572b7d1b2254a31262467a6.php 第 463 行.
NOTIC: [8] Undefined variable: rows D:\WWW\daxiaoyihu\Application\Runtime\Cache\Admin\925cbf0e3572b7d1b2254a31262467a6.php 第 464 行.
NOTIC: [8] Undefined variable: rows D:\WWW\daxiaoyihu\Application\Runtime\Cache\Admin\925cbf0e3572b7d1b2254a31262467a6.php 第 473 行.
NOTIC: [8] Undefined variable: rows D:\WWW\daxiaoyihu\Application\Runtime\Cache\Admin\925cbf0e3572b7d1b2254a31262467a6.php 第 482 行.
NOTIC: [8] Undefined variable: rows D:\WWW\daxiaoyihu\Application\Runtime\Cache\Admin\925cbf0e3572b7d1b2254a31262467a6.php 第 483 行.
INFO: Run Behavior\ParseTemplateBehavior [ RunTime:0.009001s ]
INFO: [ view_parse ] --END-- [ RunTime:0.009001s ]
INFO: [ view_filter ] --START--
INFO: Run Behavior\WriteHtmlCacheBehavior [ RunTime:0.000000s ]
INFO: [ view_filter ] --END-- [ RunTime:0.000000s ]
INFO: [ app_end ] --START--
INFO: Run Behavior\ShowPageTraceBehavior [ RunTime:0.000000s ]
INFO: [ app_end ] --END-- [ RunTime:0.000000s ]

[ 2017-05-12T14:59:49+08:00 ] 127.0.0.1 /Admin/Coptic/add.html
INFO: [ app_init ] --START--
INFO: Run Behavior\BuildLiteBehavior [ RunTime:0.000000s ]
INFO: [ app_init ] --END-- [ RunTime:0.000000s ]
INFO: [ app_begin ] --START--
INFO: Run Behavior\ReadHtmlCacheBehavior [ RunTime:0.001000s ]
INFO: [ app_begin ] --END-- [ RunTime:0.001000s ]
SQL: SHOW COLUMNS FROM `dxyh_auth_group_access` [ RunTime:0.0090s ]
SQL: SELECT `aid`,`group_id`,`title`,`rules` FROM dxyh_auth_group_access a INNER JOIN dxyh_auth_group g on a.group_id=g.id  WHERE ( a.aid='1' and g.status='1' )  [ RunTime:0.0190s ]
SQL: SHOW COLUMNS FROM `dxyh_auth_rule` [ RunTime:0.0470s ]
SQL: SELECT `condition`,`name` FROM `dxyh_auth_rule` WHERE `id` IN ('19','20','21','22','23','24','25','26','27','28','29','30','31','32','33','34','43','44','45','39','40','41','42','35','36','37','38','1','6','7','8','2','3','4','5','9','10','11','12','13','14','15','16','17','18') AND `type` = 1 AND `status` = 1  [ RunTime:0.0850s ]
SQL: SHOW COLUMNS FROM `dxyh_coptic` [ RunTime:0.0060s ]
SQL: SHOW COLUMNS FROM `dxyh_coptic_type` [ RunTime:0.0070s ]
SQL: SELECT `id`,`category_name` FROM `dxyh_coptic_type`  [ RunTime:0.0050s ]
INFO: [ view_parse ] --START--
INFO: [ template_filter ] --START--
INFO: Run Behavior\ContentReplaceBehavior [ RunTime:0.000000s ]
INFO: [ template_filter ] --END-- [ RunTime:0.000000s ]
NOTIC: [8] Undefined variable: rows D:\WWW\daxiaoyihu\Application\Runtime\Cache\Admin\925cbf0e3572b7d1b2254a31262467a6.php 第 369 行.
NOTIC: [8] Undefined variable: rows D:\WWW\daxiaoyihu\Application\Runtime\Cache\Admin\925cbf0e3572b7d1b2254a31262467a6.php 第 375 行.
NOTIC: [8] Undefined variable: rows D:\WWW\daxiaoyihu\Application\Runtime\Cache\Admin\925cbf0e3572b7d1b2254a31262467a6.php 第 375 行.
NOTIC: [8] Undefined variable: rows D:\WWW\daxiaoyihu\Application\Runtime\Cache\Admin\925cbf0e3572b7d1b2254a31262467a6.php 第 375 行.
NOTIC: [8] Undefined variable: rows D:\WWW\daxiaoyihu\Application\Runtime\Cache\Admin\925cbf0e3572b7d1b2254a31262467a6.php 第 375 行.
NOTIC: [8] Undefined variable: rows D:\WWW\daxiaoyihu\Application\Runtime\Cache\Admin\925cbf0e3572b7d1b2254a31262467a6.php 第 375 行.
NOTIC: [8] Undefined variable: rows D:\WWW\daxiaoyihu\Application\Runtime\Cache\Admin\925cbf0e3572b7d1b2254a31262467a6.php 第 375 行.
NOTIC: [8] Undefined variable: rows D:\WWW\daxiaoyihu\Application\Runtime\Cache\Admin\925cbf0e3572b7d1b2254a31262467a6.php 第 375 行.
NOTIC: [8] Undefined variable: rows D:\WWW\daxiaoyihu\Application\Runtime\Cache\Admin\925cbf0e3572b7d1b2254a31262467a6.php 第 375 行.
NOTIC: [8] Undefined variable: rows D:\WWW\daxiaoyihu\Application\Runtime\Cache\Admin\925cbf0e3572b7d1b2254a31262467a6.php 第 375 行.
NOTIC: [8] Undefined variable: rows D:\WWW\daxiaoyihu\Application\Runtime\Cache\Admin\925cbf0e3572b7d1b2254a31262467a6.php 第 375 行.
NOTIC: [8] Undefined variable: rows D:\WWW\daxiaoyihu\Application\Runtime\Cache\Admin\925cbf0e3572b7d1b2254a31262467a6.php 第 375 行.
NOTIC: [8] Undefined variable: rows D:\WWW\daxiaoyihu\Application\Runtime\Cache\Admin\925cbf0e3572b7d1b2254a31262467a6.php 第 375 行.
NOTIC: [8] Undefined variable: rows D:\WWW\daxiaoyihu\Application\Runtime\Cache\Admin\925cbf0e3572b7d1b2254a31262467a6.php 第 375 行.
NOTIC: [8] Undefined variable: rows D:\WWW\daxiaoyihu\Application\Runtime\Cache\Admin\925cbf0e3572b7d1b2254a31262467a6.php 第 375 行.
NOTIC: [8] Undefined variable: rows D:\WWW\daxiaoyihu\Application\Runtime\Cache\Admin\925cbf0e3572b7d1b2254a31262467a6.php 第 375 行.
NOTIC: [8] Undefined variable: rows D:\WWW\daxiaoyihu\Application\Runtime\Cache\Admin\925cbf0e3572b7d1b2254a31262467a6.php 第 375 行.
NOTIC: [8] Undefined variable: rows D:\WWW\daxiaoyihu\Application\Runtime\Cache\Admin\925cbf0e3572b7d1b2254a31262467a6.php 第 375 行.
NOTIC: [8] Undefined variable: rows D:\WWW\daxiaoyihu\Application\Runtime\Cache\Admin\925cbf0e3572b7d1b2254a31262467a6.php 第 375 行.
NOTIC: [8] Undefined variable: rows D:\WWW\daxiaoyihu\Application\Runtime\Cache\Admin\925cbf0e3572b7d1b2254a31262467a6.php 第 375 行.
NOTIC: [8] Undefined variable: rows D:\WWW\daxiaoyihu\Application\Runtime\Cache\Admin\925cbf0e3572b7d1b2254a31262467a6.php 第 375 行.
NOTIC: [8] Undefined variable: rows D:\WWW\daxiaoyihu\Application\Runtime\Cache\Admin\925cbf0e3572b7d1b2254a31262467a6.php 第 375 行.
NOTIC: [8] Undefined variable: rows D:\WWW\daxiaoyihu\Application\Runtime\Cache\Admin\925cbf0e3572b7d1b2254a31262467a6.php 第 375 行.
NOTIC: [8] Undefined variable: rows D:\WWW\daxiaoyihu\Application\Runtime\Cache\Admin\925cbf0e3572b7d1b2254a31262467a6.php 第 375 行.
NOTIC: [8] Undefined variable: rows D:\WWW\daxiaoyihu\Application\Runtime\Cache\Admin\925cbf0e3572b7d1b2254a31262467a6.php 第 375 行.
NOTIC: [8] Undefined variable: rows D:\WWW\daxiaoyihu\Application\Runtime\Cache\Admin\925cbf0e3572b7d1b2254a31262467a6.php 第 375 行.
NOTIC: [8] Undefined variable: rows D:\WWW\daxiaoyihu\Application\Runtime\Cache\Admin\925cbf0e3572b7d1b2254a31262467a6.php 第 375 行.
NOTIC: [8] Undefined variable: rows D:\WWW\daxiaoyihu\Application\Runtime\Cache\Admin\925cbf0e3572b7d1b2254a31262467a6.php 第 375 行.
NOTIC: [8] Undefined variable: rows D:\WWW\daxiaoyihu\Application\Runtime\Cache\Admin\925cbf0e3572b7d1b2254a31262467a6.php 第 375 行.
NOTIC: [8] Undefined variable: rows D:\WWW\daxiaoyihu\Application\Runtime\Cache\Admin\925cbf0e3572b7d1b2254a31262467a6.php 第 375 行.
NOTIC: [8] Undefined variable: rows D:\WWW\daxiaoyihu\Application\Runtime\Cache\Admin\925cbf0e3572b7d1b2254a31262467a6.php 第 375 行.
NOTIC: [8] Undefined variable: rows D:\WWW\daxiaoyihu\Application\Runtime\Cache\Admin\925cbf0e3572b7d1b2254a31262467a6.php 第 375 行.
NOTIC: [8] Undefined variable: rows D:\WWW\daxiaoyihu\Application\Runtime\Cache\Admin\925cbf0e3572b7d1b2254a31262467a6.php 第 375 行.
NOTIC: [8] Undefined variable: rows D:\WWW\daxiaoyihu\Application\Runtime\Cache\Admin\925cbf0e3572b7d1b2254a31262467a6.php 第 375 行.
NOTIC: [8] Undefined variable: rows D:\WWW\daxiaoyihu\Application\Runtime\Cache\Admin\925cbf0e3572b7d1b2254a31262467a6.php 第 375 行.
NOTIC: [8] Undefined variable: rows D:\WWW\daxiaoyihu\Application\Runtime\Cache\Admin\925cbf0e3572b7d1b2254a31262467a6.php 第 375 行.
NOTIC: [8] Undefined variable: rows D:\WWW\daxiaoyihu\Application\Runtime\Cache\Admin\925cbf0e3572b7d1b2254a31262467a6.php 第 375 行.
NOTIC: [8] Undefined variable: rows D:\WWW\daxiaoyihu\Application\Runtime\Cache\Admin\925cbf0e3572b7d1b2254a31262467a6.php 第 375 行.
NOTIC: [8] Undefined variable: rows D:\WWW\daxiaoyihu\Application\Runtime\Cache\Admin\925cbf0e3572b7d1b2254a31262467a6.php 第 375 行.
NOTIC: [8] Undefined variable: rows D:\WWW\daxiaoyihu\Application\Runtime\Cache\Admin\925cbf0e3572b7d1b2254a31262467a6.php 第 375 行.
NOTIC: [8] Undefined variable: rows D:\WWW\daxiaoyihu\Application\Runtime\Cache\Admin\925cbf0e3572b7d1b2254a31262467a6.php 第 385 行.
NOTIC: [8] Undefined variable: rows D:\WWW\daxiaoyihu\Application\Runtime\Cache\Admin\925cbf0e3572b7d1b2254a31262467a6.php 第 396 行.
NOTIC: [8] Undefined variable: rows D:\WWW\daxiaoyihu\Application\Runtime\Cache\Admin\925cbf0e3572b7d1b2254a31262467a6.php 第 409 行.
NOTIC: [8] Undefined variable: rows D:\WWW\daxiaoyihu\Application\Runtime\Cache\Admin\925cbf0e3572b7d1b2254a31262467a6.php 第 418 行.
NOTIC: [8] Undefined variable: rows D:\WWW\daxiaoyihu\Application\Runtime\Cache\Admin\925cbf0e3572b7d1b2254a31262467a6.php 第 427 行.
NOTIC: [8] Undefined variable: rows D:\WWW\daxiaoyihu\Application\Runtime\Cache\Admin\925cbf0e3572b7d1b2254a31262467a6.php 第 436 行.
NOTIC: [8] Undefined variable: rows D:\WWW\daxiaoyihu\Application\Runtime\Cache\Admin\925cbf0e3572b7d1b2254a31262467a6.php 第 445 行.
NOTIC: [8] Undefined variable: rows D:\WWW\daxiaoyihu\Application\Runtime\Cache\Admin\925cbf0e3572b7d1b2254a31262467a6.php 第 454 行.
NOTIC: [8] Undefined variable: rows D:\WWW\daxiaoyihu\Application\Runtime\Cache\Admin\925cbf0e3572b7d1b2254a31262467a6.php 第 463 行.
NOTIC: [8] Undefined variable: rows D:\WWW\daxiaoyihu\Application\Runtime\Cache\Admin\925cbf0e3572b7d1b2254a31262467a6.php 第 464 行.
NOTIC: [8] Undefined variable: rows D:\WWW\daxiaoyihu\Application\Runtime\Cache\Admin\925cbf0e3572b7d1b2254a31262467a6.php 第 473 行.
NOTIC: [8] Undefined variable: rows D:\WWW\daxiaoyihu\Application\Runtime\Cache\Admin\925cbf0e3572b7d1b2254a31262467a6.php 第 482 行.
NOTIC: [8] Undefined variable: rows D:\WWW\daxiaoyihu\Application\Runtime\Cache\Admin\925cbf0e3572b7d1b2254a31262467a6.php 第 483 行.
INFO: Run Behavior\ParseTemplateBehavior [ RunTime:0.021001s ]
INFO: [ view_parse ] --END-- [ RunTime:0.022001s ]
INFO: [ view_filter ] --START--
INFO: Run Behavior\WriteHtmlCacheBehavior [ RunTime:0.000000s ]
INFO: [ view_filter ] --END-- [ RunTime:0.000000s ]
INFO: [ app_end ] --START--
INFO: Run Behavior\ShowPageTraceBehavior [ RunTime:0.000000s ]
INFO: [ app_end ] --END-- [ RunTime:0.000000s ]

[ 2017-05-12T15:00:39+08:00 ] 127.0.0.1 /Admin/Coptic/add.html
INFO: [ app_init ] --START--
INFO: Run Behavior\BuildLiteBehavior [ RunTime:0.000000s ]
INFO: [ app_init ] --END-- [ RunTime:0.000000s ]
INFO: [ app_begin ] --START--
INFO: Run Behavior\ReadHtmlCacheBehavior [ RunTime:0.001000s ]
INFO: [ app_begin ] --END-- [ RunTime:0.001000s ]
SQL: SHOW COLUMNS FROM `dxyh_auth_group_access` [ RunTime:0.0070s ]
SQL: SELECT `aid`,`group_id`,`title`,`rules` FROM dxyh_auth_group_access a INNER JOIN dxyh_auth_group g on a.group_id=g.id  WHERE ( a.aid='1' and g.status='1' )  [ RunTime:0.0210s ]
SQL: SHOW COLUMNS FROM `dxyh_auth_rule` [ RunTime:0.0070s ]
SQL: SELECT `condition`,`name` FROM `dxyh_auth_rule` WHERE `id` IN ('19','20','21','22','23','24','25','26','27','28','29','30','31','32','33','34','43','44','45','39','40','41','42','35','36','37','38','1','6','7','8','2','3','4','5','9','10','11','12','13','14','15','16','17','18') AND `type` = 1 AND `status` = 1  [ RunTime:0.0070s ]
SQL: SHOW COLUMNS FROM `dxyh_coptic` [ RunTime:0.0100s ]
SQL: SHOW COLUMNS FROM `dxyh_coptic_type` [ RunTime:0.0090s ]
SQL: SELECT `id`,`category_name` FROM `dxyh_coptic_type`  [ RunTime:0.0090s ]
INFO: [ view_parse ] --START--
INFO: [ template_filter ] --START--
INFO: Run Behavior\ContentReplaceBehavior [ RunTime:0.000000s ]
INFO: [ template_filter ] --END-- [ RunTime:0.000000s ]
NOTIC: [8] Undefined variable: rows D:\WWW\daxiaoyihu\Application\Runtime\Cache\Admin\925cbf0e3572b7d1b2254a31262467a6.php 第 369 行.
NOTIC: [8] Undefined variable: rows D:\WWW\daxiaoyihu\Application\Runtime\Cache\Admin\925cbf0e3572b7d1b2254a31262467a6.php 第 375 行.
NOTIC: [8] Undefined variable: rows D:\WWW\daxiaoyihu\Application\Runtime\Cache\Admin\925cbf0e3572b7d1b2254a31262467a6.php 第 375 行.
NOTIC: [8] Undefined variable: rows D:\WWW\daxiaoyihu\Application\Runtime\Cache\Admin\925cbf0e3572b7d1b2254a31262467a6.php 第 375 行.
NOTIC: [8] Undefined variable: rows D:\WWW\daxiaoyihu\Application\Runtime\Cache\Admin\925cbf0e3572b7d1b2254a31262467a6.php 第 375 行.
NOTIC: [8] Undefined variable: rows D:\WWW\daxiaoyihu\Application\Runtime\Cache\Admin\925cbf0e3572b7d1b2254a31262467a6.php 第 375 行.
NOTIC: [8] Undefined variable: rows D:\WWW\daxiaoyihu\Application\Runtime\Cache\Admin\925cbf0e3572b7d1b2254a31262467a6.php 第 375 行.
NOTIC: [8] Undefined variable: rows D:\WWW\daxiaoyihu\Application\Runtime\Cache\Admin\925cbf0e3572b7d1b2254a31262467a6.php 第 375 行.
NOTIC: [8] Undefined variable: rows D:\WWW\daxiaoyihu\Application\Runtime\Cache\Admin\925cbf0e3572b7d1b2254a31262467a6.php 第 375 行.
NOTIC: [8] Undefined variable: rows D:\WWW\daxiaoyihu\Application\Runtime\Cache\Admin\925cbf0e3572b7d1b2254a31262467a6.php 第 375 行.
NOTIC: [8] Undefined variable: rows D:\WWW\daxiaoyihu\Application\Runtime\Cache\Admin\925cbf0e3572b7d1b2254a31262467a6.php 第 375 行.
NOTIC: [8] Undefined variable: rows D:\WWW\daxiaoyihu\Application\Runtime\Cache\Admin\925cbf0e3572b7d1b2254a31262467a6.php 第 375 行.
NOTIC: [8] Undefined variable: rows D:\WWW\daxiaoyihu\Application\Runtime\Cache\Admin\925cbf0e3572b7d1b2254a31262467a6.php 第 375 行.
NOTIC: [8] Undefined variable: rows D:\WWW\daxiaoyihu\Application\Runtime\Cache\Admin\925cbf0e3572b7d1b2254a31262467a6.php 第 375 行.
NOTIC: [8] Undefined variable: rows D:\WWW\daxiaoyihu\Application\Runtime\Cache\Admin\925cbf0e3572b7d1b2254a31262467a6.php 第 375 行.
NOTIC: [8] Undefined variable: rows D:\WWW\daxiaoyihu\Application\Runtime\Cache\Admin\925cbf0e3572b7d1b2254a31262467a6.php 第 375 行.
NOTIC: [8] Undefined variable: rows D:\WWW\daxiaoyihu\Application\Runtime\Cache\Admin\925cbf0e3572b7d1b2254a31262467a6.php 第 375 行.
NOTIC: [8] Undefined variable: rows D:\WWW\daxiaoyihu\Application\Runtime\Cache\Admin\925cbf0e3572b7d1b2254a31262467a6.php 第 375 行.
NOTIC: [8] Undefined variable: rows D:\WWW\daxiaoyihu\Application\Runtime\Cache\Admin\925cbf0e3572b7d1b2254a31262467a6.php 第 375 行.
NOTIC: [8] Undefined variable: rows D:\WWW\daxiaoyihu\Application\Runtime\Cache\Admin\925cbf0e3572b7d1b2254a31262467a6.php 第 375 行.
NOTIC: [8] Undefined variable: rows D:\WWW\daxiaoyihu\Application\Runtime\Cache\Admin\925cbf0e3572b7d1b2254a31262467a6.php 第 375 行.
NOTIC: [8] Undefined variable: rows D:\WWW\daxiaoyihu\Application\Runtime\Cache\Admin\925cbf0e3572b7d1b2254a31262467a6.php 第 375 行.
NOTIC: [8] Undefined variable: rows D:\WWW\daxiaoyihu\Application\Runtime\Cache\Admin\925cbf0e3572b7d1b2254a31262467a6.php 第 375 行.
NOTIC: [8] Undefined variable: rows D:\WWW\daxiaoyihu\Application\Runtime\Cache\Admin\925cbf0e3572b7d1b2254a31262467a6.php 第 375 行.
NOTIC: [8] Undefined variable: rows D:\WWW\daxiaoyihu\Application\Runtime\Cache\Admin\925cbf0e3572b7d1b2254a31262467a6.php 第 375 行.
NOTIC: [8] Undefined variable: rows D:\WWW\daxiaoyihu\Application\Runtime\Cache\Admin\925cbf0e3572b7d1b2254a31262467a6.php 第 375 行.
NOTIC: [8] Undefined variable: rows D:\WWW\daxiaoyihu\Application\Runtime\Cache\Admin\925cbf0e3572b7d1b2254a31262467a6.php 第 375 行.
NOTIC: [8] Undefined variable: rows D:\WWW\daxiaoyihu\Application\Runtime\Cache\Admin\925cbf0e3572b7d1b2254a31262467a6.php 第 375 行.
NOTIC: [8] Undefined variable: rows D:\WWW\daxiaoyihu\Application\Runtime\Cache\Admin\925cbf0e3572b7d1b2254a31262467a6.php 第 375 行.
NOTIC: [8] Undefined variable: rows D:\WWW\daxiaoyihu\Application\Runtime\Cache\Admin\925cbf0e3572b7d1b2254a31262467a6.php 第 375 行.
NOTIC: [8] Undefined variable: rows D:\WWW\daxiaoyihu\Application\Runtime\Cache\Admin\925cbf0e3572b7d1b2254a31262467a6.php 第 375 行.
NOTIC: [8] Undefined variable: rows D:\WWW\daxiaoyihu\Application\Runtime\Cache\Admin\925cbf0e3572b7d1b2254a31262467a6.php 第 375 行.
NOTIC: [8] Undefined variable: rows D:\WWW\daxiaoyihu\Application\Runtime\Cache\Admin\925cbf0e3572b7d1b2254a31262467a6.php 第 375 行.
NOTIC: [8] Undefined variable: rows D:\WWW\daxiaoyihu\Application\Runtime\Cache\Admin\925cbf0e3572b7d1b2254a31262467a6.php 第 375 行.
NOTIC: [8] Undefined variable: rows D:\WWW\daxiaoyihu\Application\Runtime\Cache\Admin\925cbf0e3572b7d1b2254a31262467a6.php 第 375 行.
NOTIC: [8] Undefined variable: rows D:\WWW\daxiaoyihu\Application\Runtime\Cache\Admin\925cbf0e3572b7d1b2254a31262467a6.php 第 375 行.
NOTIC: [8] Undefined variable: rows D:\WWW\daxiaoyihu\Application\Runtime\Cache\Admin\925cbf0e3572b7d1b2254a31262467a6.php 第 375 行.
NOTIC: [8] Undefined variable: rows D:\WWW\daxiaoyihu\Application\Runtime\Cache\Admin\925cbf0e3572b7d1b2254a31262467a6.php 第 375 行.
NOTIC: [8] Undefined variable: rows D:\WWW\daxiaoyihu\Application\Runtime\Cache\Admin\925cbf0e3572b7d1b2254a31262467a6.php 第 375 行.
NOTIC: [8] Undefined variable: rows D:\WWW\daxiaoyihu\Application\Runtime\Cache\Admin\925cbf0e3572b7d1b2254a31262467a6.php 第 375 行.
NOTIC: [8] Undefined variable: rows D:\WWW\daxiaoyihu\Application\Runtime\Cache\Admin\925cbf0e3572b7d1b2254a31262467a6.php 第 385 行.
NOTIC: [8] Undefined variable: rows D:\WWW\daxiaoyihu\Application\Runtime\Cache\Admin\925cbf0e3572b7d1b2254a31262467a6.php 第 396 行.
NOTIC: [8] Undefined variable: rows D:\WWW\daxiaoyihu\Application\Runtime\Cache\Admin\925cbf0e3572b7d1b2254a31262467a6.php 第 409 行.
NOTIC: [8] Undefined variable: rows D:\WWW\daxiaoyihu\Application\Runtime\Cache\Admin\925cbf0e3572b7d1b2254a31262467a6.php 第 418 行.
NOTIC: [8] Undefined variable: rows D:\WWW\daxiaoyihu\Application\Runtime\Cache\Admin\925cbf0e3572b7d1b2254a31262467a6.php 第 427 行.
NOTIC: [8] Undefined variable: rows D:\WWW\daxiaoyihu\Application\Runtime\Cache\Admin\925cbf0e3572b7d1b2254a31262467a6.php 第 436 行.
NOTIC: [8] Undefined variable: rows D:\WWW\daxiaoyihu\Application\Runtime\Cache\Admin\925cbf0e3572b7d1b2254a31262467a6.php 第 445 行.
NOTIC: [8] Undefined variable: rows D:\WWW\daxiaoyihu\Application\Runtime\Cache\Admin\925cbf0e3572b7d1b2254a31262467a6.php 第 454 行.
NOTIC: [8] Undefined variable: rows D:\WWW\daxiaoyihu\Application\Runtime\Cache\Admin\925cbf0e3572b7d1b2254a31262467a6.php 第 463 行.
NOTIC: [8] Undefined variable: rows D:\WWW\daxiaoyihu\Application\Runtime\Cache\Admin\925cbf0e3572b7d1b2254a31262467a6.php 第 464 行.
NOTIC: [8] Undefined variable: rows D:\WWW\daxiaoyihu\Application\Runtime\Cache\Admin\925cbf0e3572b7d1b2254a31262467a6.php 第 473 行.
NOTIC: [8] Undefined variable: rows D:\WWW\daxiaoyihu\Application\Runtime\Cache\Admin\925cbf0e3572b7d1b2254a31262467a6.php 第 482 行.
NOTIC: [8] Undefined variable: rows D:\WWW\daxiaoyihu\Application\Runtime\Cache\Admin\925cbf0e3572b7d1b2254a31262467a6.php 第 483 行.
INFO: Run Behavior\ParseTemplateBehavior [ RunTime:0.008000s ]
INFO: [ view_parse ] --END-- [ RunTime:0.008000s ]
INFO: [ view_filter ] --START--
INFO: Run Behavior\WriteHtmlCacheBehavior [ RunTime:0.001000s ]
INFO: [ view_filter ] --END-- [ RunTime:0.001000s ]
INFO: [ app_end ] --START--
INFO: Run Behavior\ShowPageTraceBehavior [ RunTime:0.000000s ]
INFO: [ app_end ] --END-- [ RunTime:0.000000s ]

