[ 2017-04-21T15:48:28+08:00 ] 127.0.0.1 /admin
INFO: [ app_init ] --START--
INFO: Run Behavior\BuildLiteBehavior [ RunTime:0.000000s ]
INFO: [ app_init ] --END-- [ RunTime:0.000000s ]
INFO: [ app_begin ] --START--
INFO: Run Behavior\ReadHtmlCacheBehavior [ RunTime:0.001000s ]
INFO: [ app_begin ] --END-- [ RunTime:0.001000s ]

[ 2017-04-21T15:48:29+08:00 ] 127.0.0.1 /Admin/Public/login.html
INFO: [ app_init ] --START--
INFO: Run Behavior\BuildLiteBehavior [ RunTime:0.000000s ]
INFO: [ app_init ] --END-- [ RunTime:0.000000s ]
INFO: [ app_begin ] --START--
INFO: Run Behavior\ReadHtmlCacheBehavior [ RunTime:0.000000s ]
INFO: [ app_begin ] --END-- [ RunTime:0.000000s ]
SQL: SHOW COLUMNS FROM `dxyh_admin` [ RunTime:0.0650s ]
INFO: [ view_parse ] --START--
INFO: [ template_filter ] --START--
INFO: Run Behavior\ContentReplaceBehavior [ RunTime:0.000000s ]
INFO: [ template_filter ] --END-- [ RunTime:0.000000s ]
INFO: Run Behavior\ParseTemplateBehavior [ RunTime:0.018001s ]
INFO: [ view_parse ] --END-- [ RunTime:0.018001s ]
INFO: [ view_filter ] --START--
INFO: Run Behavior\WriteHtmlCacheBehavior [ RunTime:0.000000s ]
INFO: [ view_filter ] --END-- [ RunTime:0.000000s ]
INFO: [ app_end ] --START--
INFO: Run Behavior\ShowPageTraceBehavior [ RunTime:0.001000s ]
INFO: [ app_end ] --END-- [ RunTime:0.001000s ]

[ 2017-04-21T15:48:31+08:00 ] 127.0.0.1 /Admin/Public/login.html
INFO: [ app_init ] --START--
INFO: Run Behavior\BuildLiteBehavior [ RunTime:0.000000s ]
INFO: [ app_init ] --END-- [ RunTime:0.000000s ]
INFO: [ app_begin ] --START--
INFO: Run Behavior\ReadHtmlCacheBehavior [ RunTime:0.000000s ]
INFO: [ app_begin ] --END-- [ RunTime:0.000000s ]
SQL: SHOW COLUMNS FROM `dxyh_admin` [ RunTime:0.0640s ]
SQL: SELECT * FROM `dxyh_admin` WHERE `aname` = 'root' LIMIT 1   [ RunTime:0.0650s ]

[ 2017-04-21T15:48:33+08:00 ] 127.0.0.1 /Admin/Index/index.html
INFO: [ app_init ] --START--
INFO: Run Behavior\BuildLiteBehavior [ RunTime:0.000000s ]
INFO: [ app_init ] --END-- [ RunTime:0.000000s ]
INFO: [ app_begin ] --START--
INFO: Run Behavior\ReadHtmlCacheBehavior [ RunTime:0.000000s ]
INFO: [ app_begin ] --END-- [ RunTime:0.000000s ]
SQL: SHOW COLUMNS FROM `dxyh_comment` [ RunTime:0.0590s ]
SQL: SELECT COUNT(*) AS tp_count FROM `dxyh_comment` WHERE ( create_time >= 1492704001 AND create_time <= 1492790399 ) LIMIT 1   [ RunTime:0.0610s ]
SQL: SHOW COLUMNS FROM `dxyh_user` [ RunTime:0.0560s ]
SQL: SELECT COUNT(*) AS tp_count FROM `dxyh_user` WHERE ( create_time >= 1492704001 AND create_time <= 1492790399 ) LIMIT 1   [ RunTime:0.0560s ]
SQL: SHOW COLUMNS FROM `dxyh_visit` [ RunTime:0.0560s ]
SQL: SELECT COUNT(*) AS tp_count FROM `dxyh_visit` WHERE ( create_time >= 1492704001 AND create_time <= 1492790399 ) LIMIT 1   [ RunTime:0.0570s ]
INFO: [ view_parse ] --START--
INFO: [ template_filter ] --START--
INFO: Run Behavior\ContentReplaceBehavior [ RunTime:0.000000s ]
INFO: [ template_filter ] --END-- [ RunTime:0.000000s ]
INFO: Run Behavior\ParseTemplateBehavior [ RunTime:0.105006s ]
INFO: [ view_parse ] --END-- [ RunTime:0.105006s ]
INFO: [ view_filter ] --START--
INFO: Run Behavior\WriteHtmlCacheBehavior [ RunTime:0.000000s ]
INFO: [ view_filter ] --END-- [ RunTime:0.000000s ]
INFO: [ app_end ] --START--
INFO: Run Behavior\ShowPageTraceBehavior [ RunTime:0.000000s ]
INFO: [ app_end ] --END-- [ RunTime:0.000000s ]

[ 2017-04-21T15:48:35+08:00 ] 127.0.0.1 /Admin/Index/sevenDay.html
INFO: [ app_init ] --START--
INFO: Run Behavior\BuildLiteBehavior [ RunTime:0.000000s ]
INFO: [ app_init ] --END-- [ RunTime:0.000000s ]
INFO: [ app_begin ] --START--
INFO: Run Behavior\ReadHtmlCacheBehavior [ RunTime:0.000000s ]
INFO: [ app_begin ] --END-- [ RunTime:0.000000s ]
SQL: SHOW COLUMNS FROM `dxyh_comment` [ RunTime:0.0660s ]
SQL: SELECT COUNT(*) AS tp_count FROM `dxyh_comment` WHERE ( create_time >= 1492099201 AND create_time <= 1492185599 ) LIMIT 1   [ RunTime:0.0660s ]
SQL: SHOW COLUMNS FROM `dxyh_user` [ RunTime:0.0650s ]
SQL: SELECT COUNT(*) AS tp_count FROM `dxyh_user` WHERE ( create_time >= 1492099201 AND create_time <= 1492185599 ) LIMIT 1   [ RunTime:0.0660s ]
SQL: SHOW COLUMNS FROM `dxyh_visit` [ RunTime:0.0650s ]
SQL: SELECT COUNT(*) AS tp_count FROM `dxyh_visit` WHERE ( create_time >= 1492099201 AND create_time <= 1492185599 ) LIMIT 1   [ RunTime:0.0630s ]
SQL: SELECT COUNT(*) AS tp_count FROM `dxyh_comment` WHERE ( create_time >= 1492185601 AND create_time <= 1492271999 ) LIMIT 1   [ RunTime:0.0640s ]
SQL: SELECT COUNT(*) AS tp_count FROM `dxyh_user` WHERE ( create_time >= 1492185601 AND create_time <= 1492271999 ) LIMIT 1   [ RunTime:0.0660s ]
SQL: SELECT COUNT(*) AS tp_count FROM `dxyh_visit` WHERE ( create_time >= 1492185601 AND create_time <= 1492271999 ) LIMIT 1   [ RunTime:0.0700s ]
SQL: SELECT COUNT(*) AS tp_count FROM `dxyh_comment` WHERE ( create_time >= 1492272001 AND create_time <= 1492358399 ) LIMIT 1   [ RunTime:0.0660s ]
SQL: SELECT COUNT(*) AS tp_count FROM `dxyh_user` WHERE ( create_time >= 1492272001 AND create_time <= 1492358399 ) LIMIT 1   [ RunTime:0.0630s ]
SQL: SELECT COUNT(*) AS tp_count FROM `dxyh_visit` WHERE ( create_time >= 1492272001 AND create_time <= 1492358399 ) LIMIT 1   [ RunTime:0.0670s ]
SQL: SELECT COUNT(*) AS tp_count FROM `dxyh_comment` WHERE ( create_time >= 1492358401 AND create_time <= 1492444799 ) LIMIT 1   [ RunTime:0.0650s ]
SQL: SELECT COUNT(*) AS tp_count FROM `dxyh_user` WHERE ( create_time >= 1492358401 AND create_time <= 1492444799 ) LIMIT 1   [ RunTime:0.0650s ]
SQL: SELECT COUNT(*) AS tp_count FROM `dxyh_visit` WHERE ( create_time >= 1492358401 AND create_time <= 1492444799 ) LIMIT 1   [ RunTime:0.0690s ]
SQL: SELECT COUNT(*) AS tp_count FROM `dxyh_comment` WHERE ( create_time >= 1492444801 AND create_time <= 1492531199 ) LIMIT 1   [ RunTime:0.0660s ]
SQL: SELECT COUNT(*) AS tp_count FROM `dxyh_user` WHERE ( create_time >= 1492444801 AND create_time <= 1492531199 ) LIMIT 1   [ RunTime:0.0640s ]
SQL: SELECT COUNT(*) AS tp_count FROM `dxyh_visit` WHERE ( create_time >= 1492444801 AND create_time <= 1492531199 ) LIMIT 1   [ RunTime:0.0670s ]
SQL: SELECT COUNT(*) AS tp_count FROM `dxyh_comment` WHERE ( create_time >= 1492531201 AND create_time <= 1492617599 ) LIMIT 1   [ RunTime:0.0650s ]
SQL: SELECT COUNT(*) AS tp_count FROM `dxyh_user` WHERE ( create_time >= 1492531201 AND create_time <= 1492617599 ) LIMIT 1   [ RunTime:0.0690s ]
SQL: SELECT COUNT(*) AS tp_count FROM `dxyh_visit` WHERE ( create_time >= 1492531201 AND create_time <= 1492617599 ) LIMIT 1   [ RunTime:0.0660s ]
SQL: SELECT COUNT(*) AS tp_count FROM `dxyh_comment` WHERE ( create_time >= 1492617601 AND create_time <= 1492703999 ) LIMIT 1   [ RunTime:0.0680s ]
SQL: SELECT COUNT(*) AS tp_count FROM `dxyh_user` WHERE ( create_time >= 1492617601 AND create_time <= 1492703999 ) LIMIT 1   [ RunTime:0.0670s ]
SQL: SELECT COUNT(*) AS tp_count FROM `dxyh_visit` WHERE ( create_time >= 1492617601 AND create_time <= 1492703999 ) LIMIT 1   [ RunTime:0.0750s ]
INFO: [ app_end ] --START--
INFO: Run Behavior\ShowPageTraceBehavior [ RunTime:0.001000s ]
INFO: [ app_end ] --END-- [ RunTime:0.001000s ]

[ 2017-04-21T15:48:42+08:00 ] 127.0.0.1 /Admin/Coptic/index.html
INFO: [ app_init ] --START--
INFO: Run Behavior\BuildLiteBehavior [ RunTime:0.000000s ]
INFO: [ app_init ] --END-- [ RunTime:0.001000s ]
INFO: [ app_begin ] --START--
INFO: Run Behavior\ReadHtmlCacheBehavior [ RunTime:0.001000s ]
INFO: [ app_begin ] --END-- [ RunTime:0.001000s ]
SQL: SHOW COLUMNS FROM `dxyh_auth_group_access` [ RunTime:0.0670s ]
SQL: SELECT `aid`,`group_id`,`title`,`rules` FROM dxyh_auth_group_access a INNER JOIN dxyh_auth_group g on a.group_id=g.id  WHERE ( a.aid='1' and g.status='1' )  [ RunTime:0.0680s ]
SQL: SHOW COLUMNS FROM `dxyh_auth_rule` [ RunTime:0.0700s ]
SQL: SELECT `condition`,`name` FROM `dxyh_auth_rule` WHERE `id` IN ('19','20','21','22','23','24','25','26','27','28','29','30','31','32','33','34','43','44','45','39','40','41','42','35','36','37','38','1','6','7','8','2','3','4','5','9','10','11','12','13','14','15','16','17','18') AND `type` = 1 AND `status` = 1  [ RunTime:0.0690s ]
SQL: SHOW COLUMNS FROM `dxyh_coptic` [ RunTime:0.0660s ]
SQL: SELECT COUNT(*) AS tp_count FROM dxyh_coptic c INNER JOIN dxyh_coptic_type as ct ON c.coptic_type_id = ct.id  LIMIT 1   [ RunTime:0.0690s ]
SQL: SELECT c.id,ct.category_name,c.coptic_title,c.author,c.referral,c.create_time,c.browse_volume FROM dxyh_coptic c INNER JOIN dxyh_coptic_type as ct ON c.coptic_type_id = ct.id  ORDER BY c.id desc LIMIT 0,10   [ RunTime:0.0710s ]
SQL: SHOW COLUMNS FROM `dxyh_likes` [ RunTime:0.0710s ]
SQL: SELECT COUNT(*) AS tp_count FROM `dxyh_likes` WHERE `coptic_id` = 9 LIMIT 1   [ RunTime:0.0670s ]
SQL: SHOW COLUMNS FROM `dxyh_collection` [ RunTime:0.0660s ]
SQL: SELECT COUNT(*) AS tp_count FROM `dxyh_collection` WHERE `coptic_id` = 9 LIMIT 1   [ RunTime:0.0660s ]
SQL: SHOW COLUMNS FROM `dxyh_comment` [ RunTime:0.0680s ]
SQL: SELECT COUNT(*) AS tp_count FROM `dxyh_comment` WHERE `coptic_id` = 9 LIMIT 1   [ RunTime:0.0660s ]
SQL: SELECT COUNT(*) AS tp_count FROM `dxyh_likes` WHERE `coptic_id` = 8 LIMIT 1   [ RunTime:0.0670s ]
SQL: SELECT COUNT(*) AS tp_count FROM `dxyh_collection` WHERE `coptic_id` = 8 LIMIT 1   [ RunTime:0.0680s ]
SQL: SELECT COUNT(*) AS tp_count FROM `dxyh_comment` WHERE `coptic_id` = 8 LIMIT 1   [ RunTime:0.0680s ]
SQL: SELECT COUNT(*) AS tp_count FROM `dxyh_likes` WHERE `coptic_id` = 7 LIMIT 1   [ RunTime:0.0680s ]
SQL: SELECT COUNT(*) AS tp_count FROM `dxyh_collection` WHERE `coptic_id` = 7 LIMIT 1   [ RunTime:0.0680s ]
SQL: SELECT COUNT(*) AS tp_count FROM `dxyh_comment` WHERE `coptic_id` = 7 LIMIT 1   [ RunTime:0.0670s ]
SQL: SELECT COUNT(*) AS tp_count FROM `dxyh_likes` WHERE `coptic_id` = 6 LIMIT 1   [ RunTime:0.0690s ]
SQL: SELECT COUNT(*) AS tp_count FROM `dxyh_collection` WHERE `coptic_id` = 6 LIMIT 1   [ RunTime:0.0690s ]
SQL: SELECT COUNT(*) AS tp_count FROM `dxyh_comment` WHERE `coptic_id` = 6 LIMIT 1   [ RunTime:0.0670s ]
SQL: SELECT COUNT(*) AS tp_count FROM `dxyh_likes` WHERE `coptic_id` = 5 LIMIT 1   [ RunTime:0.0730s ]
SQL: SELECT COUNT(*) AS tp_count FROM `dxyh_collection` WHERE `coptic_id` = 5 LIMIT 1   [ RunTime:0.0700s ]
SQL: SELECT COUNT(*) AS tp_count FROM `dxyh_comment` WHERE `coptic_id` = 5 LIMIT 1   [ RunTime:0.0670s ]
SQL: SELECT COUNT(*) AS tp_count FROM `dxyh_likes` WHERE `coptic_id` = 4 LIMIT 1   [ RunTime:0.0670s ]
SQL: SELECT COUNT(*) AS tp_count FROM `dxyh_collection` WHERE `coptic_id` = 4 LIMIT 1   [ RunTime:0.0700s ]
SQL: SELECT COUNT(*) AS tp_count FROM `dxyh_comment` WHERE `coptic_id` = 4 LIMIT 1   [ RunTime:0.0660s ]
SQL: SELECT COUNT(*) AS tp_count FROM `dxyh_likes` WHERE `coptic_id` = 3 LIMIT 1   [ RunTime:0.0660s ]
SQL: SELECT COUNT(*) AS tp_count FROM `dxyh_collection` WHERE `coptic_id` = 3 LIMIT 1   [ RunTime:0.0680s ]
SQL: SELECT COUNT(*) AS tp_count FROM `dxyh_comment` WHERE `coptic_id` = 3 LIMIT 1   [ RunTime:0.0710s ]
SQL: SELECT COUNT(*) AS tp_count FROM `dxyh_likes` WHERE `coptic_id` = 2 LIMIT 1   [ RunTime:0.0670s ]
SQL: SELECT COUNT(*) AS tp_count FROM `dxyh_collection` WHERE `coptic_id` = 2 LIMIT 1   [ RunTime:0.0710s ]
SQL: SELECT COUNT(*) AS tp_count FROM `dxyh_comment` WHERE `coptic_id` = 2 LIMIT 1   [ RunTime:0.0710s ]
SQL: SELECT COUNT(*) AS tp_count FROM `dxyh_likes` WHERE `coptic_id` = 1 LIMIT 1   [ RunTime:0.0720s ]
SQL: SELECT COUNT(*) AS tp_count FROM `dxyh_collection` WHERE `coptic_id` = 1 LIMIT 1   [ RunTime:0.0660s ]
SQL: SELECT COUNT(*) AS tp_count FROM `dxyh_comment` WHERE `coptic_id` = 1 LIMIT 1   [ RunTime:0.0670s ]
SQL: SHOW COLUMNS FROM `dxyh_coptic_type` [ RunTime:0.0740s ]
SQL: SELECT * FROM `dxyh_coptic_type`  [ RunTime:0.0820s ]
NOTIC: [8] Undefined index: copticType D:\WWW\daxiaoyihu\Application\Admin\Controller\CopticController.class.php 第 27 行.
NOTIC: [8] Undefined index: nominate D:\WWW\daxiaoyihu\Application\Admin\Controller\CopticController.class.php 第 28 行.
NOTIC: [8] Undefined index: keyword D:\WWW\daxiaoyihu\Application\Admin\Controller\CopticController.class.php 第 29 行.
INFO: [ view_parse ] --START--
INFO: [ template_filter ] --START--
INFO: Run Behavior\ContentReplaceBehavior [ RunTime:0.001000s ]
INFO: [ template_filter ] --END-- [ RunTime:0.001000s ]
INFO: Run Behavior\ParseTemplateBehavior [ RunTime:0.045003s ]
INFO: [ view_parse ] --END-- [ RunTime:0.045003s ]
INFO: [ view_filter ] --START--
INFO: Run Behavior\WriteHtmlCacheBehavior [ RunTime:0.001000s ]
INFO: [ view_filter ] --END-- [ RunTime:0.001000s ]
INFO: [ app_end ] --START--
INFO: Run Behavior\ShowPageTraceBehavior [ RunTime:0.001000s ]
INFO: [ app_end ] --END-- [ RunTime:0.001000s ]

[ 2017-04-21T15:48:45+08:00 ] 127.0.0.1 /Admin/Coptic/index.html
INFO: [ app_init ] --START--
INFO: Run Behavior\BuildLiteBehavior [ RunTime:0.000000s ]
INFO: [ app_init ] --END-- [ RunTime:0.000000s ]
INFO: [ app_begin ] --START--
INFO: Run Behavior\ReadHtmlCacheBehavior [ RunTime:0.001000s ]
INFO: [ app_begin ] --END-- [ RunTime:0.001000s ]
SQL: SHOW COLUMNS FROM `dxyh_auth_group_access` [ RunTime:0.0650s ]
SQL: SELECT `aid`,`group_id`,`title`,`rules` FROM dxyh_auth_group_access a INNER JOIN dxyh_auth_group g on a.group_id=g.id  WHERE ( a.aid='1' and g.status='1' )  [ RunTime:0.0650s ]
SQL: SHOW COLUMNS FROM `dxyh_auth_rule` [ RunTime:0.0650s ]
SQL: SELECT `condition`,`name` FROM `dxyh_auth_rule` WHERE `id` IN ('19','20','21','22','23','24','25','26','27','28','29','30','31','32','33','34','43','44','45','39','40','41','42','35','36','37','38','1','6','7','8','2','3','4','5','9','10','11','12','13','14','15','16','17','18') AND `type` = 1 AND `status` = 1  [ RunTime:0.0650s ]
SQL: SHOW COLUMNS FROM `dxyh_coptic` [ RunTime:0.0680s ]
SQL: SELECT COUNT(*) AS tp_count FROM dxyh_coptic c INNER JOIN dxyh_coptic_type as ct ON c.coptic_type_id = ct.id  LIMIT 1   [ RunTime:0.0640s ]
SQL: SELECT c.id,ct.category_name,c.coptic_title,c.author,c.referral,c.create_time,c.browse_volume FROM dxyh_coptic c INNER JOIN dxyh_coptic_type as ct ON c.coptic_type_id = ct.id  ORDER BY c.id desc LIMIT 0,10   [ RunTime:0.0660s ]
SQL: SHOW COLUMNS FROM `dxyh_likes` [ RunTime:0.0650s ]
SQL: SELECT COUNT(*) AS tp_count FROM `dxyh_likes` WHERE `coptic_id` = 9 LIMIT 1   [ RunTime:0.0670s ]
SQL: SHOW COLUMNS FROM `dxyh_collection` [ RunTime:0.0700s ]
SQL: SELECT COUNT(*) AS tp_count FROM `dxyh_collection` WHERE `coptic_id` = 9 LIMIT 1   [ RunTime:0.0660s ]
SQL: SHOW COLUMNS FROM `dxyh_comment` [ RunTime:0.0670s ]
SQL: SELECT COUNT(*) AS tp_count FROM `dxyh_comment` WHERE `coptic_id` = 9 LIMIT 1   [ RunTime:0.0630s ]
SQL: SELECT COUNT(*) AS tp_count FROM `dxyh_likes` WHERE `coptic_id` = 8 LIMIT 1   [ RunTime:0.0650s ]
SQL: SELECT COUNT(*) AS tp_count FROM `dxyh_collection` WHERE `coptic_id` = 8 LIMIT 1   [ RunTime:0.3510s ]
SQL: SELECT COUNT(*) AS tp_count FROM `dxyh_comment` WHERE `coptic_id` = 8 LIMIT 1   [ RunTime:0.0640s ]
SQL: SELECT COUNT(*) AS tp_count FROM `dxyh_likes` WHERE `coptic_id` = 7 LIMIT 1   [ RunTime:0.0630s ]
SQL: SELECT COUNT(*) AS tp_count FROM `dxyh_collection` WHERE `coptic_id` = 7 LIMIT 1   [ RunTime:0.0680s ]
SQL: SELECT COUNT(*) AS tp_count FROM `dxyh_comment` WHERE `coptic_id` = 7 LIMIT 1   [ RunTime:0.0660s ]
SQL: SELECT COUNT(*) AS tp_count FROM `dxyh_likes` WHERE `coptic_id` = 6 LIMIT 1   [ RunTime:0.0680s ]
SQL: SELECT COUNT(*) AS tp_count FROM `dxyh_collection` WHERE `coptic_id` = 6 LIMIT 1   [ RunTime:0.0660s ]
SQL: SELECT COUNT(*) AS tp_count FROM `dxyh_comment` WHERE `coptic_id` = 6 LIMIT 1   [ RunTime:0.0640s ]
SQL: SELECT COUNT(*) AS tp_count FROM `dxyh_likes` WHERE `coptic_id` = 5 LIMIT 1   [ RunTime:0.0670s ]
SQL: SELECT COUNT(*) AS tp_count FROM `dxyh_collection` WHERE `coptic_id` = 5 LIMIT 1   [ RunTime:0.0700s ]
SQL: SELECT COUNT(*) AS tp_count FROM `dxyh_comment` WHERE `coptic_id` = 5 LIMIT 1   [ RunTime:0.0660s ]
SQL: SELECT COUNT(*) AS tp_count FROM `dxyh_likes` WHERE `coptic_id` = 4 LIMIT 1   [ RunTime:0.0670s ]
SQL: SELECT COUNT(*) AS tp_count FROM `dxyh_collection` WHERE `coptic_id` = 4 LIMIT 1   [ RunTime:0.0690s ]
SQL: SELECT COUNT(*) AS tp_count FROM `dxyh_comment` WHERE `coptic_id` = 4 LIMIT 1   [ RunTime:0.0650s ]
SQL: SELECT COUNT(*) AS tp_count FROM `dxyh_likes` WHERE `coptic_id` = 3 LIMIT 1   [ RunTime:0.0650s ]
SQL: SELECT COUNT(*) AS tp_count FROM `dxyh_collection` WHERE `coptic_id` = 3 LIMIT 1   [ RunTime:0.0690s ]
SQL: SELECT COUNT(*) AS tp_count FROM `dxyh_comment` WHERE `coptic_id` = 3 LIMIT 1   [ RunTime:0.0650s ]
SQL: SELECT COUNT(*) AS tp_count FROM `dxyh_likes` WHERE `coptic_id` = 2 LIMIT 1   [ RunTime:0.0640s ]
SQL: SELECT COUNT(*) AS tp_count FROM `dxyh_collection` WHERE `coptic_id` = 2 LIMIT 1   [ RunTime:0.0630s ]
SQL: SELECT COUNT(*) AS tp_count FROM `dxyh_comment` WHERE `coptic_id` = 2 LIMIT 1   [ RunTime:0.0640s ]
SQL: SELECT COUNT(*) AS tp_count FROM `dxyh_likes` WHERE `coptic_id` = 1 LIMIT 1   [ RunTime:0.0650s ]
SQL: SELECT COUNT(*) AS tp_count FROM `dxyh_collection` WHERE `coptic_id` = 1 LIMIT 1   [ RunTime:0.0640s ]
SQL: SELECT COUNT(*) AS tp_count FROM `dxyh_comment` WHERE `coptic_id` = 1 LIMIT 1   [ RunTime:0.0630s ]
SQL: SHOW COLUMNS FROM `dxyh_coptic_type` [ RunTime:0.0690s ]
SQL: SELECT * FROM `dxyh_coptic_type`  [ RunTime:0.0660s ]
NOTIC: [8] Undefined index: copticType D:\WWW\daxiaoyihu\Application\Admin\Controller\CopticController.class.php 第 27 行.
NOTIC: [8] Undefined index: nominate D:\WWW\daxiaoyihu\Application\Admin\Controller\CopticController.class.php 第 28 行.
NOTIC: [8] Undefined index: keyword D:\WWW\daxiaoyihu\Application\Admin\Controller\CopticController.class.php 第 29 行.
INFO: [ view_parse ] --START--
INFO: [ template_filter ] --START--
INFO: Run Behavior\ContentReplaceBehavior [ RunTime:0.000000s ]
INFO: [ template_filter ] --END-- [ RunTime:0.000000s ]
INFO: Run Behavior\ParseTemplateBehavior [ RunTime:0.026001s ]
INFO: [ view_parse ] --END-- [ RunTime:0.026001s ]
INFO: [ view_filter ] --START--
INFO: Run Behavior\WriteHtmlCacheBehavior [ RunTime:0.001000s ]
INFO: [ view_filter ] --END-- [ RunTime:0.001000s ]
INFO: [ app_end ] --START--
INFO: Run Behavior\ShowPageTraceBehavior [ RunTime:0.000000s ]
INFO: [ app_end ] --END-- [ RunTime:0.000000s ]

[ 2017-04-21T18:18:33+08:00 ] 127.0.0.1 /Admin/Public/logout.html
INFO: [ app_init ] --START--
INFO: Run Behavior\BuildLiteBehavior [ RunTime:0.000000s ]
INFO: [ app_init ] --END-- [ RunTime:0.000000s ]
INFO: [ app_begin ] --START--
INFO: Run Behavior\ReadHtmlCacheBehavior [ RunTime:0.000000s ]
INFO: [ app_begin ] --END-- [ RunTime:0.000000s ]

[ 2017-04-21T18:18:34+08:00 ] 127.0.0.1 /Admin/Public/login.html
INFO: [ app_init ] --START--
INFO: Run Behavior\BuildLiteBehavior [ RunTime:0.000000s ]
INFO: [ app_init ] --END-- [ RunTime:0.000000s ]
INFO: [ app_begin ] --START--
INFO: Run Behavior\ReadHtmlCacheBehavior [ RunTime:0.001000s ]
INFO: [ app_begin ] --END-- [ RunTime:0.001000s ]
SQL: SHOW COLUMNS FROM `dxyh_admin` [ RunTime:0.0090s ]
INFO: [ view_parse ] --START--
INFO: [ template_filter ] --START--
INFO: Run Behavior\ContentReplaceBehavior [ RunTime:0.000000s ]
INFO: [ template_filter ] --END-- [ RunTime:0.000000s ]
INFO: Run Behavior\ParseTemplateBehavior [ RunTime:0.045002s ]
INFO: [ view_parse ] --END-- [ RunTime:0.045002s ]
INFO: [ view_filter ] --START--
INFO: Run Behavior\WriteHtmlCacheBehavior [ RunTime:0.000000s ]
INFO: [ view_filter ] --END-- [ RunTime:0.000000s ]
INFO: [ app_end ] --START--
INFO: Run Behavior\ShowPageTraceBehavior [ RunTime:0.002000s ]
INFO: [ app_end ] --END-- [ RunTime:0.002000s ]

[ 2017-04-21T18:18:34+08:00 ] 127.0.0.1 /Admin/Public/logout.html
INFO: [ app_init ] --START--
INFO: Run Behavior\BuildLiteBehavior [ RunTime:0.000000s ]
INFO: [ app_init ] --END-- [ RunTime:0.000000s ]
INFO: [ app_begin ] --START--
INFO: Run Behavior\ReadHtmlCacheBehavior [ RunTime:0.001000s ]
INFO: [ app_begin ] --END-- [ RunTime:0.001000s ]

[ 2017-04-21T18:18:34+08:00 ] 127.0.0.1 /Admin/Public/login.html
INFO: [ app_init ] --START--
INFO: Run Behavior\BuildLiteBehavior [ RunTime:0.000000s ]
INFO: [ app_init ] --END-- [ RunTime:0.000000s ]
INFO: [ app_begin ] --START--
INFO: Run Behavior\ReadHtmlCacheBehavior [ RunTime:0.000000s ]
INFO: [ app_begin ] --END-- [ RunTime:0.001000s ]
SQL: SHOW COLUMNS FROM `dxyh_admin` [ RunTime:0.0060s ]
INFO: [ view_parse ] --START--
INFO: [ template_filter ] --START--
INFO: Run Behavior\ContentReplaceBehavior [ RunTime:0.000000s ]
INFO: [ template_filter ] --END-- [ RunTime:0.000000s ]
INFO: Run Behavior\ParseTemplateBehavior [ RunTime:0.004001s ]
INFO: [ view_parse ] --END-- [ RunTime:0.004001s ]
INFO: [ view_filter ] --START--
INFO: Run Behavior\WriteHtmlCacheBehavior [ RunTime:0.000000s ]
INFO: [ view_filter ] --END-- [ RunTime:0.000000s ]
INFO: [ app_end ] --START--
INFO: Run Behavior\ShowPageTraceBehavior [ RunTime:0.000000s ]
INFO: [ app_end ] --END-- [ RunTime:0.000000s ]

