[ 2017-05-09T11:23:35+08:00 ] 127.0.0.1 /admin
INFO: [ app_init ] --START--
INFO: Run Behavior\BuildLiteBehavior [ RunTime:0.000000s ]
INFO: [ app_init ] --END-- [ RunTime:0.024001s ]
INFO: [ app_begin ] --START--
INFO: Run Behavior\ReadHtmlCacheBehavior [ RunTime:0.014001s ]
INFO: [ app_begin ] --END-- [ RunTime:0.014001s ]

[ 2017-05-09T11:23:35+08:00 ] 127.0.0.1 /Admin/Public/login.html
INFO: [ app_init ] --START--
INFO: Run Behavior\BuildLiteBehavior [ RunTime:0.000000s ]
INFO: [ app_init ] --END-- [ RunTime:0.000000s ]
INFO: [ app_begin ] --START--
INFO: Run Behavior\ReadHtmlCacheBehavior [ RunTime:0.000000s ]
INFO: [ app_begin ] --END-- [ RunTime:0.000000s ]
SQL: SHOW COLUMNS FROM `dxyh_admin` [ RunTime:0.0080s ]
INFO: [ view_parse ] --START--
INFO: [ template_filter ] --START--
INFO: Run Behavior\ContentReplaceBehavior [ RunTime:0.000000s ]
INFO: [ template_filter ] --END-- [ RunTime:0.000000s ]
INFO: Run Behavior\ParseTemplateBehavior [ RunTime:0.062004s ]
INFO: [ view_parse ] --END-- [ RunTime:0.062004s ]
INFO: [ view_filter ] --START--
INFO: Run Behavior\WriteHtmlCacheBehavior [ RunTime:0.012000s ]
INFO: [ view_filter ] --END-- [ RunTime:0.012000s ]
INFO: [ app_end ] --START--
INFO: Run Behavior\ShowPageTraceBehavior [ RunTime:0.001001s ]
INFO: [ app_end ] --END-- [ RunTime:0.001001s ]

[ 2017-05-09T17:32:39+08:00 ] 127.0.0.1 /admin
INFO: [ app_init ] --START--
INFO: Run Behavior\BuildLiteBehavior [ RunTime:0.000000s ]
INFO: [ app_init ] --END-- [ RunTime:0.000000s ]
INFO: [ app_begin ] --START--
INFO: Run Behavior\ReadHtmlCacheBehavior [ RunTime:0.000000s ]
INFO: [ app_begin ] --END-- [ RunTime:0.000000s ]

[ 2017-05-09T17:32:39+08:00 ] 127.0.0.1 /Admin/Public/login.html
INFO: [ app_init ] --START--
INFO: Run Behavior\BuildLiteBehavior [ RunTime:0.000000s ]
INFO: [ app_init ] --END-- [ RunTime:0.000000s ]
INFO: [ app_begin ] --START--
INFO: Run Behavior\ReadHtmlCacheBehavior [ RunTime:0.001000s ]
INFO: [ app_begin ] --END-- [ RunTime:0.001000s ]
SQL: SHOW COLUMNS FROM `dxyh_admin` [ RunTime:0.0050s ]
INFO: [ view_parse ] --START--
INFO: [ template_filter ] --START--
INFO: Run Behavior\ContentReplaceBehavior [ RunTime:0.000000s ]
INFO: [ template_filter ] --END-- [ RunTime:0.000000s ]
INFO: Run Behavior\ParseTemplateBehavior [ RunTime:0.021001s ]
INFO: [ view_parse ] --END-- [ RunTime:0.021001s ]
INFO: [ view_filter ] --START--
INFO: Run Behavior\WriteHtmlCacheBehavior [ RunTime:0.001000s ]
INFO: [ view_filter ] --END-- [ RunTime:0.001000s ]
INFO: [ app_end ] --START--
INFO: Run Behavior\ShowPageTraceBehavior [ RunTime:0.000000s ]
INFO: [ app_end ] --END-- [ RunTime:0.000000s ]

[ 2017-05-09T17:32:41+08:00 ] 127.0.0.1 /Admin/Public/login.html
INFO: [ app_init ] --START--
INFO: Run Behavior\BuildLiteBehavior [ RunTime:0.000000s ]
INFO: [ app_init ] --END-- [ RunTime:0.000000s ]
INFO: [ app_begin ] --START--
INFO: Run Behavior\ReadHtmlCacheBehavior [ RunTime:0.000000s ]
INFO: [ app_begin ] --END-- [ RunTime:0.000000s ]
SQL: SHOW COLUMNS FROM `dxyh_admin` [ RunTime:0.0050s ]
SQL: SELECT * FROM `dxyh_admin` WHERE `aname` = 'root' LIMIT 1   [ RunTime:0.0050s ]

[ 2017-05-09T17:32:42+08:00 ] 127.0.0.1 /Admin/Index/index.html
INFO: [ app_init ] --START--
INFO: Run Behavior\BuildLiteBehavior [ RunTime:0.000000s ]
INFO: [ app_init ] --END-- [ RunTime:0.001000s ]
INFO: [ app_begin ] --START--
INFO: Run Behavior\ReadHtmlCacheBehavior [ RunTime:0.000000s ]
INFO: [ app_begin ] --END-- [ RunTime:0.001000s ]
SQL: SHOW COLUMNS FROM `dxyh_comment` [ RunTime:0.0060s ]
SQL: SELECT COUNT(*) AS tp_count FROM `dxyh_comment` WHERE ( create_time >= 1494259201 AND create_time <= 1494345599 ) LIMIT 1   [ RunTime:0.0080s ]
SQL: SHOW COLUMNS FROM `dxyh_user` [ RunTime:0.0070s ]
SQL: SELECT COUNT(*) AS tp_count FROM `dxyh_user` WHERE ( create_time >= 1494259201 AND create_time <= 1494345599 ) LIMIT 1   [ RunTime:0.0060s ]
SQL: SHOW COLUMNS FROM `dxyh_visit` [ RunTime:0.0060s ]
SQL: SELECT COUNT(*) AS tp_count FROM `dxyh_visit` WHERE ( create_time >= 1494259201 AND create_time <= 1494345599 ) LIMIT 1   [ RunTime:0.0060s ]
INFO: [ view_parse ] --START--
INFO: [ template_filter ] --START--
INFO: Run Behavior\ContentReplaceBehavior [ RunTime:0.000000s ]
INFO: [ template_filter ] --END-- [ RunTime:0.000000s ]
INFO: Run Behavior\ParseTemplateBehavior [ RunTime:0.045003s ]
INFO: [ view_parse ] --END-- [ RunTime:0.045003s ]
INFO: [ view_filter ] --START--
INFO: Run Behavior\WriteHtmlCacheBehavior [ RunTime:0.000000s ]
INFO: [ view_filter ] --END-- [ RunTime:0.000000s ]
INFO: [ app_end ] --START--
INFO: Run Behavior\ShowPageTraceBehavior [ RunTime:0.000000s ]
INFO: [ app_end ] --END-- [ RunTime:0.000000s ]

[ 2017-05-09T17:32:44+08:00 ] 127.0.0.1 /Admin/Index/sevenDay.html
INFO: [ app_init ] --START--
INFO: Run Behavior\BuildLiteBehavior [ RunTime:0.000000s ]
INFO: [ app_init ] --END-- [ RunTime:0.001000s ]
INFO: [ app_begin ] --START--
INFO: Run Behavior\ReadHtmlCacheBehavior [ RunTime:0.000000s ]
INFO: [ app_begin ] --END-- [ RunTime:0.000000s ]
SQL: SHOW COLUMNS FROM `dxyh_comment` [ RunTime:0.0070s ]
SQL: SELECT COUNT(*) AS tp_count FROM `dxyh_comment` WHERE ( create_time >= 1493654401 AND create_time <= 1493740799 ) LIMIT 1   [ RunTime:0.2560s ]
SQL: SHOW COLUMNS FROM `dxyh_user` [ RunTime:0.0060s ]
SQL: SELECT COUNT(*) AS tp_count FROM `dxyh_user` WHERE ( create_time >= 1493654401 AND create_time <= 1493740799 ) LIMIT 1   [ RunTime:0.0070s ]
SQL: SHOW COLUMNS FROM `dxyh_visit` [ RunTime:0.0070s ]
SQL: SELECT COUNT(*) AS tp_count FROM `dxyh_visit` WHERE ( create_time >= 1493654401 AND create_time <= 1493740799 ) LIMIT 1   [ RunTime:0.0100s ]
SQL: SELECT COUNT(*) AS tp_count FROM `dxyh_comment` WHERE ( create_time >= 1493740801 AND create_time <= 1493827199 ) LIMIT 1   [ RunTime:0.0100s ]
SQL: SELECT COUNT(*) AS tp_count FROM `dxyh_user` WHERE ( create_time >= 1493740801 AND create_time <= 1493827199 ) LIMIT 1   [ RunTime:0.0050s ]
SQL: SELECT COUNT(*) AS tp_count FROM `dxyh_visit` WHERE ( create_time >= 1493740801 AND create_time <= 1493827199 ) LIMIT 1   [ RunTime:0.0060s ]
SQL: SELECT COUNT(*) AS tp_count FROM `dxyh_comment` WHERE ( create_time >= 1493827201 AND create_time <= 1493913599 ) LIMIT 1   [ RunTime:0.0050s ]
SQL: SELECT COUNT(*) AS tp_count FROM `dxyh_user` WHERE ( create_time >= 1493827201 AND create_time <= 1493913599 ) LIMIT 1   [ RunTime:0.0060s ]
SQL: SELECT COUNT(*) AS tp_count FROM `dxyh_visit` WHERE ( create_time >= 1493827201 AND create_time <= 1493913599 ) LIMIT 1   [ RunTime:0.0060s ]
SQL: SELECT COUNT(*) AS tp_count FROM `dxyh_comment` WHERE ( create_time >= 1493913601 AND create_time <= 1493999999 ) LIMIT 1   [ RunTime:0.0060s ]
SQL: SELECT COUNT(*) AS tp_count FROM `dxyh_user` WHERE ( create_time >= 1493913601 AND create_time <= 1493999999 ) LIMIT 1   [ RunTime:0.0060s ]
SQL: SELECT COUNT(*) AS tp_count FROM `dxyh_visit` WHERE ( create_time >= 1493913601 AND create_time <= 1493999999 ) LIMIT 1   [ RunTime:0.0070s ]
SQL: SELECT COUNT(*) AS tp_count FROM `dxyh_comment` WHERE ( create_time >= 1494000001 AND create_time <= 1494086399 ) LIMIT 1   [ RunTime:0.0050s ]
SQL: SELECT COUNT(*) AS tp_count FROM `dxyh_user` WHERE ( create_time >= 1494000001 AND create_time <= 1494086399 ) LIMIT 1   [ RunTime:0.0050s ]
SQL: SELECT COUNT(*) AS tp_count FROM `dxyh_visit` WHERE ( create_time >= 1494000001 AND create_time <= 1494086399 ) LIMIT 1   [ RunTime:0.0070s ]
SQL: SELECT COUNT(*) AS tp_count FROM `dxyh_comment` WHERE ( create_time >= 1494086401 AND create_time <= 1494172799 ) LIMIT 1   [ RunTime:0.0140s ]
SQL: SELECT COUNT(*) AS tp_count FROM `dxyh_user` WHERE ( create_time >= 1494086401 AND create_time <= 1494172799 ) LIMIT 1   [ RunTime:0.0090s ]
SQL: SELECT COUNT(*) AS tp_count FROM `dxyh_visit` WHERE ( create_time >= 1494086401 AND create_time <= 1494172799 ) LIMIT 1   [ RunTime:0.0110s ]
SQL: SELECT COUNT(*) AS tp_count FROM `dxyh_comment` WHERE ( create_time >= 1494172801 AND create_time <= 1494259199 ) LIMIT 1   [ RunTime:0.0070s ]
SQL: SELECT COUNT(*) AS tp_count FROM `dxyh_user` WHERE ( create_time >= 1494172801 AND create_time <= 1494259199 ) LIMIT 1   [ RunTime:0.0070s ]
SQL: SELECT COUNT(*) AS tp_count FROM `dxyh_visit` WHERE ( create_time >= 1494172801 AND create_time <= 1494259199 ) LIMIT 1   [ RunTime:0.0080s ]
INFO: [ app_end ] --START--
INFO: Run Behavior\ShowPageTraceBehavior [ RunTime:0.000000s ]
INFO: [ app_end ] --END-- [ RunTime:0.000000s ]

[ 2017-05-09T17:32:55+08:00 ] 127.0.0.1 /Admin/UserManage/user_list.html
INFO: [ app_init ] --START--
INFO: Run Behavior\BuildLiteBehavior [ RunTime:0.000000s ]
INFO: [ app_init ] --END-- [ RunTime:0.000000s ]
INFO: [ app_begin ] --START--
INFO: Run Behavior\ReadHtmlCacheBehavior [ RunTime:0.000000s ]
INFO: [ app_begin ] --END-- [ RunTime:0.000000s ]
SQL: SHOW COLUMNS FROM `dxyh_auth_group_access` [ RunTime:0.0080s ]
SQL: SELECT `aid`,`group_id`,`title`,`rules` FROM dxyh_auth_group_access a INNER JOIN dxyh_auth_group g on a.group_id=g.id  WHERE ( a.aid='1' and g.status='1' )  [ RunTime:0.0080s ]
SQL: SHOW COLUMNS FROM `dxyh_auth_rule` [ RunTime:0.0060s ]
SQL: SELECT `condition`,`name` FROM `dxyh_auth_rule` WHERE `id` IN ('19','20','21','22','23','24','25','26','27','28','29','30','31','32','33','34','43','44','45','39','40','41','42','35','36','37','38','1','6','7','8','2','3','4','5','9','10','11','12','13','14','15','16','17','18') AND `type` = 1 AND `status` = 1  [ RunTime:0.0070s ]
SQL: SHOW COLUMNS FROM `dxyh_user` [ RunTime:0.0070s ]
SQL: SELECT COUNT(*) AS tp_count FROM `dxyh_user` LIMIT 1   [ RunTime:0.0100s ]
SQL: SELECT * FROM `dxyh_user` ORDER BY `uid` desc LIMIT 0,10   [ RunTime:0.0110s ]
NOTIC: [8] Undefined index: keyword D:\WWW\daxiaoyihu\Application\Admin\Controller\UserManageController.class.php 第 26 行.
INFO: [ view_parse ] --START--
INFO: [ template_filter ] --START--
INFO: Run Behavior\ContentReplaceBehavior [ RunTime:0.000000s ]
INFO: [ template_filter ] --END-- [ RunTime:0.000000s ]
INFO: Run Behavior\ParseTemplateBehavior [ RunTime:0.017001s ]
INFO: [ view_parse ] --END-- [ RunTime:0.017001s ]
INFO: [ view_filter ] --START--
INFO: Run Behavior\WriteHtmlCacheBehavior [ RunTime:0.000000s ]
INFO: [ view_filter ] --END-- [ RunTime:0.000000s ]
INFO: [ app_end ] --START--
INFO: Run Behavior\ShowPageTraceBehavior [ RunTime:0.000000s ]
INFO: [ app_end ] --END-- [ RunTime:0.000000s ]

[ 2017-05-09T17:32:55+08:00 ] 127.0.0.1 /Admin/UserManage/user_list.html
INFO: [ app_init ] --START--
INFO: Run Behavior\BuildLiteBehavior [ RunTime:0.000000s ]
INFO: [ app_init ] --END-- [ RunTime:0.000000s ]
INFO: [ app_begin ] --START--
INFO: Run Behavior\ReadHtmlCacheBehavior [ RunTime:0.000000s ]
INFO: [ app_begin ] --END-- [ RunTime:0.000000s ]
SQL: SHOW COLUMNS FROM `dxyh_auth_group_access` [ RunTime:0.0120s ]
SQL: SELECT `aid`,`group_id`,`title`,`rules` FROM dxyh_auth_group_access a INNER JOIN dxyh_auth_group g on a.group_id=g.id  WHERE ( a.aid='1' and g.status='1' )  [ RunTime:0.0090s ]
SQL: SHOW COLUMNS FROM `dxyh_auth_rule` [ RunTime:0.0100s ]
SQL: SELECT `condition`,`name` FROM `dxyh_auth_rule` WHERE `id` IN ('19','20','21','22','23','24','25','26','27','28','29','30','31','32','33','34','43','44','45','39','40','41','42','35','36','37','38','1','6','7','8','2','3','4','5','9','10','11','12','13','14','15','16','17','18') AND `type` = 1 AND `status` = 1  [ RunTime:0.0080s ]
SQL: SHOW COLUMNS FROM `dxyh_user` [ RunTime:0.0080s ]
SQL: SELECT COUNT(*) AS tp_count FROM `dxyh_user` LIMIT 1   [ RunTime:0.0090s ]
SQL: SELECT * FROM `dxyh_user` ORDER BY `uid` desc LIMIT 0,10   [ RunTime:0.0090s ]
NOTIC: [8] Undefined index: keyword D:\WWW\daxiaoyihu\Application\Admin\Controller\UserManageController.class.php 第 26 行.
INFO: [ view_parse ] --START--
INFO: [ template_filter ] --START--
INFO: Run Behavior\ContentReplaceBehavior [ RunTime:0.000000s ]
INFO: [ template_filter ] --END-- [ RunTime:0.000000s ]
INFO: Run Behavior\ParseTemplateBehavior [ RunTime:0.008001s ]
INFO: [ view_parse ] --END-- [ RunTime:0.008001s ]
INFO: [ view_filter ] --START--
INFO: Run Behavior\WriteHtmlCacheBehavior [ RunTime:0.000000s ]
INFO: [ view_filter ] --END-- [ RunTime:0.000000s ]
INFO: [ app_end ] --START--
INFO: Run Behavior\ShowPageTraceBehavior [ RunTime:0.000000s ]
INFO: [ app_end ] --END-- [ RunTime:0.000000s ]

[ 2017-05-09T17:33:43+08:00 ] 127.0.0.1 /Admin/Coptic/index.html
INFO: [ app_init ] --START--
INFO: Run Behavior\BuildLiteBehavior [ RunTime:0.000000s ]
INFO: [ app_init ] --END-- [ RunTime:0.000000s ]
INFO: [ app_begin ] --START--
INFO: Run Behavior\ReadHtmlCacheBehavior [ RunTime:0.000000s ]
INFO: [ app_begin ] --END-- [ RunTime:0.000000s ]
SQL: SHOW COLUMNS FROM `dxyh_auth_group_access` [ RunTime:0.0060s ]
SQL: SELECT `aid`,`group_id`,`title`,`rules` FROM dxyh_auth_group_access a INNER JOIN dxyh_auth_group g on a.group_id=g.id  WHERE ( a.aid='1' and g.status='1' )  [ RunTime:0.0060s ]
SQL: SHOW COLUMNS FROM `dxyh_auth_rule` [ RunTime:0.0080s ]
SQL: SELECT `condition`,`name` FROM `dxyh_auth_rule` WHERE `id` IN ('19','20','21','22','23','24','25','26','27','28','29','30','31','32','33','34','43','44','45','39','40','41','42','35','36','37','38','1','6','7','8','2','3','4','5','9','10','11','12','13','14','15','16','17','18') AND `type` = 1 AND `status` = 1  [ RunTime:0.0070s ]
SQL: SHOW COLUMNS FROM `dxyh_coptic` [ RunTime:0.0080s ]
SQL: SELECT COUNT(*) AS tp_count FROM dxyh_coptic c INNER JOIN dxyh_coptic_type as ct ON c.coptic_type_id = ct.id  LIMIT 1   [ RunTime:0.0080s ]
SQL: SELECT c.id,ct.category_name,c.coptic_title,c.author,c.referral,c.create_time,c.browse_volume FROM dxyh_coptic c INNER JOIN dxyh_coptic_type as ct ON c.coptic_type_id = ct.id  ORDER BY c.id desc LIMIT 0,10   [ RunTime:0.0070s ]
SQL: SHOW COLUMNS FROM `dxyh_likes` [ RunTime:0.0060s ]
SQL: SELECT COUNT(*) AS tp_count FROM `dxyh_likes` WHERE `coptic_id` = 70 LIMIT 1   [ RunTime:0.0070s ]
SQL: SHOW COLUMNS FROM `dxyh_collection` [ RunTime:0.0100s ]
SQL: SELECT COUNT(*) AS tp_count FROM `dxyh_collection` WHERE `coptic_id` = 70 LIMIT 1   [ RunTime:0.0080s ]
SQL: SHOW COLUMNS FROM `dxyh_comment` [ RunTime:0.0070s ]
SQL: SELECT COUNT(*) AS tp_count FROM `dxyh_comment` WHERE `coptic_id` = 70 LIMIT 1   [ RunTime:0.0050s ]
SQL: SELECT COUNT(*) AS tp_count FROM `dxyh_likes` WHERE `coptic_id` = 69 LIMIT 1   [ RunTime:0.0060s ]
SQL: SELECT COUNT(*) AS tp_count FROM `dxyh_collection` WHERE `coptic_id` = 69 LIMIT 1   [ RunTime:0.0050s ]
SQL: SELECT COUNT(*) AS tp_count FROM `dxyh_comment` WHERE `coptic_id` = 69 LIMIT 1   [ RunTime:0.0050s ]
SQL: SELECT COUNT(*) AS tp_count FROM `dxyh_likes` WHERE `coptic_id` = 68 LIMIT 1   [ RunTime:0.0050s ]
SQL: SELECT COUNT(*) AS tp_count FROM `dxyh_collection` WHERE `coptic_id` = 68 LIMIT 1   [ RunTime:0.0060s ]
SQL: SELECT COUNT(*) AS tp_count FROM `dxyh_comment` WHERE `coptic_id` = 68 LIMIT 1   [ RunTime:0.0050s ]
SQL: SELECT COUNT(*) AS tp_count FROM `dxyh_likes` WHERE `coptic_id` = 67 LIMIT 1   [ RunTime:0.0100s ]
SQL: SELECT COUNT(*) AS tp_count FROM `dxyh_collection` WHERE `coptic_id` = 67 LIMIT 1   [ RunTime:0.0060s ]
SQL: SELECT COUNT(*) AS tp_count FROM `dxyh_comment` WHERE `coptic_id` = 67 LIMIT 1   [ RunTime:0.0070s ]
SQL: SELECT COUNT(*) AS tp_count FROM `dxyh_likes` WHERE `coptic_id` = 66 LIMIT 1   [ RunTime:0.0060s ]
SQL: SELECT COUNT(*) AS tp_count FROM `dxyh_collection` WHERE `coptic_id` = 66 LIMIT 1   [ RunTime:0.0130s ]
SQL: SELECT COUNT(*) AS tp_count FROM `dxyh_comment` WHERE `coptic_id` = 66 LIMIT 1   [ RunTime:0.0070s ]
SQL: SELECT COUNT(*) AS tp_count FROM `dxyh_likes` WHERE `coptic_id` = 65 LIMIT 1   [ RunTime:0.0070s ]
SQL: SELECT COUNT(*) AS tp_count FROM `dxyh_collection` WHERE `coptic_id` = 65 LIMIT 1   [ RunTime:0.0060s ]
SQL: SELECT COUNT(*) AS tp_count FROM `dxyh_comment` WHERE `coptic_id` = 65 LIMIT 1   [ RunTime:0.0100s ]
SQL: SELECT COUNT(*) AS tp_count FROM `dxyh_likes` WHERE `coptic_id` = 64 LIMIT 1   [ RunTime:0.0070s ]
SQL: SELECT COUNT(*) AS tp_count FROM `dxyh_collection` WHERE `coptic_id` = 64 LIMIT 1   [ RunTime:0.0060s ]
SQL: SELECT COUNT(*) AS tp_count FROM `dxyh_comment` WHERE `coptic_id` = 64 LIMIT 1   [ RunTime:0.0060s ]
SQL: SELECT COUNT(*) AS tp_count FROM `dxyh_likes` WHERE `coptic_id` = 63 LIMIT 1   [ RunTime:0.0080s ]
SQL: SELECT COUNT(*) AS tp_count FROM `dxyh_collection` WHERE `coptic_id` = 63 LIMIT 1   [ RunTime:0.0060s ]
SQL: SELECT COUNT(*) AS tp_count FROM `dxyh_comment` WHERE `coptic_id` = 63 LIMIT 1   [ RunTime:0.0080s ]
SQL: SELECT COUNT(*) AS tp_count FROM `dxyh_likes` WHERE `coptic_id` = 62 LIMIT 1   [ RunTime:0.0120s ]
SQL: SELECT COUNT(*) AS tp_count FROM `dxyh_collection` WHERE `coptic_id` = 62 LIMIT 1   [ RunTime:0.0110s ]
SQL: SELECT COUNT(*) AS tp_count FROM `dxyh_comment` WHERE `coptic_id` = 62 LIMIT 1   [ RunTime:0.0090s ]
SQL: SELECT COUNT(*) AS tp_count FROM `dxyh_likes` WHERE `coptic_id` = 61 LIMIT 1   [ RunTime:0.0070s ]
SQL: SELECT COUNT(*) AS tp_count FROM `dxyh_collection` WHERE `coptic_id` = 61 LIMIT 1   [ RunTime:0.0060s ]
SQL: SELECT COUNT(*) AS tp_count FROM `dxyh_comment` WHERE `coptic_id` = 61 LIMIT 1   [ RunTime:0.0070s ]
SQL: SHOW COLUMNS FROM `dxyh_coptic_type` [ RunTime:0.0090s ]
SQL: SELECT * FROM `dxyh_coptic_type`  [ RunTime:0.0080s ]
NOTIC: [8] Undefined index: copticType D:\WWW\daxiaoyihu\Application\Admin\Controller\CopticController.class.php 第 27 行.
NOTIC: [8] Undefined index: nominate D:\WWW\daxiaoyihu\Application\Admin\Controller\CopticController.class.php 第 28 行.
NOTIC: [8] Undefined index: keyword D:\WWW\daxiaoyihu\Application\Admin\Controller\CopticController.class.php 第 29 行.
INFO: [ view_parse ] --START--
INFO: [ template_filter ] --START--
INFO: Run Behavior\ContentReplaceBehavior [ RunTime:0.000000s ]
INFO: [ template_filter ] --END-- [ RunTime:0.000000s ]
INFO: Run Behavior\ParseTemplateBehavior [ RunTime:0.033001s ]
INFO: [ view_parse ] --END-- [ RunTime:0.033001s ]
INFO: [ view_filter ] --START--
INFO: Run Behavior\WriteHtmlCacheBehavior [ RunTime:0.000000s ]
INFO: [ view_filter ] --END-- [ RunTime:0.000000s ]
INFO: [ app_end ] --START--
INFO: Run Behavior\ShowPageTraceBehavior [ RunTime:0.000000s ]
INFO: [ app_end ] --END-- [ RunTime:0.000000s ]

[ 2017-05-09T17:33:44+08:00 ] 127.0.0.1 /Admin/Coptic/index.html
INFO: [ app_init ] --START--
INFO: Run Behavior\BuildLiteBehavior [ RunTime:0.000000s ]
INFO: [ app_init ] --END-- [ RunTime:0.000000s ]
INFO: [ app_begin ] --START--
INFO: Run Behavior\ReadHtmlCacheBehavior [ RunTime:0.001000s ]
INFO: [ app_begin ] --END-- [ RunTime:0.001000s ]
SQL: SHOW COLUMNS FROM `dxyh_auth_group_access` [ RunTime:0.0060s ]
SQL: SELECT `aid`,`group_id`,`title`,`rules` FROM dxyh_auth_group_access a INNER JOIN dxyh_auth_group g on a.group_id=g.id  WHERE ( a.aid='1' and g.status='1' )  [ RunTime:0.0070s ]
SQL: SHOW COLUMNS FROM `dxyh_auth_rule` [ RunTime:0.0060s ]
SQL: SELECT `condition`,`name` FROM `dxyh_auth_rule` WHERE `id` IN ('19','20','21','22','23','24','25','26','27','28','29','30','31','32','33','34','43','44','45','39','40','41','42','35','36','37','38','1','6','7','8','2','3','4','5','9','10','11','12','13','14','15','16','17','18') AND `type` = 1 AND `status` = 1  [ RunTime:0.0080s ]
SQL: SHOW COLUMNS FROM `dxyh_coptic` [ RunTime:0.0170s ]
SQL: SELECT COUNT(*) AS tp_count FROM dxyh_coptic c INNER JOIN dxyh_coptic_type as ct ON c.coptic_type_id = ct.id  LIMIT 1   [ RunTime:0.0100s ]
SQL: SELECT c.id,ct.category_name,c.coptic_title,c.author,c.referral,c.create_time,c.browse_volume FROM dxyh_coptic c INNER JOIN dxyh_coptic_type as ct ON c.coptic_type_id = ct.id  ORDER BY c.id desc LIMIT 0,10   [ RunTime:0.0130s ]
SQL: SHOW COLUMNS FROM `dxyh_likes` [ RunTime:0.0060s ]
SQL: SELECT COUNT(*) AS tp_count FROM `dxyh_likes` WHERE `coptic_id` = 70 LIMIT 1   [ RunTime:0.0070s ]
SQL: SHOW COLUMNS FROM `dxyh_collection` [ RunTime:0.0100s ]
SQL: SELECT COUNT(*) AS tp_count FROM `dxyh_collection` WHERE `coptic_id` = 70 LIMIT 1   [ RunTime:0.0080s ]
SQL: SHOW COLUMNS FROM `dxyh_comment` [ RunTime:0.0080s ]
SQL: SELECT COUNT(*) AS tp_count FROM `dxyh_comment` WHERE `coptic_id` = 70 LIMIT 1   [ RunTime:0.0060s ]
SQL: SELECT COUNT(*) AS tp_count FROM `dxyh_likes` WHERE `coptic_id` = 69 LIMIT 1   [ RunTime:0.0080s ]
SQL: SELECT COUNT(*) AS tp_count FROM `dxyh_collection` WHERE `coptic_id` = 69 LIMIT 1   [ RunTime:0.0070s ]
SQL: SELECT COUNT(*) AS tp_count FROM `dxyh_comment` WHERE `coptic_id` = 69 LIMIT 1   [ RunTime:0.0060s ]
SQL: SELECT COUNT(*) AS tp_count FROM `dxyh_likes` WHERE `coptic_id` = 68 LIMIT 1   [ RunTime:0.0070s ]
SQL: SELECT COUNT(*) AS tp_count FROM `dxyh_collection` WHERE `coptic_id` = 68 LIMIT 1   [ RunTime:0.0090s ]
SQL: SELECT COUNT(*) AS tp_count FROM `dxyh_comment` WHERE `coptic_id` = 68 LIMIT 1   [ RunTime:0.0060s ]
SQL: SELECT COUNT(*) AS tp_count FROM `dxyh_likes` WHERE `coptic_id` = 67 LIMIT 1   [ RunTime:0.0100s ]
SQL: SELECT COUNT(*) AS tp_count FROM `dxyh_collection` WHERE `coptic_id` = 67 LIMIT 1   [ RunTime:0.0080s ]
SQL: SELECT COUNT(*) AS tp_count FROM `dxyh_comment` WHERE `coptic_id` = 67 LIMIT 1   [ RunTime:0.0100s ]
SQL: SELECT COUNT(*) AS tp_count FROM `dxyh_likes` WHERE `coptic_id` = 66 LIMIT 1   [ RunTime:0.0050s ]
SQL: SELECT COUNT(*) AS tp_count FROM `dxyh_collection` WHERE `coptic_id` = 66 LIMIT 1   [ RunTime:0.0100s ]
SQL: SELECT COUNT(*) AS tp_count FROM `dxyh_comment` WHERE `coptic_id` = 66 LIMIT 1   [ RunTime:0.0050s ]
SQL: SELECT COUNT(*) AS tp_count FROM `dxyh_likes` WHERE `coptic_id` = 65 LIMIT 1   [ RunTime:0.0070s ]
SQL: SELECT COUNT(*) AS tp_count FROM `dxyh_collection` WHERE `coptic_id` = 65 LIMIT 1   [ RunTime:0.0050s ]
SQL: SELECT COUNT(*) AS tp_count FROM `dxyh_comment` WHERE `coptic_id` = 65 LIMIT 1   [ RunTime:0.0100s ]
SQL: SELECT COUNT(*) AS tp_count FROM `dxyh_likes` WHERE `coptic_id` = 64 LIMIT 1   [ RunTime:0.0070s ]
SQL: SELECT COUNT(*) AS tp_count FROM `dxyh_collection` WHERE `coptic_id` = 64 LIMIT 1   [ RunTime:0.0060s ]
SQL: SELECT COUNT(*) AS tp_count FROM `dxyh_comment` WHERE `coptic_id` = 64 LIMIT 1   [ RunTime:0.0060s ]
SQL: SELECT COUNT(*) AS tp_count FROM `dxyh_likes` WHERE `coptic_id` = 63 LIMIT 1   [ RunTime:0.0070s ]
SQL: SELECT COUNT(*) AS tp_count FROM `dxyh_collection` WHERE `coptic_id` = 63 LIMIT 1   [ RunTime:0.0050s ]
SQL: SELECT COUNT(*) AS tp_count FROM `dxyh_comment` WHERE `coptic_id` = 63 LIMIT 1   [ RunTime:0.0060s ]
SQL: SELECT COUNT(*) AS tp_count FROM `dxyh_likes` WHERE `coptic_id` = 62 LIMIT 1   [ RunTime:0.0060s ]
SQL: SELECT COUNT(*) AS tp_count FROM `dxyh_collection` WHERE `coptic_id` = 62 LIMIT 1   [ RunTime:0.0060s ]
SQL: SELECT COUNT(*) AS tp_count FROM `dxyh_comment` WHERE `coptic_id` = 62 LIMIT 1   [ RunTime:0.0070s ]
SQL: SELECT COUNT(*) AS tp_count FROM `dxyh_likes` WHERE `coptic_id` = 61 LIMIT 1   [ RunTime:0.0050s ]
SQL: SELECT COUNT(*) AS tp_count FROM `dxyh_collection` WHERE `coptic_id` = 61 LIMIT 1   [ RunTime:0.0190s ]
SQL: SELECT COUNT(*) AS tp_count FROM `dxyh_comment` WHERE `coptic_id` = 61 LIMIT 1   [ RunTime:0.0070s ]
SQL: SHOW COLUMNS FROM `dxyh_coptic_type` [ RunTime:0.0080s ]
SQL: SELECT * FROM `dxyh_coptic_type`  [ RunTime:0.0060s ]
NOTIC: [8] Undefined index: copticType D:\WWW\daxiaoyihu\Application\Admin\Controller\CopticController.class.php 第 27 行.
NOTIC: [8] Undefined index: nominate D:\WWW\daxiaoyihu\Application\Admin\Controller\CopticController.class.php 第 28 行.
NOTIC: [8] Undefined index: keyword D:\WWW\daxiaoyihu\Application\Admin\Controller\CopticController.class.php 第 29 行.
INFO: [ view_parse ] --START--
INFO: [ template_filter ] --START--
INFO: Run Behavior\ContentReplaceBehavior [ RunTime:0.000000s ]
INFO: [ template_filter ] --END-- [ RunTime:0.000000s ]
INFO: Run Behavior\ParseTemplateBehavior [ RunTime:0.013001s ]
INFO: [ view_parse ] --END-- [ RunTime:0.013001s ]
INFO: [ view_filter ] --START--
INFO: Run Behavior\WriteHtmlCacheBehavior [ RunTime:0.000000s ]
INFO: [ view_filter ] --END-- [ RunTime:0.000000s ]
INFO: [ app_end ] --START--
INFO: Run Behavior\ShowPageTraceBehavior [ RunTime:0.001000s ]
INFO: [ app_end ] --END-- [ RunTime:0.001000s ]

[ 2017-05-09T17:43:02+08:00 ] 127.0.0.1 /Admin/UserManage/user_list.html
INFO: [ app_init ] --START--
INFO: Run Behavior\BuildLiteBehavior [ RunTime:0.000000s ]
INFO: [ app_init ] --END-- [ RunTime:0.001000s ]
INFO: [ app_begin ] --START--
INFO: Run Behavior\ReadHtmlCacheBehavior [ RunTime:0.000000s ]
INFO: [ app_begin ] --END-- [ RunTime:0.000000s ]
SQL: SHOW COLUMNS FROM `dxyh_auth_group_access` [ RunTime:0.0080s ]
SQL: SELECT `aid`,`group_id`,`title`,`rules` FROM dxyh_auth_group_access a INNER JOIN dxyh_auth_group g on a.group_id=g.id  WHERE ( a.aid='1' and g.status='1' )  [ RunTime:0.0070s ]
SQL: SHOW COLUMNS FROM `dxyh_auth_rule` [ RunTime:0.0090s ]
SQL: SELECT `condition`,`name` FROM `dxyh_auth_rule` WHERE `id` IN ('19','20','21','22','23','24','25','26','27','28','29','30','31','32','33','34','43','44','45','39','40','41','42','35','36','37','38','1','6','7','8','2','3','4','5','9','10','11','12','13','14','15','16','17','18') AND `type` = 1 AND `status` = 1  [ RunTime:0.0080s ]
SQL: SHOW COLUMNS FROM `dxyh_user` [ RunTime:0.0090s ]
SQL: SELECT COUNT(*) AS tp_count FROM `dxyh_user` LIMIT 1   [ RunTime:0.0080s ]
SQL: SELECT * FROM `dxyh_user` ORDER BY `uid` desc LIMIT 0,10   [ RunTime:0.0060s ]
NOTIC: [8] Undefined index: keyword D:\WWW\daxiaoyihu\Application\Admin\Controller\UserManageController.class.php 第 26 行.
INFO: [ view_parse ] --START--
INFO: [ template_filter ] --START--
INFO: Run Behavior\ContentReplaceBehavior [ RunTime:0.000000s ]
INFO: [ template_filter ] --END-- [ RunTime:0.000000s ]
INFO: Run Behavior\ParseTemplateBehavior [ RunTime:0.032002s ]
INFO: [ view_parse ] --END-- [ RunTime:0.032002s ]
INFO: [ view_filter ] --START--
INFO: Run Behavior\WriteHtmlCacheBehavior [ RunTime:0.000000s ]
INFO: [ view_filter ] --END-- [ RunTime:0.000000s ]
INFO: [ app_end ] --START--
INFO: Run Behavior\ShowPageTraceBehavior [ RunTime:0.000000s ]
INFO: [ app_end ] --END-- [ RunTime:0.001000s ]

[ 2017-05-09T17:43:03+08:00 ] 127.0.0.1 /Admin/UserManage/user_list.html
INFO: [ app_init ] --START--
INFO: Run Behavior\BuildLiteBehavior [ RunTime:0.000000s ]
INFO: [ app_init ] --END-- [ RunTime:0.001000s ]
INFO: [ app_begin ] --START--
INFO: Run Behavior\ReadHtmlCacheBehavior [ RunTime:0.000000s ]
INFO: [ app_begin ] --END-- [ RunTime:0.000000s ]
SQL: SHOW COLUMNS FROM `dxyh_auth_group_access` [ RunTime:0.0130s ]
SQL: SELECT `aid`,`group_id`,`title`,`rules` FROM dxyh_auth_group_access a INNER JOIN dxyh_auth_group g on a.group_id=g.id  WHERE ( a.aid='1' and g.status='1' )  [ RunTime:0.0080s ]
SQL: SHOW COLUMNS FROM `dxyh_auth_rule` [ RunTime:0.0070s ]
SQL: SELECT `condition`,`name` FROM `dxyh_auth_rule` WHERE `id` IN ('19','20','21','22','23','24','25','26','27','28','29','30','31','32','33','34','43','44','45','39','40','41','42','35','36','37','38','1','6','7','8','2','3','4','5','9','10','11','12','13','14','15','16','17','18') AND `type` = 1 AND `status` = 1  [ RunTime:0.0070s ]
SQL: SHOW COLUMNS FROM `dxyh_user` [ RunTime:0.0110s ]
SQL: SELECT COUNT(*) AS tp_count FROM `dxyh_user` LIMIT 1   [ RunTime:0.0070s ]
SQL: SELECT * FROM `dxyh_user` ORDER BY `uid` desc LIMIT 0,10   [ RunTime:0.0110s ]
NOTIC: [8] Undefined index: keyword D:\WWW\daxiaoyihu\Application\Admin\Controller\UserManageController.class.php 第 26 行.
INFO: [ view_parse ] --START--
INFO: [ template_filter ] --START--
INFO: Run Behavior\ContentReplaceBehavior [ RunTime:0.001000s ]
INFO: [ template_filter ] --END-- [ RunTime:0.001000s ]
INFO: Run Behavior\ParseTemplateBehavior [ RunTime:0.015001s ]
INFO: [ view_parse ] --END-- [ RunTime:0.015001s ]
INFO: [ view_filter ] --START--
INFO: Run Behavior\WriteHtmlCacheBehavior [ RunTime:0.000000s ]
INFO: [ view_filter ] --END-- [ RunTime:0.000000s ]
INFO: [ app_end ] --START--
INFO: Run Behavior\ShowPageTraceBehavior [ RunTime:0.001000s ]
INFO: [ app_end ] --END-- [ RunTime:0.001000s ]

[ 2017-05-09T17:43:06+08:00 ] 127.0.0.1 /Admin/UserManage/user_list/p/2.html
INFO: [ app_init ] --START--
INFO: Run Behavior\BuildLiteBehavior [ RunTime:0.000000s ]
INFO: [ app_init ] --END-- [ RunTime:0.000000s ]
INFO: [ app_begin ] --START--
INFO: Run Behavior\ReadHtmlCacheBehavior [ RunTime:0.000000s ]
INFO: [ app_begin ] --END-- [ RunTime:0.000000s ]
SQL: SHOW COLUMNS FROM `dxyh_auth_group_access` [ RunTime:0.0040s ]
SQL: SELECT `aid`,`group_id`,`title`,`rules` FROM dxyh_auth_group_access a INNER JOIN dxyh_auth_group g on a.group_id=g.id  WHERE ( a.aid='1' and g.status='1' )  [ RunTime:0.0080s ]
SQL: SHOW COLUMNS FROM `dxyh_auth_rule` [ RunTime:0.0070s ]
SQL: SELECT `condition`,`name` FROM `dxyh_auth_rule` WHERE `id` IN ('19','20','21','22','23','24','25','26','27','28','29','30','31','32','33','34','43','44','45','39','40','41','42','35','36','37','38','1','6','7','8','2','3','4','5','9','10','11','12','13','14','15','16','17','18') AND `type` = 1 AND `status` = 1  [ RunTime:0.0110s ]
SQL: SHOW COLUMNS FROM `dxyh_user` [ RunTime:0.0080s ]
SQL: SELECT COUNT(*) AS tp_count FROM `dxyh_user` LIMIT 1   [ RunTime:0.0050s ]
SQL: SELECT * FROM `dxyh_user` ORDER BY `uid` desc LIMIT 10,10   [ RunTime:0.0080s ]
NOTIC: [8] Undefined index: keyword D:\WWW\daxiaoyihu\Application\Admin\Controller\UserManageController.class.php 第 26 行.
INFO: [ view_parse ] --START--
INFO: [ template_filter ] --START--
INFO: Run Behavior\ContentReplaceBehavior [ RunTime:0.000000s ]
INFO: [ template_filter ] --END-- [ RunTime:0.000000s ]
INFO: Run Behavior\ParseTemplateBehavior [ RunTime:0.009001s ]
INFO: [ view_parse ] --END-- [ RunTime:0.009001s ]
INFO: [ view_filter ] --START--
INFO: Run Behavior\WriteHtmlCacheBehavior [ RunTime:0.000000s ]
INFO: [ view_filter ] --END-- [ RunTime:0.000000s ]
INFO: [ app_end ] --START--
INFO: Run Behavior\ShowPageTraceBehavior [ RunTime:0.001000s ]
INFO: [ app_end ] --END-- [ RunTime:0.001000s ]

[ 2017-05-09T17:43:11+08:00 ] 127.0.0.1 /Admin/UserManage/user_list/p/1.html
INFO: [ app_init ] --START--
INFO: Run Behavior\BuildLiteBehavior [ RunTime:0.000000s ]
INFO: [ app_init ] --END-- [ RunTime:0.000000s ]
INFO: [ app_begin ] --START--
INFO: Run Behavior\ReadHtmlCacheBehavior [ RunTime:0.000000s ]
INFO: [ app_begin ] --END-- [ RunTime:0.000000s ]
SQL: SHOW COLUMNS FROM `dxyh_auth_group_access` [ RunTime:0.0090s ]
SQL: SELECT `aid`,`group_id`,`title`,`rules` FROM dxyh_auth_group_access a INNER JOIN dxyh_auth_group g on a.group_id=g.id  WHERE ( a.aid='1' and g.status='1' )  [ RunTime:0.0080s ]
SQL: SHOW COLUMNS FROM `dxyh_auth_rule` [ RunTime:0.0090s ]
SQL: SELECT `condition`,`name` FROM `dxyh_auth_rule` WHERE `id` IN ('19','20','21','22','23','24','25','26','27','28','29','30','31','32','33','34','43','44','45','39','40','41','42','35','36','37','38','1','6','7','8','2','3','4','5','9','10','11','12','13','14','15','16','17','18') AND `type` = 1 AND `status` = 1  [ RunTime:0.0090s ]
SQL: SHOW COLUMNS FROM `dxyh_user` [ RunTime:0.0090s ]
SQL: SELECT COUNT(*) AS tp_count FROM `dxyh_user` LIMIT 1   [ RunTime:0.0080s ]
SQL: SELECT * FROM `dxyh_user` ORDER BY `uid` desc LIMIT 0,10   [ RunTime:0.0070s ]
NOTIC: [8] Undefined index: keyword D:\WWW\daxiaoyihu\Application\Admin\Controller\UserManageController.class.php 第 26 行.
INFO: [ view_parse ] --START--
INFO: [ template_filter ] --START--
INFO: Run Behavior\ContentReplaceBehavior [ RunTime:0.000000s ]
INFO: [ template_filter ] --END-- [ RunTime:0.000000s ]
INFO: Run Behavior\ParseTemplateBehavior [ RunTime:0.016000s ]
INFO: [ view_parse ] --END-- [ RunTime:0.016000s ]
INFO: [ view_filter ] --START--
INFO: Run Behavior\WriteHtmlCacheBehavior [ RunTime:0.001000s ]
INFO: [ view_filter ] --END-- [ RunTime:0.001000s ]
INFO: [ app_end ] --START--
INFO: Run Behavior\ShowPageTraceBehavior [ RunTime:0.001001s ]
INFO: [ app_end ] --END-- [ RunTime:0.001001s ]

[ 2017-05-09T17:43:12+08:00 ] 127.0.0.1 /Admin/UserManage/user_list/p/2.html
INFO: [ app_init ] --START--
INFO: Run Behavior\BuildLiteBehavior [ RunTime:0.000000s ]
INFO: [ app_init ] --END-- [ RunTime:0.000000s ]
INFO: [ app_begin ] --START--
INFO: Run Behavior\ReadHtmlCacheBehavior [ RunTime:0.001000s ]
INFO: [ app_begin ] --END-- [ RunTime:0.001000s ]
SQL: SHOW COLUMNS FROM `dxyh_auth_group_access` [ RunTime:0.0070s ]
SQL: SELECT `aid`,`group_id`,`title`,`rules` FROM dxyh_auth_group_access a INNER JOIN dxyh_auth_group g on a.group_id=g.id  WHERE ( a.aid='1' and g.status='1' )  [ RunTime:0.0070s ]
SQL: SHOW COLUMNS FROM `dxyh_auth_rule` [ RunTime:0.0080s ]
SQL: SELECT `condition`,`name` FROM `dxyh_auth_rule` WHERE `id` IN ('19','20','21','22','23','24','25','26','27','28','29','30','31','32','33','34','43','44','45','39','40','41','42','35','36','37','38','1','6','7','8','2','3','4','5','9','10','11','12','13','14','15','16','17','18') AND `type` = 1 AND `status` = 1  [ RunTime:0.0070s ]
SQL: SHOW COLUMNS FROM `dxyh_user` [ RunTime:0.0090s ]
SQL: SELECT COUNT(*) AS tp_count FROM `dxyh_user` LIMIT 1   [ RunTime:0.0070s ]
SQL: SELECT * FROM `dxyh_user` ORDER BY `uid` desc LIMIT 10,10   [ RunTime:0.0070s ]
NOTIC: [8] Undefined index: keyword D:\WWW\daxiaoyihu\Application\Admin\Controller\UserManageController.class.php 第 26 行.
INFO: [ view_parse ] --START--
INFO: [ template_filter ] --START--
INFO: Run Behavior\ContentReplaceBehavior [ RunTime:0.000000s ]
INFO: [ template_filter ] --END-- [ RunTime:0.000000s ]
INFO: Run Behavior\ParseTemplateBehavior [ RunTime:0.022001s ]
INFO: [ view_parse ] --END-- [ RunTime:0.022001s ]
INFO: [ view_filter ] --START--
INFO: Run Behavior\WriteHtmlCacheBehavior [ RunTime:0.000000s ]
INFO: [ view_filter ] --END-- [ RunTime:0.000000s ]
INFO: [ app_end ] --START--
INFO: Run Behavior\ShowPageTraceBehavior [ RunTime:0.001000s ]
INFO: [ app_end ] --END-- [ RunTime:0.002001s ]

[ 2017-05-09T17:43:20+08:00 ] 127.0.0.1 /Admin/UserManage/user_list/p/1.html
INFO: [ app_init ] --START--
INFO: Run Behavior\BuildLiteBehavior [ RunTime:0.000000s ]
INFO: [ app_init ] --END-- [ RunTime:0.001000s ]
INFO: [ app_begin ] --START--
INFO: Run Behavior\ReadHtmlCacheBehavior [ RunTime:0.000000s ]
INFO: [ app_begin ] --END-- [ RunTime:0.000000s ]
SQL: SHOW COLUMNS FROM `dxyh_auth_group_access` [ RunTime:0.0060s ]
SQL: SELECT `aid`,`group_id`,`title`,`rules` FROM dxyh_auth_group_access a INNER JOIN dxyh_auth_group g on a.group_id=g.id  WHERE ( a.aid='1' and g.status='1' )  [ RunTime:0.0060s ]
SQL: SHOW COLUMNS FROM `dxyh_auth_rule` [ RunTime:0.0100s ]
SQL: SELECT `condition`,`name` FROM `dxyh_auth_rule` WHERE `id` IN ('19','20','21','22','23','24','25','26','27','28','29','30','31','32','33','34','43','44','45','39','40','41','42','35','36','37','38','1','6','7','8','2','3','4','5','9','10','11','12','13','14','15','16','17','18') AND `type` = 1 AND `status` = 1  [ RunTime:0.0170s ]
SQL: SHOW COLUMNS FROM `dxyh_user` [ RunTime:0.0100s ]
SQL: SELECT COUNT(*) AS tp_count FROM `dxyh_user` LIMIT 1   [ RunTime:0.0060s ]
SQL: SELECT * FROM `dxyh_user` ORDER BY `uid` desc LIMIT 0,10   [ RunTime:0.0080s ]
NOTIC: [8] Undefined index: keyword D:\WWW\daxiaoyihu\Application\Admin\Controller\UserManageController.class.php 第 26 行.
INFO: [ view_parse ] --START--
INFO: [ template_filter ] --START--
INFO: Run Behavior\ContentReplaceBehavior [ RunTime:0.000000s ]
INFO: [ template_filter ] --END-- [ RunTime:0.000000s ]
INFO: Run Behavior\ParseTemplateBehavior [ RunTime:0.012001s ]
INFO: [ view_parse ] --END-- [ RunTime:0.012001s ]
INFO: [ view_filter ] --START--
INFO: Run Behavior\WriteHtmlCacheBehavior [ RunTime:0.001000s ]
INFO: [ view_filter ] --END-- [ RunTime:0.001000s ]
INFO: [ app_end ] --START--
INFO: Run Behavior\ShowPageTraceBehavior [ RunTime:0.000000s ]
INFO: [ app_end ] --END-- [ RunTime:0.000000s ]

[ 2017-05-09T18:11:58+08:00 ] 127.0.0.1 /Admin/Public/logout.html
INFO: [ app_init ] --START--
INFO: Run Behavior\BuildLiteBehavior [ RunTime:0.000000s ]
INFO: [ app_init ] --END-- [ RunTime:0.000000s ]
INFO: [ app_begin ] --START--
INFO: Run Behavior\ReadHtmlCacheBehavior [ RunTime:0.001000s ]
INFO: [ app_begin ] --END-- [ RunTime:0.001000s ]

[ 2017-05-09T18:11:58+08:00 ] 127.0.0.1 /Admin/Public/login.html
INFO: [ app_init ] --START--
INFO: Run Behavior\BuildLiteBehavior [ RunTime:0.000000s ]
INFO: [ app_init ] --END-- [ RunTime:0.001000s ]
INFO: [ app_begin ] --START--
INFO: Run Behavior\ReadHtmlCacheBehavior [ RunTime:0.001000s ]
INFO: [ app_begin ] --END-- [ RunTime:0.001000s ]
SQL: SHOW COLUMNS FROM `dxyh_admin` [ RunTime:0.0070s ]
INFO: [ view_parse ] --START--
INFO: [ template_filter ] --START--
INFO: Run Behavior\ContentReplaceBehavior [ RunTime:0.000000s ]
INFO: [ template_filter ] --END-- [ RunTime:0.000000s ]
INFO: Run Behavior\ParseTemplateBehavior [ RunTime:0.011001s ]
INFO: [ view_parse ] --END-- [ RunTime:0.011001s ]
INFO: [ view_filter ] --START--
INFO: Run Behavior\WriteHtmlCacheBehavior [ RunTime:0.000000s ]
INFO: [ view_filter ] --END-- [ RunTime:0.000000s ]
INFO: [ app_end ] --START--
INFO: Run Behavior\ShowPageTraceBehavior [ RunTime:0.001000s ]
INFO: [ app_end ] --END-- [ RunTime:0.001000s ]

[ 2017-05-09T18:11:58+08:00 ] 127.0.0.1 /Admin/Public/logout.html
INFO: [ app_init ] --START--
INFO: Run Behavior\BuildLiteBehavior [ RunTime:0.000000s ]
INFO: [ app_init ] --END-- [ RunTime:0.001000s ]
INFO: [ app_begin ] --START--
INFO: Run Behavior\ReadHtmlCacheBehavior [ RunTime:0.000000s ]
INFO: [ app_begin ] --END-- [ RunTime:0.000000s ]

[ 2017-05-09T18:11:58+08:00 ] 127.0.0.1 /Admin/Public/login.html
INFO: [ app_init ] --START--
INFO: Run Behavior\BuildLiteBehavior [ RunTime:0.000000s ]
INFO: [ app_init ] --END-- [ RunTime:0.000000s ]
INFO: [ app_begin ] --START--
INFO: Run Behavior\ReadHtmlCacheBehavior [ RunTime:0.000000s ]
INFO: [ app_begin ] --END-- [ RunTime:0.000000s ]
SQL: SHOW COLUMNS FROM `dxyh_admin` [ RunTime:0.0050s ]
INFO: [ view_parse ] --START--
INFO: [ template_filter ] --START--
INFO: Run Behavior\ContentReplaceBehavior [ RunTime:0.000000s ]
INFO: [ template_filter ] --END-- [ RunTime:0.000000s ]
INFO: Run Behavior\ParseTemplateBehavior [ RunTime:0.005001s ]
INFO: [ view_parse ] --END-- [ RunTime:0.005001s ]
INFO: [ view_filter ] --START--
INFO: Run Behavior\WriteHtmlCacheBehavior [ RunTime:0.000000s ]
INFO: [ view_filter ] --END-- [ RunTime:0.000000s ]
INFO: [ app_end ] --START--
INFO: Run Behavior\ShowPageTraceBehavior [ RunTime:0.001000s ]
INFO: [ app_end ] --END-- [ RunTime:0.001000s ]

