[ 2017-04-03T00:03:55+08:00 ] 127.0.0.1 /index.php/Admin/index/copticDetails/id/1.html
INFO: [ app_init ] --START--
INFO: Run Behavior\BuildLiteBehavior [ RunTime:0.000013s ]
INFO: [ app_init ] --END-- [ RunTime:0.000589s ]
INFO: [ app_begin ] --START--
INFO: Run Behavior\ReadHtmlCacheBehavior [ RunTime:0.000419s ]
INFO: [ app_begin ] --END-- [ RunTime:0.000469s ]
SQL: SHOW COLUMNS FROM `dxyh_coptic` [ RunTime:0.0140s ]
SQL: SELECT * FROM `dxyh_coptic` WHERE `id` = 1 LIMIT 1   [ RunTime:0.0149s ]
SQL: SHOW COLUMNS FROM `dxyh_coptic_type` [ RunTime:0.0125s ]
SQL: SELECT `category_name` FROM `dxyh_coptic_type` WHERE `id` = 1 LIMIT 1   [ RunTime:0.0140s ]
SQL: SHOW COLUMNS FROM `dxyh_comment` [ RunTime:0.0154s ]
SQL: SELECT c.id,c.parent_id,u.nickname,c.content,c.create_time FROM dxyh_comment c INNER JOIN dxyh_user as u ON u.uid=c.uid  WHERE `status` = 1 AND `coptic_id` = '1'  [ RunTime:0.0132s ]
INFO: [ view_parse ] --START--
INFO: [ template_filter ] --START--
INFO: Run Behavior\ContentReplaceBehavior [ RunTime:0.000102s ]
INFO: [ template_filter ] --END-- [ RunTime:0.000138s ]
NOTIC: [8] Undefined variable: title D:\www\dxyh\Application\Runtime\Cache\Admin\6cd7c64fc3e064aeb45f56edfe4ef186.php 第 5 行.
NOTIC: [8] Undefined variable: Url D:\www\dxyh\Application\Runtime\Cache\Admin\6cd7c64fc3e064aeb45f56edfe4ef186.php 第 375 行.
INFO: Run Behavior\ParseTemplateBehavior [ RunTime:0.018824s ]
INFO: [ view_parse ] --END-- [ RunTime:0.018857s ]
INFO: [ view_filter ] --START--
INFO: Run Behavior\WriteHtmlCacheBehavior [ RunTime:0.000206s ]
INFO: [ view_filter ] --END-- [ RunTime:0.000231s ]
INFO: [ app_end ] --START--
INFO: Run Behavior\ShowPageTraceBehavior [ RunTime:0.000537s ]
INFO: [ app_end ] --END-- [ RunTime:0.000577s ]

[ 2017-04-03T00:07:35+08:00 ] 127.0.0.1 /index.php/Admin/index/copticDetails/id/1.html
INFO: [ app_init ] --START--
INFO: Run Behavior\BuildLiteBehavior [ RunTime:0.000010s ]
INFO: [ app_init ] --END-- [ RunTime:0.000275s ]
INFO: [ app_begin ] --START--
INFO: Run Behavior\ReadHtmlCacheBehavior [ RunTime:0.000335s ]
INFO: [ app_begin ] --END-- [ RunTime:0.000372s ]
SQL: SHOW COLUMNS FROM `dxyh_coptic` [ RunTime:0.0175s ]
SQL: SELECT * FROM `dxyh_coptic` WHERE `id` = 1 LIMIT 1   [ RunTime:0.0276s ]
SQL: SHOW COLUMNS FROM `dxyh_coptic_type` [ RunTime:0.0123s ]
SQL: SELECT `category_name` FROM `dxyh_coptic_type` WHERE `id` = 1 LIMIT 1   [ RunTime:0.0133s ]
SQL: SHOW COLUMNS FROM `dxyh_comment` [ RunTime:0.0131s ]
SQL: SELECT c.id,c.parent_id,u.nickname,c.content,c.create_time FROM dxyh_comment c INNER JOIN dxyh_user as u ON u.uid=c.uid  WHERE `status` = 1 AND `coptic_id` = '1'  [ RunTime:0.0137s ]
INFO: [ view_parse ] --START--
INFO: [ template_filter ] --START--
INFO: Run Behavior\ContentReplaceBehavior [ RunTime:0.000094s ]
INFO: [ template_filter ] --END-- [ RunTime:0.000130s ]
NOTIC: [8] Undefined variable: title D:\www\dxyh\Application\Runtime\Cache\Admin\6cd7c64fc3e064aeb45f56edfe4ef186.php 第 5 行.
NOTIC: [8] Undefined variable: Url D:\www\dxyh\Application\Runtime\Cache\Admin\6cd7c64fc3e064aeb45f56edfe4ef186.php 第 377 行.
INFO: Run Behavior\ParseTemplateBehavior [ RunTime:0.010411s ]
INFO: [ view_parse ] --END-- [ RunTime:0.010447s ]
INFO: [ view_filter ] --START--
INFO: Run Behavior\WriteHtmlCacheBehavior [ RunTime:0.000203s ]
INFO: [ view_filter ] --END-- [ RunTime:0.000224s ]
INFO: [ app_end ] --START--
INFO: Run Behavior\ShowPageTraceBehavior [ RunTime:0.000469s ]
INFO: [ app_end ] --END-- [ RunTime:0.000510s ]

[ 2017-04-03T00:10:25+08:00 ] 127.0.0.1 /index.php/Admin/index/copticDetails/id/1.html
INFO: [ app_init ] --START--
INFO: Run Behavior\BuildLiteBehavior [ RunTime:0.000014s ]
INFO: [ app_init ] --END-- [ RunTime:0.000376s ]
INFO: [ app_begin ] --START--
INFO: Run Behavior\ReadHtmlCacheBehavior [ RunTime:0.000320s ]
INFO: [ app_begin ] --END-- [ RunTime:0.000356s ]
SQL: SHOW COLUMNS FROM `dxyh_coptic` [ RunTime:0.0132s ]
SQL: SELECT * FROM `dxyh_coptic` WHERE `id` = 1 LIMIT 1   [ RunTime:0.0329s ]
SQL: SHOW COLUMNS FROM `dxyh_coptic_type` [ RunTime:0.0127s ]
SQL: SELECT `category_name` FROM `dxyh_coptic_type` WHERE `id` = 1 LIMIT 1   [ RunTime:0.0129s ]
SQL: SHOW COLUMNS FROM `dxyh_comment` [ RunTime:0.0133s ]
SQL: SELECT c.id,c.parent_id,u.nickname,c.content,c.create_time FROM dxyh_comment c INNER JOIN dxyh_user as u ON u.uid=c.uid  WHERE `status` = 1 AND `coptic_id` = '1'  [ RunTime:0.0182s ]
INFO: [ view_parse ] --START--
INFO: [ template_filter ] --START--
INFO: Run Behavior\ContentReplaceBehavior [ RunTime:0.000097s ]
INFO: [ template_filter ] --END-- [ RunTime:0.000134s ]
NOTIC: [8] Undefined variable: title D:\www\dxyh\Application\Runtime\Cache\Admin\6cd7c64fc3e064aeb45f56edfe4ef186.php 第 5 行.
NOTIC: [8] Undefined variable: Url D:\www\dxyh\Application\Runtime\Cache\Admin\6cd7c64fc3e064aeb45f56edfe4ef186.php 第 377 行.
INFO: Run Behavior\ParseTemplateBehavior [ RunTime:0.017526s ]
INFO: [ view_parse ] --END-- [ RunTime:0.017580s ]
INFO: [ view_filter ] --START--
INFO: Run Behavior\WriteHtmlCacheBehavior [ RunTime:0.000322s ]
INFO: [ view_filter ] --END-- [ RunTime:0.000353s ]
INFO: [ app_end ] --START--
INFO: Run Behavior\ShowPageTraceBehavior [ RunTime:0.000532s ]
INFO: [ app_end ] --END-- [ RunTime:0.000576s ]

[ 2017-04-03T00:11:29+08:00 ] 127.0.0.1 /index.php/Admin/index/copticDetails/id/1.html
INFO: [ app_init ] --START--
INFO: Run Behavior\BuildLiteBehavior [ RunTime:0.000009s ]
INFO: [ app_init ] --END-- [ RunTime:0.000409s ]
INFO: [ app_begin ] --START--
INFO: Run Behavior\ReadHtmlCacheBehavior [ RunTime:0.000321s ]
INFO: [ app_begin ] --END-- [ RunTime:0.000412s ]
SQL: SHOW COLUMNS FROM `dxyh_coptic` [ RunTime:0.0142s ]
SQL: SELECT * FROM `dxyh_coptic` WHERE `id` = 1 LIMIT 1   [ RunTime:0.0143s ]
SQL: SHOW COLUMNS FROM `dxyh_coptic_type` [ RunTime:0.0140s ]
SQL: SELECT `category_name` FROM `dxyh_coptic_type` WHERE `id` = 1 LIMIT 1   [ RunTime:0.0116s ]
SQL: SHOW COLUMNS FROM `dxyh_comment` [ RunTime:0.0131s ]
SQL: SELECT c.id,c.parent_id,u.nickname,c.content,c.create_time FROM dxyh_comment c INNER JOIN dxyh_user as u ON u.uid=c.uid  WHERE `status` = 1 AND `coptic_id` = '1'  [ RunTime:0.0138s ]
INFO: [ view_parse ] --START--
INFO: [ template_filter ] --START--
INFO: Run Behavior\ContentReplaceBehavior [ RunTime:0.000120s ]
INFO: [ template_filter ] --END-- [ RunTime:0.000162s ]
NOTIC: [8] Undefined variable: title D:\www\dxyh\Application\Runtime\Cache\Admin\6cd7c64fc3e064aeb45f56edfe4ef186.php 第 5 行.
NOTIC: [8] Undefined variable: Url D:\www\dxyh\Application\Runtime\Cache\Admin\6cd7c64fc3e064aeb45f56edfe4ef186.php 第 377 行.
INFO: Run Behavior\ParseTemplateBehavior [ RunTime:0.019243s ]
INFO: [ view_parse ] --END-- [ RunTime:0.019284s ]
INFO: [ view_filter ] --START--
INFO: Run Behavior\WriteHtmlCacheBehavior [ RunTime:0.000335s ]
INFO: [ view_filter ] --END-- [ RunTime:0.000371s ]
INFO: [ app_end ] --START--
INFO: Run Behavior\ShowPageTraceBehavior [ RunTime:0.000627s ]
INFO: [ app_end ] --END-- [ RunTime:0.000677s ]

[ 2017-04-03T00:12:59+08:00 ] 127.0.0.1 /index.php/Admin/index/copticDetails/id/1.html
INFO: [ app_init ] --START--
INFO: Run Behavior\BuildLiteBehavior [ RunTime:0.000009s ]
INFO: [ app_init ] --END-- [ RunTime:0.000236s ]
INFO: [ app_begin ] --START--
INFO: Run Behavior\ReadHtmlCacheBehavior [ RunTime:0.000387s ]
INFO: [ app_begin ] --END-- [ RunTime:0.000430s ]
SQL: SHOW COLUMNS FROM `dxyh_coptic` [ RunTime:0.0175s ]
SQL: SELECT * FROM `dxyh_coptic` WHERE `id` = 1 LIMIT 1   [ RunTime:0.0178s ]
SQL: SHOW COLUMNS FROM `dxyh_coptic_type` [ RunTime:0.0153s ]
SQL: SELECT `category_name` FROM `dxyh_coptic_type` WHERE `id` = 1 LIMIT 1   [ RunTime:0.0132s ]
SQL: SHOW COLUMNS FROM `dxyh_comment` [ RunTime:0.0127s ]
SQL: SELECT c.id,c.parent_id,u.nickname,c.content,c.create_time FROM dxyh_comment c INNER JOIN dxyh_user as u ON u.uid=c.uid  WHERE `status` = 1 AND `coptic_id` = '1'  [ RunTime:0.0135s ]
INFO: [ view_parse ] --START--
INFO: [ template_filter ] --START--
INFO: Run Behavior\ContentReplaceBehavior [ RunTime:0.000127s ]
INFO: [ template_filter ] --END-- [ RunTime:0.000186s ]
NOTIC: [8] Undefined variable: title D:\www\dxyh\Application\Runtime\Cache\Admin\6cd7c64fc3e064aeb45f56edfe4ef186.php 第 5 行.
NOTIC: [8] Undefined variable: Url D:\www\dxyh\Application\Runtime\Cache\Admin\6cd7c64fc3e064aeb45f56edfe4ef186.php 第 377 行.
INFO: Run Behavior\ParseTemplateBehavior [ RunTime:0.010090s ]
INFO: [ view_parse ] --END-- [ RunTime:0.010128s ]
INFO: [ view_filter ] --START--
INFO: Run Behavior\WriteHtmlCacheBehavior [ RunTime:0.000187s ]
INFO: [ view_filter ] --END-- [ RunTime:0.000218s ]
INFO: [ app_end ] --START--
INFO: Run Behavior\ShowPageTraceBehavior [ RunTime:0.000581s ]
INFO: [ app_end ] --END-- [ RunTime:0.000649s ]

[ 2017-04-03T00:15:57+08:00 ] 127.0.0.1 /index.php/Admin/index/copticDetails/id/1.html
INFO: [ app_init ] --START--
INFO: Run Behavior\BuildLiteBehavior [ RunTime:0.000010s ]
INFO: [ app_init ] --END-- [ RunTime:0.000313s ]
INFO: [ app_begin ] --START--
INFO: Run Behavior\ReadHtmlCacheBehavior [ RunTime:0.000394s ]
INFO: [ app_begin ] --END-- [ RunTime:0.000452s ]
SQL: SHOW COLUMNS FROM `dxyh_coptic` [ RunTime:0.0139s ]
SQL: SELECT * FROM `dxyh_coptic` WHERE `id` = 1 LIMIT 1   [ RunTime:0.0278s ]
SQL: SHOW COLUMNS FROM `dxyh_coptic_type` [ RunTime:0.0138s ]
SQL: SELECT `category_name` FROM `dxyh_coptic_type` WHERE `id` = 1 LIMIT 1   [ RunTime:0.0112s ]
SQL: SHOW COLUMNS FROM `dxyh_comment` [ RunTime:0.0126s ]
SQL: SELECT c.id,c.parent_id,u.nickname,c.content,c.create_time FROM dxyh_comment c INNER JOIN dxyh_user as u ON u.uid=c.uid  WHERE `status` = 1 AND `coptic_id` = '1'  [ RunTime:0.0136s ]
INFO: [ view_parse ] --START--
INFO: [ template_filter ] --START--
INFO: Run Behavior\ContentReplaceBehavior [ RunTime:0.000147s ]
INFO: [ template_filter ] --END-- [ RunTime:0.000200s ]
NOTIC: [8] Undefined variable: title D:\www\dxyh\Application\Runtime\Cache\Admin\6cd7c64fc3e064aeb45f56edfe4ef186.php 第 5 行.
NOTIC: [8] Undefined variable: Url D:\www\dxyh\Application\Runtime\Cache\Admin\6cd7c64fc3e064aeb45f56edfe4ef186.php 第 377 行.
INFO: Run Behavior\ParseTemplateBehavior [ RunTime:0.011645s ]
INFO: [ view_parse ] --END-- [ RunTime:0.011680s ]
INFO: [ view_filter ] --START--
INFO: Run Behavior\WriteHtmlCacheBehavior [ RunTime:0.000234s ]
INFO: [ view_filter ] --END-- [ RunTime:0.000257s ]
INFO: [ app_end ] --START--
INFO: Run Behavior\ShowPageTraceBehavior [ RunTime:0.000370s ]
INFO: [ app_end ] --END-- [ RunTime:0.000400s ]

[ 2017-04-03T00:16:56+08:00 ] 127.0.0.1 /index.php/Admin/index/copticDetails/id/1.html
INFO: [ app_init ] --START--
INFO: Run Behavior\BuildLiteBehavior [ RunTime:0.000021s ]
INFO: [ app_init ] --END-- [ RunTime:0.000277s ]
INFO: [ app_begin ] --START--
INFO: Run Behavior\ReadHtmlCacheBehavior [ RunTime:0.000320s ]
INFO: [ app_begin ] --END-- [ RunTime:0.000354s ]
SQL: SHOW COLUMNS FROM `dxyh_coptic` [ RunTime:0.0151s ]
SQL: SELECT * FROM `dxyh_coptic` WHERE `id` = 1 LIMIT 1   [ RunTime:0.0136s ]
SQL: SHOW COLUMNS FROM `dxyh_coptic_type` [ RunTime:0.0139s ]
SQL: SELECT `category_name` FROM `dxyh_coptic_type` WHERE `id` = 1 LIMIT 1   [ RunTime:0.0132s ]
SQL: SHOW COLUMNS FROM `dxyh_comment` [ RunTime:0.0111s ]
SQL: SELECT c.id,c.parent_id,u.nickname,c.content,c.create_time FROM dxyh_comment c INNER JOIN dxyh_user as u ON u.uid=c.uid  WHERE `status` = 1 AND `coptic_id` = '1'  [ RunTime:0.0110s ]
INFO: [ view_parse ] --START--
INFO: [ template_filter ] --START--
INFO: Run Behavior\ContentReplaceBehavior [ RunTime:0.000092s ]
INFO: [ template_filter ] --END-- [ RunTime:0.000143s ]
NOTIC: [8] Undefined variable: title D:\www\dxyh\Application\Runtime\Cache\Admin\6cd7c64fc3e064aeb45f56edfe4ef186.php 第 5 行.
NOTIC: [8] Undefined variable: Url D:\www\dxyh\Application\Runtime\Cache\Admin\6cd7c64fc3e064aeb45f56edfe4ef186.php 第 377 行.
INFO: Run Behavior\ParseTemplateBehavior [ RunTime:0.010846s ]
INFO: [ view_parse ] --END-- [ RunTime:0.010887s ]
INFO: [ view_filter ] --START--
INFO: Run Behavior\WriteHtmlCacheBehavior [ RunTime:0.000183s ]
INFO: [ view_filter ] --END-- [ RunTime:0.000207s ]
INFO: [ app_end ] --START--
INFO: Run Behavior\ShowPageTraceBehavior [ RunTime:0.000462s ]
INFO: [ app_end ] --END-- [ RunTime:0.000508s ]

[ 2017-04-03T00:17:20+08:00 ] 127.0.0.1 /index.php/Admin/index/copticDetails/id/1.html
INFO: [ app_init ] --START--
INFO: Run Behavior\BuildLiteBehavior [ RunTime:0.000009s ]
INFO: [ app_init ] --END-- [ RunTime:0.000230s ]
INFO: [ app_begin ] --START--
INFO: Run Behavior\ReadHtmlCacheBehavior [ RunTime:0.000274s ]
INFO: [ app_begin ] --END-- [ RunTime:0.000307s ]
SQL: SHOW COLUMNS FROM `dxyh_coptic` [ RunTime:0.0124s ]
SQL: SELECT * FROM `dxyh_coptic` WHERE `id` = 1 LIMIT 1   [ RunTime:0.0133s ]
SQL: SHOW COLUMNS FROM `dxyh_coptic_type` [ RunTime:0.0131s ]
SQL: SELECT `category_name` FROM `dxyh_coptic_type` WHERE `id` = 1 LIMIT 1   [ RunTime:0.0125s ]
SQL: SHOW COLUMNS FROM `dxyh_comment` [ RunTime:0.0141s ]
SQL: SELECT c.id,c.parent_id,u.nickname,c.content,c.create_time FROM dxyh_comment c INNER JOIN dxyh_user as u ON u.uid=c.uid  WHERE `status` = 1 AND `coptic_id` = '1'  [ RunTime:0.0122s ]
INFO: [ view_parse ] --START--
INFO: [ template_filter ] --START--
INFO: Run Behavior\ContentReplaceBehavior [ RunTime:0.000093s ]
INFO: [ template_filter ] --END-- [ RunTime:0.000128s ]
NOTIC: [8] Undefined variable: title D:\www\dxyh\Application\Runtime\Cache\Admin\6cd7c64fc3e064aeb45f56edfe4ef186.php 第 5 行.
NOTIC: [8] Undefined variable: Url D:\www\dxyh\Application\Runtime\Cache\Admin\6cd7c64fc3e064aeb45f56edfe4ef186.php 第 377 行.
INFO: Run Behavior\ParseTemplateBehavior [ RunTime:0.010553s ]
INFO: [ view_parse ] --END-- [ RunTime:0.010591s ]
INFO: [ view_filter ] --START--
INFO: Run Behavior\WriteHtmlCacheBehavior [ RunTime:0.000179s ]
INFO: [ view_filter ] --END-- [ RunTime:0.000216s ]
INFO: [ app_end ] --START--
INFO: Run Behavior\ShowPageTraceBehavior [ RunTime:0.000328s ]
INFO: [ app_end ] --END-- [ RunTime:0.000363s ]

[ 2017-04-03T00:21:21+08:00 ] 127.0.0.1 /index.php/Admin/index/copticDetails/id/1.html
INFO: [ app_init ] --START--
INFO: Run Behavior\BuildLiteBehavior [ RunTime:0.000014s ]
INFO: [ app_init ] --END-- [ RunTime:0.000428s ]
INFO: [ app_begin ] --START--
INFO: Run Behavior\ReadHtmlCacheBehavior [ RunTime:0.000404s ]
INFO: [ app_begin ] --END-- [ RunTime:0.000457s ]
SQL: SHOW COLUMNS FROM `dxyh_coptic` [ RunTime:0.0128s ]
SQL: SELECT * FROM `dxyh_coptic` WHERE `id` = 1 LIMIT 1   [ RunTime:0.0267s ]
SQL: SHOW COLUMNS FROM `dxyh_coptic_type` [ RunTime:0.0116s ]
SQL: SELECT `category_name` FROM `dxyh_coptic_type` WHERE `id` = 1 LIMIT 1   [ RunTime:0.0129s ]
SQL: SHOW COLUMNS FROM `dxyh_comment` [ RunTime:0.0120s ]
SQL: SELECT c.id,c.parent_id,u.nickname,c.content,c.create_time FROM dxyh_comment c INNER JOIN dxyh_user as u ON u.uid=c.uid  WHERE `status` = 1 AND `coptic_id` = '1'  [ RunTime:0.0160s ]
INFO: [ view_parse ] --START--
INFO: [ template_filter ] --START--
INFO: Run Behavior\ContentReplaceBehavior [ RunTime:0.000108s ]
INFO: [ template_filter ] --END-- [ RunTime:0.000148s ]
NOTIC: [8] Undefined variable: title D:\www\dxyh\Application\Runtime\Cache\Admin\6cd7c64fc3e064aeb45f56edfe4ef186.php 第 5 行.
NOTIC: [8] Undefined variable: Url D:\www\dxyh\Application\Runtime\Cache\Admin\6cd7c64fc3e064aeb45f56edfe4ef186.php 第 377 行.
INFO: Run Behavior\ParseTemplateBehavior [ RunTime:0.019456s ]
INFO: [ view_parse ] --END-- [ RunTime:0.019490s ]
INFO: [ view_filter ] --START--
INFO: Run Behavior\WriteHtmlCacheBehavior [ RunTime:0.000255s ]
INFO: [ view_filter ] --END-- [ RunTime:0.000284s ]
INFO: [ app_end ] --START--
INFO: Run Behavior\ShowPageTraceBehavior [ RunTime:0.000563s ]
INFO: [ app_end ] --END-- [ RunTime:0.000611s ]

[ 2017-04-03T00:21:45+08:00 ] 127.0.0.1 /index.php/Admin/index/copticDetails/id/1.html
INFO: [ app_init ] --START--
INFO: Run Behavior\BuildLiteBehavior [ RunTime:0.000010s ]
INFO: [ app_init ] --END-- [ RunTime:0.000281s ]
INFO: [ app_begin ] --START--
INFO: Run Behavior\ReadHtmlCacheBehavior [ RunTime:0.000406s ]
INFO: [ app_begin ] --END-- [ RunTime:0.000450s ]
SQL: SHOW COLUMNS FROM `dxyh_coptic` [ RunTime:0.0160s ]
SQL: SELECT * FROM `dxyh_coptic` WHERE `id` = 1 LIMIT 1   [ RunTime:0.0122s ]
SQL: SHOW COLUMNS FROM `dxyh_coptic_type` [ RunTime:0.0134s ]
SQL: SELECT `category_name` FROM `dxyh_coptic_type` WHERE `id` = 1 LIMIT 1   [ RunTime:0.0128s ]
SQL: SHOW COLUMNS FROM `dxyh_comment` [ RunTime:0.0236s ]
SQL: SELECT c.id,c.parent_id,u.nickname,c.content,c.create_time FROM dxyh_comment c INNER JOIN dxyh_user as u ON u.uid=c.uid  WHERE `status` = 1 AND `coptic_id` = '1'  [ RunTime:0.0132s ]
INFO: [ view_parse ] --START--
INFO: [ template_filter ] --START--
INFO: Run Behavior\ContentReplaceBehavior [ RunTime:0.000098s ]
INFO: [ template_filter ] --END-- [ RunTime:0.000145s ]
NOTIC: [8] Undefined variable: Url D:\www\dxyh\Application\Runtime\Cache\Admin\6cd7c64fc3e064aeb45f56edfe4ef186.php 第 377 行.
INFO: Run Behavior\ParseTemplateBehavior [ RunTime:0.011717s ]
INFO: [ view_parse ] --END-- [ RunTime:0.011757s ]
INFO: [ view_filter ] --START--
INFO: Run Behavior\WriteHtmlCacheBehavior [ RunTime:0.000170s ]
INFO: [ view_filter ] --END-- [ RunTime:0.000193s ]
INFO: [ app_end ] --START--
INFO: Run Behavior\ShowPageTraceBehavior [ RunTime:0.000321s ]
INFO: [ app_end ] --END-- [ RunTime:0.000356s ]

[ 2017-04-03T00:21:51+08:00 ] 127.0.0.1 /index.php/Admin/Index/shieldComment/id/1.html
INFO: [ app_init ] --START--
INFO: Run Behavior\BuildLiteBehavior [ RunTime:0.000009s ]
INFO: [ app_init ] --END-- [ RunTime:0.000272s ]
INFO: [ app_begin ] --START--
INFO: Run Behavior\ReadHtmlCacheBehavior [ RunTime:0.000296s ]
INFO: [ app_begin ] --END-- [ RunTime:0.000332s ]
SQL: SHOW COLUMNS FROM `dxyh_comment` [ RunTime:0.0151s ]
SQL: UPDATE `dxyh_comment` SET `status`='0' WHERE `id` = 1 [ RunTime:0.0915s ]

[ 2017-04-03T00:21:53+08:00 ] 127.0.0.1 /index.php/Admin/index/copticDetails/id/1.html
INFO: [ app_init ] --START--
INFO: Run Behavior\BuildLiteBehavior [ RunTime:0.000016s ]
INFO: [ app_init ] --END-- [ RunTime:0.000322s ]
INFO: [ app_begin ] --START--
INFO: Run Behavior\ReadHtmlCacheBehavior [ RunTime:0.000288s ]
INFO: [ app_begin ] --END-- [ RunTime:0.000324s ]
SQL: SHOW COLUMNS FROM `dxyh_coptic` [ RunTime:0.0134s ]
SQL: SELECT * FROM `dxyh_coptic` WHERE `id` = 1 LIMIT 1   [ RunTime:0.0297s ]
SQL: SHOW COLUMNS FROM `dxyh_coptic_type` [ RunTime:0.0210s ]
SQL: SELECT `category_name` FROM `dxyh_coptic_type` WHERE `id` = 1 LIMIT 1   [ RunTime:0.0192s ]
SQL: SHOW COLUMNS FROM `dxyh_comment` [ RunTime:0.0148s ]
SQL: SELECT c.id,c.parent_id,u.nickname,c.content,c.create_time FROM dxyh_comment c INNER JOIN dxyh_user as u ON u.uid=c.uid  WHERE `status` = 1 AND `coptic_id` = '1'  [ RunTime:0.0222s ]
INFO: [ view_parse ] --START--
INFO: [ template_filter ] --START--
INFO: Run Behavior\ContentReplaceBehavior [ RunTime:0.000098s ]
INFO: [ template_filter ] --END-- [ RunTime:0.000136s ]
NOTIC: [8] Undefined variable: Url D:\www\dxyh\Application\Runtime\Cache\Admin\6cd7c64fc3e064aeb45f56edfe4ef186.php 第 377 行.
INFO: Run Behavior\ParseTemplateBehavior [ RunTime:0.011639s ]
INFO: [ view_parse ] --END-- [ RunTime:0.011680s ]
INFO: [ view_filter ] --START--
INFO: Run Behavior\WriteHtmlCacheBehavior [ RunTime:0.000220s ]
INFO: [ view_filter ] --END-- [ RunTime:0.000245s ]
INFO: [ app_end ] --START--
INFO: Run Behavior\ShowPageTraceBehavior [ RunTime:0.000329s ]
INFO: [ app_end ] --END-- [ RunTime:0.000362s ]

[ 2017-04-03T00:22:51+08:00 ] 127.0.0.1 /index.php/Admin/Index/shieldComment/id/2.html
INFO: [ app_init ] --START--
INFO: Run Behavior\BuildLiteBehavior [ RunTime:0.000013s ]
INFO: [ app_init ] --END-- [ RunTime:0.000317s ]
INFO: [ app_begin ] --START--
INFO: Run Behavior\ReadHtmlCacheBehavior [ RunTime:0.000908s ]
INFO: [ app_begin ] --END-- [ RunTime:0.000973s ]
SQL: SHOW COLUMNS FROM `dxyh_comment` [ RunTime:0.0325s ]
SQL: UPDATE `dxyh_comment` SET `status`='0' WHERE `id` = 2 [ RunTime:0.1458s ]

[ 2017-04-03T00:22:53+08:00 ] 127.0.0.1 /index.php/Admin/index/copticDetails/id/1.html
INFO: [ app_init ] --START--
INFO: Run Behavior\BuildLiteBehavior [ RunTime:0.000011s ]
INFO: [ app_init ] --END-- [ RunTime:0.000260s ]
INFO: [ app_begin ] --START--
INFO: Run Behavior\ReadHtmlCacheBehavior [ RunTime:0.000404s ]
INFO: [ app_begin ] --END-- [ RunTime:0.000457s ]
SQL: SHOW COLUMNS FROM `dxyh_coptic` [ RunTime:0.0125s ]
SQL: SELECT * FROM `dxyh_coptic` WHERE `id` = 1 LIMIT 1   [ RunTime:0.0253s ]
SQL: SHOW COLUMNS FROM `dxyh_coptic_type` [ RunTime:0.0120s ]
SQL: SELECT `category_name` FROM `dxyh_coptic_type` WHERE `id` = 1 LIMIT 1   [ RunTime:0.0106s ]
SQL: SHOW COLUMNS FROM `dxyh_comment` [ RunTime:0.0125s ]
SQL: SELECT c.id,c.parent_id,u.nickname,c.content,c.create_time FROM dxyh_comment c INNER JOIN dxyh_user as u ON u.uid=c.uid  WHERE `status` = 1 AND `coptic_id` = '1'  [ RunTime:0.0145s ]
INFO: [ view_parse ] --START--
INFO: [ template_filter ] --START--
INFO: Run Behavior\ContentReplaceBehavior [ RunTime:0.000095s ]
INFO: [ template_filter ] --END-- [ RunTime:0.000129s ]
NOTIC: [8] Undefined variable: Url D:\www\dxyh\Application\Runtime\Cache\Admin\6cd7c64fc3e064aeb45f56edfe4ef186.php 第 377 行.
INFO: Run Behavior\ParseTemplateBehavior [ RunTime:0.012222s ]
INFO: [ view_parse ] --END-- [ RunTime:0.012260s ]
INFO: [ view_filter ] --START--
INFO: Run Behavior\WriteHtmlCacheBehavior [ RunTime:0.000231s ]
INFO: [ view_filter ] --END-- [ RunTime:0.000254s ]
INFO: [ app_end ] --START--
INFO: Run Behavior\ShowPageTraceBehavior [ RunTime:0.000416s ]
INFO: [ app_end ] --END-- [ RunTime:0.000462s ]

