[ 2017-04-18T09:18:43+08:00 ] 127.0.0.1 /admin
INFO: [ app_init ] --START--
INFO: Run Behavior\BuildLiteBehavior [ RunTime:0.000000s ]
INFO: [ app_init ] --END-- [ RunTime:0.000000s ]
INFO: [ app_begin ] --START--
INFO: Run Behavior\ReadHtmlCacheBehavior [ RunTime:0.000000s ]
INFO: [ app_begin ] --END-- [ RunTime:0.000000s ]

[ 2017-04-18T09:18:44+08:00 ] 127.0.0.1 /Admin/Public/login.html
INFO: [ app_init ] --START--
INFO: Run Behavior\BuildLiteBehavior [ RunTime:0.000000s ]
INFO: [ app_init ] --END-- [ RunTime:0.000000s ]
INFO: [ app_begin ] --START--
INFO: Run Behavior\ReadHtmlCacheBehavior [ RunTime:0.000000s ]
INFO: [ app_begin ] --END-- [ RunTime:0.000000s ]
SQL: SHOW COLUMNS FROM `dxyh_admin` [ RunTime:0.0120s ]
INFO: [ view_parse ] --START--
INFO: [ template_filter ] --START--
INFO: Run Behavior\ContentReplaceBehavior [ RunTime:0.000000s ]
INFO: [ template_filter ] --END-- [ RunTime:0.000000s ]
INFO: Run Behavior\ParseTemplateBehavior [ RunTime:0.041003s ]
INFO: [ view_parse ] --END-- [ RunTime:0.041003s ]
INFO: [ view_filter ] --START--
INFO: Run Behavior\WriteHtmlCacheBehavior [ RunTime:0.000000s ]
INFO: [ view_filter ] --END-- [ RunTime:0.000000s ]
INFO: [ app_end ] --START--
INFO: Run Behavior\ShowPageTraceBehavior [ RunTime:0.000000s ]
INFO: [ app_end ] --END-- [ RunTime:0.000000s ]

[ 2017-04-18T09:18:46+08:00 ] 127.0.0.1 /Admin/Public/login.html
INFO: [ app_init ] --START--
INFO: Run Behavior\BuildLiteBehavior [ RunTime:0.000000s ]
INFO: [ app_init ] --END-- [ RunTime:0.001000s ]
INFO: [ app_begin ] --START--
INFO: Run Behavior\ReadHtmlCacheBehavior [ RunTime:0.000000s ]
INFO: [ app_begin ] --END-- [ RunTime:0.000000s ]
SQL: SHOW COLUMNS FROM `dxyh_admin` [ RunTime:0.0110s ]
SQL: SELECT * FROM `dxyh_admin` WHERE `aname` = 'root' LIMIT 1   [ RunTime:0.0110s ]

[ 2017-04-18T09:18:49+08:00 ] 127.0.0.1 /Admin/Index/index.html
INFO: [ app_init ] --START--
INFO: Run Behavior\BuildLiteBehavior [ RunTime:0.000000s ]
INFO: [ app_init ] --END-- [ RunTime:0.000000s ]
INFO: [ app_begin ] --START--
INFO: Run Behavior\ReadHtmlCacheBehavior [ RunTime:0.001000s ]
INFO: [ app_begin ] --END-- [ RunTime:0.001000s ]
SQL: SHOW COLUMNS FROM `dxyh_comment` [ RunTime:0.0150s ]
SQL: SELECT COUNT(*) AS tp_count FROM `dxyh_comment` WHERE ( create_time >= 1492444801 AND create_time <= 1492531199 ) LIMIT 1   [ RunTime:0.0190s ]
SQL: SHOW COLUMNS FROM `dxyh_user` [ RunTime:0.0150s ]
SQL: SELECT COUNT(*) AS tp_count FROM `dxyh_user` WHERE ( create_time >= 1492444801 AND create_time <= 1492531199 ) LIMIT 1   [ RunTime:0.0170s ]
SQL: SHOW COLUMNS FROM `dxyh_visit` [ RunTime:0.0190s ]
SQL: SELECT COUNT(*) AS tp_count FROM `dxyh_visit` WHERE ( create_time >= 1492444801 AND create_time <= 1492531199 ) LIMIT 1   [ RunTime:0.0110s ]
INFO: [ view_parse ] --START--
INFO: [ template_filter ] --START--
INFO: Run Behavior\ContentReplaceBehavior [ RunTime:0.000000s ]
INFO: [ template_filter ] --END-- [ RunTime:0.000000s ]
INFO: Run Behavior\ParseTemplateBehavior [ RunTime:0.061004s ]
INFO: [ view_parse ] --END-- [ RunTime:0.061004s ]
INFO: [ view_filter ] --START--
INFO: Run Behavior\WriteHtmlCacheBehavior [ RunTime:0.001000s ]
INFO: [ view_filter ] --END-- [ RunTime:0.001000s ]
INFO: [ app_end ] --START--
INFO: Run Behavior\ShowPageTraceBehavior [ RunTime:0.001000s ]
INFO: [ app_end ] --END-- [ RunTime:0.001000s ]

[ 2017-04-18T09:18:50+08:00 ] 127.0.0.1 /Admin/Index/sevenDay.html
INFO: [ app_init ] --START--
INFO: Run Behavior\BuildLiteBehavior [ RunTime:0.000000s ]
INFO: [ app_init ] --END-- [ RunTime:0.000000s ]
INFO: [ app_begin ] --START--
INFO: Run Behavior\ReadHtmlCacheBehavior [ RunTime:0.000000s ]
INFO: [ app_begin ] --END-- [ RunTime:0.000000s ]
SQL: SHOW COLUMNS FROM `dxyh_comment` [ RunTime:0.0120s ]
SQL: SELECT COUNT(*) AS tp_count FROM `dxyh_comment` WHERE ( create_time >= 1491840001 AND create_time <= 1491926399 ) LIMIT 1   [ RunTime:0.0090s ]
SQL: SHOW COLUMNS FROM `dxyh_user` [ RunTime:0.0110s ]
SQL: SELECT COUNT(*) AS tp_count FROM `dxyh_user` WHERE ( create_time >= 1491840001 AND create_time <= 1491926399 ) LIMIT 1   [ RunTime:0.0110s ]
SQL: SHOW COLUMNS FROM `dxyh_visit` [ RunTime:0.0100s ]
SQL: SELECT COUNT(*) AS tp_count FROM `dxyh_visit` WHERE ( create_time >= 1491840001 AND create_time <= 1491926399 ) LIMIT 1   [ RunTime:0.0100s ]
SQL: SELECT COUNT(*) AS tp_count FROM `dxyh_comment` WHERE ( create_time >= 1491926401 AND create_time <= 1492012799 ) LIMIT 1   [ RunTime:0.0090s ]
SQL: SELECT COUNT(*) AS tp_count FROM `dxyh_user` WHERE ( create_time >= 1491926401 AND create_time <= 1492012799 ) LIMIT 1   [ RunTime:0.0120s ]
SQL: SELECT COUNT(*) AS tp_count FROM `dxyh_visit` WHERE ( create_time >= 1491926401 AND create_time <= 1492012799 ) LIMIT 1   [ RunTime:0.0220s ]
SQL: SELECT COUNT(*) AS tp_count FROM `dxyh_comment` WHERE ( create_time >= 1492012801 AND create_time <= 1492099199 ) LIMIT 1   [ RunTime:0.0090s ]
SQL: SELECT COUNT(*) AS tp_count FROM `dxyh_user` WHERE ( create_time >= 1492012801 AND create_time <= 1492099199 ) LIMIT 1   [ RunTime:0.0100s ]
SQL: SELECT COUNT(*) AS tp_count FROM `dxyh_visit` WHERE ( create_time >= 1492012801 AND create_time <= 1492099199 ) LIMIT 1   [ RunTime:0.0110s ]
SQL: SELECT COUNT(*) AS tp_count FROM `dxyh_comment` WHERE ( create_time >= 1492099201 AND create_time <= 1492185599 ) LIMIT 1   [ RunTime:0.0120s ]
SQL: SELECT COUNT(*) AS tp_count FROM `dxyh_user` WHERE ( create_time >= 1492099201 AND create_time <= 1492185599 ) LIMIT 1   [ RunTime:0.0120s ]
SQL: SELECT COUNT(*) AS tp_count FROM `dxyh_visit` WHERE ( create_time >= 1492099201 AND create_time <= 1492185599 ) LIMIT 1   [ RunTime:0.0090s ]
SQL: SELECT COUNT(*) AS tp_count FROM `dxyh_comment` WHERE ( create_time >= 1492185601 AND create_time <= 1492271999 ) LIMIT 1   [ RunTime:0.0100s ]
SQL: SELECT COUNT(*) AS tp_count FROM `dxyh_user` WHERE ( create_time >= 1492185601 AND create_time <= 1492271999 ) LIMIT 1   [ RunTime:0.0100s ]
SQL: SELECT COUNT(*) AS tp_count FROM `dxyh_visit` WHERE ( create_time >= 1492185601 AND create_time <= 1492271999 ) LIMIT 1   [ RunTime:0.0150s ]
SQL: SELECT COUNT(*) AS tp_count FROM `dxyh_comment` WHERE ( create_time >= 1492272001 AND create_time <= 1492358399 ) LIMIT 1   [ RunTime:0.0090s ]
SQL: SELECT COUNT(*) AS tp_count FROM `dxyh_user` WHERE ( create_time >= 1492272001 AND create_time <= 1492358399 ) LIMIT 1   [ RunTime:0.0130s ]
SQL: SELECT COUNT(*) AS tp_count FROM `dxyh_visit` WHERE ( create_time >= 1492272001 AND create_time <= 1492358399 ) LIMIT 1   [ RunTime:0.0120s ]
SQL: SELECT COUNT(*) AS tp_count FROM `dxyh_comment` WHERE ( create_time >= 1492358401 AND create_time <= 1492444799 ) LIMIT 1   [ RunTime:0.0110s ]
SQL: SELECT COUNT(*) AS tp_count FROM `dxyh_user` WHERE ( create_time >= 1492358401 AND create_time <= 1492444799 ) LIMIT 1   [ RunTime:0.0110s ]
SQL: SELECT COUNT(*) AS tp_count FROM `dxyh_visit` WHERE ( create_time >= 1492358401 AND create_time <= 1492444799 ) LIMIT 1   [ RunTime:0.0090s ]
INFO: [ app_end ] --START--
INFO: Run Behavior\ShowPageTraceBehavior [ RunTime:0.001000s ]
INFO: [ app_end ] --END-- [ RunTime:0.001000s ]

[ 2017-04-18T09:19:21+08:00 ] 127.0.0.1 /Admin/Coptic/copticType.html
INFO: [ app_init ] --START--
INFO: Run Behavior\BuildLiteBehavior [ RunTime:0.000000s ]
INFO: [ app_init ] --END-- [ RunTime:0.001000s ]
INFO: [ app_begin ] --START--
INFO: Run Behavior\ReadHtmlCacheBehavior [ RunTime:0.000000s ]
INFO: [ app_begin ] --END-- [ RunTime:0.000000s ]
SQL: SHOW COLUMNS FROM `dxyh_auth_group_access` [ RunTime:0.2240s ]
SQL: SELECT `aid`,`group_id`,`title`,`rules` FROM dxyh_auth_group_access a INNER JOIN dxyh_auth_group g on a.group_id=g.id  WHERE ( a.aid='1' and g.status='1' )  [ RunTime:0.0100s ]
SQL: SHOW COLUMNS FROM `dxyh_auth_rule` [ RunTime:0.0100s ]
SQL: SELECT `condition`,`name` FROM `dxyh_auth_rule` WHERE `id` IN ('19','20','21','22','23','24','25','26','27','28','29','30','31','32','33','34','43','44','45','39','40','41','42','35','36','37','38','1','6','7','8','2','3','4','5','9','10','11','12','13','14','15','16','17','18') AND `type` = 1 AND `status` = 1  [ RunTime:0.0130s ]
SQL: SHOW COLUMNS FROM `dxyh_coptic_type` [ RunTime:0.0100s ]
SQL: SELECT COUNT(*) AS tp_count FROM `dxyh_coptic_type` LIMIT 1   [ RunTime:0.0110s ]
SQL: SELECT * FROM `dxyh_coptic_type` ORDER BY `id` desc LIMIT 0,10   [ RunTime:0.0130s ]
NOTIC: [8] Undefined index: keyword D:\WWW\daxiaoyihu\Application\Admin\Controller\CopticController.class.php 第 69 行.
INFO: [ view_parse ] --START--
INFO: [ template_filter ] --START--
INFO: Run Behavior\ContentReplaceBehavior [ RunTime:0.000000s ]
INFO: [ template_filter ] --END-- [ RunTime:0.000000s ]
INFO: Run Behavior\ParseTemplateBehavior [ RunTime:0.034002s ]
INFO: [ view_parse ] --END-- [ RunTime:0.034002s ]
INFO: [ view_filter ] --START--
INFO: Run Behavior\WriteHtmlCacheBehavior [ RunTime:0.001000s ]
INFO: [ view_filter ] --END-- [ RunTime:0.001000s ]
INFO: [ app_end ] --START--
INFO: Run Behavior\ShowPageTraceBehavior [ RunTime:0.001000s ]
INFO: [ app_end ] --END-- [ RunTime:0.001000s ]

[ 2017-04-18T09:19:21+08:00 ] 127.0.0.1 /Admin/Coptic/copticType.html
INFO: [ app_init ] --START--
INFO: Run Behavior\BuildLiteBehavior [ RunTime:0.000000s ]
INFO: [ app_init ] --END-- [ RunTime:0.000000s ]
INFO: [ app_begin ] --START--
INFO: Run Behavior\ReadHtmlCacheBehavior [ RunTime:0.000000s ]
INFO: [ app_begin ] --END-- [ RunTime:0.001000s ]
SQL: SHOW COLUMNS FROM `dxyh_auth_group_access` [ RunTime:0.0120s ]
SQL: SELECT `aid`,`group_id`,`title`,`rules` FROM dxyh_auth_group_access a INNER JOIN dxyh_auth_group g on a.group_id=g.id  WHERE ( a.aid='1' and g.status='1' )  [ RunTime:0.0120s ]
SQL: SHOW COLUMNS FROM `dxyh_auth_rule` [ RunTime:0.0100s ]
SQL: SELECT `condition`,`name` FROM `dxyh_auth_rule` WHERE `id` IN ('19','20','21','22','23','24','25','26','27','28','29','30','31','32','33','34','43','44','45','39','40','41','42','35','36','37','38','1','6','7','8','2','3','4','5','9','10','11','12','13','14','15','16','17','18') AND `type` = 1 AND `status` = 1  [ RunTime:0.0110s ]
SQL: SHOW COLUMNS FROM `dxyh_coptic_type` [ RunTime:0.0100s ]
SQL: SELECT COUNT(*) AS tp_count FROM `dxyh_coptic_type` LIMIT 1   [ RunTime:0.0110s ]
SQL: SELECT * FROM `dxyh_coptic_type` ORDER BY `id` desc LIMIT 0,10   [ RunTime:0.0120s ]
NOTIC: [8] Undefined index: keyword D:\WWW\daxiaoyihu\Application\Admin\Controller\CopticController.class.php 第 69 行.
INFO: [ view_parse ] --START--
INFO: [ template_filter ] --START--
INFO: Run Behavior\ContentReplaceBehavior [ RunTime:0.001000s ]
INFO: [ template_filter ] --END-- [ RunTime:0.001000s ]
INFO: Run Behavior\ParseTemplateBehavior [ RunTime:0.038002s ]
INFO: [ view_parse ] --END-- [ RunTime:0.038002s ]
INFO: [ view_filter ] --START--
INFO: Run Behavior\WriteHtmlCacheBehavior [ RunTime:0.001000s ]
INFO: [ view_filter ] --END-- [ RunTime:0.001000s ]
INFO: [ app_end ] --START--
INFO: Run Behavior\ShowPageTraceBehavior [ RunTime:0.002000s ]
INFO: [ app_end ] --END-- [ RunTime:0.002000s ]

