[ 2017-04-01T09:17:12+08:00 ] 127.0.0.1 /index.php/Admin
INFO: [ app_init ] --START--
INFO: Run Behavior\BuildLiteBehavior [ RunTime:0.000000s ]
INFO: [ app_init ] --END-- [ RunTime:0.000000s ]
INFO: [ app_begin ] --START--
INFO: Run Behavior\ReadHtmlCacheBehavior [ RunTime:0.000000s ]
INFO: [ app_begin ] --END-- [ RunTime:0.000000s ]

[ 2017-04-01T09:17:12+08:00 ] 127.0.0.1 /index.php/Admin/Public/login.html
INFO: [ app_init ] --START--
INFO: Run Behavior\BuildLiteBehavior [ RunTime:0.000000s ]
INFO: [ app_init ] --END-- [ RunTime:0.000000s ]
INFO: [ app_begin ] --START--
INFO: Run Behavior\ReadHtmlCacheBehavior [ RunTime:0.000000s ]
INFO: [ app_begin ] --END-- [ RunTime:0.000000s ]
SQL: SHOW COLUMNS FROM `dxyh_admin` [ RunTime:0.0300s ]
INFO: [ view_parse ] --START--
INFO: [ template_filter ] --START--
INFO: Run Behavior\ContentReplaceBehavior [ RunTime:0.000000s ]
INFO: [ template_filter ] --END-- [ RunTime:0.000000s ]
INFO: Run Behavior\ParseTemplateBehavior [ RunTime:0.038003s ]
INFO: [ view_parse ] --END-- [ RunTime:0.038003s ]
INFO: [ view_filter ] --START--
INFO: Run Behavior\WriteHtmlCacheBehavior [ RunTime:0.000000s ]
INFO: [ view_filter ] --END-- [ RunTime:0.000000s ]
INFO: [ app_end ] --START--
INFO: Run Behavior\ShowPageTraceBehavior [ RunTime:0.001000s ]
INFO: [ app_end ] --END-- [ RunTime:0.001000s ]

[ 2017-04-01T09:17:21+08:00 ] 127.0.0.1 /index.php/Admin/Public/login.html
INFO: [ app_init ] --START--
INFO: Run Behavior\BuildLiteBehavior [ RunTime:0.000000s ]
INFO: [ app_init ] --END-- [ RunTime:0.000000s ]
INFO: [ app_begin ] --START--
INFO: Run Behavior\ReadHtmlCacheBehavior [ RunTime:0.000000s ]
INFO: [ app_begin ] --END-- [ RunTime:0.000000s ]
SQL: SHOW COLUMNS FROM `dxyh_admin` [ RunTime:0.0110s ]
SQL: SELECT * FROM `dxyh_admin` WHERE `aname` = 'root' LIMIT 1   [ RunTime:0.0090s ]

[ 2017-04-01T09:17:23+08:00 ] 127.0.0.1 /index.php/Admin/Index/index.html
INFO: [ app_init ] --START--
INFO: Run Behavior\BuildLiteBehavior [ RunTime:0.000000s ]
INFO: [ app_init ] --END-- [ RunTime:0.001000s ]
INFO: [ app_begin ] --START--
INFO: Run Behavior\ReadHtmlCacheBehavior [ RunTime:0.001000s ]
INFO: [ app_begin ] --END-- [ RunTime:0.001000s ]
INFO: [ view_parse ] --START--
INFO: [ template_filter ] --START--
INFO: Run Behavior\ContentReplaceBehavior [ RunTime:0.000000s ]
INFO: [ template_filter ] --END-- [ RunTime:0.002000s ]
INFO: Run Behavior\ParseTemplateBehavior [ RunTime:0.130007s ]
INFO: [ view_parse ] --END-- [ RunTime:0.130007s ]
INFO: [ view_filter ] --START--
INFO: Run Behavior\WriteHtmlCacheBehavior [ RunTime:0.001000s ]
INFO: [ view_filter ] --END-- [ RunTime:0.001000s ]
INFO: [ app_end ] --START--
INFO: Run Behavior\ShowPageTraceBehavior [ RunTime:0.001000s ]
INFO: [ app_end ] --END-- [ RunTime:0.001000s ]

[ 2017-04-01T09:17:30+08:00 ] 127.0.0.1 /index.php/Admin/HomeCare/index.html
INFO: [ app_init ] --START--
INFO: Run Behavior\BuildLiteBehavior [ RunTime:0.000000s ]
INFO: [ app_init ] --END-- [ RunTime:0.000000s ]
INFO: [ app_begin ] --START--
INFO: Run Behavior\ReadHtmlCacheBehavior [ RunTime:0.000000s ]
INFO: [ app_begin ] --END-- [ RunTime:0.000000s ]
SQL: SHOW COLUMNS FROM `dxyh_auth_group_access` [ RunTime:0.0220s ]
SQL: SELECT `aid`,`group_id`,`title`,`rules` FROM dxyh_auth_group_access a INNER JOIN dxyh_auth_group g on a.group_id=g.id  WHERE ( a.aid='1' and g.status='1' )  [ RunTime:0.0270s ]
SQL: SHOW COLUMNS FROM `dxyh_auth_rule` [ RunTime:0.0200s ]
SQL: SELECT `condition`,`name` FROM `dxyh_auth_rule` WHERE `id` IN ('19','20','21','22','23','24','25','26','27','28','29','30','31','32','33','34','39','40','41','42','35','36','37','38','1','6','7','8') AND `type` = 1 AND `status` = 1  [ RunTime:0.0280s ]
INFO: [ view_parse ] --START--
INFO: [ template_filter ] --START--
INFO: Run Behavior\ContentReplaceBehavior [ RunTime:0.000000s ]
INFO: [ template_filter ] --END-- [ RunTime:0.000000s ]
NOTIC: [8] Undefined variable: rows D:\WWW\daxiaoyihu\Application\Runtime\Cache\Admin\9c08d174102263b4e7cac17e077461c7.php 第 367 行.
NOTIC: [8] Undefined variable: page D:\WWW\daxiaoyihu\Application\Runtime\Cache\Admin\9c08d174102263b4e7cac17e077461c7.php 第 397 行.
INFO: Run Behavior\ParseTemplateBehavior [ RunTime:0.127007s ]
INFO: [ view_parse ] --END-- [ RunTime:0.127007s ]
INFO: [ view_filter ] --START--
INFO: Run Behavior\WriteHtmlCacheBehavior [ RunTime:0.001000s ]
INFO: [ view_filter ] --END-- [ RunTime:0.001000s ]
INFO: [ app_end ] --START--
INFO: Run Behavior\ShowPageTraceBehavior [ RunTime:0.001000s ]
INFO: [ app_end ] --END-- [ RunTime:0.001000s ]

[ 2017-04-01T09:17:31+08:00 ] 127.0.0.1 /index.php/Admin/HomeCare/index.html
INFO: [ app_init ] --START--
INFO: Run Behavior\BuildLiteBehavior [ RunTime:0.000000s ]
INFO: [ app_init ] --END-- [ RunTime:0.001000s ]
INFO: [ app_begin ] --START--
INFO: Run Behavior\ReadHtmlCacheBehavior [ RunTime:0.001000s ]
INFO: [ app_begin ] --END-- [ RunTime:0.001000s ]
SQL: SHOW COLUMNS FROM `dxyh_auth_group_access` [ RunTime:0.0580s ]
SQL: SELECT `aid`,`group_id`,`title`,`rules` FROM dxyh_auth_group_access a INNER JOIN dxyh_auth_group g on a.group_id=g.id  WHERE ( a.aid='1' and g.status='1' )  [ RunTime:0.0150s ]
SQL: SHOW COLUMNS FROM `dxyh_auth_rule` [ RunTime:0.0160s ]
SQL: SELECT `condition`,`name` FROM `dxyh_auth_rule` WHERE `id` IN ('19','20','21','22','23','24','25','26','27','28','29','30','31','32','33','34','39','40','41','42','35','36','37','38','1','6','7','8') AND `type` = 1 AND `status` = 1  [ RunTime:0.0100s ]
INFO: [ view_parse ] --START--
INFO: [ template_filter ] --START--
INFO: Run Behavior\ContentReplaceBehavior [ RunTime:0.000000s ]
INFO: [ template_filter ] --END-- [ RunTime:0.000000s ]
NOTIC: [8] Undefined variable: rows D:\WWW\daxiaoyihu\Application\Runtime\Cache\Admin\9c08d174102263b4e7cac17e077461c7.php 第 367 行.
NOTIC: [8] Undefined variable: page D:\WWW\daxiaoyihu\Application\Runtime\Cache\Admin\9c08d174102263b4e7cac17e077461c7.php 第 397 行.
INFO: Run Behavior\ParseTemplateBehavior [ RunTime:0.008000s ]
INFO: [ view_parse ] --END-- [ RunTime:0.008000s ]
INFO: [ view_filter ] --START--
INFO: Run Behavior\WriteHtmlCacheBehavior [ RunTime:0.001000s ]
INFO: [ view_filter ] --END-- [ RunTime:0.001000s ]
INFO: [ app_end ] --START--
INFO: Run Behavior\ShowPageTraceBehavior [ RunTime:0.000000s ]
INFO: [ app_end ] --END-- [ RunTime:0.000000s ]

[ 2017-04-01T09:18:21+08:00 ] 127.0.0.1 /index.php/Admin/Coptic/copticType.html
INFO: [ app_init ] --START--
INFO: Run Behavior\BuildLiteBehavior [ RunTime:0.000000s ]
INFO: [ app_init ] --END-- [ RunTime:0.001000s ]
INFO: [ app_begin ] --START--
INFO: Run Behavior\ReadHtmlCacheBehavior [ RunTime:0.000000s ]
INFO: [ app_begin ] --END-- [ RunTime:0.000000s ]
SQL: SHOW COLUMNS FROM `dxyh_auth_group_access` [ RunTime:0.0130s ]
SQL: SELECT `aid`,`group_id`,`title`,`rules` FROM dxyh_auth_group_access a INNER JOIN dxyh_auth_group g on a.group_id=g.id  WHERE ( a.aid='1' and g.status='1' )  [ RunTime:0.0090s ]
SQL: SHOW COLUMNS FROM `dxyh_auth_rule` [ RunTime:0.0090s ]
SQL: SELECT `condition`,`name` FROM `dxyh_auth_rule` WHERE `id` IN ('19','20','21','22','23','24','25','26','27','28','29','30','31','32','33','34','39','40','41','42','35','36','37','38','1','6','7','8') AND `type` = 1 AND `status` = 1  [ RunTime:0.0090s ]
SQL: SHOW COLUMNS FROM `dxyh_coptic_type` [ RunTime:0.0160s ]
SQL: SELECT COUNT(*) AS tp_count FROM `dxyh_coptic_type` LIMIT 1   [ RunTime:0.0080s ]
SQL: SELECT * FROM `dxyh_coptic_type` LIMIT 0,2   [ RunTime:0.0120s ]
NOTIC: [8] Undefined index: keyword D:\WWW\daxiaoyihu\Application\Admin\Controller\CopticController.class.php 第 55 行.
INFO: [ view_parse ] --START--
INFO: [ template_filter ] --START--
INFO: Run Behavior\ContentReplaceBehavior [ RunTime:0.001001s ]
INFO: [ template_filter ] --END-- [ RunTime:0.001001s ]
INFO: Run Behavior\ParseTemplateBehavior [ RunTime:0.042003s ]
INFO: [ view_parse ] --END-- [ RunTime:0.043003s ]
INFO: [ view_filter ] --START--
INFO: Run Behavior\WriteHtmlCacheBehavior [ RunTime:0.000000s ]
INFO: [ view_filter ] --END-- [ RunTime:0.001000s ]
INFO: [ app_end ] --START--
INFO: Run Behavior\ShowPageTraceBehavior [ RunTime:0.001000s ]
INFO: [ app_end ] --END-- [ RunTime:0.001000s ]

[ 2017-04-01T09:18:21+08:00 ] 127.0.0.1 /index.php/Admin/Coptic/index.html
INFO: [ app_init ] --START--
INFO: Run Behavior\BuildLiteBehavior [ RunTime:0.000000s ]
INFO: [ app_init ] --END-- [ RunTime:0.000000s ]
INFO: [ app_begin ] --START--
INFO: Run Behavior\ReadHtmlCacheBehavior [ RunTime:0.001000s ]
INFO: [ app_begin ] --END-- [ RunTime:0.001000s ]
SQL: SHOW COLUMNS FROM `dxyh_auth_group_access` [ RunTime:0.0090s ]
SQL: SELECT `aid`,`group_id`,`title`,`rules` FROM dxyh_auth_group_access a INNER JOIN dxyh_auth_group g on a.group_id=g.id  WHERE ( a.aid='1' and g.status='1' )  [ RunTime:0.0140s ]
SQL: SHOW COLUMNS FROM `dxyh_auth_rule` [ RunTime:0.0110s ]
SQL: SELECT `condition`,`name` FROM `dxyh_auth_rule` WHERE `id` IN ('19','20','21','22','23','24','25','26','27','28','29','30','31','32','33','34','39','40','41','42','35','36','37','38','1','6','7','8') AND `type` = 1 AND `status` = 1  [ RunTime:0.0160s ]
INFO: [ view_parse ] --START--
INFO: [ template_filter ] --START--
INFO: Run Behavior\ContentReplaceBehavior [ RunTime:0.001000s ]
INFO: [ template_filter ] --END-- [ RunTime:0.001000s ]
NOTIC: [8] Undefined variable: auth D:\WWW\daxiaoyihu\Application\Runtime\Cache\Admin\69a1588df9daa66cb22e64b5b0747a70.php 第 353 行.
NOTIC: [8] Undefined variable: vo D:\WWW\daxiaoyihu\Application\Runtime\Cache\Admin\69a1588df9daa66cb22e64b5b0747a70.php 第 358 行.
NOTIC: [8] Undefined variable: authId D:\WWW\daxiaoyihu\Application\Runtime\Cache\Admin\69a1588df9daa66cb22e64b5b0747a70.php 第 358 行.
NOTIC: [8] Undefined variable: vo D:\WWW\daxiaoyihu\Application\Runtime\Cache\Admin\69a1588df9daa66cb22e64b5b0747a70.php 第 358 行.
NOTIC: [8] Undefined variable: vo D:\WWW\daxiaoyihu\Application\Runtime\Cache\Admin\69a1588df9daa66cb22e64b5b0747a70.php 第 359 行.
NOTIC: [8] Undefined variable: authId D:\WWW\daxiaoyihu\Application\Runtime\Cache\Admin\69a1588df9daa66cb22e64b5b0747a70.php 第 359 行.
NOTIC: [8] Undefined variable: vo D:\WWW\daxiaoyihu\Application\Runtime\Cache\Admin\69a1588df9daa66cb22e64b5b0747a70.php 第 359 行.
NOTIC: [8] Undefined variable: keyword D:\WWW\daxiaoyihu\Application\Runtime\Cache\Admin\69a1588df9daa66cb22e64b5b0747a70.php 第 362 行.
NOTIC: [8] Undefined variable: rows D:\WWW\daxiaoyihu\Application\Runtime\Cache\Admin\69a1588df9daa66cb22e64b5b0747a70.php 第 387 行.
NOTIC: [8] Undefined variable: page D:\WWW\daxiaoyihu\Application\Runtime\Cache\Admin\69a1588df9daa66cb22e64b5b0747a70.php 第 429 行.
INFO: Run Behavior\ParseTemplateBehavior [ RunTime:0.027002s ]
INFO: [ view_parse ] --END-- [ RunTime:0.027002s ]
INFO: [ view_filter ] --START--
INFO: Run Behavior\WriteHtmlCacheBehavior [ RunTime:0.001000s ]
INFO: [ view_filter ] --END-- [ RunTime:0.001000s ]
INFO: [ app_end ] --START--
INFO: Run Behavior\ShowPageTraceBehavior [ RunTime:0.000000s ]
INFO: [ app_end ] --END-- [ RunTime:0.000000s ]

[ 2017-04-01T09:18:22+08:00 ] 127.0.0.1 /index.php/Admin/Coptic/copticType.html
INFO: [ app_init ] --START--
INFO: Run Behavior\BuildLiteBehavior [ RunTime:0.000000s ]
INFO: [ app_init ] --END-- [ RunTime:0.000000s ]
INFO: [ app_begin ] --START--
INFO: Run Behavior\ReadHtmlCacheBehavior [ RunTime:0.000000s ]
INFO: [ app_begin ] --END-- [ RunTime:0.000000s ]
SQL: SHOW COLUMNS FROM `dxyh_auth_group_access` [ RunTime:0.0110s ]
SQL: SELECT `aid`,`group_id`,`title`,`rules` FROM dxyh_auth_group_access a INNER JOIN dxyh_auth_group g on a.group_id=g.id  WHERE ( a.aid='1' and g.status='1' )  [ RunTime:0.0110s ]
SQL: SHOW COLUMNS FROM `dxyh_auth_rule` [ RunTime:0.0120s ]
SQL: SELECT `condition`,`name` FROM `dxyh_auth_rule` WHERE `id` IN ('19','20','21','22','23','24','25','26','27','28','29','30','31','32','33','34','39','40','41','42','35','36','37','38','1','6','7','8') AND `type` = 1 AND `status` = 1  [ RunTime:0.0130s ]
SQL: SHOW COLUMNS FROM `dxyh_coptic_type` [ RunTime:0.0120s ]
SQL: SELECT COUNT(*) AS tp_count FROM `dxyh_coptic_type` LIMIT 1   [ RunTime:0.0100s ]
SQL: SELECT * FROM `dxyh_coptic_type` LIMIT 0,2   [ RunTime:0.0130s ]
NOTIC: [8] Undefined index: keyword D:\WWW\daxiaoyihu\Application\Admin\Controller\CopticController.class.php 第 55 行.
INFO: [ view_parse ] --START--
INFO: [ template_filter ] --START--
INFO: Run Behavior\ContentReplaceBehavior [ RunTime:0.000000s ]
INFO: [ template_filter ] --END-- [ RunTime:0.000000s ]
INFO: Run Behavior\ParseTemplateBehavior [ RunTime:0.018001s ]
INFO: [ view_parse ] --END-- [ RunTime:0.018001s ]
INFO: [ view_filter ] --START--
INFO: Run Behavior\WriteHtmlCacheBehavior [ RunTime:0.001000s ]
INFO: [ view_filter ] --END-- [ RunTime:0.001000s ]
INFO: [ app_end ] --START--
INFO: Run Behavior\ShowPageTraceBehavior [ RunTime:0.000000s ]
INFO: [ app_end ] --END-- [ RunTime:0.000000s ]

[ 2017-04-01T09:18:22+08:00 ] 127.0.0.1 /index.php/Admin/Coptic/index.html
INFO: [ app_init ] --START--
INFO: Run Behavior\BuildLiteBehavior [ RunTime:0.000000s ]
INFO: [ app_init ] --END-- [ RunTime:0.000000s ]
INFO: [ app_begin ] --START--
INFO: Run Behavior\ReadHtmlCacheBehavior [ RunTime:0.000000s ]
INFO: [ app_begin ] --END-- [ RunTime:0.000000s ]
SQL: SHOW COLUMNS FROM `dxyh_auth_group_access` [ RunTime:0.0100s ]
SQL: SELECT `aid`,`group_id`,`title`,`rules` FROM dxyh_auth_group_access a INNER JOIN dxyh_auth_group g on a.group_id=g.id  WHERE ( a.aid='1' and g.status='1' )  [ RunTime:0.0110s ]
SQL: SHOW COLUMNS FROM `dxyh_auth_rule` [ RunTime:0.0120s ]
SQL: SELECT `condition`,`name` FROM `dxyh_auth_rule` WHERE `id` IN ('19','20','21','22','23','24','25','26','27','28','29','30','31','32','33','34','39','40','41','42','35','36','37','38','1','6','7','8') AND `type` = 1 AND `status` = 1  [ RunTime:0.0090s ]
INFO: [ view_parse ] --START--
INFO: [ template_filter ] --START--
INFO: Run Behavior\ContentReplaceBehavior [ RunTime:0.000000s ]
INFO: [ template_filter ] --END-- [ RunTime:0.000000s ]
NOTIC: [8] Undefined variable: auth D:\WWW\daxiaoyihu\Application\Runtime\Cache\Admin\69a1588df9daa66cb22e64b5b0747a70.php 第 353 行.
NOTIC: [8] Undefined variable: vo D:\WWW\daxiaoyihu\Application\Runtime\Cache\Admin\69a1588df9daa66cb22e64b5b0747a70.php 第 358 行.
NOTIC: [8] Undefined variable: authId D:\WWW\daxiaoyihu\Application\Runtime\Cache\Admin\69a1588df9daa66cb22e64b5b0747a70.php 第 358 行.
NOTIC: [8] Undefined variable: vo D:\WWW\daxiaoyihu\Application\Runtime\Cache\Admin\69a1588df9daa66cb22e64b5b0747a70.php 第 358 行.
NOTIC: [8] Undefined variable: vo D:\WWW\daxiaoyihu\Application\Runtime\Cache\Admin\69a1588df9daa66cb22e64b5b0747a70.php 第 359 行.
NOTIC: [8] Undefined variable: authId D:\WWW\daxiaoyihu\Application\Runtime\Cache\Admin\69a1588df9daa66cb22e64b5b0747a70.php 第 359 行.
NOTIC: [8] Undefined variable: vo D:\WWW\daxiaoyihu\Application\Runtime\Cache\Admin\69a1588df9daa66cb22e64b5b0747a70.php 第 359 行.
NOTIC: [8] Undefined variable: keyword D:\WWW\daxiaoyihu\Application\Runtime\Cache\Admin\69a1588df9daa66cb22e64b5b0747a70.php 第 362 行.
NOTIC: [8] Undefined variable: rows D:\WWW\daxiaoyihu\Application\Runtime\Cache\Admin\69a1588df9daa66cb22e64b5b0747a70.php 第 387 行.
NOTIC: [8] Undefined variable: page D:\WWW\daxiaoyihu\Application\Runtime\Cache\Admin\69a1588df9daa66cb22e64b5b0747a70.php 第 429 行.
INFO: Run Behavior\ParseTemplateBehavior [ RunTime:0.020001s ]
INFO: [ view_parse ] --END-- [ RunTime:0.020001s ]
INFO: [ view_filter ] --START--
INFO: Run Behavior\WriteHtmlCacheBehavior [ RunTime:0.000000s ]
INFO: [ view_filter ] --END-- [ RunTime:0.000000s ]
INFO: [ app_end ] --START--
INFO: Run Behavior\ShowPageTraceBehavior [ RunTime:0.001000s ]
INFO: [ app_end ] --END-- [ RunTime:0.001000s ]

[ 2017-04-01T09:18:22+08:00 ] 127.0.0.1 /index.php/Admin/Coptic/copticType.html
INFO: [ app_init ] --START--
INFO: Run Behavior\BuildLiteBehavior [ RunTime:0.000000s ]
INFO: [ app_init ] --END-- [ RunTime:0.001000s ]
INFO: [ app_begin ] --START--
INFO: Run Behavior\ReadHtmlCacheBehavior [ RunTime:0.000000s ]
INFO: [ app_begin ] --END-- [ RunTime:0.000000s ]
SQL: SHOW COLUMNS FROM `dxyh_auth_group_access` [ RunTime:0.0110s ]
SQL: SELECT `aid`,`group_id`,`title`,`rules` FROM dxyh_auth_group_access a INNER JOIN dxyh_auth_group g on a.group_id=g.id  WHERE ( a.aid='1' and g.status='1' )  [ RunTime:0.0100s ]
SQL: SHOW COLUMNS FROM `dxyh_auth_rule` [ RunTime:0.0130s ]
SQL: SELECT `condition`,`name` FROM `dxyh_auth_rule` WHERE `id` IN ('19','20','21','22','23','24','25','26','27','28','29','30','31','32','33','34','39','40','41','42','35','36','37','38','1','6','7','8') AND `type` = 1 AND `status` = 1  [ RunTime:0.0100s ]
SQL: SHOW COLUMNS FROM `dxyh_coptic_type` [ RunTime:0.0110s ]
SQL: SELECT COUNT(*) AS tp_count FROM `dxyh_coptic_type` LIMIT 1   [ RunTime:0.0120s ]
SQL: SELECT * FROM `dxyh_coptic_type` LIMIT 0,2   [ RunTime:0.0130s ]
NOTIC: [8] Undefined index: keyword D:\WWW\daxiaoyihu\Application\Admin\Controller\CopticController.class.php 第 55 行.
INFO: [ view_parse ] --START--
INFO: [ template_filter ] --START--
INFO: Run Behavior\ContentReplaceBehavior [ RunTime:0.001000s ]
INFO: [ template_filter ] --END-- [ RunTime:0.001000s ]
INFO: Run Behavior\ParseTemplateBehavior [ RunTime:0.025001s ]
INFO: [ view_parse ] --END-- [ RunTime:0.025001s ]
INFO: [ view_filter ] --START--
INFO: Run Behavior\WriteHtmlCacheBehavior [ RunTime:0.000000s ]
INFO: [ view_filter ] --END-- [ RunTime:0.000000s ]
INFO: [ app_end ] --START--
INFO: Run Behavior\ShowPageTraceBehavior [ RunTime:0.001000s ]
INFO: [ app_end ] --END-- [ RunTime:0.001000s ]

[ 2017-04-01T09:18:22+08:00 ] 127.0.0.1 /index.php/Admin/Coptic/index.html
INFO: [ app_init ] --START--
INFO: Run Behavior\BuildLiteBehavior [ RunTime:0.000000s ]
INFO: [ app_init ] --END-- [ RunTime:0.001000s ]
INFO: [ app_begin ] --START--
INFO: Run Behavior\ReadHtmlCacheBehavior [ RunTime:0.001000s ]
INFO: [ app_begin ] --END-- [ RunTime:0.001000s ]
SQL: SHOW COLUMNS FROM `dxyh_auth_group_access` [ RunTime:0.0140s ]
SQL: SELECT `aid`,`group_id`,`title`,`rules` FROM dxyh_auth_group_access a INNER JOIN dxyh_auth_group g on a.group_id=g.id  WHERE ( a.aid='1' and g.status='1' )  [ RunTime:0.0110s ]
SQL: SHOW COLUMNS FROM `dxyh_auth_rule` [ RunTime:0.0110s ]
SQL: SELECT `condition`,`name` FROM `dxyh_auth_rule` WHERE `id` IN ('19','20','21','22','23','24','25','26','27','28','29','30','31','32','33','34','39','40','41','42','35','36','37','38','1','6','7','8') AND `type` = 1 AND `status` = 1  [ RunTime:0.0140s ]
INFO: [ view_parse ] --START--
INFO: [ template_filter ] --START--
INFO: Run Behavior\ContentReplaceBehavior [ RunTime:0.000000s ]
INFO: [ template_filter ] --END-- [ RunTime:0.000000s ]
NOTIC: [8] Undefined variable: auth D:\WWW\daxiaoyihu\Application\Runtime\Cache\Admin\69a1588df9daa66cb22e64b5b0747a70.php 第 353 行.
NOTIC: [8] Undefined variable: vo D:\WWW\daxiaoyihu\Application\Runtime\Cache\Admin\69a1588df9daa66cb22e64b5b0747a70.php 第 358 行.
NOTIC: [8] Undefined variable: authId D:\WWW\daxiaoyihu\Application\Runtime\Cache\Admin\69a1588df9daa66cb22e64b5b0747a70.php 第 358 行.
NOTIC: [8] Undefined variable: vo D:\WWW\daxiaoyihu\Application\Runtime\Cache\Admin\69a1588df9daa66cb22e64b5b0747a70.php 第 358 行.
NOTIC: [8] Undefined variable: vo D:\WWW\daxiaoyihu\Application\Runtime\Cache\Admin\69a1588df9daa66cb22e64b5b0747a70.php 第 359 行.
NOTIC: [8] Undefined variable: authId D:\WWW\daxiaoyihu\Application\Runtime\Cache\Admin\69a1588df9daa66cb22e64b5b0747a70.php 第 359 行.
NOTIC: [8] Undefined variable: vo D:\WWW\daxiaoyihu\Application\Runtime\Cache\Admin\69a1588df9daa66cb22e64b5b0747a70.php 第 359 行.
NOTIC: [8] Undefined variable: keyword D:\WWW\daxiaoyihu\Application\Runtime\Cache\Admin\69a1588df9daa66cb22e64b5b0747a70.php 第 362 行.
NOTIC: [8] Undefined variable: rows D:\WWW\daxiaoyihu\Application\Runtime\Cache\Admin\69a1588df9daa66cb22e64b5b0747a70.php 第 387 行.
NOTIC: [8] Undefined variable: page D:\WWW\daxiaoyihu\Application\Runtime\Cache\Admin\69a1588df9daa66cb22e64b5b0747a70.php 第 429 行.
INFO: Run Behavior\ParseTemplateBehavior [ RunTime:0.037002s ]
INFO: [ view_parse ] --END-- [ RunTime:0.037002s ]
INFO: [ view_filter ] --START--
INFO: Run Behavior\WriteHtmlCacheBehavior [ RunTime:0.001000s ]
INFO: [ view_filter ] --END-- [ RunTime:0.001000s ]
INFO: [ app_end ] --START--
INFO: Run Behavior\ShowPageTraceBehavior [ RunTime:0.000000s ]
INFO: [ app_end ] --END-- [ RunTime:0.000000s ]

[ 2017-04-01T09:18:25+08:00 ] 127.0.0.1 /index.php/Admin/Coptic/copticType.html
INFO: [ app_init ] --START--
INFO: Run Behavior\BuildLiteBehavior [ RunTime:0.000000s ]
INFO: [ app_init ] --END-- [ RunTime:0.000000s ]
INFO: [ app_begin ] --START--
INFO: Run Behavior\ReadHtmlCacheBehavior [ RunTime:0.000000s ]
INFO: [ app_begin ] --END-- [ RunTime:0.000000s ]
SQL: SHOW COLUMNS FROM `dxyh_auth_group_access` [ RunTime:0.0160s ]
SQL: SELECT `aid`,`group_id`,`title`,`rules` FROM dxyh_auth_group_access a INNER JOIN dxyh_auth_group g on a.group_id=g.id  WHERE ( a.aid='1' and g.status='1' )  [ RunTime:0.0130s ]
SQL: SHOW COLUMNS FROM `dxyh_auth_rule` [ RunTime:0.0120s ]
SQL: SELECT `condition`,`name` FROM `dxyh_auth_rule` WHERE `id` IN ('19','20','21','22','23','24','25','26','27','28','29','30','31','32','33','34','39','40','41','42','35','36','37','38','1','6','7','8') AND `type` = 1 AND `status` = 1  [ RunTime:0.0140s ]
SQL: SHOW COLUMNS FROM `dxyh_coptic_type` [ RunTime:0.0140s ]
SQL: SELECT COUNT(*) AS tp_count FROM `dxyh_coptic_type` LIMIT 1   [ RunTime:0.0110s ]
SQL: SELECT * FROM `dxyh_coptic_type` LIMIT 0,2   [ RunTime:0.0110s ]
NOTIC: [8] Undefined index: keyword D:\WWW\daxiaoyihu\Application\Admin\Controller\CopticController.class.php 第 55 行.
INFO: [ view_parse ] --START--
INFO: [ template_filter ] --START--
INFO: Run Behavior\ContentReplaceBehavior [ RunTime:0.000000s ]
INFO: [ template_filter ] --END-- [ RunTime:0.000000s ]
INFO: Run Behavior\ParseTemplateBehavior [ RunTime:0.014001s ]
INFO: [ view_parse ] --END-- [ RunTime:0.014001s ]
INFO: [ view_filter ] --START--
INFO: Run Behavior\WriteHtmlCacheBehavior [ RunTime:0.001000s ]
INFO: [ view_filter ] --END-- [ RunTime:0.001000s ]
INFO: [ app_end ] --START--
INFO: Run Behavior\ShowPageTraceBehavior [ RunTime:0.000000s ]
INFO: [ app_end ] --END-- [ RunTime:0.000000s ]

[ 2017-04-01T09:18:25+08:00 ] 127.0.0.1 /index.php/Admin/Coptic/index.html
INFO: [ app_init ] --START--
INFO: Run Behavior\BuildLiteBehavior [ RunTime:0.000000s ]
INFO: [ app_init ] --END-- [ RunTime:0.001000s ]
INFO: [ app_begin ] --START--
INFO: Run Behavior\ReadHtmlCacheBehavior [ RunTime:0.000000s ]
INFO: [ app_begin ] --END-- [ RunTime:0.000000s ]
SQL: SHOW COLUMNS FROM `dxyh_auth_group_access` [ RunTime:0.0210s ]
SQL: SELECT `aid`,`group_id`,`title`,`rules` FROM dxyh_auth_group_access a INNER JOIN dxyh_auth_group g on a.group_id=g.id  WHERE ( a.aid='1' and g.status='1' )  [ RunTime:0.0110s ]
SQL: SHOW COLUMNS FROM `dxyh_auth_rule` [ RunTime:0.0170s ]
SQL: SELECT `condition`,`name` FROM `dxyh_auth_rule` WHERE `id` IN ('19','20','21','22','23','24','25','26','27','28','29','30','31','32','33','34','39','40','41','42','35','36','37','38','1','6','7','8') AND `type` = 1 AND `status` = 1  [ RunTime:0.0130s ]
INFO: [ view_parse ] --START--
INFO: [ template_filter ] --START--
INFO: Run Behavior\ContentReplaceBehavior [ RunTime:0.000000s ]
INFO: [ template_filter ] --END-- [ RunTime:0.000000s ]
NOTIC: [8] Undefined variable: auth D:\WWW\daxiaoyihu\Application\Runtime\Cache\Admin\69a1588df9daa66cb22e64b5b0747a70.php 第 353 行.
NOTIC: [8] Undefined variable: vo D:\WWW\daxiaoyihu\Application\Runtime\Cache\Admin\69a1588df9daa66cb22e64b5b0747a70.php 第 358 行.
NOTIC: [8] Undefined variable: authId D:\WWW\daxiaoyihu\Application\Runtime\Cache\Admin\69a1588df9daa66cb22e64b5b0747a70.php 第 358 行.
NOTIC: [8] Undefined variable: vo D:\WWW\daxiaoyihu\Application\Runtime\Cache\Admin\69a1588df9daa66cb22e64b5b0747a70.php 第 358 行.
NOTIC: [8] Undefined variable: vo D:\WWW\daxiaoyihu\Application\Runtime\Cache\Admin\69a1588df9daa66cb22e64b5b0747a70.php 第 359 行.
NOTIC: [8] Undefined variable: authId D:\WWW\daxiaoyihu\Application\Runtime\Cache\Admin\69a1588df9daa66cb22e64b5b0747a70.php 第 359 行.
NOTIC: [8] Undefined variable: vo D:\WWW\daxiaoyihu\Application\Runtime\Cache\Admin\69a1588df9daa66cb22e64b5b0747a70.php 第 359 行.
NOTIC: [8] Undefined variable: keyword D:\WWW\daxiaoyihu\Application\Runtime\Cache\Admin\69a1588df9daa66cb22e64b5b0747a70.php 第 362 行.
NOTIC: [8] Undefined variable: rows D:\WWW\daxiaoyihu\Application\Runtime\Cache\Admin\69a1588df9daa66cb22e64b5b0747a70.php 第 387 行.
NOTIC: [8] Undefined variable: page D:\WWW\daxiaoyihu\Application\Runtime\Cache\Admin\69a1588df9daa66cb22e64b5b0747a70.php 第 429 行.
INFO: Run Behavior\ParseTemplateBehavior [ RunTime:0.013001s ]
INFO: [ view_parse ] --END-- [ RunTime:0.013001s ]
INFO: [ view_filter ] --START--
INFO: Run Behavior\WriteHtmlCacheBehavior [ RunTime:0.000000s ]
INFO: [ view_filter ] --END-- [ RunTime:0.000000s ]
INFO: [ app_end ] --START--
INFO: Run Behavior\ShowPageTraceBehavior [ RunTime:0.001000s ]
INFO: [ app_end ] --END-- [ RunTime:0.001000s ]

[ 2017-04-01T09:18:26+08:00 ] 127.0.0.1 /index.php/Admin/Coptic/copticType.html
INFO: [ app_init ] --START--
INFO: Run Behavior\BuildLiteBehavior [ RunTime:0.000000s ]
INFO: [ app_init ] --END-- [ RunTime:0.000000s ]
INFO: [ app_begin ] --START--
INFO: Run Behavior\ReadHtmlCacheBehavior [ RunTime:0.000000s ]
INFO: [ app_begin ] --END-- [ RunTime:0.000000s ]
SQL: SHOW COLUMNS FROM `dxyh_auth_group_access` [ RunTime:0.0110s ]
SQL: SELECT `aid`,`group_id`,`title`,`rules` FROM dxyh_auth_group_access a INNER JOIN dxyh_auth_group g on a.group_id=g.id  WHERE ( a.aid='1' and g.status='1' )  [ RunTime:0.0110s ]
SQL: SHOW COLUMNS FROM `dxyh_auth_rule` [ RunTime:0.0140s ]
SQL: SELECT `condition`,`name` FROM `dxyh_auth_rule` WHERE `id` IN ('19','20','21','22','23','24','25','26','27','28','29','30','31','32','33','34','39','40','41','42','35','36','37','38','1','6','7','8') AND `type` = 1 AND `status` = 1  [ RunTime:0.0110s ]
SQL: SHOW COLUMNS FROM `dxyh_coptic_type` [ RunTime:0.0110s ]
SQL: SELECT COUNT(*) AS tp_count FROM `dxyh_coptic_type` LIMIT 1   [ RunTime:0.0120s ]
SQL: SELECT * FROM `dxyh_coptic_type` LIMIT 0,2   [ RunTime:0.0110s ]
NOTIC: [8] Undefined index: keyword D:\WWW\daxiaoyihu\Application\Admin\Controller\CopticController.class.php 第 55 行.
INFO: [ view_parse ] --START--
INFO: [ template_filter ] --START--
INFO: Run Behavior\ContentReplaceBehavior [ RunTime:0.000000s ]
INFO: [ template_filter ] --END-- [ RunTime:0.000000s ]
INFO: Run Behavior\ParseTemplateBehavior [ RunTime:0.027001s ]
INFO: [ view_parse ] --END-- [ RunTime:0.027001s ]
INFO: [ view_filter ] --START--
INFO: Run Behavior\WriteHtmlCacheBehavior [ RunTime:0.000000s ]
INFO: [ view_filter ] --END-- [ RunTime:0.000000s ]
INFO: [ app_end ] --START--
INFO: Run Behavior\ShowPageTraceBehavior [ RunTime:0.001001s ]
INFO: [ app_end ] --END-- [ RunTime:0.001001s ]

[ 2017-04-01T09:18:26+08:00 ] 127.0.0.1 /index.php/Admin/Coptic/index.html
INFO: [ app_init ] --START--
INFO: Run Behavior\BuildLiteBehavior [ RunTime:0.000000s ]
INFO: [ app_init ] --END-- [ RunTime:0.000000s ]
INFO: [ app_begin ] --START--
INFO: Run Behavior\ReadHtmlCacheBehavior [ RunTime:0.000000s ]
INFO: [ app_begin ] --END-- [ RunTime:0.000000s ]
SQL: SHOW COLUMNS FROM `dxyh_auth_group_access` [ RunTime:0.0110s ]
SQL: SELECT `aid`,`group_id`,`title`,`rules` FROM dxyh_auth_group_access a INNER JOIN dxyh_auth_group g on a.group_id=g.id  WHERE ( a.aid='1' and g.status='1' )  [ RunTime:0.0140s ]
SQL: SHOW COLUMNS FROM `dxyh_auth_rule` [ RunTime:0.0110s ]
SQL: SELECT `condition`,`name` FROM `dxyh_auth_rule` WHERE `id` IN ('19','20','21','22','23','24','25','26','27','28','29','30','31','32','33','34','39','40','41','42','35','36','37','38','1','6','7','8') AND `type` = 1 AND `status` = 1  [ RunTime:0.0120s ]
INFO: [ view_parse ] --START--
INFO: [ template_filter ] --START--
INFO: Run Behavior\ContentReplaceBehavior [ RunTime:0.000000s ]
INFO: [ template_filter ] --END-- [ RunTime:0.000000s ]
NOTIC: [8] Undefined variable: auth D:\WWW\daxiaoyihu\Application\Runtime\Cache\Admin\69a1588df9daa66cb22e64b5b0747a70.php 第 353 行.
NOTIC: [8] Undefined variable: vo D:\WWW\daxiaoyihu\Application\Runtime\Cache\Admin\69a1588df9daa66cb22e64b5b0747a70.php 第 358 行.
NOTIC: [8] Undefined variable: authId D:\WWW\daxiaoyihu\Application\Runtime\Cache\Admin\69a1588df9daa66cb22e64b5b0747a70.php 第 358 行.
NOTIC: [8] Undefined variable: vo D:\WWW\daxiaoyihu\Application\Runtime\Cache\Admin\69a1588df9daa66cb22e64b5b0747a70.php 第 358 行.
NOTIC: [8] Undefined variable: vo D:\WWW\daxiaoyihu\Application\Runtime\Cache\Admin\69a1588df9daa66cb22e64b5b0747a70.php 第 359 行.
NOTIC: [8] Undefined variable: authId D:\WWW\daxiaoyihu\Application\Runtime\Cache\Admin\69a1588df9daa66cb22e64b5b0747a70.php 第 359 行.
NOTIC: [8] Undefined variable: vo D:\WWW\daxiaoyihu\Application\Runtime\Cache\Admin\69a1588df9daa66cb22e64b5b0747a70.php 第 359 行.
NOTIC: [8] Undefined variable: keyword D:\WWW\daxiaoyihu\Application\Runtime\Cache\Admin\69a1588df9daa66cb22e64b5b0747a70.php 第 362 行.
NOTIC: [8] Undefined variable: rows D:\WWW\daxiaoyihu\Application\Runtime\Cache\Admin\69a1588df9daa66cb22e64b5b0747a70.php 第 387 行.
NOTIC: [8] Undefined variable: page D:\WWW\daxiaoyihu\Application\Runtime\Cache\Admin\69a1588df9daa66cb22e64b5b0747a70.php 第 429 行.
INFO: Run Behavior\ParseTemplateBehavior [ RunTime:0.022001s ]
INFO: [ view_parse ] --END-- [ RunTime:0.022001s ]
INFO: [ view_filter ] --START--
INFO: Run Behavior\WriteHtmlCacheBehavior [ RunTime:0.000000s ]
INFO: [ view_filter ] --END-- [ RunTime:0.000000s ]
INFO: [ app_end ] --START--
INFO: Run Behavior\ShowPageTraceBehavior [ RunTime:0.001000s ]
INFO: [ app_end ] --END-- [ RunTime:0.001000s ]

[ 2017-04-01T09:18:29+08:00 ] 127.0.0.1 /index.php/Admin/Coptic/copticType.html
INFO: [ app_init ] --START--
INFO: Run Behavior\BuildLiteBehavior [ RunTime:0.000000s ]
INFO: [ app_init ] --END-- [ RunTime:0.001000s ]
INFO: [ app_begin ] --START--
INFO: Run Behavior\ReadHtmlCacheBehavior [ RunTime:0.001000s ]
INFO: [ app_begin ] --END-- [ RunTime:0.001000s ]
SQL: SHOW COLUMNS FROM `dxyh_auth_group_access` [ RunTime:0.0140s ]
SQL: SELECT `aid`,`group_id`,`title`,`rules` FROM dxyh_auth_group_access a INNER JOIN dxyh_auth_group g on a.group_id=g.id  WHERE ( a.aid='1' and g.status='1' )  [ RunTime:0.0100s ]
SQL: SHOW COLUMNS FROM `dxyh_auth_rule` [ RunTime:0.0110s ]
SQL: SELECT `condition`,`name` FROM `dxyh_auth_rule` WHERE `id` IN ('19','20','21','22','23','24','25','26','27','28','29','30','31','32','33','34','39','40','41','42','35','36','37','38','1','6','7','8') AND `type` = 1 AND `status` = 1  [ RunTime:0.0130s ]
SQL: SHOW COLUMNS FROM `dxyh_coptic_type` [ RunTime:0.0140s ]
SQL: SELECT COUNT(*) AS tp_count FROM `dxyh_coptic_type` LIMIT 1   [ RunTime:0.0120s ]
SQL: SELECT * FROM `dxyh_coptic_type` LIMIT 0,2   [ RunTime:0.0110s ]
NOTIC: [8] Undefined index: keyword D:\WWW\daxiaoyihu\Application\Admin\Controller\CopticController.class.php 第 55 行.
INFO: [ view_parse ] --START--
INFO: [ template_filter ] --START--
INFO: Run Behavior\ContentReplaceBehavior [ RunTime:0.000000s ]
INFO: [ template_filter ] --END-- [ RunTime:0.000000s ]
INFO: Run Behavior\ParseTemplateBehavior [ RunTime:0.029002s ]
INFO: [ view_parse ] --END-- [ RunTime:0.029002s ]
INFO: [ view_filter ] --START--
INFO: Run Behavior\WriteHtmlCacheBehavior [ RunTime:0.001000s ]
INFO: [ view_filter ] --END-- [ RunTime:0.001000s ]
INFO: [ app_end ] --START--
INFO: Run Behavior\ShowPageTraceBehavior [ RunTime:0.001000s ]
INFO: [ app_end ] --END-- [ RunTime:0.001000s ]

[ 2017-04-01T09:18:33+08:00 ] 127.0.0.1 /index.php/Admin/Coptic/copticType.html
INFO: [ app_init ] --START--
INFO: Run Behavior\BuildLiteBehavior [ RunTime:0.000000s ]
INFO: [ app_init ] --END-- [ RunTime:0.001000s ]
INFO: [ app_begin ] --START--
INFO: Run Behavior\ReadHtmlCacheBehavior [ RunTime:0.001000s ]
INFO: [ app_begin ] --END-- [ RunTime:0.001000s ]
SQL: SHOW COLUMNS FROM `dxyh_auth_group_access` [ RunTime:0.0110s ]
SQL: SELECT `aid`,`group_id`,`title`,`rules` FROM dxyh_auth_group_access a INNER JOIN dxyh_auth_group g on a.group_id=g.id  WHERE ( a.aid='1' and g.status='1' )  [ RunTime:0.0100s ]
SQL: SHOW COLUMNS FROM `dxyh_auth_rule` [ RunTime:0.0120s ]
SQL: SELECT `condition`,`name` FROM `dxyh_auth_rule` WHERE `id` IN ('19','20','21','22','23','24','25','26','27','28','29','30','31','32','33','34','39','40','41','42','35','36','37','38','1','6','7','8') AND `type` = 1 AND `status` = 1  [ RunTime:0.0130s ]
SQL: SHOW COLUMNS FROM `dxyh_coptic_type` [ RunTime:0.0110s ]
SQL: SELECT COUNT(*) AS tp_count FROM `dxyh_coptic_type` LIMIT 1   [ RunTime:0.0090s ]
SQL: SELECT * FROM `dxyh_coptic_type` LIMIT 0,2   [ RunTime:0.0100s ]
NOTIC: [8] Undefined index: keyword D:\WWW\daxiaoyihu\Application\Admin\Controller\CopticController.class.php 第 55 行.
INFO: [ view_parse ] --START--
INFO: [ template_filter ] --START--
INFO: Run Behavior\ContentReplaceBehavior [ RunTime:0.000000s ]
INFO: [ template_filter ] --END-- [ RunTime:0.000000s ]
INFO: Run Behavior\ParseTemplateBehavior [ RunTime:0.012001s ]
INFO: [ view_parse ] --END-- [ RunTime:0.012001s ]
INFO: [ view_filter ] --START--
INFO: Run Behavior\WriteHtmlCacheBehavior [ RunTime:0.000000s ]
INFO: [ view_filter ] --END-- [ RunTime:0.000000s ]
INFO: [ app_end ] --START--
INFO: Run Behavior\ShowPageTraceBehavior [ RunTime:0.001000s ]
INFO: [ app_end ] --END-- [ RunTime:0.001000s ]

[ 2017-04-01T09:18:37+08:00 ] 127.0.0.1 /index.php/Admin/Coptic/index.html
INFO: [ app_init ] --START--
INFO: Run Behavior\BuildLiteBehavior [ RunTime:0.000000s ]
INFO: [ app_init ] --END-- [ RunTime:0.001000s ]
INFO: [ app_begin ] --START--
INFO: Run Behavior\ReadHtmlCacheBehavior [ RunTime:0.001000s ]
INFO: [ app_begin ] --END-- [ RunTime:0.001000s ]
SQL: SHOW COLUMNS FROM `dxyh_auth_group_access` [ RunTime:0.0120s ]
SQL: SELECT `aid`,`group_id`,`title`,`rules` FROM dxyh_auth_group_access a INNER JOIN dxyh_auth_group g on a.group_id=g.id  WHERE ( a.aid='1' and g.status='1' )  [ RunTime:0.0130s ]
SQL: SHOW COLUMNS FROM `dxyh_auth_rule` [ RunTime:0.0150s ]
SQL: SELECT `condition`,`name` FROM `dxyh_auth_rule` WHERE `id` IN ('19','20','21','22','23','24','25','26','27','28','29','30','31','32','33','34','39','40','41','42','35','36','37','38','1','6','7','8') AND `type` = 1 AND `status` = 1  [ RunTime:0.0140s ]
INFO: [ view_parse ] --START--
INFO: [ template_filter ] --START--
INFO: Run Behavior\ContentReplaceBehavior [ RunTime:0.000000s ]
INFO: [ template_filter ] --END-- [ RunTime:0.000000s ]
NOTIC: [8] Undefined variable: auth D:\WWW\daxiaoyihu\Application\Runtime\Cache\Admin\69a1588df9daa66cb22e64b5b0747a70.php 第 353 行.
NOTIC: [8] Undefined variable: vo D:\WWW\daxiaoyihu\Application\Runtime\Cache\Admin\69a1588df9daa66cb22e64b5b0747a70.php 第 358 行.
NOTIC: [8] Undefined variable: authId D:\WWW\daxiaoyihu\Application\Runtime\Cache\Admin\69a1588df9daa66cb22e64b5b0747a70.php 第 358 行.
NOTIC: [8] Undefined variable: vo D:\WWW\daxiaoyihu\Application\Runtime\Cache\Admin\69a1588df9daa66cb22e64b5b0747a70.php 第 358 行.
NOTIC: [8] Undefined variable: vo D:\WWW\daxiaoyihu\Application\Runtime\Cache\Admin\69a1588df9daa66cb22e64b5b0747a70.php 第 359 行.
NOTIC: [8] Undefined variable: authId D:\WWW\daxiaoyihu\Application\Runtime\Cache\Admin\69a1588df9daa66cb22e64b5b0747a70.php 第 359 行.
NOTIC: [8] Undefined variable: vo D:\WWW\daxiaoyihu\Application\Runtime\Cache\Admin\69a1588df9daa66cb22e64b5b0747a70.php 第 359 行.
NOTIC: [8] Undefined variable: keyword D:\WWW\daxiaoyihu\Application\Runtime\Cache\Admin\69a1588df9daa66cb22e64b5b0747a70.php 第 362 行.
NOTIC: [8] Undefined variable: rows D:\WWW\daxiaoyihu\Application\Runtime\Cache\Admin\69a1588df9daa66cb22e64b5b0747a70.php 第 387 行.
NOTIC: [8] Undefined variable: page D:\WWW\daxiaoyihu\Application\Runtime\Cache\Admin\69a1588df9daa66cb22e64b5b0747a70.php 第 429 行.
INFO: Run Behavior\ParseTemplateBehavior [ RunTime:0.031002s ]
INFO: [ view_parse ] --END-- [ RunTime:0.031002s ]
INFO: [ view_filter ] --START--
INFO: Run Behavior\WriteHtmlCacheBehavior [ RunTime:0.000000s ]
INFO: [ view_filter ] --END-- [ RunTime:0.000000s ]
INFO: [ app_end ] --START--
INFO: Run Behavior\ShowPageTraceBehavior [ RunTime:0.001000s ]
INFO: [ app_end ] --END-- [ RunTime:0.001000s ]

[ 2017-04-01T09:18:37+08:00 ] 127.0.0.1 /index.php/Admin/Coptic/index.html
INFO: [ app_init ] --START--
INFO: Run Behavior\BuildLiteBehavior [ RunTime:0.000000s ]
INFO: [ app_init ] --END-- [ RunTime:0.000000s ]
INFO: [ app_begin ] --START--
INFO: Run Behavior\ReadHtmlCacheBehavior [ RunTime:0.000000s ]
INFO: [ app_begin ] --END-- [ RunTime:0.000000s ]
SQL: SHOW COLUMNS FROM `dxyh_auth_group_access` [ RunTime:0.0140s ]
SQL: SELECT `aid`,`group_id`,`title`,`rules` FROM dxyh_auth_group_access a INNER JOIN dxyh_auth_group g on a.group_id=g.id  WHERE ( a.aid='1' and g.status='1' )  [ RunTime:0.0110s ]
SQL: SHOW COLUMNS FROM `dxyh_auth_rule` [ RunTime:0.0110s ]
SQL: SELECT `condition`,`name` FROM `dxyh_auth_rule` WHERE `id` IN ('19','20','21','22','23','24','25','26','27','28','29','30','31','32','33','34','39','40','41','42','35','36','37','38','1','6','7','8') AND `type` = 1 AND `status` = 1  [ RunTime:0.0110s ]
INFO: [ view_parse ] --START--
INFO: [ template_filter ] --START--
INFO: Run Behavior\ContentReplaceBehavior [ RunTime:0.000000s ]
INFO: [ template_filter ] --END-- [ RunTime:0.000000s ]
NOTIC: [8] Undefined variable: auth D:\WWW\daxiaoyihu\Application\Runtime\Cache\Admin\69a1588df9daa66cb22e64b5b0747a70.php 第 353 行.
NOTIC: [8] Undefined variable: vo D:\WWW\daxiaoyihu\Application\Runtime\Cache\Admin\69a1588df9daa66cb22e64b5b0747a70.php 第 358 行.
NOTIC: [8] Undefined variable: authId D:\WWW\daxiaoyihu\Application\Runtime\Cache\Admin\69a1588df9daa66cb22e64b5b0747a70.php 第 358 行.
NOTIC: [8] Undefined variable: vo D:\WWW\daxiaoyihu\Application\Runtime\Cache\Admin\69a1588df9daa66cb22e64b5b0747a70.php 第 358 行.
NOTIC: [8] Undefined variable: vo D:\WWW\daxiaoyihu\Application\Runtime\Cache\Admin\69a1588df9daa66cb22e64b5b0747a70.php 第 359 行.
NOTIC: [8] Undefined variable: authId D:\WWW\daxiaoyihu\Application\Runtime\Cache\Admin\69a1588df9daa66cb22e64b5b0747a70.php 第 359 行.
NOTIC: [8] Undefined variable: vo D:\WWW\daxiaoyihu\Application\Runtime\Cache\Admin\69a1588df9daa66cb22e64b5b0747a70.php 第 359 行.
NOTIC: [8] Undefined variable: keyword D:\WWW\daxiaoyihu\Application\Runtime\Cache\Admin\69a1588df9daa66cb22e64b5b0747a70.php 第 362 行.
NOTIC: [8] Undefined variable: rows D:\WWW\daxiaoyihu\Application\Runtime\Cache\Admin\69a1588df9daa66cb22e64b5b0747a70.php 第 387 行.
NOTIC: [8] Undefined variable: page D:\WWW\daxiaoyihu\Application\Runtime\Cache\Admin\69a1588df9daa66cb22e64b5b0747a70.php 第 429 行.
INFO: Run Behavior\ParseTemplateBehavior [ RunTime:0.012001s ]
INFO: [ view_parse ] --END-- [ RunTime:0.012001s ]
INFO: [ view_filter ] --START--
INFO: Run Behavior\WriteHtmlCacheBehavior [ RunTime:0.000000s ]
INFO: [ view_filter ] --END-- [ RunTime:0.000000s ]
INFO: [ app_end ] --START--
INFO: Run Behavior\ShowPageTraceBehavior [ RunTime:0.000000s ]
INFO: [ app_end ] --END-- [ RunTime:0.001000s ]

[ 2017-04-01T09:18:42+08:00 ] 127.0.0.1 /index.php/Admin/Activity/activityType.html
INFO: [ app_init ] --START--
INFO: Run Behavior\BuildLiteBehavior [ RunTime:0.000000s ]
INFO: [ app_init ] --END-- [ RunTime:0.001000s ]
INFO: [ app_begin ] --START--
INFO: Run Behavior\ReadHtmlCacheBehavior [ RunTime:0.000000s ]
INFO: [ app_begin ] --END-- [ RunTime:0.000000s ]
SQL: SHOW COLUMNS FROM `dxyh_auth_group_access` [ RunTime:0.2770s ]
SQL: SELECT `aid`,`group_id`,`title`,`rules` FROM dxyh_auth_group_access a INNER JOIN dxyh_auth_group g on a.group_id=g.id  WHERE ( a.aid='1' and g.status='1' )  [ RunTime:0.2090s ]
SQL: SHOW COLUMNS FROM `dxyh_auth_rule` [ RunTime:0.0710s ]
SQL: SELECT `condition`,`name` FROM `dxyh_auth_rule` WHERE `id` IN ('19','20','21','22','23','24','25','26','27','28','29','30','31','32','33','34','39','40','41','42','35','36','37','38','1','6','7','8') AND `type` = 1 AND `status` = 1  [ RunTime:0.1080s ]
INFO: [ view_parse ] --START--
INFO: [ template_filter ] --START--
INFO: Run Behavior\ContentReplaceBehavior [ RunTime:0.000000s ]
INFO: [ template_filter ] --END-- [ RunTime:0.000000s ]
NOTIC: [8] Undefined variable: keyword D:\WWW\daxiaoyihu\Application\Runtime\Cache\Admin\fac0c939b2c174fc621140de9953a298.php 第 350 行.
NOTIC: [8] Undefined variable: rows D:\WWW\daxiaoyihu\Application\Runtime\Cache\Admin\fac0c939b2c174fc621140de9953a298.php 第 369 行.
NOTIC: [8] Undefined variable: page D:\WWW\daxiaoyihu\Application\Runtime\Cache\Admin\fac0c939b2c174fc621140de9953a298.php 第 393 行.
INFO: Run Behavior\ParseTemplateBehavior [ RunTime:0.048003s ]
INFO: [ view_parse ] --END-- [ RunTime:0.048003s ]
INFO: [ view_filter ] --START--
INFO: Run Behavior\WriteHtmlCacheBehavior [ RunTime:0.000000s ]
INFO: [ view_filter ] --END-- [ RunTime:0.000000s ]
INFO: [ app_end ] --START--
INFO: Run Behavior\ShowPageTraceBehavior [ RunTime:0.001000s ]
INFO: [ app_end ] --END-- [ RunTime:0.001000s ]

[ 2017-04-01T09:18:44+08:00 ] 127.0.0.1 /index.php/Admin/Activity/activityType.html
INFO: [ app_init ] --START--
INFO: Run Behavior\BuildLiteBehavior [ RunTime:0.000000s ]
INFO: [ app_init ] --END-- [ RunTime:0.000000s ]
INFO: [ app_begin ] --START--
INFO: Run Behavior\ReadHtmlCacheBehavior [ RunTime:0.001000s ]
INFO: [ app_begin ] --END-- [ RunTime:0.001000s ]
SQL: SHOW COLUMNS FROM `dxyh_auth_group_access` [ RunTime:0.0630s ]
SQL: SELECT `aid`,`group_id`,`title`,`rules` FROM dxyh_auth_group_access a INNER JOIN dxyh_auth_group g on a.group_id=g.id  WHERE ( a.aid='1' and g.status='1' )  [ RunTime:0.0870s ]
SQL: SHOW COLUMNS FROM `dxyh_auth_rule` [ RunTime:0.5320s ]
SQL: SELECT `condition`,`name` FROM `dxyh_auth_rule` WHERE `id` IN ('19','20','21','22','23','24','25','26','27','28','29','30','31','32','33','34','39','40','41','42','35','36','37','38','1','6','7','8') AND `type` = 1 AND `status` = 1  [ RunTime:1.2221s ]
INFO: [ view_parse ] --START--
INFO: [ template_filter ] --START--
INFO: Run Behavior\ContentReplaceBehavior [ RunTime:0.001000s ]
INFO: [ template_filter ] --END-- [ RunTime:0.001000s ]
NOTIC: [8] Undefined variable: keyword D:\WWW\daxiaoyihu\Application\Runtime\Cache\Admin\fac0c939b2c174fc621140de9953a298.php 第 350 行.
NOTIC: [8] Undefined variable: rows D:\WWW\daxiaoyihu\Application\Runtime\Cache\Admin\fac0c939b2c174fc621140de9953a298.php 第 369 行.
NOTIC: [8] Undefined variable: page D:\WWW\daxiaoyihu\Application\Runtime\Cache\Admin\fac0c939b2c174fc621140de9953a298.php 第 393 行.
INFO: Run Behavior\ParseTemplateBehavior [ RunTime:0.028002s ]
INFO: [ view_parse ] --END-- [ RunTime:0.029002s ]
INFO: [ view_filter ] --START--
INFO: Run Behavior\WriteHtmlCacheBehavior [ RunTime:0.000000s ]
INFO: [ view_filter ] --END-- [ RunTime:0.000000s ]
INFO: [ app_end ] --START--
INFO: Run Behavior\ShowPageTraceBehavior [ RunTime:0.001000s ]
INFO: [ app_end ] --END-- [ RunTime:0.001000s ]

[ 2017-04-01T09:20:46+08:00 ] 127.0.0.1 /index.php/Admin/Activity/activityType_add.html
INFO: [ app_init ] --START--
INFO: Run Behavior\BuildLiteBehavior [ RunTime:0.000000s ]
INFO: [ app_init ] --END-- [ RunTime:0.001000s ]
INFO: [ app_begin ] --START--
INFO: Run Behavior\ReadHtmlCacheBehavior [ RunTime:0.000000s ]
INFO: [ app_begin ] --END-- [ RunTime:0.000000s ]
SQL: SHOW COLUMNS FROM `dxyh_auth_group_access` [ RunTime:0.0190s ]
SQL: SELECT `aid`,`group_id`,`title`,`rules` FROM dxyh_auth_group_access a INNER JOIN dxyh_auth_group g on a.group_id=g.id  WHERE ( a.aid='1' and g.status='1' )  [ RunTime:0.0100s ]
SQL: SHOW COLUMNS FROM `dxyh_auth_rule` [ RunTime:0.0140s ]
SQL: SELECT `condition`,`name` FROM `dxyh_auth_rule` WHERE `id` IN ('19','20','21','22','23','24','25','26','27','28','29','30','31','32','33','34','39','40','41','42','35','36','37','38','1','6','7','8') AND `type` = 1 AND `status` = 1  [ RunTime:0.0100s ]
INFO: [ view_parse ] --START--
INFO: [ template_filter ] --START--
INFO: Run Behavior\ContentReplaceBehavior [ RunTime:0.000000s ]
INFO: [ template_filter ] --END-- [ RunTime:0.000000s ]
NOTIC: [8] Undefined variable: rows D:\WWW\daxiaoyihu\Application\Runtime\Cache\Admin\6c84eacb16c7835b05aa8e74caddffc0.php 第 356 行.
NOTIC: [8] Undefined variable: rows D:\WWW\daxiaoyihu\Application\Runtime\Cache\Admin\6c84eacb16c7835b05aa8e74caddffc0.php 第 360 行.
NOTIC: [8] Undefined variable: rows D:\WWW\daxiaoyihu\Application\Runtime\Cache\Admin\6c84eacb16c7835b05aa8e74caddffc0.php 第 369 行.
INFO: Run Behavior\ParseTemplateBehavior [ RunTime:0.045002s ]
INFO: [ view_parse ] --END-- [ RunTime:0.045002s ]
INFO: [ view_filter ] --START--
INFO: Run Behavior\WriteHtmlCacheBehavior [ RunTime:0.000000s ]
INFO: [ view_filter ] --END-- [ RunTime:0.000000s ]
INFO: [ app_end ] --START--
INFO: Run Behavior\ShowPageTraceBehavior [ RunTime:0.001000s ]
INFO: [ app_end ] --END-- [ RunTime:0.001000s ]

[ 2017-04-01T09:20:55+08:00 ] 127.0.0.1 /index.php/Admin/Coptic/copticType.html
INFO: [ app_init ] --START--
INFO: Run Behavior\BuildLiteBehavior [ RunTime:0.000000s ]
INFO: [ app_init ] --END-- [ RunTime:0.001000s ]
INFO: [ app_begin ] --START--
INFO: Run Behavior\ReadHtmlCacheBehavior [ RunTime:0.001000s ]
INFO: [ app_begin ] --END-- [ RunTime:0.001000s ]
SQL: SHOW COLUMNS FROM `dxyh_auth_group_access` [ RunTime:0.1190s ]
SQL: SELECT `aid`,`group_id`,`title`,`rules` FROM dxyh_auth_group_access a INNER JOIN dxyh_auth_group g on a.group_id=g.id  WHERE ( a.aid='1' and g.status='1' )  [ RunTime:0.1110s ]
SQL: SHOW COLUMNS FROM `dxyh_auth_rule` [ RunTime:0.1210s ]
SQL: SELECT `condition`,`name` FROM `dxyh_auth_rule` WHERE `id` IN ('19','20','21','22','23','24','25','26','27','28','29','30','31','32','33','34','39','40','41','42','35','36','37','38','1','6','7','8') AND `type` = 1 AND `status` = 1  [ RunTime:0.1120s ]
SQL: SHOW COLUMNS FROM `dxyh_coptic_type` [ RunTime:0.1110s ]
SQL: SELECT COUNT(*) AS tp_count FROM `dxyh_coptic_type` LIMIT 1   [ RunTime:0.1170s ]
SQL: SELECT * FROM `dxyh_coptic_type` LIMIT 0,2   [ RunTime:0.1100s ]
NOTIC: [8] Undefined index: keyword D:\WWW\daxiaoyihu\Application\Admin\Controller\CopticController.class.php 第 55 行.
INFO: [ view_parse ] --START--
INFO: [ template_filter ] --START--
INFO: Run Behavior\ContentReplaceBehavior [ RunTime:0.000000s ]
INFO: [ template_filter ] --END-- [ RunTime:0.000000s ]
INFO: Run Behavior\ParseTemplateBehavior [ RunTime:0.028001s ]
INFO: [ view_parse ] --END-- [ RunTime:0.028001s ]
INFO: [ view_filter ] --START--
INFO: Run Behavior\WriteHtmlCacheBehavior [ RunTime:0.000000s ]
INFO: [ view_filter ] --END-- [ RunTime:0.000000s ]
INFO: [ app_end ] --START--
INFO: Run Behavior\ShowPageTraceBehavior [ RunTime:0.001000s ]
INFO: [ app_end ] --END-- [ RunTime:0.001000s ]

[ 2017-04-01T09:20:58+08:00 ] 127.0.0.1 /index.php/Admin/Coptic/copticType.html
INFO: [ app_init ] --START--
INFO: Run Behavior\BuildLiteBehavior [ RunTime:0.000000s ]
INFO: [ app_init ] --END-- [ RunTime:0.000000s ]
INFO: [ app_begin ] --START--
INFO: Run Behavior\ReadHtmlCacheBehavior [ RunTime:0.000000s ]
INFO: [ app_begin ] --END-- [ RunTime:0.000000s ]
SQL: SHOW COLUMNS FROM `dxyh_auth_group_access` [ RunTime:0.1150s ]
SQL: SELECT `aid`,`group_id`,`title`,`rules` FROM dxyh_auth_group_access a INNER JOIN dxyh_auth_group g on a.group_id=g.id  WHERE ( a.aid='1' and g.status='1' )  [ RunTime:0.1130s ]
SQL: SHOW COLUMNS FROM `dxyh_auth_rule` [ RunTime:0.1120s ]
SQL: SELECT `condition`,`name` FROM `dxyh_auth_rule` WHERE `id` IN ('19','20','21','22','23','24','25','26','27','28','29','30','31','32','33','34','39','40','41','42','35','36','37','38','1','6','7','8') AND `type` = 1 AND `status` = 1  [ RunTime:0.1150s ]
SQL: SHOW COLUMNS FROM `dxyh_coptic_type` [ RunTime:0.1210s ]
SQL: SELECT COUNT(*) AS tp_count FROM `dxyh_coptic_type` LIMIT 1   [ RunTime:0.1160s ]
SQL: SELECT * FROM `dxyh_coptic_type` LIMIT 0,2   [ RunTime:0.1130s ]
NOTIC: [8] Undefined index: keyword D:\WWW\daxiaoyihu\Application\Admin\Controller\CopticController.class.php 第 55 行.
INFO: [ view_parse ] --START--
INFO: [ template_filter ] --START--
INFO: Run Behavior\ContentReplaceBehavior [ RunTime:0.000000s ]
INFO: [ template_filter ] --END-- [ RunTime:0.000000s ]
INFO: Run Behavior\ParseTemplateBehavior [ RunTime:0.026002s ]
INFO: [ view_parse ] --END-- [ RunTime:0.026002s ]
INFO: [ view_filter ] --START--
INFO: Run Behavior\WriteHtmlCacheBehavior [ RunTime:0.000000s ]
INFO: [ view_filter ] --END-- [ RunTime:0.000000s ]
INFO: [ app_end ] --START--
INFO: Run Behavior\ShowPageTraceBehavior [ RunTime:0.001000s ]
INFO: [ app_end ] --END-- [ RunTime:0.001000s ]

[ 2017-04-01T09:21:14+08:00 ] 127.0.0.1 /index.php/Admin/Coptic/index.html
INFO: [ app_init ] --START--
INFO: Run Behavior\BuildLiteBehavior [ RunTime:0.000000s ]
INFO: [ app_init ] --END-- [ RunTime:0.000000s ]
INFO: [ app_begin ] --START--
INFO: Run Behavior\ReadHtmlCacheBehavior [ RunTime:0.000000s ]
INFO: [ app_begin ] --END-- [ RunTime:0.000000s ]
SQL: SHOW COLUMNS FROM `dxyh_auth_group_access` [ RunTime:0.1120s ]
SQL: SELECT `aid`,`group_id`,`title`,`rules` FROM dxyh_auth_group_access a INNER JOIN dxyh_auth_group g on a.group_id=g.id  WHERE ( a.aid='1' and g.status='1' )  [ RunTime:0.1110s ]
SQL: SHOW COLUMNS FROM `dxyh_auth_rule` [ RunTime:0.1120s ]
SQL: SELECT `condition`,`name` FROM `dxyh_auth_rule` WHERE `id` IN ('19','20','21','22','23','24','25','26','27','28','29','30','31','32','33','34','39','40','41','42','35','36','37','38','1','6','7','8') AND `type` = 1 AND `status` = 1  [ RunTime:0.1120s ]
INFO: [ view_parse ] --START--
INFO: [ template_filter ] --START--
INFO: Run Behavior\ContentReplaceBehavior [ RunTime:0.001000s ]
INFO: [ template_filter ] --END-- [ RunTime:0.001000s ]
NOTIC: [8] Undefined variable: auth D:\WWW\daxiaoyihu\Application\Runtime\Cache\Admin\69a1588df9daa66cb22e64b5b0747a70.php 第 353 行.
NOTIC: [8] Undefined variable: vo D:\WWW\daxiaoyihu\Application\Runtime\Cache\Admin\69a1588df9daa66cb22e64b5b0747a70.php 第 358 行.
NOTIC: [8] Undefined variable: authId D:\WWW\daxiaoyihu\Application\Runtime\Cache\Admin\69a1588df9daa66cb22e64b5b0747a70.php 第 358 行.
NOTIC: [8] Undefined variable: vo D:\WWW\daxiaoyihu\Application\Runtime\Cache\Admin\69a1588df9daa66cb22e64b5b0747a70.php 第 358 行.
NOTIC: [8] Undefined variable: vo D:\WWW\daxiaoyihu\Application\Runtime\Cache\Admin\69a1588df9daa66cb22e64b5b0747a70.php 第 359 行.
NOTIC: [8] Undefined variable: authId D:\WWW\daxiaoyihu\Application\Runtime\Cache\Admin\69a1588df9daa66cb22e64b5b0747a70.php 第 359 行.
NOTIC: [8] Undefined variable: vo D:\WWW\daxiaoyihu\Application\Runtime\Cache\Admin\69a1588df9daa66cb22e64b5b0747a70.php 第 359 行.
NOTIC: [8] Undefined variable: keyword D:\WWW\daxiaoyihu\Application\Runtime\Cache\Admin\69a1588df9daa66cb22e64b5b0747a70.php 第 362 行.
NOTIC: [8] Undefined variable: rows D:\WWW\daxiaoyihu\Application\Runtime\Cache\Admin\69a1588df9daa66cb22e64b5b0747a70.php 第 387 行.
NOTIC: [8] Undefined variable: page D:\WWW\daxiaoyihu\Application\Runtime\Cache\Admin\69a1588df9daa66cb22e64b5b0747a70.php 第 429 行.
INFO: Run Behavior\ParseTemplateBehavior [ RunTime:0.029002s ]
INFO: [ view_parse ] --END-- [ RunTime:0.029002s ]
INFO: [ view_filter ] --START--
INFO: Run Behavior\WriteHtmlCacheBehavior [ RunTime:0.000000s ]
INFO: [ view_filter ] --END-- [ RunTime:0.000000s ]
INFO: [ app_end ] --START--
INFO: Run Behavior\ShowPageTraceBehavior [ RunTime:0.001000s ]
INFO: [ app_end ] --END-- [ RunTime:0.001000s ]

[ 2017-04-01T09:21:15+08:00 ] 127.0.0.1 /index.php/Admin/Coptic/index.html
INFO: [ app_init ] --START--
INFO: Run Behavior\BuildLiteBehavior [ RunTime:0.000000s ]
INFO: [ app_init ] --END-- [ RunTime:0.000000s ]
INFO: [ app_begin ] --START--
INFO: Run Behavior\ReadHtmlCacheBehavior [ RunTime:0.000000s ]
INFO: [ app_begin ] --END-- [ RunTime:0.000000s ]
SQL: SHOW COLUMNS FROM `dxyh_auth_group_access` [ RunTime:0.1180s ]
SQL: SELECT `aid`,`group_id`,`title`,`rules` FROM dxyh_auth_group_access a INNER JOIN dxyh_auth_group g on a.group_id=g.id  WHERE ( a.aid='1' and g.status='1' )  [ RunTime:0.1100s ]
SQL: SHOW COLUMNS FROM `dxyh_auth_rule` [ RunTime:0.1110s ]
SQL: SELECT `condition`,`name` FROM `dxyh_auth_rule` WHERE `id` IN ('19','20','21','22','23','24','25','26','27','28','29','30','31','32','33','34','39','40','41','42','35','36','37','38','1','6','7','8') AND `type` = 1 AND `status` = 1  [ RunTime:0.6180s ]
INFO: [ view_parse ] --START--
INFO: [ template_filter ] --START--
INFO: Run Behavior\ContentReplaceBehavior [ RunTime:0.001000s ]
INFO: [ template_filter ] --END-- [ RunTime:0.001000s ]
NOTIC: [8] Undefined variable: auth D:\WWW\daxiaoyihu\Application\Runtime\Cache\Admin\69a1588df9daa66cb22e64b5b0747a70.php 第 353 行.
NOTIC: [8] Undefined variable: vo D:\WWW\daxiaoyihu\Application\Runtime\Cache\Admin\69a1588df9daa66cb22e64b5b0747a70.php 第 358 行.
NOTIC: [8] Undefined variable: authId D:\WWW\daxiaoyihu\Application\Runtime\Cache\Admin\69a1588df9daa66cb22e64b5b0747a70.php 第 358 行.
NOTIC: [8] Undefined variable: vo D:\WWW\daxiaoyihu\Application\Runtime\Cache\Admin\69a1588df9daa66cb22e64b5b0747a70.php 第 358 行.
NOTIC: [8] Undefined variable: vo D:\WWW\daxiaoyihu\Application\Runtime\Cache\Admin\69a1588df9daa66cb22e64b5b0747a70.php 第 359 行.
NOTIC: [8] Undefined variable: authId D:\WWW\daxiaoyihu\Application\Runtime\Cache\Admin\69a1588df9daa66cb22e64b5b0747a70.php 第 359 行.
NOTIC: [8] Undefined variable: vo D:\WWW\daxiaoyihu\Application\Runtime\Cache\Admin\69a1588df9daa66cb22e64b5b0747a70.php 第 359 行.
NOTIC: [8] Undefined variable: keyword D:\WWW\daxiaoyihu\Application\Runtime\Cache\Admin\69a1588df9daa66cb22e64b5b0747a70.php 第 362 行.
NOTIC: [8] Undefined variable: rows D:\WWW\daxiaoyihu\Application\Runtime\Cache\Admin\69a1588df9daa66cb22e64b5b0747a70.php 第 387 行.
NOTIC: [8] Undefined variable: page D:\WWW\daxiaoyihu\Application\Runtime\Cache\Admin\69a1588df9daa66cb22e64b5b0747a70.php 第 429 行.
INFO: Run Behavior\ParseTemplateBehavior [ RunTime:0.017001s ]
INFO: [ view_parse ] --END-- [ RunTime:0.017001s ]
INFO: [ view_filter ] --START--
INFO: Run Behavior\WriteHtmlCacheBehavior [ RunTime:0.001000s ]
INFO: [ view_filter ] --END-- [ RunTime:0.001000s ]
INFO: [ app_end ] --START--
INFO: Run Behavior\ShowPageTraceBehavior [ RunTime:0.001000s ]
INFO: [ app_end ] --END-- [ RunTime:0.001000s ]

[ 2017-04-01T09:21:20+08:00 ] 127.0.0.1 /index.php/Admin/Coptic/add.html
INFO: [ app_init ] --START--
INFO: Run Behavior\BuildLiteBehavior [ RunTime:0.000000s ]
INFO: [ app_init ] --END-- [ RunTime:0.000000s ]
INFO: [ app_begin ] --START--
INFO: Run Behavior\ReadHtmlCacheBehavior [ RunTime:0.000000s ]
INFO: [ app_begin ] --END-- [ RunTime:0.000000s ]
SQL: SHOW COLUMNS FROM `dxyh_auth_group_access` [ RunTime:0.0170s ]
SQL: SELECT `aid`,`group_id`,`title`,`rules` FROM dxyh_auth_group_access a INNER JOIN dxyh_auth_group g on a.group_id=g.id  WHERE ( a.aid='1' and g.status='1' )  [ RunTime:0.0110s ]
SQL: SHOW COLUMNS FROM `dxyh_auth_rule` [ RunTime:0.0150s ]
SQL: SELECT `condition`,`name` FROM `dxyh_auth_rule` WHERE `id` IN ('19','20','21','22','23','24','25','26','27','28','29','30','31','32','33','34','39','40','41','42','35','36','37','38','1','6','7','8') AND `type` = 1 AND `status` = 1  [ RunTime:0.0240s ]
INFO: [ view_parse ] --START--
INFO: [ template_filter ] --START--
INFO: Run Behavior\ContentReplaceBehavior [ RunTime:0.000000s ]
INFO: [ template_filter ] --END-- [ RunTime:0.000000s ]
NOTIC: [8] Undefined variable: rows D:\WWW\daxiaoyihu\Application\Runtime\Cache\Admin\925cbf0e3572b7d1b2254a31262467a6.php 第 356 行.
NOTIC: [8] Undefined variable: rows D:\WWW\daxiaoyihu\Application\Runtime\Cache\Admin\925cbf0e3572b7d1b2254a31262467a6.php 第 371 行.
NOTIC: [8] Undefined variable: rows D:\WWW\daxiaoyihu\Application\Runtime\Cache\Admin\925cbf0e3572b7d1b2254a31262467a6.php 第 382 行.
NOTIC: [8] Undefined variable: rows D:\WWW\daxiaoyihu\Application\Runtime\Cache\Admin\925cbf0e3572b7d1b2254a31262467a6.php 第 395 行.
NOTIC: [8] Undefined variable: content D:\WWW\daxiaoyihu\Application\Runtime\Cache\Admin\925cbf0e3572b7d1b2254a31262467a6.php 第 404 行.
NOTIC: [8] Undefined variable: rows D:\WWW\daxiaoyihu\Application\Runtime\Cache\Admin\925cbf0e3572b7d1b2254a31262467a6.php 第 413 行.
NOTIC: [8] Undefined variable: rows D:\WWW\daxiaoyihu\Application\Runtime\Cache\Admin\925cbf0e3572b7d1b2254a31262467a6.php 第 422 行.
NOTIC: [8] Undefined variable: rows D:\WWW\daxiaoyihu\Application\Runtime\Cache\Admin\925cbf0e3572b7d1b2254a31262467a6.php 第 431 行.
NOTIC: [8] Undefined variable: rows D:\WWW\daxiaoyihu\Application\Runtime\Cache\Admin\925cbf0e3572b7d1b2254a31262467a6.php 第 440 行.
NOTIC: [8] Undefined variable: rows D:\WWW\daxiaoyihu\Application\Runtime\Cache\Admin\925cbf0e3572b7d1b2254a31262467a6.php 第 449 行.
NOTIC: [8] Undefined variable: rows D:\WWW\daxiaoyihu\Application\Runtime\Cache\Admin\925cbf0e3572b7d1b2254a31262467a6.php 第 450 行.
INFO: Run Behavior\ParseTemplateBehavior [ RunTime:0.023001s ]
INFO: [ view_parse ] --END-- [ RunTime:0.023001s ]
INFO: [ view_filter ] --START--
INFO: Run Behavior\WriteHtmlCacheBehavior [ RunTime:0.000000s ]
INFO: [ view_filter ] --END-- [ RunTime:0.000000s ]
INFO: [ app_end ] --START--
INFO: Run Behavior\ShowPageTraceBehavior [ RunTime:0.001000s ]
INFO: [ app_end ] --END-- [ RunTime:0.001000s ]

[ 2017-04-01T09:25:59+08:00 ] 127.0.0.1 /index.php/Admin/Coptic/add.html
INFO: [ app_init ] --START--
INFO: Run Behavior\BuildLiteBehavior [ RunTime:0.000000s ]
INFO: [ app_init ] --END-- [ RunTime:0.001000s ]
INFO: [ app_begin ] --START--
INFO: Run Behavior\ReadHtmlCacheBehavior [ RunTime:0.001000s ]
INFO: [ app_begin ] --END-- [ RunTime:0.001000s ]
SQL: SHOW COLUMNS FROM `dxyh_auth_group_access` [ RunTime:0.1170s ]
SQL: SELECT `aid`,`group_id`,`title`,`rules` FROM dxyh_auth_group_access a INNER JOIN dxyh_auth_group g on a.group_id=g.id  WHERE ( a.aid='1' and g.status='1' )  [ RunTime:0.6130s ]
SQL: SHOW COLUMNS FROM `dxyh_auth_rule` [ RunTime:0.1190s ]
SQL: SELECT `condition`,`name` FROM `dxyh_auth_rule` WHERE `id` IN ('19','20','21','22','23','24','25','26','27','28','29','30','31','32','33','34','39','40','41','42','35','36','37','38','1','6','7','8') AND `type` = 1 AND `status` = 1  [ RunTime:0.1110s ]
INFO: [ view_parse ] --START--
INFO: [ template_filter ] --START--
INFO: Run Behavior\ContentReplaceBehavior [ RunTime:0.000000s ]
INFO: [ template_filter ] --END-- [ RunTime:0.001001s ]
NOTIC: [8] Undefined variable: rows D:\WWW\daxiaoyihu\Application\Runtime\Cache\Admin\925cbf0e3572b7d1b2254a31262467a6.php 第 356 行.
NOTIC: [8] Undefined variable: rows D:\WWW\daxiaoyihu\Application\Runtime\Cache\Admin\925cbf0e3572b7d1b2254a31262467a6.php 第 362 行.
NOTIC: [8] Undefined variable: rows D:\WWW\daxiaoyihu\Application\Runtime\Cache\Admin\925cbf0e3572b7d1b2254a31262467a6.php 第 372 行.
NOTIC: [8] Undefined variable: rows D:\WWW\daxiaoyihu\Application\Runtime\Cache\Admin\925cbf0e3572b7d1b2254a31262467a6.php 第 383 行.
NOTIC: [8] Undefined variable: rows D:\WWW\daxiaoyihu\Application\Runtime\Cache\Admin\925cbf0e3572b7d1b2254a31262467a6.php 第 396 行.
NOTIC: [8] Undefined variable: content D:\WWW\daxiaoyihu\Application\Runtime\Cache\Admin\925cbf0e3572b7d1b2254a31262467a6.php 第 405 行.
NOTIC: [8] Undefined variable: rows D:\WWW\daxiaoyihu\Application\Runtime\Cache\Admin\925cbf0e3572b7d1b2254a31262467a6.php 第 414 行.
NOTIC: [8] Undefined variable: rows D:\WWW\daxiaoyihu\Application\Runtime\Cache\Admin\925cbf0e3572b7d1b2254a31262467a6.php 第 423 行.
NOTIC: [8] Undefined variable: rows D:\WWW\daxiaoyihu\Application\Runtime\Cache\Admin\925cbf0e3572b7d1b2254a31262467a6.php 第 432 行.
NOTIC: [8] Undefined variable: rows D:\WWW\daxiaoyihu\Application\Runtime\Cache\Admin\925cbf0e3572b7d1b2254a31262467a6.php 第 441 行.
NOTIC: [8] Undefined variable: rows D:\WWW\daxiaoyihu\Application\Runtime\Cache\Admin\925cbf0e3572b7d1b2254a31262467a6.php 第 450 行.
NOTIC: [8] Undefined variable: rows D:\WWW\daxiaoyihu\Application\Runtime\Cache\Admin\925cbf0e3572b7d1b2254a31262467a6.php 第 451 行.
INFO: Run Behavior\ParseTemplateBehavior [ RunTime:0.029002s ]
INFO: [ view_parse ] --END-- [ RunTime:0.029002s ]
INFO: [ view_filter ] --START--
INFO: Run Behavior\WriteHtmlCacheBehavior [ RunTime:0.000000s ]
INFO: [ view_filter ] --END-- [ RunTime:0.000000s ]
INFO: [ app_end ] --START--
INFO: Run Behavior\ShowPageTraceBehavior [ RunTime:0.001000s ]
INFO: [ app_end ] --END-- [ RunTime:0.001000s ]

[ 2017-04-01T09:28:32+08:00 ] 127.0.0.1 /index.php/Admin/Coptic/add.html
INFO: [ app_init ] --START--
INFO: Run Behavior\BuildLiteBehavior [ RunTime:0.000000s ]
INFO: [ app_init ] --END-- [ RunTime:0.000000s ]
INFO: [ app_begin ] --START--
INFO: Run Behavior\ReadHtmlCacheBehavior [ RunTime:0.001000s ]
INFO: [ app_begin ] --END-- [ RunTime:0.001000s ]
SQL: SHOW COLUMNS FROM `dxyh_auth_group_access` [ RunTime:0.0130s ]
SQL: SELECT `aid`,`group_id`,`title`,`rules` FROM dxyh_auth_group_access a INNER JOIN dxyh_auth_group g on a.group_id=g.id  WHERE ( a.aid='1' and g.status='1' )  [ RunTime:0.0110s ]
SQL: SHOW COLUMNS FROM `dxyh_auth_rule` [ RunTime:0.0130s ]
SQL: SELECT `condition`,`name` FROM `dxyh_auth_rule` WHERE `id` IN ('19','20','21','22','23','24','25','26','27','28','29','30','31','32','33','34','39','40','41','42','35','36','37','38','1','6','7','8') AND `type` = 1 AND `status` = 1  [ RunTime:0.0100s ]
SQL: SHOW COLUMNS FROM `dxyh_coptic_type` [ RunTime:0.0130s ]
SQL: SELECT * FROM `dxyh_coptic_type` LIMIT 1   [ RunTime:0.0130s ]
INFO: [ view_parse ] --START--
INFO: [ template_filter ] --START--
INFO: Run Behavior\ContentReplaceBehavior [ RunTime:0.000000s ]
INFO: [ template_filter ] --END-- [ RunTime:0.000000s ]
NOTIC: [8] Undefined variable: rows D:\WWW\daxiaoyihu\Application\Runtime\Cache\Admin\925cbf0e3572b7d1b2254a31262467a6.php 第 356 行.
NOTIC: [2] Illegal string offset 'id' D:\WWW\daxiaoyihu\Application\Runtime\Cache\Admin\925cbf0e3572b7d1b2254a31262467a6.php 第 362 行.
NOTIC: [2] Illegal string offset 'category_name' D:\WWW\daxiaoyihu\Application\Runtime\Cache\Admin\925cbf0e3572b7d1b2254a31262467a6.php 第 362 行.
NOTIC: [2] Illegal string offset 'id' D:\WWW\daxiaoyihu\Application\Runtime\Cache\Admin\925cbf0e3572b7d1b2254a31262467a6.php 第 362 行.
NOTIC: [2] Illegal string offset 'category_name' D:\WWW\daxiaoyihu\Application\Runtime\Cache\Admin\925cbf0e3572b7d1b2254a31262467a6.php 第 362 行.
NOTIC: [2] Illegal string offset 'id' D:\WWW\daxiaoyihu\Application\Runtime\Cache\Admin\925cbf0e3572b7d1b2254a31262467a6.php 第 362 行.
NOTIC: [2] Illegal string offset 'category_name' D:\WWW\daxiaoyihu\Application\Runtime\Cache\Admin\925cbf0e3572b7d1b2254a31262467a6.php 第 362 行.
NOTIC: [2] Illegal string offset 'id' D:\WWW\daxiaoyihu\Application\Runtime\Cache\Admin\925cbf0e3572b7d1b2254a31262467a6.php 第 362 行.
NOTIC: [2] Illegal string offset 'category_name' D:\WWW\daxiaoyihu\Application\Runtime\Cache\Admin\925cbf0e3572b7d1b2254a31262467a6.php 第 362 行.
NOTIC: [2] Illegal string offset 'id' D:\WWW\daxiaoyihu\Application\Runtime\Cache\Admin\925cbf0e3572b7d1b2254a31262467a6.php 第 362 行.
NOTIC: [2] Illegal string offset 'category_name' D:\WWW\daxiaoyihu\Application\Runtime\Cache\Admin\925cbf0e3572b7d1b2254a31262467a6.php 第 362 行.
NOTIC: [2] Illegal string offset 'id' D:\WWW\daxiaoyihu\Application\Runtime\Cache\Admin\925cbf0e3572b7d1b2254a31262467a6.php 第 362 行.
NOTIC: [2] Illegal string offset 'category_name' D:\WWW\daxiaoyihu\Application\Runtime\Cache\Admin\925cbf0e3572b7d1b2254a31262467a6.php 第 362 行.
NOTIC: [8] Undefined variable: rows D:\WWW\daxiaoyihu\Application\Runtime\Cache\Admin\925cbf0e3572b7d1b2254a31262467a6.php 第 372 行.
NOTIC: [8] Undefined variable: rows D:\WWW\daxiaoyihu\Application\Runtime\Cache\Admin\925cbf0e3572b7d1b2254a31262467a6.php 第 383 行.
NOTIC: [8] Undefined variable: rows D:\WWW\daxiaoyihu\Application\Runtime\Cache\Admin\925cbf0e3572b7d1b2254a31262467a6.php 第 396 行.
NOTIC: [8] Undefined variable: content D:\WWW\daxiaoyihu\Application\Runtime\Cache\Admin\925cbf0e3572b7d1b2254a31262467a6.php 第 405 行.
NOTIC: [8] Undefined variable: rows D:\WWW\daxiaoyihu\Application\Runtime\Cache\Admin\925cbf0e3572b7d1b2254a31262467a6.php 第 414 行.
NOTIC: [8] Undefined variable: rows D:\WWW\daxiaoyihu\Application\Runtime\Cache\Admin\925cbf0e3572b7d1b2254a31262467a6.php 第 423 行.
NOTIC: [8] Undefined variable: rows D:\WWW\daxiaoyihu\Application\Runtime\Cache\Admin\925cbf0e3572b7d1b2254a31262467a6.php 第 432 行.
NOTIC: [8] Undefined variable: rows D:\WWW\daxiaoyihu\Application\Runtime\Cache\Admin\925cbf0e3572b7d1b2254a31262467a6.php 第 441 行.
NOTIC: [8] Undefined variable: rows D:\WWW\daxiaoyihu\Application\Runtime\Cache\Admin\925cbf0e3572b7d1b2254a31262467a6.php 第 450 行.
NOTIC: [8] Undefined variable: rows D:\WWW\daxiaoyihu\Application\Runtime\Cache\Admin\925cbf0e3572b7d1b2254a31262467a6.php 第 451 行.
INFO: Run Behavior\ParseTemplateBehavior [ RunTime:0.041002s ]
INFO: [ view_parse ] --END-- [ RunTime:0.041002s ]
INFO: [ view_filter ] --START--
INFO: Run Behavior\WriteHtmlCacheBehavior [ RunTime:0.000000s ]
INFO: [ view_filter ] --END-- [ RunTime:0.000000s ]
INFO: [ app_end ] --START--
INFO: Run Behavior\ShowPageTraceBehavior [ RunTime:0.001000s ]
INFO: [ app_end ] --END-- [ RunTime:0.001000s ]

[ 2017-04-01T09:30:00+08:00 ] 127.0.0.1 /index.php/Admin/Coptic/add.html
INFO: [ app_init ] --START--
INFO: Run Behavior\BuildLiteBehavior [ RunTime:0.000000s ]
INFO: [ app_init ] --END-- [ RunTime:0.000000s ]
INFO: [ app_begin ] --START--
INFO: Run Behavior\ReadHtmlCacheBehavior [ RunTime:0.000000s ]
INFO: [ app_begin ] --END-- [ RunTime:0.000000s ]
SQL: SHOW COLUMNS FROM `dxyh_auth_group_access` [ RunTime:0.6210s ]
SQL: SELECT `aid`,`group_id`,`title`,`rules` FROM dxyh_auth_group_access a INNER JOIN dxyh_auth_group g on a.group_id=g.id  WHERE ( a.aid='1' and g.status='1' )  [ RunTime:0.1520s ]
SQL: SHOW COLUMNS FROM `dxyh_auth_rule` [ RunTime:4.0082s ]
SQL: SELECT `condition`,`name` FROM `dxyh_auth_rule` WHERE `id` IN ('19','20','21','22','23','24','25','26','27','28','29','30','31','32','33','34','39','40','41','42','35','36','37','38','1','6','7','8') AND `type` = 1 AND `status` = 1  [ RunTime:0.1250s ]
SQL: SHOW COLUMNS FROM `dxyh_coptic_type` [ RunTime:0.1130s ]
SQL: SELECT * FROM `dxyh_coptic_type` LIMIT 1   [ RunTime:0.6080s ]
INFO: [ view_parse ] --START--
INFO: [ template_filter ] --START--
INFO: Run Behavior\ContentReplaceBehavior [ RunTime:0.000000s ]
INFO: [ template_filter ] --END-- [ RunTime:0.000000s ]
NOTIC: [8] Undefined variable: rows D:\WWW\daxiaoyihu\Application\Runtime\Cache\Admin\925cbf0e3572b7d1b2254a31262467a6.php 第 356 行.
NOTIC: [2] Illegal string offset 'id' D:\WWW\daxiaoyihu\Application\Runtime\Cache\Admin\925cbf0e3572b7d1b2254a31262467a6.php 第 362 行.
NOTIC: [2] Illegal string offset 'category_name' D:\WWW\daxiaoyihu\Application\Runtime\Cache\Admin\925cbf0e3572b7d1b2254a31262467a6.php 第 362 行.
NOTIC: [2] Illegal string offset 'id' D:\WWW\daxiaoyihu\Application\Runtime\Cache\Admin\925cbf0e3572b7d1b2254a31262467a6.php 第 362 行.
NOTIC: [2] Illegal string offset 'category_name' D:\WWW\daxiaoyihu\Application\Runtime\Cache\Admin\925cbf0e3572b7d1b2254a31262467a6.php 第 362 行.
NOTIC: [2] Illegal string offset 'id' D:\WWW\daxiaoyihu\Application\Runtime\Cache\Admin\925cbf0e3572b7d1b2254a31262467a6.php 第 362 行.
NOTIC: [2] Illegal string offset 'category_name' D:\WWW\daxiaoyihu\Application\Runtime\Cache\Admin\925cbf0e3572b7d1b2254a31262467a6.php 第 362 行.
NOTIC: [2] Illegal string offset 'id' D:\WWW\daxiaoyihu\Application\Runtime\Cache\Admin\925cbf0e3572b7d1b2254a31262467a6.php 第 362 行.
NOTIC: [2] Illegal string offset 'category_name' D:\WWW\daxiaoyihu\Application\Runtime\Cache\Admin\925cbf0e3572b7d1b2254a31262467a6.php 第 362 行.
NOTIC: [2] Illegal string offset 'id' D:\WWW\daxiaoyihu\Application\Runtime\Cache\Admin\925cbf0e3572b7d1b2254a31262467a6.php 第 362 行.
NOTIC: [2] Illegal string offset 'category_name' D:\WWW\daxiaoyihu\Application\Runtime\Cache\Admin\925cbf0e3572b7d1b2254a31262467a6.php 第 362 行.
NOTIC: [2] Illegal string offset 'id' D:\WWW\daxiaoyihu\Application\Runtime\Cache\Admin\925cbf0e3572b7d1b2254a31262467a6.php 第 362 行.
NOTIC: [2] Illegal string offset 'category_name' D:\WWW\daxiaoyihu\Application\Runtime\Cache\Admin\925cbf0e3572b7d1b2254a31262467a6.php 第 362 行.
NOTIC: [8] Undefined variable: rows D:\WWW\daxiaoyihu\Application\Runtime\Cache\Admin\925cbf0e3572b7d1b2254a31262467a6.php 第 372 行.
NOTIC: [8] Undefined variable: rows D:\WWW\daxiaoyihu\Application\Runtime\Cache\Admin\925cbf0e3572b7d1b2254a31262467a6.php 第 383 行.
NOTIC: [8] Undefined variable: rows D:\WWW\daxiaoyihu\Application\Runtime\Cache\Admin\925cbf0e3572b7d1b2254a31262467a6.php 第 396 行.
NOTIC: [8] Undefined variable: content D:\WWW\daxiaoyihu\Application\Runtime\Cache\Admin\925cbf0e3572b7d1b2254a31262467a6.php 第 405 行.
NOTIC: [8] Undefined variable: rows D:\WWW\daxiaoyihu\Application\Runtime\Cache\Admin\925cbf0e3572b7d1b2254a31262467a6.php 第 414 行.
NOTIC: [8] Undefined variable: rows D:\WWW\daxiaoyihu\Application\Runtime\Cache\Admin\925cbf0e3572b7d1b2254a31262467a6.php 第 423 行.
NOTIC: [8] Undefined variable: rows D:\WWW\daxiaoyihu\Application\Runtime\Cache\Admin\925cbf0e3572b7d1b2254a31262467a6.php 第 432 行.
NOTIC: [8] Undefined variable: rows D:\WWW\daxiaoyihu\Application\Runtime\Cache\Admin\925cbf0e3572b7d1b2254a31262467a6.php 第 441 行.
NOTIC: [8] Undefined variable: rows D:\WWW\daxiaoyihu\Application\Runtime\Cache\Admin\925cbf0e3572b7d1b2254a31262467a6.php 第 450 行.
NOTIC: [8] Undefined variable: rows D:\WWW\daxiaoyihu\Application\Runtime\Cache\Admin\925cbf0e3572b7d1b2254a31262467a6.php 第 451 行.
INFO: Run Behavior\ParseTemplateBehavior [ RunTime:0.008000s ]
INFO: [ view_parse ] --END-- [ RunTime:0.008000s ]
INFO: [ view_filter ] --START--
INFO: Run Behavior\WriteHtmlCacheBehavior [ RunTime:0.000000s ]
INFO: [ view_filter ] --END-- [ RunTime:0.000000s ]
INFO: [ app_end ] --START--
INFO: Run Behavior\ShowPageTraceBehavior [ RunTime:0.001000s ]
INFO: [ app_end ] --END-- [ RunTime:0.001000s ]

[ 2017-04-01T09:30:59+08:00 ] 127.0.0.1 /index.php/Admin/Coptic/add.html
INFO: [ app_init ] --START--
INFO: Run Behavior\BuildLiteBehavior [ RunTime:0.000000s ]
INFO: [ app_init ] --END-- [ RunTime:0.000000s ]
INFO: [ app_begin ] --START--
INFO: Run Behavior\ReadHtmlCacheBehavior [ RunTime:0.000000s ]
INFO: [ app_begin ] --END-- [ RunTime:0.000000s ]
SQL: SHOW COLUMNS FROM `dxyh_auth_group_access` [ RunTime:0.0100s ]
SQL: SELECT `aid`,`group_id`,`title`,`rules` FROM dxyh_auth_group_access a INNER JOIN dxyh_auth_group g on a.group_id=g.id  WHERE ( a.aid='1' and g.status='1' )  [ RunTime:0.0100s ]
SQL: SHOW COLUMNS FROM `dxyh_auth_rule` [ RunTime:0.0120s ]
SQL: SELECT `condition`,`name` FROM `dxyh_auth_rule` WHERE `id` IN ('19','20','21','22','23','24','25','26','27','28','29','30','31','32','33','34','39','40','41','42','35','36','37','38','1','6','7','8') AND `type` = 1 AND `status` = 1  [ RunTime:0.0110s ]
SQL: SHOW COLUMNS FROM `dxyh_coptic_type` [ RunTime:0.0110s ]
SQL: SELECT `id`,`category_name` FROM `dxyh_coptic_type` LIMIT 1   [ RunTime:0.0110s ]
INFO: [ view_parse ] --START--
INFO: [ template_filter ] --START--
INFO: Run Behavior\ContentReplaceBehavior [ RunTime:0.000000s ]
INFO: [ template_filter ] --END-- [ RunTime:0.000000s ]
NOTIC: [8] Undefined variable: rows D:\WWW\daxiaoyihu\Application\Runtime\Cache\Admin\925cbf0e3572b7d1b2254a31262467a6.php 第 356 行.
NOTIC: [2] Illegal string offset 'id' D:\WWW\daxiaoyihu\Application\Runtime\Cache\Admin\925cbf0e3572b7d1b2254a31262467a6.php 第 362 行.
NOTIC: [2] Illegal string offset 'category_name' D:\WWW\daxiaoyihu\Application\Runtime\Cache\Admin\925cbf0e3572b7d1b2254a31262467a6.php 第 362 行.
NOTIC: [2] Illegal string offset 'id' D:\WWW\daxiaoyihu\Application\Runtime\Cache\Admin\925cbf0e3572b7d1b2254a31262467a6.php 第 362 行.
NOTIC: [2] Illegal string offset 'category_name' D:\WWW\daxiaoyihu\Application\Runtime\Cache\Admin\925cbf0e3572b7d1b2254a31262467a6.php 第 362 行.
NOTIC: [8] Undefined variable: rows D:\WWW\daxiaoyihu\Application\Runtime\Cache\Admin\925cbf0e3572b7d1b2254a31262467a6.php 第 372 行.
NOTIC: [8] Undefined variable: rows D:\WWW\daxiaoyihu\Application\Runtime\Cache\Admin\925cbf0e3572b7d1b2254a31262467a6.php 第 383 行.
NOTIC: [8] Undefined variable: rows D:\WWW\daxiaoyihu\Application\Runtime\Cache\Admin\925cbf0e3572b7d1b2254a31262467a6.php 第 396 行.
NOTIC: [8] Undefined variable: content D:\WWW\daxiaoyihu\Application\Runtime\Cache\Admin\925cbf0e3572b7d1b2254a31262467a6.php 第 405 行.
NOTIC: [8] Undefined variable: rows D:\WWW\daxiaoyihu\Application\Runtime\Cache\Admin\925cbf0e3572b7d1b2254a31262467a6.php 第 414 行.
NOTIC: [8] Undefined variable: rows D:\WWW\daxiaoyihu\Application\Runtime\Cache\Admin\925cbf0e3572b7d1b2254a31262467a6.php 第 423 行.
NOTIC: [8] Undefined variable: rows D:\WWW\daxiaoyihu\Application\Runtime\Cache\Admin\925cbf0e3572b7d1b2254a31262467a6.php 第 432 行.
NOTIC: [8] Undefined variable: rows D:\WWW\daxiaoyihu\Application\Runtime\Cache\Admin\925cbf0e3572b7d1b2254a31262467a6.php 第 441 行.
NOTIC: [8] Undefined variable: rows D:\WWW\daxiaoyihu\Application\Runtime\Cache\Admin\925cbf0e3572b7d1b2254a31262467a6.php 第 450 行.
NOTIC: [8] Undefined variable: rows D:\WWW\daxiaoyihu\Application\Runtime\Cache\Admin\925cbf0e3572b7d1b2254a31262467a6.php 第 451 行.
INFO: Run Behavior\ParseTemplateBehavior [ RunTime:0.008000s ]
INFO: [ view_parse ] --END-- [ RunTime:0.008000s ]
INFO: [ view_filter ] --START--
INFO: Run Behavior\WriteHtmlCacheBehavior [ RunTime:0.001000s ]
INFO: [ view_filter ] --END-- [ RunTime:0.001000s ]
INFO: [ app_end ] --START--
INFO: Run Behavior\ShowPageTraceBehavior [ RunTime:0.001000s ]
INFO: [ app_end ] --END-- [ RunTime:0.001000s ]

[ 2017-04-01T09:31:40+08:00 ] 127.0.0.1 /index.php/Admin/Coptic/add.html
INFO: [ app_init ] --START--
INFO: Run Behavior\BuildLiteBehavior [ RunTime:0.000000s ]
INFO: [ app_init ] --END-- [ RunTime:0.000000s ]
INFO: [ app_begin ] --START--
INFO: Run Behavior\ReadHtmlCacheBehavior [ RunTime:0.000000s ]
INFO: [ app_begin ] --END-- [ RunTime:0.000000s ]
SQL: SHOW COLUMNS FROM `dxyh_auth_group_access` [ RunTime:0.0110s ]
SQL: SELECT `aid`,`group_id`,`title`,`rules` FROM dxyh_auth_group_access a INNER JOIN dxyh_auth_group g on a.group_id=g.id  WHERE ( a.aid='1' and g.status='1' )  [ RunTime:0.0100s ]
SQL: SHOW COLUMNS FROM `dxyh_auth_rule` [ RunTime:0.0110s ]
SQL: SELECT `condition`,`name` FROM `dxyh_auth_rule` WHERE `id` IN ('19','20','21','22','23','24','25','26','27','28','29','30','31','32','33','34','39','40','41','42','35','36','37','38','1','6','7','8') AND `type` = 1 AND `status` = 1  [ RunTime:0.0140s ]
SQL: SHOW COLUMNS FROM `dxyh_coptic_type` [ RunTime:0.0120s ]
SQL: SELECT `id`,`category_name` FROM `dxyh_coptic_type` LIMIT 0,15   [ RunTime:0.0120s ]
INFO: [ view_parse ] --START--
INFO: [ template_filter ] --START--
INFO: Run Behavior\ContentReplaceBehavior [ RunTime:0.000000s ]
INFO: [ template_filter ] --END-- [ RunTime:0.000000s ]
NOTIC: [8] Undefined variable: rows D:\WWW\daxiaoyihu\Application\Runtime\Cache\Admin\925cbf0e3572b7d1b2254a31262467a6.php 第 356 行.
NOTIC: [8] Undefined variable: rows D:\WWW\daxiaoyihu\Application\Runtime\Cache\Admin\925cbf0e3572b7d1b2254a31262467a6.php 第 372 行.
NOTIC: [8] Undefined variable: rows D:\WWW\daxiaoyihu\Application\Runtime\Cache\Admin\925cbf0e3572b7d1b2254a31262467a6.php 第 383 行.
NOTIC: [8] Undefined variable: rows D:\WWW\daxiaoyihu\Application\Runtime\Cache\Admin\925cbf0e3572b7d1b2254a31262467a6.php 第 396 行.
NOTIC: [8] Undefined variable: content D:\WWW\daxiaoyihu\Application\Runtime\Cache\Admin\925cbf0e3572b7d1b2254a31262467a6.php 第 405 行.
NOTIC: [8] Undefined variable: rows D:\WWW\daxiaoyihu\Application\Runtime\Cache\Admin\925cbf0e3572b7d1b2254a31262467a6.php 第 414 行.
NOTIC: [8] Undefined variable: rows D:\WWW\daxiaoyihu\Application\Runtime\Cache\Admin\925cbf0e3572b7d1b2254a31262467a6.php 第 423 行.
NOTIC: [8] Undefined variable: rows D:\WWW\daxiaoyihu\Application\Runtime\Cache\Admin\925cbf0e3572b7d1b2254a31262467a6.php 第 432 行.
NOTIC: [8] Undefined variable: rows D:\WWW\daxiaoyihu\Application\Runtime\Cache\Admin\925cbf0e3572b7d1b2254a31262467a6.php 第 441 行.
NOTIC: [8] Undefined variable: rows D:\WWW\daxiaoyihu\Application\Runtime\Cache\Admin\925cbf0e3572b7d1b2254a31262467a6.php 第 450 行.
NOTIC: [8] Undefined variable: rows D:\WWW\daxiaoyihu\Application\Runtime\Cache\Admin\925cbf0e3572b7d1b2254a31262467a6.php 第 451 行.
INFO: Run Behavior\ParseTemplateBehavior [ RunTime:0.022001s ]
INFO: [ view_parse ] --END-- [ RunTime:0.022001s ]
INFO: [ view_filter ] --START--
INFO: Run Behavior\WriteHtmlCacheBehavior [ RunTime:0.000000s ]
INFO: [ view_filter ] --END-- [ RunTime:0.000000s ]
INFO: [ app_end ] --START--
INFO: Run Behavior\ShowPageTraceBehavior [ RunTime:0.001000s ]
INFO: [ app_end ] --END-- [ RunTime:0.001000s ]

